  Log Name: System
  Source: Service Control Manager
  Date: 2025-09-22T20:57:52.7470000Z
  Event ID: 7009
  Task: N/A
  Level: Error
  Opcode: N/A
  Keyword: Classic
  User: N/A
  User Name: N/A
  Computer: Asterizu
  Description: 
A timeout was reached (45000 milliseconds) while waiting for the Intel(R) TPM Provisioning Service service to connect.

Event[601]:
  Log Name: System
  Source: Service Control Manager
  Date: 2025-09-22T21:01:08.5770000Z
  Event ID: 7034
  Task: N/A
  Level: Error
  Opcode: N/A
  Keyword: Classic
  User: N/A
  User Name: N/A
  Computer: Asterizu
  Description: 
The Everything service terminated unexpectedly.  It has done this 1 time(s).

Event[602]:
  Log Name: System
  Source: Microsoft-Windows-DistributedCOM
  Date: 2025-09-22T21:53:53.8750000Z
  Event ID: 10010
  Task: N/A
  Level: Error
  Opcode: Info
  Keyword: Classic
  User: S-1-5-21-1400712973-4099593408-808397054-1001
  User Name: ASTERIZU\DELL
  Computer: Asterizu
  Description: 
The server Windows.Gaming.GameBar.PresenceServer.Internal.PresenceWriter did not register with DCOM within the required timeout.

Event[603]:
  Log Name: System
  Source: Microsoft-Windows-DistributedCOM
  Date: 2025-09-22T22:30:00.2790000Z
  Event ID: 10010
  Task: N/A
  Level: Error
  Opcode: Info
  Keyword: Classic
  User: S-1-5-21-1400712973-4099593408-808397054-1001
  User Name: ASTERIZU\DELL
  Computer: Asterizu
  Description: 
The server Windows.Gaming.GameBar.PresenceServer.Internal.PresenceWriter did not register with DCOM within the required timeout.

Event[604]:
  Log Name: System
  Source: Service Control Manager
  Date: 2025-09-23T00:36:54.8790000Z
  Event ID: 7009
  Task: N/A
  Level: Error
  Opcode: N/A
  Keyword: Classic
  User: N/A
  User Name: N/A
  Computer: Asterizu
  Description: 
A timeout was reached (45000 milliseconds) while waiting for the Intel(R) TPM Provisioning Service service to connect.

Event[605]:
  Log Name: System
  Source: Service Control Manager
  Date: 2025-09-23T00:37:16.7070000Z
  Event ID: 7034
  Task: N/A
  Level: Error
  Opcode: N/A
  Keyword: Classic
  User: N/A
  User Name: N/A
  Computer: Asterizu
  Description: 
The Everything service terminated unexpectedly.  It has done this 1 time(s).

Event[606]:
  Log Name: System
  Source: Microsoft-Windows-DistributedCOM
  Date: 2025-09-23T00:41:10.5500000Z
  Event ID: 10010
  Task: N/A
  Level: Error
  Opcode: Info
  Keyword: Classic
  User: S-1-5-21-1400712973-4099593408-808397054-1001
  User Name: ASTERIZU\DELL
  Computer: Asterizu
  Description: 
The server Windows.Gaming.GameBar.PresenceServer.Internal.PresenceWriter did not register with DCOM within the required timeout.

Event[607]:
  Log Name: System
  Source: Service Control Manager
  Date: 2025-09-23T10:24:37.3060000Z
  Event ID: 7009
  Task: N/A
  Level: Error
  Opcode: N/A
  Keyword: Classic
  User: N/A
  User Name: N/A
  Computer: Asterizu
  Description: 
A timeout was reached (45000 milliseconds) while waiting for the Intel(R) TPM Provisioning Service service to connect.

Event[608]:
  Log Name: System
  Source: Microsoft-Windows-DistributedCOM
  Date: 2025-09-23T11:33:58.0160000Z
  Event ID: 10010
  Task: N/A
  Level: Error
  Opcode: Info
  Keyword: Classic
  User: S-1-5-21-1400712973-4099593408-808397054-1001
  User Name: ASTERIZU\DELL
  Computer: Asterizu
  Description: 
The server Windows.Gaming.GameBar.PresenceServer.Internal.PresenceWriter did not register with DCOM within the required timeout.

Event[609]:
  Log Name: System
  Source: Microsoft-Windows-DistributedCOM
  Date: 2025-09-23T11:39:10.8430000Z
  Event ID: 10010
  Task: N/A
  Level: Error
  Opcode: Info
  Keyword: Classic
  User: S-1-5-21-1400712973-4099593408-808397054-1001
  User Name: ASTERIZU\DELL
  Computer: Asterizu
  Description: 
The server Windows.Gaming.GameBar.PresenceServer.Internal.PresenceWriter did not register with DCOM within the required timeout.

Event[610]:
  Log Name: System
  Source: Microsoft-Windows-DistributedCOM
  Date: 2025-09-23T11:53:11.5100000Z
  Event ID: 10010
  Task: N/A
  Level: Error
  Opcode: Info
  Keyword: Classic
  User: S-1-5-21-1400712973-4099593408-808397054-1001
  User Name: ASTERIZU\DELL
  Computer: Asterizu
  Description: 
The server Windows.Gaming.GameBar.PresenceServer.Internal.PresenceWriter did not register with DCOM within the required timeout.

Event[611]:
  Log Name: System
  Source: Service Control Manager
  Date: 2025-09-23T11:53:24.3900000Z
  Event ID: 7034
  Task: N/A
  Level: Error
  Opcode: N/A
  Keyword: Classic
  User: N/A
  User Name: N/A
  Computer: Asterizu
  Description: 
The Everything service terminated unexpectedly.  It has done this 1 time(s).

Event[612]:
  Log Name: System
  Source: Microsoft-Windows-DistributedCOM
  Date: 2025-09-23T11:54:35.5000000Z
  Event ID: 10010
  Task: N/A
  Level: Error
  Opcode: Info
  Keyword: Classic
  User: S-1-5-21-1400712973-4099593408-808397054-1001
  User Name: ASTERIZU\DELL
  Computer: Asterizu
  Description: 
The server Windows.Gaming.GameBar.PresenceServer.Internal.PresenceWriter did not register with DCOM within the required timeout.

Event[613]:
  Log Name: System
  Source: Microsoft-Windows-DistributedCOM
  Date: 2025-09-23T13:52:43.3810000Z
  Event ID: 10010
  Task: N/A
  Level: Error
  Opcode: Info
  Keyword: Classic
  User: S-1-5-21-1400712973-4099593408-808397054-1001
  User Name: ASTERIZU\DELL
  Computer: Asterizu
  Description: 
The server Windows.Gaming.GameBar.PresenceServer.Internal.PresenceWriter did not register with DCOM within the required timeout.

Event[614]:
  Log Name: System
  Source: Microsoft-Windows-DistributedCOM
  Date: 2025-09-23T14:00:22.8030000Z
  Event ID: 10010
  Task: N/A
  Level: Error
  Opcode: Info
  Keyword: Classic
  User: S-1-5-21-1400712973-4099593408-808397054-1001
  User Name: ASTERIZU\DELL
  Computer: Asterizu
  Description: 
The server Windows.Gaming.GameBar.PresenceServer.Internal.PresenceWriter did not register with DCOM within the required timeout.

Event[615]:
  Log Name: System
  Source: Microsoft-Windows-DistributedCOM
  Date: 2025-09-23T14:15:47.4630000Z
  Event ID: 10010
  Task: N/A
  Level: Error
  Opcode: Info
  Keyword: Classic
  User: S-1-5-21-1400712973-4099593408-808397054-1001
  User Name: ASTERIZU\DELL
  Computer: Asterizu
  Description: 
The server Windows.Gaming.GameBar.PresenceServer.Internal.PresenceWriter did not register with DCOM within the required timeout.

Event[616]:
  Log Name: System
  Source: Microsoft-Windows-DistributedCOM
  Date: 2025-09-23T14:46:38.6680000Z
  Event ID: 10010
  Task: N/A
  Level: Error
  Opcode: Info
  Keyword: Classic
  User: S-1-5-21-1400712973-4099593408-808397054-1001
  User Name: ASTERIZU\DELL
  Computer: Asterizu
  Description: 
The server Windows.Gaming.GameBar.PresenceServer.Internal.PresenceWriter did not register with DCOM within the required timeout.

Event[617]:
  Log Name: System
  Source: Service Control Manager
  Date: 2025-09-23T16:57:47.1950000Z
  Event ID: 7009
  Task: N/A
  Level: Error
  Opcode: N/A
  Keyword: Classic
  User: N/A
  User Name: N/A
  Computer: Asterizu
  Description: 
A timeout was reached (45000 milliseconds) while waiting for the Intel(R) TPM Provisioning Service service to connect.

Event[618]:
  Log Name: System
  Source: Service Control Manager
  Date: 2025-09-23T17:09:52.9870000Z
  Event ID: 7034
  Task: N/A
  Level: Error
  Opcode: N/A
  Keyword: Classic
  User: N/A
  User Name: N/A
  Computer: Asterizu
  Description: 
The Everything service terminated unexpectedly.  It has done this 1 time(s).

Event[619]:
  Log Name: System
  Source: Microsoft-Windows-DistributedCOM
  Date: 2025-09-23T17:40:07.7420000Z
  Event ID: 10010
  Task: N/A
  Level: Error
  Opcode: Info
  Keyword: Classic
  User: S-1-5-21-1400712973-4099593408-808397054-1001
  User Name: ASTERIZU\DELL
  Computer: Asterizu
  Description: 
The server Windows.Gaming.GameBar.PresenceServer.Internal.PresenceWriter did not register with DCOM within the required timeout.

Event[620]:
  Log Name: System
  Source: Service Control Manager
  Date: 2025-09-24T08:42:07.4210000Z
  Event ID: 7009
  Task: N/A
  Level: Error
  Opcode: N/A
  Keyword: Classic
  User: N/A
  User Name: N/A
  Computer: Asterizu
  Description: 
A timeout was reached (45000 milliseconds) while waiting for the Intel(R) TPM Provisioning Service service to connect.

Event[621]:
  Log Name: System
  Source: Microsoft-Windows-DistributedCOM
  Date: 2025-09-24T09:49:03.3400000Z
  Event ID: 10010
  Task: N/A
  Level: Error
  Opcode: Info
  Keyword: Classic
  User: S-1-5-21-1400712973-4099593408-808397054-1001
  User Name: ASTERIZU\DELL
  Computer: Asterizu
  Description: 
The server Windows.Gaming.GameBar.PresenceServer.Internal.PresenceWriter did not register with DCOM within the required timeout.

Event[622]:
  Log Name: System
  Source: Microsoft-Windows-DistributedCOM
  Date: 2025-09-24T09:49:43.3280000Z
  Event ID: 10010
  Task: N/A
  Level: Error
  Opcode: Info
  Keyword: Classic
  User: S-1-5-21-1400712973-4099593408-808397054-1001
  User Name: ASTERIZU\DELL
  Computer: Asterizu
  Description: 
The server Windows.Gaming.GameBar.PresenceServer.Internal.PresenceWriter did not register with DCOM within the required timeout.

Event[623]:
  Log Name: System
  Source: Service Control Manager
  Date: 2025-09-24T10:20:16.9200000Z
  Event ID: 7034
  Task: N/A
  Level: Error
  Opcode: N/A
  Keyword: Classic
  User: N/A
  User Name: N/A
  Computer: Asterizu
  Description: 
The Everything service terminated unexpectedly.  It has done this 1 time(s).

Event[624]:
  Log Name: System
  Source: Microsoft-Windows-DistributedCOM
  Date: 2025-09-24T10:22:26.8180000Z
  Event ID: 10010
  Task: N/A
  Level: Error
  Opcode: Info
  Keyword: Classic
  User: S-1-5-21-1400712973-4099593408-808397054-1001
  User Name: ASTERIZU\DELL
  Computer: Asterizu
  Description: 
The server Windows.Gaming.GameBar.PresenceServer.Internal.PresenceWriter did not register with DCOM within the required timeout.

Event[625]:
  Log Name: System
  Source: Service Control Manager
  Date: 2025-09-24T11:45:38.7240000Z
  Event ID: 7009
  Task: N/A
  Level: Error
  Opcode: N/A
  Keyword: Classic
  User: N/A
  User Name: N/A
  Computer: Asterizu
  Description: 
A timeout was reached (45000 milliseconds) while waiting for the Intel(R) TPM Provisioning Service service to connect.

Event[626]:
  Log Name: System
  Source: Service Control Manager
  Date: 2025-09-24T11:46:04.2910000Z
  Event ID: 7034
  Task: N/A
  Level: Error
  Opcode: N/A
  Keyword: Classic
  User: N/A
  User Name: N/A
  Computer: Asterizu
  Description: 
The Everything service terminated unexpectedly.  It has done this 1 time(s).

Event[627]:
  Log Name: System
  Source: Microsoft-Windows-DistributedCOM
  Date: 2025-09-24T11:48:49.7690000Z
  Event ID: 10010
  Task: N/A
  Level: Error
  Opcode: Info
  Keyword: Classic
  User: S-1-5-21-1400712973-4099593408-808397054-1001
  User Name: ASTERIZU\DELL
  Computer: Asterizu
  Description: 
The server Windows.Gaming.GameBar.PresenceServer.Internal.PresenceWriter did not register with DCOM within the required timeout.

Event[628]:
  Log Name: System
  Source: Microsoft-Windows-DistributedCOM
  Date: 2025-09-24T12:02:14.8870000Z
  Event ID: 10010
  Task: N/A
  Level: Error
  Opcode: Info
  Keyword: Classic
  User: S-1-5-21-1400712973-4099593408-808397054-1001
  User Name: ASTERIZU\DELL
  Computer: Asterizu
  Description: 
The server {2593F8B9-4EAF-457C-B68A-50F6B8EA6B54} did not register with DCOM within the required timeout.

Event[629]:
  Log Name: System
  Source: Microsoft-Windows-DistributedCOM
  Date: 2025-09-24T12:02:15.4760000Z
  Event ID: 10010
  Task: N/A
  Level: Error
  Opcode: Info
  Keyword: Classic
  User: S-1-5-21-1400712973-4099593408-808397054-1001
  User Name: ASTERIZU\DELL
  Computer: Asterizu
  Description: 
The server {2593F8B9-4EAF-457C-B68A-50F6B8EA6B54} did not register with DCOM within the required timeout.

Event[630]:
  Log Name: System
  Source: Microsoft-Windows-DistributedCOM
  Date: 2025-09-24T12:02:18.7470000Z
  Event ID: 10010
  Task: N/A
  Level: Error
  Opcode: Info
  Keyword: Classic
  User: S-1-5-21-1400712973-4099593408-808397054-1001
  User Name: ASTERIZU\DELL
  Computer: Asterizu
  Description: 
The server {2593F8B9-4EAF-457C-B68A-50F6B8EA6B54} did not register with DCOM within the required timeout.

Event[631]:
  Log Name: System
  Source: Service Control Manager
  Date: 2025-09-24T12:03:00.9330000Z
  Event ID: 7009
  Task: N/A
  Level: Error
  Opcode: N/A
  Keyword: Classic
  User: N/A
  User Name: N/A
  Computer: Asterizu
  Description: 
A timeout was reached (45000 milliseconds) while waiting for the Intel(R) TPM Provisioning Service service to connect.

Event[632]:
  Log Name: System
  Source: Service Control Manager
  Date: 2025-09-24T12:03:23.4710000Z
  Event ID: 7034
  Task: N/A
  Level: Error
  Opcode: N/A
  Keyword: Classic
  User: N/A
  User Name: N/A
  Computer: Asterizu
  Description: 
The Everything service terminated unexpectedly.  It has done this 1 time(s).

Event[633]:
  Log Name: System
  Source: Microsoft-Windows-DistributedCOM
  Date: 2025-09-24T12:05:02.4460000Z
  Event ID: 10010
  Task: N/A
  Level: Error
  Opcode: Info
  Keyword: Classic
  User: S-1-5-21-1400712973-4099593408-808397054-1001
  User Name: ASTERIZU\DELL
  Computer: Asterizu
  Description: 
The server Windows.Gaming.GameBar.PresenceServer.Internal.PresenceWriter did not register with DCOM within the required timeout.

Event[634]:
  Log Name: System
  Source: Microsoft-Windows-DistributedCOM
  Date: 2025-09-24T12:07:42.3860000Z
  Event ID: 10010
  Task: N/A
  Level: Error
  Opcode: Info
  Keyword: Classic
  User: S-1-5-21-1400712973-4099593408-808397054-1001
  User Name: ASTERIZU\DELL
  Computer: Asterizu
  Description: 
The server Windows.Gaming.GameBar.PresenceServer.Internal.PresenceWriter did not register with DCOM within the required timeout.

Event[635]:
  Log Name: System
  Source: Service Control Manager
  Date: 2025-09-24T12:22:30.9330000Z
  Event ID: 7009
  Task: N/A
  Level: Error
  Opcode: N/A
  Keyword: Classic
  User: N/A
  User Name: N/A
  Computer: Asterizu
  Description: 
A timeout was reached (30000 milliseconds) while waiting for the GameDVR and Broadcast User Service_8c514 service to connect.

Event[636]:
  Log Name: System
  Source: Service Control Manager
  Date: 2025-09-24T12:22:30.9330000Z
  Event ID: 7000
  Task: N/A
  Level: Error
  Opcode: N/A
  Keyword: Classic
  User: N/A
  User Name: N/A
  Computer: Asterizu
  Description: 
The GameDVR and Broadcast User Service_8c514 service failed to start due to the following error: 
The service did not respond to the start or control request in a timely fashion.

Event[637]:
  Log Name: System
  Source: Microsoft-Windows-DistributedCOM
  Date: 2025-09-24T12:22:30.9340000Z
  Event ID: 10005
  Task: N/A
  Level: Error
  Opcode: Info
  Keyword: Classic
  User: S-1-5-21-1400712973-4099593408-808397054-1001
  User Name: ASTERIZU\DELL
  Computer: Asterizu
  Description: 
DCOM got error "1053" attempting to start the service BcastDVRUserService_8c514 with arguments "Unavailable" in order to run the server:
Windows.Media.Capture.Internal.AppCaptureShell

Event[638]:
  Log Name: System
  Source: Service Control Manager
  Date: 2025-09-24T12:22:37.4240000Z
  Event ID: 7009
  Task: N/A
  Level: Error
  Opcode: N/A
  Keyword: Classic
  User: N/A
  User Name: N/A
  Computer: Asterizu
  Description: 
A timeout was reached (30000 milliseconds) while waiting for the GameDVR and Broadcast User Service_8c514 service to connect.

Event[639]:
  Log Name: System
  Source: Service Control Manager
  Date: 2025-09-24T12:22:37.4240000Z
  Event ID: 7000
  Task: N/A
  Level: Error
  Opcode: N/A
  Keyword: Classic
  User: N/A
  User Name: N/A
  Computer: Asterizu
  Description: 
The GameDVR and Broadcast User Service_8c514 service failed to start due to the following error: 
The service did not respond to the start or control request in a timely fashion.

Event[640]:
  Log Name: System
  Source: Microsoft-Windows-DistributedCOM
  Date: 2025-09-24T12:22:37.4240000Z
  Event ID: 10005
  Task: N/A
  Level: Error
  Opcode: Info
  Keyword: Classic
  User: S-1-5-21-1400712973-4099593408-808397054-1001
  User Name: ASTERIZU\DELL
  Computer: Asterizu
  Description: 
DCOM got error "1053" attempting to start the service BcastDVRUserService_8c514 with arguments "Unavailable" in order to run the server:
Windows.Media.Capture.Internal.AppCaptureShell

Event[641]:
  Log Name: System
  Source: Service Control Manager
  Date: 2025-09-24T12:23:33.1830000Z
  Event ID: 7009
  Task: N/A
  Level: Error
  Opcode: N/A
  Keyword: Classic
  User: N/A
  User Name: N/A
  Computer: Asterizu
  Description: 
A timeout was reached (45000 milliseconds) while waiting for the Intel(R) TPM Provisioning Service service to connect.

Event[642]:
  Log Name: System
  Source: Service Control Manager
  Date: 2025-09-24T12:23:55.3280000Z
  Event ID: 7034
  Task: N/A
  Level: Error
  Opcode: N/A
  Keyword: Classic
  User: N/A
  User Name: N/A
  Computer: Asterizu
  Description: 
The Everything service terminated unexpectedly.  It has done this 1 time(s).

Event[643]:
  Log Name: System
  Source: Microsoft-Windows-DistributedCOM
  Date: 2025-09-24T12:30:14.4270000Z
  Event ID: 10010
  Task: N/A
  Level: Error
  Opcode: Info
  Keyword: Classic
  User: S-1-5-21-1400712973-4099593408-808397054-1001
  User Name: ASTERIZU\DELL
  Computer: Asterizu
  Description: 
The server Windows.Gaming.GameBar.PresenceServer.Internal.PresenceWriter did not register with DCOM within the required timeout.

Event[644]:
  Log Name: System
  Source: Microsoft-Windows-DistributedCOM
  Date: 2025-09-24T12:42:42.9720000Z
  Event ID: 10010
  Task: N/A
  Level: Error
  Opcode: Info
  Keyword: Classic
  User: S-1-5-21-1400712973-4099593408-808397054-1001
  User Name: ASTERIZU\DELL
  Computer: Asterizu
  Description: 
The server Windows.Gaming.GameBar.PresenceServer.Internal.PresenceWriter did not register with DCOM within the required timeout.

Event[645]:
  Log Name: System
  Source: Microsoft-Windows-DistributedCOM
  Date: 2025-09-24T12:53:01.2150000Z
  Event ID: 10010
  Task: N/A
  Level: Error
  Opcode: Info
  Keyword: Classic
  User: S-1-5-21-1400712973-4099593408-808397054-1001
  User Name: ASTERIZU\DELL
  Computer: Asterizu
  Description: 
The server Windows.Gaming.GameBar.PresenceServer.Internal.PresenceWriter did not register with DCOM within the required timeout.

Event[646]:
  Log Name: System
  Source: Microsoft-Windows-DistributedCOM
  Date: 2025-09-24T13:26:26.1930000Z
  Event ID: 10010
  Task: N/A
  Level: Error
  Opcode: Info
  Keyword: Classic
  User: S-1-5-21-1400712973-4099593408-808397054-1001
  User Name: ASTERIZU\DELL
  Computer: Asterizu
  Description: 
The server Windows.Gaming.GameBar.PresenceServer.Internal.PresenceWriter did not register with DCOM within the required timeout.

Event[647]:
  Log Name: System
  Source: Microsoft-Windows-DistributedCOM
  Date: 2025-09-24T13:28:55.3170000Z
  Event ID: 10010
  Task: N/A
  Level: Error
  Opcode: Info
  Keyword: Classic
  User: S-1-5-21-1400712973-4099593408-808397054-1001
  User Name: ASTERIZU\DELL
  Computer: Asterizu
  Description: 
The server {FD06603A-2BDF-4BB1-B7DF-5DC68F353601} did not register with DCOM within the required timeout.

Event[648]:
  Log Name: System
  Source: Microsoft-Windows-DistributedCOM
  Date: 2025-09-24T13:28:55.3790000Z
  Event ID: 10010
  Task: N/A
  Level: Error
  Opcode: Info
  Keyword: Classic
  User: S-1-5-21-1400712973-4099593408-808397054-1001
  User Name: ASTERIZU\DELL
  Computer: Asterizu
  Description: 
The server {FD06603A-2BDF-4BB1-B7DF-5DC68F353601} did not register with DCOM within the required timeout.

Event[649]:
  Log Name: System
  Source: Microsoft-Windows-DistributedCOM
  Date: 2025-09-24T13:28:55.4730000Z
  Event ID: 10010
  Task: N/A
  Level: Error
  Opcode: Info
  Keyword: Classic
  User: S-1-5-21-1400712973-4099593408-808397054-1001
  User Name: ASTERIZU\DELL
  Computer: Asterizu
  Description: 
The server {FD06603A-2BDF-4BB1-B7DF-5DC68F353601} did not register with DCOM within the required timeout.

Event[650]:
  Log Name: System
  Source: Microsoft-Windows-DistributedCOM
  Date: 2025-09-24T13:28:55.5820000Z
  Event ID: 10010
  Task: N/A
  Level: Error
  Opcode: Info
  Keyword: Classic
  User: S-1-5-21-1400712973-4099593408-808397054-1001
  User Name: ASTERIZU\DELL
  Computer: Asterizu
  Description: 
The server {FD06603A-2BDF-4BB1-B7DF-5DC68F353601} did not register with DCOM within the required timeout.

Event[651]:
  Log Name: System
  Source: Service Control Manager
  Date: 2025-09-24T14:54:00.9220000Z
  Event ID: 7009
  Task: N/A
  Level: Error
  Opcode: N/A
  Keyword: Classic
  User: N/A
  User Name: N/A
  Computer: Asterizu
  Description: 
A timeout was reached (45000 milliseconds) while waiting for the Intel(R) TPM Provisioning Service service to connect.

Event[652]:
  Log Name: System
  Source: Service Control Manager
  Date: 2025-09-24T14:55:12.0300000Z
  Event ID: 7034
  Task: N/A
  Level: Error
  Opcode: N/A
  Keyword: Classic
  User: N/A
  User Name: N/A
  Computer: Asterizu
  Description: 
The Everything service terminated unexpectedly.  It has done this 1 time(s).

Event[653]:
  Log Name: System
  Source: Microsoft-Windows-DistributedCOM
  Date: 2025-09-24T14:56:32.4340000Z
  Event ID: 10010
  Task: N/A
  Level: Error
  Opcode: Info
  Keyword: Classic
  User: S-1-5-21-1400712973-4099593408-808397054-1001
  User Name: ASTERIZU\DELL
  Computer: Asterizu
  Description: 
The server Windows.Gaming.GameBar.PresenceServer.Internal.PresenceWriter did not register with DCOM within the required timeout.

Event[654]:
  Log Name: System
  Source: Service Control Manager
  Date: 2025-09-24T15:34:03.9960000Z
  Event ID: 7009
  Task: N/A
  Level: Error
  Opcode: N/A
  Keyword: Classic
  User: N/A
  User Name: N/A
  Computer: Asterizu
  Description: 
A timeout was reached (45000 milliseconds) while waiting for the Intel(R) TPM Provisioning Service service to connect.

Event[655]:
  Log Name: System
  Source: Service Control Manager
  Date: 2025-09-24T15:34:54.5710000Z
  Event ID: 7034
  Task: N/A
  Level: Error
  Opcode: N/A
  Keyword: Classic
  User: N/A
  User Name: N/A
  Computer: Asterizu
  Description: 
The Everything service terminated unexpectedly.  It has done this 1 time(s).

Event[656]:
  Log Name: System
  Source: Microsoft-Windows-DistributedCOM
  Date: 2025-09-24T15:36:24.0920000Z
  Event ID: 10010
  Task: N/A
  Level: Error
  Opcode: Info
  Keyword: Classic
  User: S-1-5-21-1400712973-4099593408-808397054-1001
  User Name: ASTERIZU\DELL
  Computer: Asterizu
  Description: 
The server Windows.Gaming.GameBar.PresenceServer.Internal.PresenceWriter did not register with DCOM within the required timeout.

Event[657]:
  Log Name: System
  Source: Service Control Manager
  Date: 2025-09-24T18:15:02.2530000Z
  Event ID: 7009
  Task: N/A
  Level: Error
  Opcode: N/A
  Keyword: Classic
  User: N/A
  User Name: N/A
  Computer: Asterizu
  Description: 
A timeout was reached (45000 milliseconds) while waiting for the Intel(R) TPM Provisioning Service service to connect.

Event[658]:
  Log Name: System
  Source: RTWlanE
  Date: 2025-09-24T18:15:07.0180000Z
  Event ID: 5005
  Task: N/A
  Level: Error
  Opcode: N/A
  Keyword: Classic
  User: N/A
  User Name: N/A
  Computer: Asterizu
  Description: 
Realtek 8821CE Wireless LAN 802.11ac PCI-E NIC : Has encountered an internal error and has failed.

Event[659]:
  Log Name: System
  Source: Service Control Manager
  Date: 2025-09-24T18:17:26.7380000Z
  Event ID: 7034
  Task: N/A
  Level: Error
  Opcode: N/A
  Keyword: Classic
  User: N/A
  User Name: N/A
  Computer: Asterizu
  Description: 
The Everything service terminated unexpectedly.  It has done this 1 time(s).

Event[660]:
  Log Name: System
  Source: Microsoft-Windows-DistributedCOM
  Date: 2025-09-24T18:55:05.7700000Z
  Event ID: 10010
  Task: N/A
  Level: Error
  Opcode: Info
  Keyword: Classic
  User: S-1-5-21-1400712973-4099593408-808397054-1001
  User Name: ASTERIZU\DELL
  Computer: Asterizu
  Description: 
The server Windows.Gaming.GameBar.PresenceServer.Internal.PresenceWriter did not register with DCOM within the required timeout.

Event[661]:
  Log Name: System
  Source: Microsoft-Windows-DistributedCOM
  Date: 2025-09-24T19:04:10.9730000Z
  Event ID: 10010
  Task: N/A
  Level: Error
  Opcode: Info
  Keyword: Classic
  User: S-1-5-21-1400712973-4099593408-808397054-1001
  User Name: ASTERIZU\DELL
  Computer: Asterizu
  Description: 
The server Windows.Gaming.GameBar.PresenceServer.Internal.PresenceWriter did not register with DCOM within the required timeout.

Event[662]:
  Log Name: System
  Source: Service Control Manager
  Date: 2025-09-24T21:22:54.4090000Z
  Event ID: 7034
  Task: N/A
  Level: Error
  Opcode: N/A
  Keyword: Classic
  User: N/A
  User Name: N/A
  Computer: Asterizu
  Description: 
The Everything service terminated unexpectedly.  It has done this 1 time(s).

Event[663]:
  Log Name: System
  Source: Microsoft-Windows-DistributedCOM
  Date: 2025-09-24T21:23:52.3300000Z
  Event ID: 10010
  Task: N/A
  Level: Error
  Opcode: Info
  Keyword: Classic
  User: S-1-5-21-1400712973-4099593408-808397054-1001
  User Name: ASTERIZU\DELL
  Computer: Asterizu
  Description: 
The server Windows.Gaming.GameBar.PresenceServer.Internal.PresenceWriter did not register with DCOM within the required timeout.

Event[664]:
  Log Name: System
  Source: Microsoft-Windows-DistributedCOM
  Date: 2025-09-24T22:35:33.5260000Z
  Event ID: 10010
  Task: N/A
  Level: Error
  Opcode: Info
  Keyword: Classic
  User: S-1-5-21-1400712973-4099593408-808397054-1001
  User Name: ASTERIZU\DELL
  Computer: Asterizu
  Description: 
The server Windows.Gaming.GameBar.PresenceServer.Internal.PresenceWriter did not register with DCOM within the required timeout.

Event[665]:
  Log Name: System
  Source: Microsoft-Windows-DistributedCOM
  Date: 2025-09-24T22:41:23.1560000Z
  Event ID: 10010
  Task: N/A
  Level: Error
  Opcode: Info
  Keyword: Classic
  User: S-1-5-21-1400712973-4099593408-808397054-1001
  User Name: ASTERIZU\DELL
  Computer: Asterizu
  Description: 
The server Windows.Gaming.GameBar.PresenceServer.Internal.PresenceWriter did not register with DCOM within the required timeout.

Event[666]:
  Log Name: System
  Source: Microsoft-Windows-DistributedCOM
  Date: 2025-09-24T23:03:23.9120000Z
  Event ID: 10010
  Task: N/A
  Level: Error
  Opcode: Info
  Keyword: Classic
  User: S-1-5-21-1400712973-4099593408-808397054-1001
  User Name: ASTERIZU\DELL
  Computer: Asterizu
  Description: 
The server Windows.Gaming.GameBar.PresenceServer.Internal.PresenceWriter did not register with DCOM within the required timeout.

Event[667]:
  Log Name: System
  Source: Microsoft-Windows-DistributedCOM
  Date: 2025-09-24T23:13:40.7320000Z
  Event ID: 10010
  Task: N/A
  Level: Error
  Opcode: Info
  Keyword: Classic
  User: S-1-5-21-1400712973-4099593408-808397054-1001
  User Name: ASTERIZU\DELL
  Computer: Asterizu
  Description: 
The server Windows.Gaming.GameBar.PresenceServer.Internal.PresenceWriter did not register with DCOM within the required timeout.

Event[668]:
  Log Name: System
  Source: Service Control Manager
  Date: 2025-09-25T11:17:32.3400000Z
  Event ID: 7009
  Task: N/A
  Level: Error
  Opcode: N/A
  Keyword: Classic
  User: N/A
  User Name: N/A
  Computer: Asterizu
  Description: 
A timeout was reached (45000 milliseconds) while waiting for the Intel(R) TPM Provisioning Service service to connect.

Event[669]:
  Log Name: System
  Source: Microsoft-Windows-DistributedCOM
  Date: 2025-09-25T12:18:27.6270000Z
  Event ID: 10010
  Task: N/A
  Level: Error
  Opcode: Info
  Keyword: Classic
  User: S-1-5-21-1400712973-4099593408-808397054-1001
  User Name: ASTERIZU\DELL
  Computer: Asterizu
  Description: 
The server Windows.Gaming.GameBar.PresenceServer.Internal.PresenceWriter did not register with DCOM within the required timeout.

Event[670]:
  Log Name: System
  Source: Microsoft-Windows-DistributedCOM
  Date: 2025-09-25T12:19:18.8420000Z
  Event ID: 10010
  Task: N/A
  Level: Error
  Opcode: Info
  Keyword: Classic
  User: S-1-5-21-1400712973-4099593408-808397054-1001
  User Name: ASTERIZU\DELL
  Computer: Asterizu
  Description: 
The server Windows.Gaming.GameBar.PresenceServer.Internal.PresenceWriter did not register with DCOM within the required timeout.

Event[671]:
  Log Name: System
  Source: Microsoft-Windows-DistributedCOM
  Date: 2025-09-25T12:19:46.3710000Z
  Event ID: 10010
  Task: N/A
  Level: Error
  Opcode: Info
  Keyword: Classic
  User: S-1-5-21-1400712973-4099593408-808397054-1001
  User Name: ASTERIZU\DELL
  Computer: Asterizu
  Description: 
The server Windows.Gaming.GameBar.PresenceServer.Internal.PresenceWriter did not register with DCOM within the required timeout.

Event[672]:
  Log Name: System
  Source: Microsoft-Windows-DistributedCOM
  Date: 2025-09-25T13:14:24.0490000Z
  Event ID: 10010
  Task: N/A
  Level: Error
  Opcode: Info
  Keyword: Classic
  User: S-1-5-21-1400712973-4099593408-808397054-1001
  User Name: ASTERIZU\DELL
  Computer: Asterizu
  Description: 
The server Windows.Gaming.GameBar.PresenceServer.Internal.PresenceWriter did not register with DCOM within the required timeout.

Event[673]:
  Log Name: System
  Source: Microsoft-Windows-DistributedCOM
  Date: 2025-09-25T13:17:37.3130000Z
  Event ID: 10010
  Task: N/A
  Level: Error
  Opcode: Info
  Keyword: Classic
  User: S-1-5-21-1400712973-4099593408-808397054-1001
  User Name: ASTERIZU\DELL
  Computer: Asterizu
  Description: 
The server Windows.Gaming.GameBar.PresenceServer.Internal.PresenceWriter did not register with DCOM within the required timeout.

Event[674]:
  Log Name: System
  Source: Microsoft-Windows-DistributedCOM
  Date: 2025-09-25T13:51:50.9980000Z
  Event ID: 10010
  Task: N/A
  Level: Error
  Opcode: Info
  Keyword: Classic
  User: S-1-5-21-1400712973-4099593408-808397054-1001
  User Name: ASTERIZU\DELL
  Computer: Asterizu
  Description: 
The server Windows.Gaming.GameBar.PresenceServer.Internal.PresenceWriter did not register with DCOM within the required timeout.

Event[675]:
  Log Name: System
  Source: Microsoft-Windows-DistributedCOM
  Date: 2025-09-25T14:22:52.9370000Z
  Event ID: 10005
  Task: N/A
  Level: Error
  Opcode: Info
  Keyword: Classic
  User: S-1-5-18
  User Name: NT AUTHORITY\SYSTEM
  Computer: Asterizu
  Description: 
DCOM got error "1115" attempting to start the service wuauserv with arguments "Unavailable" in order to run the server:
{E60687F7-01A1-40AA-86AC-DB1CBF673334}

Event[676]:
  Log Name: System
  Source: Microsoft-Windows-DistributedCOM
  Date: 2025-09-25T14:22:52.9370000Z
  Event ID: 10005
  Task: N/A
  Level: Error
  Opcode: Info
  Keyword: Classic
  User: S-1-5-18
  User Name: NT AUTHORITY\SYSTEM
  Computer: Asterizu
  Description: 
DCOM got error "1115" attempting to start the service wuauserv with arguments "Unavailable" in order to run the server:
{E60687F7-01A1-40AA-86AC-DB1CBF673334}

Event[677]:
  Log Name: System
  Source: Service Control Manager
  Date: 2025-09-25T14:58:17.4740000Z
  Event ID: 7009
  Task: N/A
  Level: Error
  Opcode: N/A
  Keyword: Classic
  User: N/A
  User Name: N/A
  Computer: Asterizu
  Description: 
A timeout was reached (45000 milliseconds) while waiting for the Intel(R) TPM Provisioning Service service to connect.

Event[678]:
  Log Name: System
  Source: Service Control Manager
  Date: 2025-09-25T14:58:54.0290000Z
  Event ID: 7034
  Task: N/A
  Level: Error
  Opcode: N/A
  Keyword: Classic
  User: N/A
  User Name: N/A
  Computer: Asterizu
  Description: 
The Everything service terminated unexpectedly.  It has done this 1 time(s).

Event[679]:
  Log Name: System
  Source: Microsoft-Windows-DistributedCOM
  Date: 2025-09-25T15:04:49.8680000Z
  Event ID: 10010
  Task: N/A
  Level: Error
  Opcode: Info
  Keyword: Classic
  User: S-1-5-21-1400712973-4099593408-808397054-1001
  User Name: ASTERIZU\DELL
  Computer: Asterizu
  Description: 
The server Windows.Gaming.GameBar.PresenceServer.Internal.PresenceWriter did not register with DCOM within the required timeout.

Event[680]:
  Log Name: System
  Source: Microsoft-Windows-DistributedCOM
  Date: 2025-09-25T15:07:06.8590000Z
  Event ID: 10010
  Task: N/A
  Level: Error
  Opcode: Info
  Keyword: Classic
  User: S-1-5-21-1400712973-4099593408-808397054-1001
  User Name: ASTERIZU\DELL
  Computer: Asterizu
  Description: 
The server Windows.Gaming.GameBar.PresenceServer.Internal.PresenceWriter did not register with DCOM within the required timeout.

Event[681]:
  Log Name: System
  Source: Microsoft-Windows-DistributedCOM
  Date: 2025-09-25T16:48:03.3820000Z
  Event ID: 10010
  Task: N/A
  Level: Error
  Opcode: Info
  Keyword: Classic
  User: S-1-5-21-1400712973-4099593408-808397054-1001
  User Name: ASTERIZU\DELL
  Computer: Asterizu
  Description: 
The server Windows.Gaming.GameBar.PresenceServer.Internal.PresenceWriter did not register with DCOM within the required timeout.

Event[682]:
  Log Name: System
  Source: Microsoft-Windows-DistributedCOM
  Date: 2025-09-25T17:45:58.1910000Z
  Event ID: 10010
  Task: N/A
  Level: Error
  Opcode: Info
  Keyword: Classic
  User: S-1-5-21-1400712973-4099593408-808397054-1001
  User Name: ASTERIZU\DELL
  Computer: Asterizu
  Description: 
The server Windows.Gaming.GameBar.PresenceServer.Internal.PresenceWriter did not register with DCOM within the required timeout.

Event[683]:
  Log Name: System
  Source: Microsoft-Windows-DistributedCOM
  Date: 2025-09-25T17:47:06.4930000Z
  Event ID: 10010
  Task: N/A
  Level: Error
  Opcode: Info
  Keyword: Classic
  User: S-1-5-21-1400712973-4099593408-808397054-1001
  User Name: ASTERIZU\DELL
  Computer: Asterizu
  Description: 
The server Windows.Gaming.GameBar.PresenceServer.Internal.PresenceWriter did not register with DCOM within the required timeout.

Event[684]:
  Log Name: System
  Source: Microsoft-Windows-DistributedCOM
  Date: 2025-09-25T18:32:00.1760000Z
  Event ID: 10010
  Task: N/A
  Level: Error
  Opcode: Info
  Keyword: Classic
  User: S-1-5-21-1400712973-4099593408-808397054-1001
  User Name: ASTERIZU\DELL
  Computer: Asterizu
  Description: 
The server Windows.Gaming.GameBar.PresenceServer.Internal.PresenceWriter did not register with DCOM within the required timeout.

Event[685]:
  Log Name: System
  Source: Microsoft-Windows-DistributedCOM
  Date: 2025-09-25T18:53:56.1890000Z
  Event ID: 10010
  Task: N/A
  Level: Error
  Opcode: Info
  Keyword: Classic
  User: S-1-5-21-1400712973-4099593408-808397054-1001
  User Name: ASTERIZU\DELL
  Computer: Asterizu
  Description: 
The server Windows.Gaming.GameBar.PresenceServer.Internal.PresenceWriter did not register with DCOM within the required timeout.

Event[686]:
  Log Name: System
  Source: Microsoft-Windows-DistributedCOM
  Date: 2025-09-25T20:01:30.9140000Z
  Event ID: 10010
  Task: N/A
  Level: Error
  Opcode: Info
  Keyword: Classic
  User: S-1-5-21-1400712973-4099593408-808397054-1001
  User Name: ASTERIZU\DELL
  Computer: Asterizu
  Description: 
The server Windows.Gaming.GameBar.PresenceServer.Internal.PresenceWriter did not register with DCOM within the required timeout.

Event[687]:
  Log Name: System
  Source: Microsoft-Windows-DistributedCOM
  Date: 2025-09-25T21:08:10.0030000Z
  Event ID: 10010
  Task: N/A
  Level: Error
  Opcode: Info
  Keyword: Classic
  User: S-1-5-21-1400712973-4099593408-808397054-1001
  User Name: ASTERIZU\DELL
  Computer: Asterizu
  Description: 
The server Windows.Gaming.GameBar.PresenceServer.Internal.PresenceWriter did not register with DCOM within the required timeout.

Event[688]:
  Log Name: System
  Source: Microsoft-Windows-DistributedCOM
  Date: 2025-09-25T21:41:07.8970000Z
  Event ID: 10010
  Task: N/A
  Level: Error
  Opcode: Info
  Keyword: Classic
  User: S-1-5-21-1400712973-4099593408-808397054-1001
  User Name: ASTERIZU\DELL
  Computer: Asterizu
  Description: 
The server Windows.Gaming.GameBar.PresenceServer.Internal.PresenceWriter did not register with DCOM within the required timeout.

Event[689]:
  Log Name: System
  Source: Microsoft-Windows-DistributedCOM
  Date: 2025-09-25T21:41:42.0930000Z
  Event ID: 10010
  Task: N/A
  Level: Error
  Opcode: Info
  Keyword: Classic
  User: S-1-5-21-1400712973-4099593408-808397054-1001
  User Name: ASTERIZU\DELL
  Computer: Asterizu
  Description: 
The server Windows.Gaming.GameBar.PresenceServer.Internal.PresenceWriter did not register with DCOM within the required timeout.

Event[690]:
  Log Name: System
  Source: Microsoft-Windows-DistributedCOM
  Date: 2025-09-25T21:43:36.4020000Z
  Event ID: 10010
  Task: N/A
  Level: Error
  Opcode: Info
  Keyword: Classic
  User: S-1-5-21-1400712973-4099593408-808397054-1001
  User Name: ASTERIZU\DELL
  Computer: Asterizu
  Description: 
The server Windows.Gaming.GameBar.PresenceServer.Internal.PresenceWriter did not register with DCOM within the required timeout.

Event[691]:
  Log Name: System
  Source: Service Control Manager
  Date: 2025-09-26T12:04:48.8360000Z
  Event ID: 7009
  Task: N/A
  Level: Error
  Opcode: N/A
  Keyword: Classic
  User: N/A
  User Name: N/A
  Computer: Asterizu
  Description: 
A timeout was reached (45000 milliseconds) while waiting for the Intel(R) TPM Provisioning Service service to connect.

Event[692]:
  Log Name: System
  Source: Service Control Manager
  Date: 2025-09-26T12:16:25.3460000Z
  Event ID: 7034
  Task: N/A
  Level: Error
  Opcode: N/A
  Keyword: Classic
  User: N/A
  User Name: N/A
  Computer: Asterizu
  Description: 
The Everything service terminated unexpectedly.  It has done this 1 time(s).

Event[693]:
  Log Name: System
  Source: Microsoft-Windows-DistributedCOM
  Date: 2025-09-26T13:39:40.5720000Z
  Event ID: 10010
  Task: N/A
  Level: Error
  Opcode: Info
  Keyword: Classic
  User: S-1-5-21-1400712973-4099593408-808397054-1001
  User Name: ASTERIZU\DELL
  Computer: Asterizu
  Description: 
The server Windows.Gaming.GameBar.PresenceServer.Internal.PresenceWriter did not register with DCOM within the required timeout.

Event[694]:
  Log Name: System
  Source: Microsoft-Windows-DistributedCOM
  Date: 2025-09-26T13:58:24.5520000Z
  Event ID: 10010
  Task: N/A
  Level: Error
  Opcode: Info
  Keyword: Classic
  User: S-1-5-21-1400712973-4099593408-808397054-1001
  User Name: ASTERIZU\DELL
  Computer: Asterizu
  Description: 
The server Windows.Gaming.GameBar.PresenceServer.Internal.PresenceWriter did not register with DCOM within the required timeout.

Event[695]:
  Log Name: System
  Source: Microsoft-Windows-DistributedCOM
  Date: 2025-09-26T14:27:47.2110000Z
  Event ID: 10010
  Task: N/A
  Level: Error
  Opcode: Info
  Keyword: Classic
  User: S-1-5-21-1400712973-4099593408-808397054-1001
  User Name: ASTERIZU\DELL
  Computer: Asterizu
  Description: 
The server Windows.Gaming.GameBar.PresenceServer.Internal.PresenceWriter did not register with DCOM within the required timeout.

Event[696]:
  Log Name: System
  Source: Service Control Manager
  Date: 2025-09-26T14:40:34.4860000Z
  Event ID: 7009
  Task: N/A
  Level: Error
  Opcode: N/A
  Keyword: Classic
  User: N/A
  User Name: N/A
  Computer: Asterizu
  Description: 
A timeout was reached (45000 milliseconds) while waiting for the Intel(R) TPM Provisioning Service service to connect.

Event[697]:
  Log Name: System
  Source: Service Control Manager
  Date: 2025-09-26T14:42:22.2260000Z
  Event ID: 7034
  Task: N/A
  Level: Error
  Opcode: N/A
  Keyword: Classic
  User: N/A
  User Name: N/A
  Computer: Asterizu
  Description: 
The Everything service terminated unexpectedly.  It has done this 1 time(s).

Event[698]:
  Log Name: System
  Source: Microsoft-Windows-DistributedCOM
  Date: 2025-09-26T14:43:36.2830000Z
  Event ID: 10010
  Task: N/A
  Level: Error
  Opcode: Info
  Keyword: Classic
  User: S-1-5-21-1400712973-4099593408-808397054-1001
  User Name: ASTERIZU\DELL
  Computer: Asterizu
  Description: 
The server Windows.Gaming.GameBar.PresenceServer.Internal.PresenceWriter did not register with DCOM within the required timeout.

Event[699]:
  Log Name: System
  Source: Volsnap
  Date: 2025-09-26T14:46:52.4380000Z
  Event ID: 36
  Task: N/A
  Level: Error
  Opcode: N/A
  Keyword: Classic
  User: N/A
  User Name: N/A
  Computer: Asterizu
  Description: 
The shadow copies of volume C: were aborted because the shadow copy storage could not grow due to a user imposed limit.

Event[700]:
  Log Name: System
  Source: Microsoft-Windows-DistributedCOM
  Date: 2025-09-26T15:02:59.0800000Z
  Event ID: 10010
  Task: N/A
  Level: Error
  Opcode: Info
  Keyword: Classic
  User: S-1-5-21-1400712973-4099593408-808397054-1001
  User Name: ASTERIZU\DELL
  Computer: Asterizu
  Description: 
The server Windows.Gaming.GameBar.PresenceServer.Internal.PresenceWriter did not register with DCOM within the required timeout.

Event[701]:
  Log Name: System
  Source: Service Control Manager
  Date: 2025-09-26T15:22:39.0720000Z
  Event ID: 7009
  Task: N/A
  Level: Error
  Opcode: N/A
  Keyword: Classic
  User: N/A
  User Name: N/A
  Computer: Asterizu
  Description: 
A timeout was reached (45000 milliseconds) while waiting for the Intel(R) TPM Provisioning Service service to connect.

Event[702]:
  Log Name: System
  Source: Service Control Manager
  Date: 2025-09-26T15:23:59.2730000Z
  Event ID: 7034
  Task: N/A
  Level: Error
  Opcode: N/A
  Keyword: Classic
  User: N/A
  User Name: N/A
  Computer: Asterizu
  Description: 
The Everything service terminated unexpectedly.  It has done this 1 time(s).

Event[703]:
  Log Name: System
  Source: Microsoft-Windows-DistributedCOM
  Date: 2025-09-26T15:24:33.5500000Z
  Event ID: 10010
  Task: N/A
  Level: Error
  Opcode: Info
  Keyword: Classic
  User: S-1-5-21-1400712973-4099593408-808397054-1001
  User Name: ASTERIZU\DELL
  Computer: Asterizu
  Description: 
The server Windows.Gaming.GameBar.PresenceServer.Internal.PresenceWriter did not register with DCOM within the required timeout.

Event[704]:
  Log Name: System
  Source: Microsoft-Windows-DistributedCOM
  Date: 2025-09-26T15:25:55.5600000Z
  Event ID: 10010
  Task: N/A
  Level: Error
  Opcode: Info
  Keyword: Classic
  User: S-1-5-21-1400712973-4099593408-808397054-1001
  User Name: ASTERIZU\DELL
  Computer: Asterizu
  Description: 
The server Windows.Gaming.GameBar.PresenceServer.Internal.PresenceWriter did not register with DCOM within the required timeout.

Event[705]:
  Log Name: System
  Source: Microsoft-Windows-DistributedCOM
  Date: 2025-09-26T17:17:19.8420000Z
  Event ID: 10010
  Task: N/A
  Level: Error
  Opcode: Info
  Keyword: Classic
  User: S-1-5-21-1400712973-4099593408-808397054-1001
  User Name: ASTERIZU\DELL
  Computer: Asterizu
  Description: 
The server Windows.Gaming.GameBar.PresenceServer.Internal.PresenceWriter did not register with DCOM within the required timeout.

Event[706]:
  Log Name: System
  Source: Microsoft-Windows-DistributedCOM
  Date: 2025-09-26T17:21:47.4700000Z
  Event ID: 10010
  Task: N/A
  Level: Error
  Opcode: Info
  Keyword: Classic
  User: S-1-5-21-1400712973-4099593408-808397054-1001
  User Name: ASTERIZU\DELL
  Computer: Asterizu
  Description: 
The server {FD06603A-2BDF-4BB1-B7DF-5DC68F353601} did not register with DCOM within the required timeout.

Event[707]:
  Log Name: System
  Source: Microsoft-Windows-DistributedCOM
  Date: 2025-09-26T17:21:47.5480000Z
  Event ID: 10010
  Task: N/A
  Level: Error
  Opcode: Info
  Keyword: Classic
  User: S-1-5-21-1400712973-4099593408-808397054-1001
  User Name: ASTERIZU\DELL
  Computer: Asterizu
  Description: 
The server {FD06603A-2BDF-4BB1-B7DF-5DC68F353601} did not register with DCOM within the required timeout.

Event[708]:
  Log Name: System
  Source: Microsoft-Windows-DistributedCOM
  Date: 2025-09-26T17:21:47.6260000Z
  Event ID: 10010
  Task: N/A
  Level: Error
  Opcode: Info
  Keyword: Classic
  User: S-1-5-21-1400712973-4099593408-808397054-1001
  User Name: ASTERIZU\DELL
  Computer: Asterizu
  Description: 
The server {FD06603A-2BDF-4BB1-B7DF-5DC68F353601} did not register with DCOM within the required timeout.

Event[709]:
  Log Name: System
  Source: Microsoft-Windows-DistributedCOM
  Date: 2025-09-26T17:21:47.7040000Z
  Event ID: 10010
  Task: N/A
  Level: Error
  Opcode: Info
  Keyword: Classic
  User: S-1-5-21-1400712973-4099593408-808397054-1001
  User Name: ASTERIZU\DELL
  Computer: Asterizu
  Description: 
The server {FD06603A-2BDF-4BB1-B7DF-5DC68F353601} did not register with DCOM within the required timeout.

Event[710]:
  Log Name: System
  Source: Service Control Manager
  Date: 2025-09-26T17:44:19.3150000Z
  Event ID: 7009
  Task: N/A
  Level: Error
  Opcode: N/A
  Keyword: Classic
  User: N/A
  User Name: N/A
  Computer: Asterizu
  Description: 
A timeout was reached (45000 milliseconds) while waiting for the Intel(R) TPM Provisioning Service service to connect.

Event[711]:
  Log Name: System
  Source: Service Control Manager
  Date: 2025-09-26T17:45:41.3530000Z
  Event ID: 7034
  Task: N/A
  Level: Error
  Opcode: N/A
  Keyword: Classic
  User: N/A
  User Name: N/A
  Computer: Asterizu
  Description: 
The Everything service terminated unexpectedly.  It has done this 1 time(s).

Event[712]:
  Log Name: System
  Source: Microsoft-Windows-DistributedCOM
  Date: 2025-09-26T17:45:43.8720000Z
  Event ID: 10010
  Task: N/A
  Level: Error
  Opcode: Info
  Keyword: Classic
  User: S-1-5-21-1400712973-4099593408-808397054-1001
  User Name: ASTERIZU\DELL
  Computer: Asterizu
  Description: 
The server Windows.Gaming.GameBar.PresenceServer.Internal.PresenceWriter did not register with DCOM within the required timeout.

Event[713]:
  Log Name: System
  Source: Microsoft-Windows-DistributedCOM
  Date: 2025-09-26T17:47:02.1810000Z
  Event ID: 10010
  Task: N/A
  Level: Error
  Opcode: Info
  Keyword: Classic
  User: S-1-5-21-1400712973-4099593408-808397054-1001
  User Name: ASTERIZU\DELL
  Computer: Asterizu
  Description: 
The server Windows.Gaming.GameBar.PresenceServer.Internal.PresenceWriter did not register with DCOM within the required timeout.

Event[714]:
  Log Name: System
  Source: Microsoft-Windows-DistributedCOM
  Date: 2025-09-26T21:23:08.6370000Z
  Event ID: 10010
  Task: N/A
  Level: Error
  Opcode: Info
  Keyword: Classic
  User: S-1-5-21-1400712973-4099593408-808397054-1001
  User Name: ASTERIZU\DELL
  Computer: Asterizu
  Description: 
The server Windows.Gaming.GameBar.PresenceServer.Internal.PresenceWriter did not register with DCOM within the required timeout.

Event[715]:
  Log Name: System
  Source: Microsoft-Windows-DistributedCOM
  Date: 2025-09-26T21:23:51.7370000Z
  Event ID: 10010
  Task: N/A
  Level: Error
  Opcode: Info
  Keyword: Classic
  User: S-1-5-21-1400712973-4099593408-808397054-1001
  User Name: ASTERIZU\DELL
  Computer: Asterizu
  Description: 
The server Windows.Gaming.GameBar.PresenceServer.Internal.PresenceWriter did not register with DCOM within the required timeout.

Event[716]:
  Log Name: System
  Source: Microsoft-Windows-DistributedCOM
  Date: 2025-09-26T21:47:25.7760000Z
  Event ID: 10010
  Task: N/A
  Level: Error
  Opcode: Info
  Keyword: Classic
  User: S-1-5-21-1400712973-4099593408-808397054-1001
  User Name: ASTERIZU\DELL
  Computer: Asterizu
  Description: 
The server Windows.Gaming.GameBar.PresenceServer.Internal.PresenceWriter did not register with DCOM within the required timeout.

Event[717]:
  Log Name: System
  Source: Microsoft-Windows-DistributedCOM
  Date: 2025-09-26T23:12:44.1410000Z
  Event ID: 10010
  Task: N/A
  Level: Error
  Opcode: Info
  Keyword: Classic
  User: S-1-5-21-1400712973-4099593408-808397054-1001
  User Name: ASTERIZU\DELL
  Computer: Asterizu
  Description: 
The server Windows.Gaming.GameBar.PresenceServer.Internal.PresenceWriter did not register with DCOM within the required timeout.

Event[718]:
  Log Name: System
  Source: Microsoft-Windows-DistributedCOM
  Date: 2025-09-27T00:08:34.5150000Z
  Event ID: 10010
  Task: N/A
  Level: Error
  Opcode: Info
  Keyword: Classic
  User: S-1-5-21-1400712973-4099593408-808397054-1001
  User Name: ASTERIZU\DELL
  Computer: Asterizu
  Description: 
The server Windows.Gaming.GameBar.PresenceServer.Internal.PresenceWriter did not register with DCOM within the required timeout.

Event[719]:
  Log Name: System
  Source: Microsoft-Windows-DistributedCOM
  Date: 2025-09-27T00:13:20.1970000Z
  Event ID: 10010
  Task: N/A
  Level: Error
  Opcode: Info
  Keyword: Classic
  User: S-1-5-21-1400712973-4099593408-808397054-1001
  User Name: ASTERIZU\DELL
  Computer: Asterizu
  Description: 
The server {FD06603A-2BDF-4BB1-B7DF-5DC68F353601} did not register with DCOM within the required timeout.

Event[720]:
  Log Name: System
  Source: Microsoft-Windows-DistributedCOM
  Date: 2025-09-27T00:13:20.2750000Z
  Event ID: 10010
  Task: N/A
  Level: Error
  Opcode: Info
  Keyword: Classic
  User: S-1-5-21-1400712973-4099593408-808397054-1001
  User Name: ASTERIZU\DELL
  Computer: Asterizu
  Description: 
The server {FD06603A-2BDF-4BB1-B7DF-5DC68F353601} did not register with DCOM within the required timeout.

Event[721]:
  Log Name: System
  Source: Microsoft-Windows-DistributedCOM
  Date: 2025-09-27T00:13:20.3220000Z
  Event ID: 10010
  Task: N/A
  Level: Error
  Opcode: Info
  Keyword: Classic
  User: S-1-5-21-1400712973-4099593408-808397054-1001
  User Name: ASTERIZU\DELL
  Computer: Asterizu
  Description: 
The server {FD06603A-2BDF-4BB1-B7DF-5DC68F353601} did not register with DCOM within the required timeout.

Event[722]:
