  Log Name: System
  Source: Microsoft-Windows-DistributedCOM
  Date: 2025-09-09T02:16:53.7330000Z
  Event ID: 10010
  Task: N/A
  Level: Error
  Opcode: Info
  Keyword: Classic
  User: S-1-5-21-1400712973-4099593408-808397054-1001
  User Name: ASTERIZU\DELL
  Computer: Asterizu
  Description: 
The server {AB8902B4-09CA-4BB6-B78D-A8F59079A8D5} did not register with DCOM within the required timeout.

Event[237]:
  Log Name: System
  Source: Microsoft-Windows-DistributedCOM
  Date: 2025-09-09T02:16:53.7640000Z
  Event ID: 10010
  Task: N/A
  Level: Error
  Opcode: Info
  Keyword: Classic
  User: S-1-5-21-1400712973-4099593408-808397054-1001
  User Name: ASTERIZU\DELL
  Computer: Asterizu
  Description: 
The server {AB8902B4-09CA-4BB6-B78D-A8F59079A8D5} did not register with DCOM within the required timeout.

Event[238]:
  Log Name: System
  Source: Microsoft-Windows-DistributedCOM
  Date: 2025-09-09T02:16:53.8420000Z
  Event ID: 10010
  Task: N/A
  Level: Error
  Opcode: Info
  Keyword: Classic
  User: S-1-5-21-1400712973-4099593408-808397054-1001
  User Name: ASTERIZU\DELL
  Computer: Asterizu
  Description: 
The server {AB8902B4-09CA-4BB6-B78D-A8F59079A8D5} did not register with DCOM within the required timeout.

Event[239]:
  Log Name: System
  Source: Microsoft-Windows-DistributedCOM
  Date: 2025-09-09T02:16:53.8740000Z
  Event ID: 10010
  Task: N/A
  Level: Error
  Opcode: Info
  Keyword: Classic
  User: S-1-5-21-1400712973-4099593408-808397054-1001
  User Name: ASTERIZU\DELL
  Computer: Asterizu
  Description: 
The server {AB8902B4-09CA-4BB6-B78D-A8F59079A8D5} did not register with DCOM within the required timeout.

Event[240]:
  Log Name: System
  Source: Microsoft-Windows-DistributedCOM
  Date: 2025-09-09T02:16:53.9200000Z
  Event ID: 10010
  Task: N/A
  Level: Error
  Opcode: Info
  Keyword: Classic
  User: S-1-5-21-1400712973-4099593408-808397054-1001
  User Name: ASTERIZU\DELL
  Computer: Asterizu
  Description: 
The server {AB8902B4-09CA-4BB6-B78D-A8F59079A8D5} did not register with DCOM within the required timeout.

Event[241]:
  Log Name: System
  Source: Microsoft-Windows-DistributedCOM
  Date: 2025-09-09T02:16:53.9520000Z
  Event ID: 10010
  Task: N/A
  Level: Error
  Opcode: Info
  Keyword: Classic
  User: S-1-5-21-1400712973-4099593408-808397054-1001
  User Name: ASTERIZU\DELL
  Computer: Asterizu
  Description: 
The server {AB8902B4-09CA-4BB6-B78D-A8F59079A8D5} did not register with DCOM within the required timeout.

Event[242]:
  Log Name: System
  Source: Microsoft-Windows-DistributedCOM
  Date: 2025-09-09T02:16:53.9990000Z
  Event ID: 10010
  Task: N/A
  Level: Error
  Opcode: Info
  Keyword: Classic
  User: S-1-5-21-1400712973-4099593408-808397054-1001
  User Name: ASTERIZU\DELL
  Computer: Asterizu
  Description: 
The server {AB8902B4-09CA-4BB6-B78D-A8F59079A8D5} did not register with DCOM within the required timeout.

Event[243]:
  Log Name: System
  Source: Microsoft-Windows-DistributedCOM
  Date: 2025-09-09T02:16:54.0300000Z
  Event ID: 10010
  Task: N/A
  Level: Error
  Opcode: Info
  Keyword: Classic
  User: S-1-5-21-1400712973-4099593408-808397054-1001
  User Name: ASTERIZU\DELL
  Computer: Asterizu
  Description: 
The server {AB8902B4-09CA-4BB6-B78D-A8F59079A8D5} did not register with DCOM within the required timeout.

Event[244]:
  Log Name: System
  Source: Microsoft-Windows-DistributedCOM
  Date: 2025-09-09T02:16:54.0610000Z
  Event ID: 10010
  Task: N/A
  Level: Error
  Opcode: Info
  Keyword: Classic
  User: S-1-5-21-1400712973-4099593408-808397054-1001
  User Name: ASTERIZU\DELL
  Computer: Asterizu
  Description: 
The server {AB8902B4-09CA-4BB6-B78D-A8F59079A8D5} did not register with DCOM within the required timeout.

Event[245]:
  Log Name: System
  Source: Microsoft-Windows-DistributedCOM
  Date: 2025-09-09T02:16:54.0920000Z
  Event ID: 10010
  Task: N/A
  Level: Error
  Opcode: Info
  Keyword: Classic
  User: S-1-5-21-1400712973-4099593408-808397054-1001
  User Name: ASTERIZU\DELL
  Computer: Asterizu
  Description: 
The server {AB8902B4-09CA-4BB6-B78D-A8F59079A8D5} did not register with DCOM within the required timeout.

Event[246]:
  Log Name: System
  Source: Microsoft-Windows-DistributedCOM
  Date: 2025-09-09T02:16:54.1230000Z
  Event ID: 10010
  Task: N/A
  Level: Error
  Opcode: Info
  Keyword: Classic
  User: S-1-5-21-1400712973-4099593408-808397054-1001
  User Name: ASTERIZU\DELL
  Computer: Asterizu
  Description: 
The server {AB8902B4-09CA-4BB6-B78D-A8F59079A8D5} did not register with DCOM within the required timeout.

Event[247]:
  Log Name: System
  Source: Microsoft-Windows-DistributedCOM
  Date: 2025-09-09T02:16:54.1700000Z
  Event ID: 10010
  Task: N/A
  Level: Error
  Opcode: Info
  Keyword: Classic
  User: S-1-5-21-1400712973-4099593408-808397054-1001
  User Name: ASTERIZU\DELL
  Computer: Asterizu
  Description: 
The server {AB8902B4-09CA-4BB6-B78D-A8F59079A8D5} did not register with DCOM within the required timeout.

Event[248]:
  Log Name: System
  Source: Microsoft-Windows-DistributedCOM
  Date: 2025-09-09T02:16:54.2020000Z
  Event ID: 10010
  Task: N/A
  Level: Error
  Opcode: Info
  Keyword: Classic
  User: S-1-5-21-1400712973-4099593408-808397054-1001
  User Name: ASTERIZU\DELL
  Computer: Asterizu
  Description: 
The server {AB8902B4-09CA-4BB6-B78D-A8F59079A8D5} did not register with DCOM within the required timeout.

Event[249]:
  Log Name: System
  Source: Microsoft-Windows-DistributedCOM
  Date: 2025-09-09T02:16:54.2170000Z
  Event ID: 10010
  Task: N/A
  Level: Error
  Opcode: Info
  Keyword: Classic
  User: S-1-5-21-1400712973-4099593408-808397054-1001
  User Name: ASTERIZU\DELL
  Computer: Asterizu
  Description: 
The server {AB8902B4-09CA-4BB6-B78D-A8F59079A8D5} did not register with DCOM within the required timeout.

Event[250]:
  Log Name: System
  Source: Microsoft-Windows-DistributedCOM
  Date: 2025-09-09T02:16:54.2480000Z
  Event ID: 10010
  Task: N/A
  Level: Error
  Opcode: Info
  Keyword: Classic
  User: S-1-5-21-1400712973-4099593408-808397054-1001
  User Name: ASTERIZU\DELL
  Computer: Asterizu
  Description: 
The server {AB8902B4-09CA-4BB6-B78D-A8F59079A8D5} did not register with DCOM within the required timeout.

Event[251]:
  Log Name: System
  Source: Microsoft-Windows-DistributedCOM
  Date: 2025-09-09T02:16:54.2640000Z
  Event ID: 10010
  Task: N/A
  Level: Error
  Opcode: Info
  Keyword: Classic
  User: S-1-5-21-1400712973-4099593408-808397054-1001
  User Name: ASTERIZU\DELL
  Computer: Asterizu
  Description: 
The server {AB8902B4-09CA-4BB6-B78D-A8F59079A8D5} did not register with DCOM within the required timeout.

Event[252]:
  Log Name: System
  Source: Microsoft-Windows-DistributedCOM
  Date: 2025-09-09T02:16:54.2800000Z
  Event ID: 10010
  Task: N/A
  Level: Error
  Opcode: Info
  Keyword: Classic
  User: S-1-5-21-1400712973-4099593408-808397054-1001
  User Name: ASTERIZU\DELL
  Computer: Asterizu
  Description: 
The server {AB8902B4-09CA-4BB6-B78D-A8F59079A8D5} did not register with DCOM within the required timeout.

Event[253]:
  Log Name: System
  Source: Microsoft-Windows-DistributedCOM
  Date: 2025-09-09T02:16:54.3110000Z
  Event ID: 10010
  Task: N/A
  Level: Error
  Opcode: Info
  Keyword: Classic
  User: S-1-5-21-1400712973-4099593408-808397054-1001
  User Name: ASTERIZU\DELL
  Computer: Asterizu
  Description: 
The server {AB8902B4-09CA-4BB6-B78D-A8F59079A8D5} did not register with DCOM within the required timeout.

Event[254]:
  Log Name: System
  Source: Microsoft-Windows-DistributedCOM
  Date: 2025-09-09T02:16:54.3420000Z
  Event ID: 10010
  Task: N/A
  Level: Error
  Opcode: Info
  Keyword: Classic
  User: S-1-5-21-1400712973-4099593408-808397054-1001
  User Name: ASTERIZU\DELL
  Computer: Asterizu
  Description: 
The server {AB8902B4-09CA-4BB6-B78D-A8F59079A8D5} did not register with DCOM within the required timeout.

Event[255]:
  Log Name: System
  Source: Microsoft-Windows-DistributedCOM
  Date: 2025-09-09T02:16:54.3730000Z
  Event ID: 10010
  Task: N/A
  Level: Error
  Opcode: Info
  Keyword: Classic
  User: S-1-5-21-1400712973-4099593408-808397054-1001
  User Name: ASTERIZU\DELL
  Computer: Asterizu
  Description: 
The server {AB8902B4-09CA-4BB6-B78D-A8F59079A8D5} did not register with DCOM within the required timeout.

Event[256]:
  Log Name: System
  Source: Microsoft-Windows-DistributedCOM
  Date: 2025-09-09T02:16:54.4200000Z
  Event ID: 10010
  Task: N/A
  Level: Error
  Opcode: Info
  Keyword: Classic
  User: S-1-5-21-1400712973-4099593408-808397054-1001
  User Name: ASTERIZU\DELL
  Computer: Asterizu
  Description: 
The server {AB8902B4-09CA-4BB6-B78D-A8F59079A8D5} did not register with DCOM within the required timeout.

Event[257]:
  Log Name: System
  Source: Microsoft-Windows-DistributedCOM
  Date: 2025-09-09T02:16:54.4360000Z
  Event ID: 10010
  Task: N/A
  Level: Error
  Opcode: Info
  Keyword: Classic
  User: S-1-5-21-1400712973-4099593408-808397054-1001
  User Name: ASTERIZU\DELL
  Computer: Asterizu
  Description: 
The server {AB8902B4-09CA-4BB6-B78D-A8F59079A8D5} did not register with DCOM within the required timeout.

Event[258]:
  Log Name: System
  Source: Microsoft-Windows-DistributedCOM
  Date: 2025-09-09T02:16:54.4670000Z
  Event ID: 10010
  Task: N/A
  Level: Error
  Opcode: Info
  Keyword: Classic
  User: S-1-5-21-1400712973-4099593408-808397054-1001
  User Name: ASTERIZU\DELL
  Computer: Asterizu
  Description: 
The server {AB8902B4-09CA-4BB6-B78D-A8F59079A8D5} did not register with DCOM within the required timeout.

Event[259]:
  Log Name: System
  Source: Microsoft-Windows-DistributedCOM
  Date: 2025-09-09T02:16:54.5140000Z
  Event ID: 10010
  Task: N/A
  Level: Error
  Opcode: Info
  Keyword: Classic
  User: S-1-5-21-1400712973-4099593408-808397054-1001
  User Name: ASTERIZU\DELL
  Computer: Asterizu
  Description: 
The server {AB8902B4-09CA-4BB6-B78D-A8F59079A8D5} did not register with DCOM within the required timeout.

Event[260]:
  Log Name: System
  Source: Microsoft-Windows-DistributedCOM
  Date: 2025-09-09T02:16:54.5450000Z
  Event ID: 10010
  Task: N/A
  Level: Error
  Opcode: Info
  Keyword: Classic
  User: S-1-5-21-1400712973-4099593408-808397054-1001
  User Name: ASTERIZU\DELL
  Computer: Asterizu
  Description: 
The server {AB8902B4-09CA-4BB6-B78D-A8F59079A8D5} did not register with DCOM within the required timeout.

Event[261]:
  Log Name: System
  Source: Microsoft-Windows-DistributedCOM
  Date: 2025-09-09T02:16:54.5770000Z
  Event ID: 10010
  Task: N/A
  Level: Error
  Opcode: Info
  Keyword: Classic
  User: S-1-5-21-1400712973-4099593408-808397054-1001
  User Name: ASTERIZU\DELL
  Computer: Asterizu
  Description: 
The server {AB8902B4-09CA-4BB6-B78D-A8F59079A8D5} did not register with DCOM within the required timeout.

Event[262]:
  Log Name: System
  Source: Microsoft-Windows-DistributedCOM
  Date: 2025-09-09T02:16:54.6080000Z
  Event ID: 10010
  Task: N/A
  Level: Error
  Opcode: Info
  Keyword: Classic
  User: S-1-5-21-1400712973-4099593408-808397054-1001
  User Name: ASTERIZU\DELL
  Computer: Asterizu
  Description: 
The server {AB8902B4-09CA-4BB6-B78D-A8F59079A8D5} did not register with DCOM within the required timeout.

Event[263]:
  Log Name: System
  Source: Microsoft-Windows-DistributedCOM
  Date: 2025-09-09T02:16:54.6230000Z
  Event ID: 10010
  Task: N/A
  Level: Error
  Opcode: Info
  Keyword: Classic
  User: S-1-5-21-1400712973-4099593408-808397054-1001
  User Name: ASTERIZU\DELL
  Computer: Asterizu
  Description: 
The server {AB8902B4-09CA-4BB6-B78D-A8F59079A8D5} did not register with DCOM within the required timeout.

Event[264]:
  Log Name: System
  Source: Microsoft-Windows-DistributedCOM
  Date: 2025-09-09T02:16:54.7020000Z
  Event ID: 10010
  Task: N/A
  Level: Error
  Opcode: Info
  Keyword: Classic
  User: S-1-5-21-1400712973-4099593408-808397054-1001
  User Name: ASTERIZU\DELL
  Computer: Asterizu
  Description: 
The server {AB8902B4-09CA-4BB6-B78D-A8F59079A8D5} did not register with DCOM within the required timeout.

Event[265]:
  Log Name: System
  Source: Microsoft-Windows-DistributedCOM
  Date: 2025-09-09T02:16:54.7170000Z
  Event ID: 10010
  Task: N/A
  Level: Error
  Opcode: Info
  Keyword: Classic
  User: S-1-5-21-1400712973-4099593408-808397054-1001
  User Name: ASTERIZU\DELL
  Computer: Asterizu
  Description: 
The server {AB8902B4-09CA-4BB6-B78D-A8F59079A8D5} did not register with DCOM within the required timeout.

Event[266]:
  Log Name: System
  Source: Microsoft-Windows-DistributedCOM
  Date: 2025-09-09T02:16:54.7480000Z
  Event ID: 10010
  Task: N/A
  Level: Error
  Opcode: Info
  Keyword: Classic
  User: S-1-5-21-1400712973-4099593408-808397054-1001
  User Name: ASTERIZU\DELL
  Computer: Asterizu
  Description: 
The server {AB8902B4-09CA-4BB6-B78D-A8F59079A8D5} did not register with DCOM within the required timeout.

Event[267]:
  Log Name: System
  Source: Microsoft-Windows-DistributedCOM
  Date: 2025-09-09T02:16:54.7800000Z
  Event ID: 10010
  Task: N/A
  Level: Error
  Opcode: Info
  Keyword: Classic
  User: S-1-5-21-1400712973-4099593408-808397054-1001
  User Name: ASTERIZU\DELL
  Computer: Asterizu
  Description: 
The server {AB8902B4-09CA-4BB6-B78D-A8F59079A8D5} did not register with DCOM within the required timeout.

Event[268]:
  Log Name: System
  Source: Microsoft-Windows-DistributedCOM
  Date: 2025-09-09T02:16:54.8110000Z
  Event ID: 10010
  Task: N/A
  Level: Error
  Opcode: Info
  Keyword: Classic
  User: S-1-5-21-1400712973-4099593408-808397054-1001
  User Name: ASTERIZU\DELL
  Computer: Asterizu
  Description: 
The server {AB8902B4-09CA-4BB6-B78D-A8F59079A8D5} did not register with DCOM within the required timeout.

Event[269]:
  Log Name: System
  Source: Microsoft-Windows-DistributedCOM
  Date: 2025-09-09T02:16:54.8420000Z
  Event ID: 10010
  Task: N/A
  Level: Error
  Opcode: Info
  Keyword: Classic
  User: S-1-5-21-1400712973-4099593408-808397054-1001
  User Name: ASTERIZU\DELL
  Computer: Asterizu
  Description: 
The server {AB8902B4-09CA-4BB6-B78D-A8F59079A8D5} did not register with DCOM within the required timeout.

Event[270]:
  Log Name: System
  Source: Microsoft-Windows-DistributedCOM
  Date: 2025-09-09T02:16:54.8890000Z
  Event ID: 10010
  Task: N/A
  Level: Error
  Opcode: Info
  Keyword: Classic
  User: S-1-5-21-1400712973-4099593408-808397054-1001
  User Name: ASTERIZU\DELL
  Computer: Asterizu
  Description: 
The server {AB8902B4-09CA-4BB6-B78D-A8F59079A8D5} did not register with DCOM within the required timeout.

Event[271]:
  Log Name: System
  Source: Microsoft-Windows-DistributedCOM
  Date: 2025-09-09T02:16:54.9200000Z
  Event ID: 10010
  Task: N/A
  Level: Error
  Opcode: Info
  Keyword: Classic
  User: S-1-5-21-1400712973-4099593408-808397054-1001
  User Name: ASTERIZU\DELL
  Computer: Asterizu
  Description: 
The server {AB8902B4-09CA-4BB6-B78D-A8F59079A8D5} did not register with DCOM within the required timeout.

Event[272]:
  Log Name: System
  Source: Microsoft-Windows-DistributedCOM
  Date: 2025-09-09T02:16:54.9360000Z
  Event ID: 10010
  Task: N/A
  Level: Error
  Opcode: Info
  Keyword: Classic
  User: S-1-5-21-1400712973-4099593408-808397054-1001
  User Name: ASTERIZU\DELL
  Computer: Asterizu
  Description: 
The server {AB8902B4-09CA-4BB6-B78D-A8F59079A8D5} did not register with DCOM within the required timeout.

Event[273]:
  Log Name: System
  Source: Microsoft-Windows-DistributedCOM
  Date: 2025-09-09T02:16:54.9830000Z
  Event ID: 10010
  Task: N/A
  Level: Error
  Opcode: Info
  Keyword: Classic
  User: S-1-5-21-1400712973-4099593408-808397054-1001
  User Name: ASTERIZU\DELL
  Computer: Asterizu
  Description: 
The server {AB8902B4-09CA-4BB6-B78D-A8F59079A8D5} did not register with DCOM within the required timeout.

Event[274]:
  Log Name: System
  Source: Microsoft-Windows-DistributedCOM
  Date: 2025-09-09T02:16:55.0300000Z
  Event ID: 10010
  Task: N/A
  Level: Error
  Opcode: Info
  Keyword: Classic
  User: S-1-5-21-1400712973-4099593408-808397054-1001
  User Name: ASTERIZU\DELL
  Computer: Asterizu
  Description: 
The server {AB8902B4-09CA-4BB6-B78D-A8F59079A8D5} did not register with DCOM within the required timeout.

Event[275]:
  Log Name: System
  Source: Microsoft-Windows-DistributedCOM
  Date: 2025-09-09T02:16:55.0610000Z
  Event ID: 10010
  Task: N/A
  Level: Error
  Opcode: Info
  Keyword: Classic
  User: S-1-5-21-1400712973-4099593408-808397054-1001
  User Name: ASTERIZU\DELL
  Computer: Asterizu
  Description: 
The server {AB8902B4-09CA-4BB6-B78D-A8F59079A8D5} did not register with DCOM within the required timeout.

Event[276]:
  Log Name: System
  Source: Microsoft-Windows-DistributedCOM
  Date: 2025-09-09T02:16:55.0920000Z
  Event ID: 10010
  Task: N/A
  Level: Error
  Opcode: Info
  Keyword: Classic
  User: S-1-5-21-1400712973-4099593408-808397054-1001
  User Name: ASTERIZU\DELL
  Computer: Asterizu
  Description: 
The server {AB8902B4-09CA-4BB6-B78D-A8F59079A8D5} did not register with DCOM within the required timeout.

Event[277]:
  Log Name: System
  Source: Microsoft-Windows-DistributedCOM
  Date: 2025-09-09T02:16:55.1550000Z
  Event ID: 10010
  Task: N/A
  Level: Error
  Opcode: Info
  Keyword: Classic
  User: S-1-5-21-1400712973-4099593408-808397054-1001
  User Name: ASTERIZU\DELL
  Computer: Asterizu
  Description: 
The server {AB8902B4-09CA-4BB6-B78D-A8F59079A8D5} did not register with DCOM within the required timeout.

Event[278]:
  Log Name: System
  Source: Microsoft-Windows-DistributedCOM
  Date: 2025-09-09T02:16:55.1860000Z
  Event ID: 10010
  Task: N/A
  Level: Error
  Opcode: Info
  Keyword: Classic
  User: S-1-5-21-1400712973-4099593408-808397054-1001
  User Name: ASTERIZU\DELL
  Computer: Asterizu
  Description: 
The server {AB8902B4-09CA-4BB6-B78D-A8F59079A8D5} did not register with DCOM within the required timeout.

Event[279]:
  Log Name: System
  Source: Microsoft-Windows-DistributedCOM
  Date: 2025-09-09T02:16:55.2330000Z
  Event ID: 10010
  Task: N/A
  Level: Error
  Opcode: Info
  Keyword: Classic
  User: S-1-5-21-1400712973-4099593408-808397054-1001
  User Name: ASTERIZU\DELL
  Computer: Asterizu
  Description: 
The server {AB8902B4-09CA-4BB6-B78D-A8F59079A8D5} did not register with DCOM within the required timeout.

Event[280]:
  Log Name: System
  Source: Microsoft-Windows-DistributedCOM
  Date: 2025-09-09T02:16:55.2640000Z
  Event ID: 10010
  Task: N/A
  Level: Error
  Opcode: Info
  Keyword: Classic
  User: S-1-5-21-1400712973-4099593408-808397054-1001
  User Name: ASTERIZU\DELL
  Computer: Asterizu
  Description: 
The server {AB8902B4-09CA-4BB6-B78D-A8F59079A8D5} did not register with DCOM within the required timeout.

Event[281]:
  Log Name: System
  Source: Microsoft-Windows-DistributedCOM
  Date: 2025-09-09T02:16:55.3260000Z
  Event ID: 10010
  Task: N/A
  Level: Error
  Opcode: Info
  Keyword: Classic
  User: S-1-5-21-1400712973-4099593408-808397054-1001
  User Name: ASTERIZU\DELL
  Computer: Asterizu
  Description: 
The server {AB8902B4-09CA-4BB6-B78D-A8F59079A8D5} did not register with DCOM within the required timeout.

Event[282]:
  Log Name: System
  Source: Microsoft-Windows-DistributedCOM
  Date: 2025-09-09T02:16:55.3580000Z
  Event ID: 10010
  Task: N/A
  Level: Error
  Opcode: Info
  Keyword: Classic
  User: S-1-5-21-1400712973-4099593408-808397054-1001
  User Name: ASTERIZU\DELL
  Computer: Asterizu
  Description: 
The server {AB8902B4-09CA-4BB6-B78D-A8F59079A8D5} did not register with DCOM within the required timeout.

Event[283]:
  Log Name: System
  Source: Microsoft-Windows-DistributedCOM
  Date: 2025-09-09T02:16:55.4050000Z
  Event ID: 10010
  Task: N/A
  Level: Error
  Opcode: Info
  Keyword: Classic
  User: S-1-5-21-1400712973-4099593408-808397054-1001
  User Name: ASTERIZU\DELL
  Computer: Asterizu
  Description: 
The server {AB8902B4-09CA-4BB6-B78D-A8F59079A8D5} did not register with DCOM within the required timeout.

Event[284]:
  Log Name: System
  Source: Microsoft-Windows-DistributedCOM
  Date: 2025-09-09T02:16:55.4360000Z
  Event ID: 10010
  Task: N/A
  Level: Error
  Opcode: Info
  Keyword: Classic
  User: S-1-5-21-1400712973-4099593408-808397054-1001
  User Name: ASTERIZU\DELL
  Computer: Asterizu
  Description: 
The server {AB8902B4-09CA-4BB6-B78D-A8F59079A8D5} did not register with DCOM within the required timeout.

Event[285]:
  Log Name: System
  Source: Microsoft-Windows-DistributedCOM
  Date: 2025-09-09T02:16:55.4670000Z
  Event ID: 10010
  Task: N/A
  Level: Error
  Opcode: Info
  Keyword: Classic
  User: S-1-5-21-1400712973-4099593408-808397054-1001
  User Name: ASTERIZU\DELL
  Computer: Asterizu
  Description: 
The server {AB8902B4-09CA-4BB6-B78D-A8F59079A8D5} did not register with DCOM within the required timeout.

Event[286]:
  Log Name: System
  Source: Microsoft-Windows-DistributedCOM
  Date: 2025-09-09T02:16:55.4980000Z
  Event ID: 10010
  Task: N/A
  Level: Error
  Opcode: Info
  Keyword: Classic
  User: S-1-5-21-1400712973-4099593408-808397054-1001
  User Name: ASTERIZU\DELL
  Computer: Asterizu
  Description: 
The server {AB8902B4-09CA-4BB6-B78D-A8F59079A8D5} did not register with DCOM within the required timeout.

Event[287]:
  Log Name: System
  Source: Microsoft-Windows-DistributedCOM
  Date: 2025-09-09T02:16:55.5300000Z
  Event ID: 10010
  Task: N/A
  Level: Error
  Opcode: Info
  Keyword: Classic
  User: S-1-5-21-1400712973-4099593408-808397054-1001
  User Name: ASTERIZU\DELL
  Computer: Asterizu
  Description: 
The server {AB8902B4-09CA-4BB6-B78D-A8F59079A8D5} did not register with DCOM within the required timeout.

Event[288]:
  Log Name: System
  Source: Microsoft-Windows-DistributedCOM
  Date: 2025-09-09T02:16:55.5760000Z
  Event ID: 10010
  Task: N/A
  Level: Error
  Opcode: Info
  Keyword: Classic
  User: S-1-5-21-1400712973-4099593408-808397054-1001
  User Name: ASTERIZU\DELL
  Computer: Asterizu
  Description: 
The server {AB8902B4-09CA-4BB6-B78D-A8F59079A8D5} did not register with DCOM within the required timeout.

Event[289]:
  Log Name: System
  Source: Microsoft-Windows-DistributedCOM
  Date: 2025-09-09T02:16:55.5920000Z
  Event ID: 10010
  Task: N/A
  Level: Error
  Opcode: Info
  Keyword: Classic
  User: S-1-5-21-1400712973-4099593408-808397054-1001
  User Name: ASTERIZU\DELL
  Computer: Asterizu
  Description: 
The server {AB8902B4-09CA-4BB6-B78D-A8F59079A8D5} did not register with DCOM within the required timeout.

Event[290]:
  Log Name: System
  Source: Microsoft-Windows-DistributedCOM
  Date: 2025-09-09T02:16:55.6230000Z
  Event ID: 10010
  Task: N/A
  Level: Error
  Opcode: Info
  Keyword: Classic
  User: S-1-5-21-1400712973-4099593408-808397054-1001
  User Name: ASTERIZU\DELL
  Computer: Asterizu
  Description: 
The server {AB8902B4-09CA-4BB6-B78D-A8F59079A8D5} did not register with DCOM within the required timeout.

Event[291]:
  Log Name: System
  Source: Microsoft-Windows-DistributedCOM
  Date: 2025-09-09T02:16:55.6550000Z
  Event ID: 10010
  Task: N/A
  Level: Error
  Opcode: Info
  Keyword: Classic
  User: S-1-5-21-1400712973-4099593408-808397054-1001
  User Name: ASTERIZU\DELL
  Computer: Asterizu
  Description: 
The server {AB8902B4-09CA-4BB6-B78D-A8F59079A8D5} did not register with DCOM within the required timeout.

Event[292]:
  Log Name: System
  Source: Microsoft-Windows-DistributedCOM
  Date: 2025-09-09T02:16:55.7010000Z
  Event ID: 10010
  Task: N/A
  Level: Error
  Opcode: Info
  Keyword: Classic
  User: S-1-5-21-1400712973-4099593408-808397054-1001
  User Name: ASTERIZU\DELL
  Computer: Asterizu
  Description: 
The server {AB8902B4-09CA-4BB6-B78D-A8F59079A8D5} did not register with DCOM within the required timeout.

Event[293]:
  Log Name: System
  Source: Microsoft-Windows-DistributedCOM
  Date: 2025-09-09T02:16:55.7330000Z
  Event ID: 10010
  Task: N/A
  Level: Error
  Opcode: Info
  Keyword: Classic
  User: S-1-5-21-1400712973-4099593408-808397054-1001
  User Name: ASTERIZU\DELL
  Computer: Asterizu
  Description: 
The server {AB8902B4-09CA-4BB6-B78D-A8F59079A8D5} did not register with DCOM within the required timeout.

Event[294]:
  Log Name: System
  Source: Microsoft-Windows-DistributedCOM
  Date: 2025-09-09T02:16:55.7480000Z
  Event ID: 10010
  Task: N/A
  Level: Error
  Opcode: Info
  Keyword: Classic
  User: S-1-5-21-1400712973-4099593408-808397054-1001
  User Name: ASTERIZU\DELL
  Computer: Asterizu
  Description: 
The server {AB8902B4-09CA-4BB6-B78D-A8F59079A8D5} did not register with DCOM within the required timeout.

Event[295]:
  Log Name: System
  Source: Microsoft-Windows-DistributedCOM
  Date: 2025-09-09T02:16:55.7800000Z
  Event ID: 10010
  Task: N/A
  Level: Error
  Opcode: Info
  Keyword: Classic
  User: S-1-5-21-1400712973-4099593408-808397054-1001
  User Name: ASTERIZU\DELL
  Computer: Asterizu
  Description: 
The server {AB8902B4-09CA-4BB6-B78D-A8F59079A8D5} did not register with DCOM within the required timeout.

Event[296]:
  Log Name: System
  Source: Microsoft-Windows-DistributedCOM
  Date: 2025-09-09T02:16:55.7950000Z
  Event ID: 10010
  Task: N/A
  Level: Error
  Opcode: Info
  Keyword: Classic
  User: S-1-5-21-1400712973-4099593408-808397054-1001
  User Name: ASTERIZU\DELL
  Computer: Asterizu
  Description: 
The server {AB8902B4-09CA-4BB6-B78D-A8F59079A8D5} did not register with DCOM within the required timeout.

Event[297]:
  Log Name: System
  Source: Microsoft-Windows-DistributedCOM
  Date: 2025-09-09T02:16:55.8420000Z
  Event ID: 10010
  Task: N/A
  Level: Error
  Opcode: Info
  Keyword: Classic
  User: S-1-5-21-1400712973-4099593408-808397054-1001
  User Name: ASTERIZU\DELL
  Computer: Asterizu
  Description: 
The server {AB8902B4-09CA-4BB6-B78D-A8F59079A8D5} did not register with DCOM within the required timeout.

Event[298]:
  Log Name: System
  Source: Microsoft-Windows-DistributedCOM
  Date: 2025-09-09T02:16:55.8730000Z
  Event ID: 10010
  Task: N/A
  Level: Error
  Opcode: Info
  Keyword: Classic
  User: S-1-5-21-1400712973-4099593408-808397054-1001
  User Name: ASTERIZU\DELL
  Computer: Asterizu
  Description: 
The server {AB8902B4-09CA-4BB6-B78D-A8F59079A8D5} did not register with DCOM within the required timeout.

Event[299]:
  Log Name: System
  Source: Microsoft-Windows-DistributedCOM
  Date: 2025-09-09T02:16:55.9050000Z
  Event ID: 10010
  Task: N/A
  Level: Error
  Opcode: Info
  Keyword: Classic
  User: S-1-5-21-1400712973-4099593408-808397054-1001
  User Name: ASTERIZU\DELL
  Computer: Asterizu
  Description: 
The server {AB8902B4-09CA-4BB6-B78D-A8F59079A8D5} did not register with DCOM within the required timeout.

Event[300]:
  Log Name: System
  Source: Microsoft-Windows-DistributedCOM
  Date: 2025-09-09T02:16:55.9360000Z
  Event ID: 10010
  Task: N/A
  Level: Error
  Opcode: Info
  Keyword: Classic
  User: S-1-5-21-1400712973-4099593408-808397054-1001
  User Name: ASTERIZU\DELL
  Computer: Asterizu
  Description: 
The server {AB8902B4-09CA-4BB6-B78D-A8F59079A8D5} did not register with DCOM within the required timeout.

Event[301]:
  Log Name: System
  Source: Microsoft-Windows-DistributedCOM
  Date: 2025-09-09T02:16:55.9670000Z
  Event ID: 10010
  Task: N/A
  Level: Error
  Opcode: Info
  Keyword: Classic
  User: S-1-5-21-1400712973-4099593408-808397054-1001
  User Name: ASTERIZU\DELL
  Computer: Asterizu
  Description: 
The server {AB8902B4-09CA-4BB6-B78D-A8F59079A8D5} did not register with DCOM within the required timeout.

Event[302]:
  Log Name: System
  Source: Microsoft-Windows-DistributedCOM
  Date: 2025-09-09T02:16:55.9980000Z
  Event ID: 10010
  Task: N/A
  Level: Error
  Opcode: Info
  Keyword: Classic
  User: S-1-5-21-1400712973-4099593408-808397054-1001
  User Name: ASTERIZU\DELL
  Computer: Asterizu
  Description: 
The server {AB8902B4-09CA-4BB6-B78D-A8F59079A8D5} did not register with DCOM within the required timeout.

Event[303]:
  Log Name: System
  Source: Service Control Manager
  Date: 2025-09-09T06:52:21.8150000Z
  Event ID: 7009
  Task: N/A
  Level: Error
  Opcode: N/A
  Keyword: Classic
  User: N/A
  User Name: N/A
  Computer: Asterizu
  Description: 
A timeout was reached (45000 milliseconds) while waiting for the Intel(R) TPM Provisioning Service service to connect.

Event[304]:
  Log Name: System
  Source: Microsoft-Windows-DistributedCOM
  Date: 2025-09-09T07:01:16.1220000Z
  Event ID: 10010
  Task: N/A
  Level: Error
  Opcode: Info
  Keyword: Classic
  User: S-1-5-21-1400712973-4099593408-808397054-1001
  User Name: ASTERIZU\DELL
  Computer: Asterizu
  Description: 
The server Windows.Gaming.GameBar.PresenceServer.Internal.PresenceWriter did not register with DCOM within the required timeout.

Event[305]:
  Log Name: System
  Source: Microsoft-Windows-DistributedCOM
  Date: 2025-09-09T07:09:06.6840000Z
  Event ID: 10010
  Task: N/A
  Level: Error
  Opcode: Info
  Keyword: Classic
  User: S-1-5-21-1400712973-4099593408-808397054-1001
  User Name: ASTERIZU\DELL
  Computer: Asterizu
  Description: 
The server Windows.Gaming.GameBar.PresenceServer.Internal.PresenceWriter did not register with DCOM within the required timeout.

Event[306]:
  Log Name: System
  Source: Microsoft-Windows-DistributedCOM
  Date: 2025-09-09T07:30:30.0450000Z
  Event ID: 10010
  Task: N/A
  Level: Error
  Opcode: Info
  Keyword: Classic
  User: S-1-5-21-1400712973-4099593408-808397054-1001
  User Name: ASTERIZU\DELL
  Computer: Asterizu
  Description: 
The server Windows.Gaming.GameBar.PresenceServer.Internal.PresenceWriter did not register with DCOM within the required timeout.

Event[307]:
  Log Name: System
  Source: Microsoft-Windows-DistributedCOM
  Date: 2025-09-09T07:52:03.3350000Z
  Event ID: 10010
  Task: N/A
  Level: Error
  Opcode: Info
  Keyword: Classic
  User: S-1-5-21-1400712973-4099593408-808397054-1001
  User Name: ASTERIZU\DELL
  Computer: Asterizu
  Description: 
The server Windows.Gaming.GameBar.PresenceServer.Internal.PresenceWriter did not register with DCOM within the required timeout.

Event[308]:
  Log Name: System
  Source: Microsoft-Windows-DistributedCOM
  Date: 2025-09-09T07:52:50.3150000Z
  Event ID: 10010
  Task: N/A
  Level: Error
  Opcode: Info
  Keyword: Classic
  User: S-1-5-21-1400712973-4099593408-808397054-1001
  User Name: ASTERIZU\DELL
  Computer: Asterizu
  Description: 
The server Windows.Gaming.GameBar.PresenceServer.Internal.PresenceWriter did not register with DCOM within the required timeout.

Event[309]:
  Log Name: System
  Source: Microsoft-Windows-DistributedCOM
  Date: 2025-09-09T08:15:44.0790000Z
  Event ID: 10010
  Task: N/A
  Level: Error
  Opcode: Info
  Keyword: Classic
  User: S-1-5-21-1400712973-4099593408-808397054-1001
  User Name: ASTERIZU\DELL
  Computer: Asterizu
  Description: 
The server Windows.Gaming.GameBar.PresenceServer.Internal.PresenceWriter did not register with DCOM within the required timeout.

Event[310]:
  Log Name: System
  Source: Microsoft-Windows-DistributedCOM
  Date: 2025-09-09T08:21:57.0440000Z
  Event ID: 10010
  Task: N/A
  Level: Error
  Opcode: Info
  Keyword: Classic
  User: S-1-5-21-1400712973-4099593408-808397054-1001
  User Name: ASTERIZU\DELL
  Computer: Asterizu
  Description: 
The server Windows.Gaming.GameBar.PresenceServer.Internal.PresenceWriter did not register with DCOM within the required timeout.

Event[311]:
  Log Name: System
  Source: Microsoft-Windows-DistributedCOM
  Date: 2025-09-09T08:47:56.8140000Z
  Event ID: 10010
  Task: N/A
  Level: Error
  Opcode: Info
  Keyword: Classic
  User: S-1-5-21-1400712973-4099593408-808397054-1001
  User Name: ASTERIZU\DELL
  Computer: Asterizu
  Description: 
The server Windows.Gaming.GameBar.PresenceServer.Internal.PresenceWriter did not register with DCOM within the required timeout.

Event[312]:
  Log Name: System
  Source: Microsoft-Windows-DistributedCOM
  Date: 2025-09-09T08:58:18.9160000Z
  Event ID: 10010
  Task: N/A
  Level: Error
  Opcode: Info
  Keyword: Classic
  User: S-1-5-21-1400712973-4099593408-808397054-1001
  User Name: ASTERIZU\DELL
  Computer: Asterizu
  Description: 
The server Windows.Gaming.GameBar.PresenceServer.Internal.PresenceWriter did not register with DCOM within the required timeout.

Event[313]:
  Log Name: System
  Source: Microsoft-Windows-DistributedCOM
  Date: 2025-09-09T09:24:19.2780000Z
  Event ID: 10010
  Task: N/A
  Level: Error
  Opcode: Info
  Keyword: Classic
  User: S-1-5-21-1400712973-4099593408-808397054-1001
  User Name: ASTERIZU\DELL
  Computer: Asterizu
  Description: 
The server Windows.Gaming.GameBar.PresenceServer.Internal.PresenceWriter did not register with DCOM within the required timeout.

Event[314]:
  Log Name: System
  Source: Service Control Manager
  Date: 2025-09-09T09:35:09.7210000Z
  Event ID: 7034
  Task: N/A
  Level: Error
  Opcode: N/A
  Keyword: Classic
  User: N/A
  User Name: N/A
  Computer: Asterizu
  Description: 
The Everything service terminated unexpectedly.  It has done this 1 time(s).

Event[315]:
  Log Name: System
  Source: Microsoft-Windows-DistributedCOM
  Date: 2025-09-09T09:36:57.5800000Z
  Event ID: 10010
  Task: N/A
  Level: Error
  Opcode: Info
  Keyword: Classic
  User: S-1-5-21-1400712973-4099593408-808397054-1001
  User Name: ASTERIZU\DELL
  Computer: Asterizu
  Description: 
The server Windows.Gaming.GameBar.PresenceServer.Internal.PresenceWriter did not register with DCOM within the required timeout.

Event[316]:
  Log Name: System
  Source: Service Control Manager
  Date: 2025-09-09T17:48:06.9170000Z
  Event ID: 7009
  Task: N/A
  Level: Error
  Opcode: N/A
  Keyword: Classic
  User: N/A
  User Name: N/A
  Computer: Asterizu
  Description: 
A timeout was reached (45000 milliseconds) while waiting for the Intel(R) TPM Provisioning Service service to connect.

Event[317]:
  Log Name: System
  Source: RTWlanE
  Date: 2025-09-09T17:48:12.0030000Z
  Event ID: 5005
  Task: N/A
  Level: Error
  Opcode: N/A
  Keyword: Classic
  User: N/A
  User Name: N/A
  Computer: Asterizu
  Description: 
Realtek 8821CE Wireless LAN 802.11ac PCI-E NIC : Has encountered an internal error and has failed.

Event[318]:
  Log Name: System
  Source: Microsoft-Windows-DistributedCOM
  Date: 2025-09-09T18:04:20.9850000Z
  Event ID: 10010
  Task: N/A
  Level: Error
  Opcode: Info
  Keyword: Classic
  User: S-1-5-21-1400712973-4099593408-808397054-1001
  User Name: ASTERIZU\DELL
  Computer: Asterizu
  Description: 
The server Windows.Gaming.GameBar.PresenceServer.Internal.PresenceWriter did not register with DCOM within the required timeout.

Event[319]:
  Log Name: System
  Source: Microsoft-Windows-DistributedCOM
  Date: 2025-09-09T18:55:02.1640000Z
  Event ID: 10010
  Task: N/A
  Level: Error
  Opcode: Info
  Keyword: Classic
  User: S-1-5-21-1400712973-4099593408-808397054-1001
  User Name: ASTERIZU\DELL
  Computer: Asterizu
  Description: 
The server Windows.Gaming.GameBar.PresenceServer.Internal.PresenceWriter did not register with DCOM within the required timeout.

Event[320]:
  Log Name: System
  Source: Microsoft-Windows-DistributedCOM
  Date: 2025-09-09T19:05:00.7710000Z
  Event ID: 10010
  Task: N/A
  Level: Error
  Opcode: Info
  Keyword: Classic
  User: S-1-5-21-1400712973-4099593408-808397054-1001
  User Name: ASTERIZU\DELL
  Computer: Asterizu
  Description: 
The server Windows.Gaming.GameBar.PresenceServer.Internal.PresenceWriter did not register with DCOM within the required timeout.

Event[321]:
  Log Name: System
  Source: Microsoft-Windows-DistributedCOM
  Date: 2025-09-09T19:07:39.9670000Z
  Event ID: 10010
  Task: N/A
  Level: Error
  Opcode: Info
  Keyword: Classic
  User: S-1-5-21-1400712973-4099593408-808397054-1001
  User Name: ASTERIZU\DELL
  Computer: Asterizu
  Description: 
The server Windows.Gaming.GameBar.PresenceServer.Internal.PresenceWriter did not register with DCOM within the required timeout.

Event[322]:
  Log Name: System
  Source: Microsoft-Windows-DistributedCOM
  Date: 2025-09-09T19:09:06.4230000Z
  Event ID: 10010
  Task: N/A
  Level: Error
  Opcode: Info
  Keyword: Classic
  User: S-1-5-21-1400712973-4099593408-808397054-1001
  User Name: ASTERIZU\DELL
  Computer: Asterizu
  Description: 
The server Windows.Gaming.GameBar.PresenceServer.Internal.PresenceWriter did not register with DCOM within the required timeout.

Event[323]:
  Log Name: System
  Source: Service Control Manager
  Date: 2025-09-09T19:32:24.5440000Z
  Event ID: 7034
  Task: N/A
  Level: Error
  Opcode: N/A
  Keyword: Classic
  User: N/A
  User Name: N/A
  Computer: Asterizu
  Description: 
The Everything service terminated unexpectedly.  It has done this 1 time(s).

Event[324]:
  Log Name: System
  Source: Microsoft-Windows-DistributedCOM
  Date: 2025-09-09T19:35:59.2580000Z
  Event ID: 10010
  Task: N/A
  Level: Error
  Opcode: Info
  Keyword: Classic
  User: S-1-5-21-1400712973-4099593408-808397054-1001
  User Name: ASTERIZU\DELL
  Computer: Asterizu
  Description: 
The server Windows.Gaming.GameBar.PresenceServer.Internal.PresenceWriter did not register with DCOM within the required timeout.

Event[325]:
  Log Name: System
  Source: Microsoft-Windows-DistributedCOM
  Date: 2025-09-09T19:41:46.8920000Z
  Event ID: 10010
  Task: N/A
  Level: Error
  Opcode: Info
  Keyword: Classic
  User: S-1-5-21-1400712973-4099593408-808397054-1001
  User Name: ASTERIZU\DELL
  Computer: Asterizu
  Description: 
The server Windows.Gaming.GameBar.PresenceServer.Internal.PresenceWriter did not register with DCOM within the required timeout.

Event[326]:
  Log Name: System
  Source: Service Control Manager
  Date: 2025-09-09T20:22:52.3230000Z
  Event ID: 7009
  Task: N/A
  Level: Error
  Opcode: N/A
  Keyword: Classic
  User: N/A
  User Name: N/A
  Computer: Asterizu
  Description: 
A timeout was reached (45000 milliseconds) while waiting for the Intel(R) TPM Provisioning Service service to connect.

Event[327]:
  Log Name: System
  Source: Microsoft-Windows-DistributedCOM
  Date: 2025-09-09T20:24:26.0480000Z
  Event ID: 10010
  Task: N/A
  Level: Error
  Opcode: Info
  Keyword: Classic
  User: S-1-5-21-1400712973-4099593408-808397054-1001
  User Name: ASTERIZU\DELL
  Computer: Asterizu
  Description: 
The server Windows.Gaming.GameBar.PresenceServer.Internal.PresenceWriter did not register with DCOM within the required timeout.

Event[328]:
  Log Name: System
  Source: Microsoft-Windows-DistributedCOM
  Date: 2025-09-09T20:29:13.3470000Z
  Event ID: 10010
  Task: N/A
  Level: Error
  Opcode: Info
  Keyword: Classic
  User: S-1-5-21-1400712973-4099593408-808397054-1001
  User Name: ASTERIZU\DELL
  Computer: Asterizu
  Description: 
The server Windows.Gaming.GameBar.PresenceServer.Internal.PresenceWriter did not register with DCOM within the required timeout.

Event[329]:
  Log Name: System
  Source: Microsoft-Windows-DistributedCOM
  Date: 2025-09-09T20:54:24.7470000Z
  Event ID: 10010
  Task: N/A
  Level: Error
  Opcode: Info
  Keyword: Classic
  User: S-1-5-21-1400712973-4099593408-808397054-1001
  User Name: ASTERIZU\DELL
  Computer: Asterizu
  Description: 
The server Windows.Gaming.GameBar.PresenceServer.Internal.PresenceWriter did not register with DCOM within the required timeout.

Event[330]:
  Log Name: System
  Source: Microsoft-Windows-DistributedCOM
  Date: 2025-09-09T21:10:02.9810000Z
  Event ID: 10010
  Task: N/A
  Level: Error
  Opcode: Info
  Keyword: Classic
  User: S-1-5-21-1400712973-4099593408-808397054-1001
  User Name: ASTERIZU\DELL
  Computer: Asterizu
  Description: 
The server Windows.Gaming.GameBar.PresenceServer.Internal.PresenceWriter did not register with DCOM within the required timeout.

Event[331]:
  Log Name: System
  Source: Microsoft-Windows-DistributedCOM
  Date: 2025-09-09T21:31:49.7940000Z
  Event ID: 10010
  Task: N/A
  Level: Error
  Opcode: Info
  Keyword: Classic
  User: S-1-5-21-1400712973-4099593408-808397054-1001
  User Name: ASTERIZU\DELL
  Computer: Asterizu
  Description: 
The server Windows.Gaming.GameBar.PresenceServer.Internal.PresenceWriter did not register with DCOM within the required timeout.

Event[332]:
  Log Name: System
  Source: Microsoft-Windows-DistributedCOM
  Date: 2025-09-09T21:32:17.6990000Z
  Event ID: 10010
  Task: N/A
  Level: Error
  Opcode: Info
  Keyword: Classic
  User: S-1-5-21-1400712973-4099593408-808397054-1001
  User Name: ASTERIZU\DELL
  Computer: Asterizu
  Description: 
The server {FD06603A-2BDF-4BB1-B7DF-5DC68F353601} did not register with DCOM within the required timeout.

Event[333]:
  Log Name: System
  Source: Microsoft-Windows-DistributedCOM
  Date: 2025-09-09T21:32:18.4270000Z
  Event ID: 10010
  Task: N/A
  Level: Error
  Opcode: Info
  Keyword: Classic
  User: S-1-5-21-1400712973-4099593408-808397054-1001
  User Name: ASTERIZU\DELL
  Computer: Asterizu
  Description: 
The server {FD06603A-2BDF-4BB1-B7DF-5DC68F353601} did not register with DCOM within the required timeout.

Event[334]:
  Log Name: System
  Source: Microsoft-Windows-DistributedCOM
  Date: 2025-09-09T21:32:18.4810000Z
  Event ID: 10010
  Task: N/A
  Level: Error
  Opcode: Info
  Keyword: Classic
  User: S-1-5-21-1400712973-4099593408-808397054-1001
  User Name: ASTERIZU\DELL
  Computer: Asterizu
  Description: 
The server {FD06603A-2BDF-4BB1-B7DF-5DC68F353601} did not register with DCOM within the required timeout.

Event[335]:
  Log Name: System
  Source: Service Control Manager
  Date: 2025-09-10T00:20:51.1380000Z
  Event ID: 7009
  Task: N/A
  Level: Error
  Opcode: N/A
  Keyword: Classic
  User: N/A
  User Name: N/A
  Computer: Asterizu
  Description: 
A timeout was reached (45000 milliseconds) while waiting for the Intel(R) TPM Provisioning Service service to connect.

Event[336]:
  Log Name: System
  Source: Microsoft-Windows-DistributedCOM
  Date: 2025-09-10T00:23:02.6310000Z
  Event ID: 10010
  Task: N/A
  Level: Error
  Opcode: Info
  Keyword: Classic
  User: S-1-5-21-1400712973-4099593408-808397054-1001
  User Name: ASTERIZU\DELL
  Computer: Asterizu
  Description: 
The server Windows.Gaming.GameBar.PresenceServer.Internal.PresenceWriter did not register with DCOM within the required timeout.

Event[337]:
  Log Name: System
  Source: Microsoft-Windows-DistributedCOM
  Date: 2025-09-10T00:25:54.6160000Z
  Event ID: 10010
  Task: N/A
  Level: Error
  Opcode: Info
  Keyword: Classic
  User: S-1-5-21-1400712973-4099593408-808397054-1001
  User Name: ASTERIZU\DELL
  Computer: Asterizu
  Description: 
The server Windows.Gaming.GameBar.PresenceServer.Internal.PresenceWriter did not register with DCOM within the required timeout.

Event[338]:
  Log Name: System
  Source: Microsoft-Windows-DistributedCOM
  Date: 2025-09-10T00:54:34.6200000Z
  Event ID: 10010
  Task: N/A
  Level: Error
  Opcode: Info
  Keyword: Classic
  User: S-1-5-21-1400712973-4099593408-808397054-1001
  User Name: ASTERIZU\DELL
  Computer: Asterizu
  Description: 
The server Windows.Gaming.GameBar.PresenceServer.Internal.PresenceWriter did not register with DCOM within the required timeout.

Event[339]:
  Log Name: System
  Source: Service Control Manager
  Date: 2025-09-10T02:54:15.2170000Z
  Event ID: 7009
  Task: N/A
  Level: Error
  Opcode: N/A
  Keyword: Classic
  User: N/A
  User Name: N/A
  Computer: Asterizu
  Description: 
A timeout was reached (45000 milliseconds) while waiting for the Intel(R) TPM Provisioning Service service to connect.

Event[340]:
  Log Name: System
  Source: Service Control Manager
  Date: 2025-09-10T09:01:25.4040000Z
  Event ID: 7009
  Task: N/A
  Level: Error
  Opcode: N/A
  Keyword: Classic
  User: N/A
  User Name: N/A
  Computer: Asterizu
  Description: 
A timeout was reached (45000 milliseconds) while waiting for the Intel(R) TPM Provisioning Service service to connect.

Event[341]:
  Log Name: System
  Source: Service Control Manager
  Date: 2025-09-10T09:16:20.9140000Z
  Event ID: 7034
  Task: N/A
  Level: Error
  Opcode: N/A
  Keyword: Classic
  User: N/A
  User Name: N/A
  Computer: Asterizu
  Description: 
The Everything service terminated unexpectedly.  It has done this 1 time(s).

Event[342]:
  Log Name: System
  Source: Microsoft-Windows-DistributedCOM
  Date: 2025-09-10T09:17:24.9530000Z
  Event ID: 10010
  Task: N/A
  Level: Error
  Opcode: Info
  Keyword: Classic
  User: S-1-5-21-1400712973-4099593408-808397054-1001
  User Name: ASTERIZU\DELL
  Computer: Asterizu
  Description: 
The server Windows.Gaming.GameBar.PresenceServer.Internal.PresenceWriter did not register with DCOM within the required timeout.

Event[343]:
  Log Name: System
  Source: Microsoft-Windows-DistributedCOM
  Date: 2025-09-10T10:28:57.5400000Z
  Event ID: 10010
  Task: N/A
  Level: Error
  Opcode: Info
  Keyword: Classic
  User: S-1-5-21-1400712973-4099593408-808397054-1001
  User Name: ASTERIZU\DELL
  Computer: Asterizu
  Description: 
The server Windows.Gaming.GameBar.PresenceServer.Internal.PresenceWriter did not register with DCOM within the required timeout.

Event[344]:
  Log Name: System
  Source: Microsoft-Windows-DistributedCOM
  Date: 2025-09-10T10:34:39.4150000Z
  Event ID: 10010
  Task: N/A
  Level: Error
  Opcode: Info
  Keyword: Classic
  User: S-1-5-21-1400712973-4099593408-808397054-1001
  User Name: ASTERIZU\DELL
  Computer: Asterizu
  Description: 
The server Windows.Gaming.GameBar.PresenceServer.Internal.PresenceWriter did not register with DCOM within the required timeout.

Event[345]:
  Log Name: System
  Source: Microsoft-Windows-DistributedCOM
  Date: 2025-09-10T11:04:36.2820000Z
  Event ID: 10010
  Task: N/A
  Level: Error
  Opcode: Info
  Keyword: Classic
  User: S-1-5-21-1400712973-4099593408-808397054-1001
  User Name: ASTERIZU\DELL
  Computer: Asterizu
  Description: 
The server Windows.Gaming.GameBar.PresenceServer.Internal.PresenceWriter did not register with DCOM within the required timeout.

Event[346]:
  Log Name: System
  Source: Microsoft-Windows-DistributedCOM
  Date: 2025-09-10T12:16:38.6050000Z
  Event ID: 10010
  Task: N/A
  Level: Error
  Opcode: Info
  Keyword: Classic
  User: S-1-5-21-1400712973-4099593408-808397054-1001
  User Name: ASTERIZU\DELL
  Computer: Asterizu
  Description: 
The server Windows.Gaming.GameBar.PresenceServer.Internal.PresenceWriter did not register with DCOM within the required timeout.

Event[347]:
  Log Name: System
  Source: Service Control Manager
  Date: 2025-09-10T18:33:55.6100000Z
  Event ID: 7009
  Task: N/A
  Level: Error
  Opcode: N/A
  Keyword: Classic
  User: N/A
  User Name: N/A
  Computer: Asterizu
  Description: 
A timeout was reached (45000 milliseconds) while waiting for the Intel(R) TPM Provisioning Service service to connect.

Event[348]:
  Log Name: System
  Source: Service Control Manager
  Date: 2025-09-10T18:35:19.3920000Z
  Event ID: 7034
  Task: N/A
  Level: Error
  Opcode: N/A
  Keyword: Classic
  User: N/A
  User Name: N/A
  Computer: Asterizu
  Description: 
The Everything service terminated unexpectedly.  It has done this 1 time(s).

Event[349]:
  Log Name: System
  Source: Microsoft-Windows-DistributedCOM
  Date: 2025-09-10T18:37:43.6660000Z
  Event ID: 10010
  Task: N/A
  Level: Error
  Opcode: Info
  Keyword: Classic
  User: S-1-5-21-1400712973-4099593408-808397054-1001
  User Name: ASTERIZU\DELL
  Computer: Asterizu
  Description: 
The server Windows.Gaming.GameBar.PresenceServer.Internal.PresenceWriter did not register with DCOM within the required timeout.

Event[350]:
  Log Name: System
  Source: Microsoft-Windows-DistributedCOM
  Date: 2025-09-10T22:49:09.4020000Z
  Event ID: 10010
  Task: N/A
  Level: Error
  Opcode: Info
  Keyword: Classic
  User: S-1-5-21-1400712973-4099593408-808397054-1001
  User Name: ASTERIZU\DELL
  Computer: Asterizu
  Description: 
The server Windows.Gaming.GameBar.PresenceServer.Internal.PresenceWriter did not register with DCOM within the required timeout.

Event[351]:
  Log Name: System
  Source: Microsoft-Windows-DistributedCOM
  Date: 2025-09-10T22:52:21.5900000Z
  Event ID: 10010
  Task: N/A
  Level: Error
  Opcode: Info
  Keyword: Classic
  User: S-1-5-21-1400712973-4099593408-808397054-1001
  User Name: ASTERIZU\DELL
  Computer: Asterizu
  Description: 
The server Windows.Gaming.GameBar.PresenceServer.Internal.PresenceWriter did not register with DCOM within the required timeout.

Event[352]:
  Log Name: System
  Source: Microsoft-Windows-DistributedCOM
  Date: 2025-09-10T23:16:08.2950000Z
  Event ID: 10010
  Task: N/A
  Level: Error
  Opcode: Info
  Keyword: Classic
  User: S-1-5-21-1400712973-4099593408-808397054-1001
  User Name: ASTERIZU\DELL
  Computer: Asterizu
  Description: 
The server Windows.Gaming.GameBar.PresenceServer.Internal.PresenceWriter did not register with DCOM within the required timeout.

Event[353]:
  Log Name: System
  Source: Microsoft-Windows-DistributedCOM
  Date: 2025-09-10T23:16:32.0210000Z
  Event ID: 10010
  Task: N/A
  Level: Error
  Opcode: Info
  Keyword: Classic
  User: S-1-5-21-1400712973-4099593408-808397054-1001
  User Name: ASTERIZU\DELL
  Computer: Asterizu
  Description: 
The server {FD06603A-2BDF-4BB1-B7DF-5DC68F353601} did not register with DCOM within the required timeout.

Event[354]:
  Log Name: System
  Source: Microsoft-Windows-DistributedCOM
  Date: 2025-09-10T23:16:33.5960000Z
  Event ID: 10010
  Task: N/A
  Level: Error
  Opcode: Info
  Keyword: Classic
  User: S-1-5-21-1400712973-4099593408-808397054-1001
  User Name: ASTERIZU\DELL
  Computer: Asterizu
  Description: 
The server {FD06603A-2BDF-4BB1-B7DF-5DC68F353601} did not register with DCOM within the required timeout.

Event[355]:
  Log Name: System
  Source: Microsoft-Windows-DistributedCOM
  Date: 2025-09-10T23:16:33.6430000Z
  Event ID: 10010
  Task: N/A
  Level: Error
  Opcode: Info
  Keyword: Classic
  User: S-1-5-21-1400712973-4099593408-808397054-1001
  User Name: ASTERIZU\DELL
  Computer: Asterizu
  Description: 
The server {FD06603A-2BDF-4BB1-B7DF-5DC68F353601} did not register with DCOM within the required timeout.

Event[356]:
