  Log Name: System
  Source: NetBT
  Date: 2025-11-13T09:06:29.6310000Z
  Event ID: 4311
  Task: N/A
  Level: Error
  Opcode: N/A
  Keyword: Classic
  User: N/A
  User Name: N/A
  Computer: Asterizu
  Description: 
Initialization failed because the driver device could not be created. Use the string "000000000100320000000000D71000C011010000250200C001000000000000000000000000000000" to identify the interface for which initialization failed. It represents the MAC address of the failed interface or the  Globally Unique Interface Identifier (GUID) if NetBT was unable to  map from GUID to MAC address. If neither the MAC address nor the GUID were  available, the string represents a cluster device name. 

Event[1749]:
  Log Name: System
  Source: NetBT
  Date: 2025-11-13T09:06:55.5610000Z
  Event ID: 4311
  Task: N/A
  Level: Error
  Opcode: N/A
  Keyword: Classic
  User: N/A
  User Name: N/A
  Computer: Asterizu
  Description: 
Initialization failed because the driver device could not be created. Use the string "000000000100320000000000D71000C013010000250200C002000000000000000000000000000000" to identify the interface for which initialization failed. It represents the MAC address of the failed interface or the  Globally Unique Interface Identifier (GUID) if NetBT was unable to  map from GUID to MAC address. If neither the MAC address nor the GUID were  available, the string represents a cluster device name. 

Event[1750]:
  Log Name: System
  Source: NetBT
  Date: 2025-11-13T09:06:55.5610000Z
  Event ID: 4311
  Task: N/A
  Level: Error
  Opcode: N/A
  Keyword: Classic
  User: N/A
  User Name: N/A
  Computer: Asterizu
  Description: 
Initialization failed because the driver device could not be created. Use the string "000000000100320000000000D71000C011010000250200C003000000000000000000000000000000" to identify the interface for which initialization failed. It represents the MAC address of the failed interface or the  Globally Unique Interface Identifier (GUID) if NetBT was unable to  map from GUID to MAC address. If neither the MAC address nor the GUID were  available, the string represents a cluster device name. 

Event[1751]:
  Log Name: System
  Source: Microsoft-Windows-TPM-WMI
  Date: 2025-11-13T09:07:26.7140000Z
  Event ID: 1801
  Task: N/A
  Level: Error
  Opcode: Info
  Keyword: N/A
  User: S-1-5-18
  User Name: NT AUTHORITY\SYSTEM
  Computer: Asterizu
  Description: 
Secure Boot CA/keys need to be updated. This device signature information is included here.
DeviceAttributes: FirmwareManufacturer:Dell Inc.;FirmwareVersion:1.40.0;OEMManufacturerName:Dell Inc.;OEMModelSKU:0AB0;OSArchitecture:amd64;
BucketId: 6dd4c196c9d9d098e08768313b12ee6950a03e04c5ccbe68552f6b759593148a
BucketConfidenceLevel: 
UpdateType: 0
HResult: The operation completed successfully.

