  Log Name: System
  Source: Microsoft-Windows-DistributedCOM
  Date: 2025-10-03T18:36:45.8960000Z
  Event ID: 10010
  Task: N/A
  Level: Error
  Opcode: Info
  Keyword: Classic
  User: S-1-5-21-1400712973-4099593408-808397054-1001
  User Name: ASTERIZU\DELL
  Computer: Asterizu
  Description: 
The server Windows.Gaming.GameBar.PresenceServer.Internal.PresenceWriter did not register with DCOM within the required timeout.

Event[844]:
  Log Name: System
  Source: Microsoft-Windows-DistributedCOM
  Date: 2025-10-03T18:37:25.1300000Z
  Event ID: 10010
  Task: N/A
  Level: Error
  Opcode: Info
  Keyword: Classic
  User: S-1-5-21-1400712973-4099593408-808397054-1001
  User Name: ASTERIZU\DELL
  Computer: Asterizu
  Description: 
The server Windows.Gaming.GameBar.PresenceServer.Internal.PresenceWriter did not register with DCOM within the required timeout.

Event[845]:
  Log Name: System
  Source: Microsoft-Windows-DistributedCOM
  Date: 2025-10-03T18:50:33.4990000Z
  Event ID: 10010
  Task: N/A
  Level: Error
  Opcode: Info
  Keyword: Classic
  User: S-1-5-21-1400712973-4099593408-808397054-1001
  User Name: ASTERIZU\DELL
  Computer: Asterizu
  Description: 
The server Windows.Gaming.GameBar.PresenceServer.Internal.PresenceWriter did not register with DCOM within the required timeout.

Event[846]:
  Log Name: System
  Source: Microsoft-Windows-DistributedCOM
  Date: 2025-10-03T19:02:20.4040000Z
  Event ID: 10010
  Task: N/A
  Level: Error
  Opcode: Info
  Keyword: Classic
  User: S-1-5-21-1400712973-4099593408-808397054-1001
  User Name: ASTERIZU\DELL
  Computer: Asterizu
  Description: 
The server Windows.Gaming.GameBar.PresenceServer.Internal.PresenceWriter did not register with DCOM within the required timeout.

Event[847]:
  Log Name: System
  Source: Microsoft-Windows-DistributedCOM
  Date: 2025-10-03T19:02:33.1610000Z
  Event ID: 10010
  Task: N/A
  Level: Error
  Opcode: Info
  Keyword: Classic
  User: S-1-5-21-1400712973-4099593408-808397054-1001
  User Name: ASTERIZU\DELL
  Computer: Asterizu
  Description: 
The server Windows.Gaming.GameBar.PresenceServer.Internal.PresenceWriter did not register with DCOM within the required timeout.

Event[848]:
  Log Name: System
  Source: Microsoft-Windows-DistributedCOM
  Date: 2025-10-03T19:02:34.8500000Z
  Event ID: 10010
  Task: N/A
  Level: Error
  Opcode: Info
  Keyword: Classic
  User: S-1-5-21-1400712973-4099593408-808397054-1001
  User Name: ASTERIZU\DELL
  Computer: Asterizu
  Description: 
The server Windows.Gaming.GameBar.PresenceServer.Internal.PresenceWriter did not register with DCOM within the required timeout.

Event[849]:
  Log Name: System
  Source: Microsoft-Windows-DistributedCOM
  Date: 2025-10-03T19:02:38.4640000Z
  Event ID: 10010
  Task: N/A
  Level: Error
  Opcode: Info
  Keyword: Classic
  User: S-1-5-21-1400712973-4099593408-808397054-1001
  User Name: ASTERIZU\DELL
  Computer: Asterizu
  Description: 
The server Windows.Gaming.GameBar.PresenceServer.Internal.PresenceWriter did not register with DCOM within the required timeout.

Event[850]:
  Log Name: System
  Source: Service Control Manager
  Date: 2025-10-03T19:54:05.1630000Z
  Event ID: 7009
  Task: N/A
  Level: Error
  Opcode: N/A
  Keyword: Classic
  User: N/A
  User Name: N/A
  Computer: Asterizu
  Description: 
A timeout was reached (45000 milliseconds) while waiting for the Intel(R) TPM Provisioning Service service to connect.

Event[851]:
  Log Name: System
  Source: Microsoft-Windows-DistributedCOM
  Date: 2025-10-03T20:06:17.2950000Z
  Event ID: 10010
  Task: N/A
  Level: Error
  Opcode: Info
  Keyword: Classic
  User: S-1-5-21-1400712973-4099593408-808397054-1001
  User Name: ASTERIZU\DELL
  Computer: Asterizu
  Description: 
The server Windows.Gaming.GameBar.PresenceServer.Internal.PresenceWriter did not register with DCOM within the required timeout.

Event[852]:
  Log Name: System
  Source: Microsoft-Windows-DistributedCOM
  Date: 2025-10-03T20:24:09.3130000Z
  Event ID: 10010
  Task: N/A
  Level: Error
  Opcode: Info
  Keyword: Classic
  User: S-1-5-21-1400712973-4099593408-808397054-1001
  User Name: ASTERIZU\DELL
  Computer: Asterizu
  Description: 
The server Windows.Gaming.GameBar.PresenceServer.Internal.PresenceWriter did not register with DCOM within the required timeout.

Event[853]:
  Log Name: System
  Source: Service Control Manager
  Date: 2025-10-03T20:50:02.2640000Z
  Event ID: 7043
  Task: N/A
  Level: Error
  Opcode: N/A
  Keyword: Classic
  User: N/A
  User Name: N/A
  Computer: Asterizu
  Description: 
The Connected User Experiences and Telemetry service did not shut down properly after receiving a preshutdown control.

Event[854]:
  Log Name: System
  Source: Service Control Manager
  Date: 2025-10-03T23:00:01.1890000Z
  Event ID: 7009
  Task: N/A
  Level: Error
  Opcode: N/A
  Keyword: Classic
  User: N/A
  User Name: N/A
  Computer: Asterizu
  Description: 
A timeout was reached (45000 milliseconds) while waiting for the Intel(R) TPM Provisioning Service service to connect.

Event[855]:
  Log Name: System
  Source: Microsoft-Windows-NDIS
  Date: 2025-10-03T23:49:16.9100000Z
  Event ID: 10317
  Task: PnP
  Level: Error
  Opcode: Info
  Keyword: N/A
  User: S-1-5-18
  User Name: NT AUTHORITY\SYSTEM
  Computer: Asterizu
  Description: 
Miniport Microsoft Wi-Fi Direct Virtual Adapter #2, {b786eee2-4625-4abc-b3b1-f6ec29555a36}, had event Fatal error: The miniport has failed a power transition to operational power

Event[856]:
  Log Name: System
  Source: Service Control Manager
  Date: 2025-10-04T01:52:32.1860000Z
  Event ID: 7009
  Task: N/A
  Level: Error
  Opcode: N/A
  Keyword: Classic
  User: N/A
  User Name: N/A
  Computer: Asterizu
  Description: 
A timeout was reached (45000 milliseconds) while waiting for the Intel(R) TPM Provisioning Service service to connect.

Event[857]:
  Log Name: System
  Source: Microsoft-Windows-DistributedCOM
  Date: 2025-10-04T01:53:22.4980000Z
  Event ID: 10010
  Task: N/A
  Level: Error
  Opcode: Info
  Keyword: Classic
  User: S-1-5-21-1400712973-4099593408-808397054-1001
  User Name: ASTERIZU\DELL
  Computer: Asterizu
  Description: 
The server {A463FCB9-6B1C-4E0D-A80B-A2CA7999E25D} did not register with DCOM within the required timeout.

Event[858]:
  Log Name: System
  Source: Microsoft-Windows-DistributedCOM
  Date: 2025-10-04T01:53:22.5720000Z
  Event ID: 10010
  Task: N/A
  Level: Error
  Opcode: Info
  Keyword: Classic
  User: S-1-5-21-1400712973-4099593408-808397054-1001
  User Name: ASTERIZU\DELL
  Computer: Asterizu
  Description: 
The server {A463FCB9-6B1C-4E0D-A80B-A2CA7999E25D} did not register with DCOM within the required timeout.

Event[859]:
  Log Name: System
  Source: Microsoft-Windows-DistributedCOM
  Date: 2025-10-04T01:53:22.6250000Z
  Event ID: 10010
  Task: N/A
  Level: Error
  Opcode: Info
  Keyword: Classic
  User: S-1-5-21-1400712973-4099593408-808397054-1001
  User Name: ASTERIZU\DELL
  Computer: Asterizu
  Description: 
The server {A463FCB9-6B1C-4E0D-A80B-A2CA7999E25D} did not register with DCOM within the required timeout.

Event[860]:
  Log Name: System
  Source: Microsoft-Windows-DistributedCOM
  Date: 2025-10-04T01:53:22.6740000Z
  Event ID: 10010
  Task: N/A
  Level: Error
  Opcode: Info
  Keyword: Classic
  User: S-1-5-21-1400712973-4099593408-808397054-1001
  User Name: ASTERIZU\DELL
  Computer: Asterizu
  Description: 
The server {A463FCB9-6B1C-4E0D-A80B-A2CA7999E25D} did not register with DCOM within the required timeout.

Event[861]:
  Log Name: System
  Source: Microsoft-Windows-DistributedCOM
  Date: 2025-10-04T01:53:23.0070000Z
  Event ID: 10010
  Task: N/A
  Level: Error
  Opcode: Info
  Keyword: Classic
  User: S-1-5-21-1400712973-4099593408-808397054-1001
  User Name: ASTERIZU\DELL
  Computer: Asterizu
  Description: 
The server {A463FCB9-6B1C-4E0D-A80B-A2CA7999E25D} did not register with DCOM within the required timeout.

Event[862]:
  Log Name: System
  Source: Microsoft-Windows-DistributedCOM
  Date: 2025-10-04T01:53:25.4060000Z
  Event ID: 10005
  Task: N/A
  Level: Error
  Opcode: Info
  Keyword: Classic
  User: S-1-5-18
  User Name: NT AUTHORITY\SYSTEM
  Computer: Asterizu
  Description: 
DCOM got error "1115" attempting to start the service SecurityHealthService with arguments "Unavailable" in order to run the server:
{8C9C0DB7-2CBA-40F1-AFE0-C55740DD91A0}

Event[863]:
  Log Name: System
  Source: Service Control Manager
  Date: 2025-10-04T01:53:57.0830000Z
  Event ID: 7009
  Task: N/A
  Level: Error
  Opcode: N/A
  Keyword: Classic
  User: N/A
  User Name: N/A
  Computer: Asterizu
  Description: 
A timeout was reached (45000 milliseconds) while waiting for the Intel(R) TPM Provisioning Service service to connect.

Event[864]:
  Log Name: System
  Source: Microsoft-Windows-DistributedCOM
  Date: 2025-10-04T01:54:21.6700000Z
  Event ID: 10010
  Task: N/A
  Level: Error
  Opcode: Info
  Keyword: Classic
  User: S-1-5-21-1400712973-4099593408-808397054-1001
  User Name: ASTERIZU\DELL
  Computer: Asterizu
  Description: 
The server {A463FCB9-6B1C-4E0D-A80B-A2CA7999E25D} did not register with DCOM within the required timeout.

Event[865]:
  Log Name: System
  Source: Microsoft-Windows-DistributedCOM
  Date: 2025-10-04T01:54:21.8360000Z
  Event ID: 10010
  Task: N/A
  Level: Error
  Opcode: Info
  Keyword: Classic
  User: S-1-5-21-1400712973-4099593408-808397054-1001
  User Name: ASTERIZU\DELL
  Computer: Asterizu
  Description: 
The server {A463FCB9-6B1C-4E0D-A80B-A2CA7999E25D} did not register with DCOM within the required timeout.

Event[866]:
  Log Name: System
  Source: Microsoft-Windows-DistributedCOM
  Date: 2025-10-04T01:54:22.0010000Z
  Event ID: 10010
  Task: N/A
  Level: Error
  Opcode: Info
  Keyword: Classic
  User: S-1-5-21-1400712973-4099593408-808397054-1001
  User Name: ASTERIZU\DELL
  Computer: Asterizu
  Description: 
The server {A463FCB9-6B1C-4E0D-A80B-A2CA7999E25D} did not register with DCOM within the required timeout.

Event[867]:
  Log Name: System
  Source: Microsoft-Windows-DistributedCOM
  Date: 2025-10-04T01:54:22.1680000Z
  Event ID: 10010
  Task: N/A
  Level: Error
  Opcode: Info
  Keyword: Classic
  User: S-1-5-21-1400712973-4099593408-808397054-1001
  User Name: ASTERIZU\DELL
  Computer: Asterizu
  Description: 
The server {A463FCB9-6B1C-4E0D-A80B-A2CA7999E25D} did not register with DCOM within the required timeout.

Event[868]:
  Log Name: System
  Source: Microsoft-Windows-DistributedCOM
  Date: 2025-10-04T01:54:22.4890000Z
  Event ID: 10010
  Task: N/A
  Level: Error
  Opcode: Info
  Keyword: Classic
  User: S-1-5-21-1400712973-4099593408-808397054-1001
  User Name: ASTERIZU\DELL
  Computer: Asterizu
  Description: 
The server {A463FCB9-6B1C-4E0D-A80B-A2CA7999E25D} did not register with DCOM within the required timeout.

Event[869]:
  Log Name: System
  Source: Microsoft-Windows-DistributedCOM
  Date: 2025-10-04T01:54:22.9680000Z
  Event ID: 10010
  Task: N/A
  Level: Error
  Opcode: Info
  Keyword: Classic
  User: S-1-5-21-1400712973-4099593408-808397054-1001
  User Name: ASTERIZU\DELL
  Computer: Asterizu
  Description: 
The server {A463FCB9-6B1C-4E0D-A80B-A2CA7999E25D} did not register with DCOM within the required timeout.

Event[870]:
  Log Name: System
  Source: Service Control Manager
  Date: 2025-10-04T01:54:59.2930000Z
  Event ID: 7009
  Task: N/A
  Level: Error
  Opcode: N/A
  Keyword: Classic
  User: N/A
  User Name: N/A
  Computer: Asterizu
  Description: 
A timeout was reached (45000 milliseconds) while waiting for the Intel(R) TPM Provisioning Service service to connect.

Event[871]:
  Log Name: System
  Source: Microsoft-Windows-DistributedCOM
  Date: 2025-10-04T02:08:00.0650000Z
  Event ID: 10010
  Task: N/A
  Level: Error
  Opcode: Info
  Keyword: Classic
  User: S-1-5-21-1400712973-4099593408-808397054-1001
  User Name: ASTERIZU\DELL
  Computer: Asterizu
  Description: 
The server Windows.Gaming.GameBar.PresenceServer.Internal.PresenceWriter did not register with DCOM within the required timeout.

Event[872]:
  Log Name: System
  Source: Microsoft-Windows-DistributedCOM
  Date: 2025-10-04T02:09:51.5090000Z
  Event ID: 10010
  Task: N/A
  Level: Error
  Opcode: Info
  Keyword: Classic
  User: S-1-5-21-1400712973-4099593408-808397054-1001
  User Name: ASTERIZU\DELL
  Computer: Asterizu
  Description: 
The server Windows.Gaming.GameBar.PresenceServer.Internal.PresenceWriter did not register with DCOM within the required timeout.

Event[873]:
  Log Name: System
  Source: Microsoft-Windows-DistributedCOM
  Date: 2025-10-04T02:28:51.3210000Z
  Event ID: 10010
  Task: N/A
  Level: Error
  Opcode: Info
  Keyword: Classic
  User: S-1-5-21-1400712973-4099593408-808397054-1001
  User Name: ASTERIZU\DELL
  Computer: Asterizu
  Description: 
The server Windows.Gaming.GameBar.PresenceServer.Internal.PresenceWriter did not register with DCOM within the required timeout.

Event[874]:
  Log Name: System
  Source: Microsoft-Windows-DistributedCOM
  Date: 2025-10-04T03:25:25.2840000Z
  Event ID: 10010
  Task: N/A
  Level: Error
  Opcode: Info
  Keyword: Classic
  User: S-1-5-21-1400712973-4099593408-808397054-1001
  User Name: ASTERIZU\DELL
  Computer: Asterizu
  Description: 
The server Windows.Gaming.GameBar.PresenceServer.Internal.PresenceWriter did not register with DCOM within the required timeout.

Event[875]:
  Log Name: System
  Source: Microsoft-Windows-DistributedCOM
  Date: 2025-10-04T07:12:21.8510000Z
  Event ID: 10010
  Task: N/A
  Level: Error
  Opcode: Info
  Keyword: Classic
  User: S-1-5-21-1400712973-4099593408-808397054-1001
  User Name: ASTERIZU\DELL
  Computer: Asterizu
  Description: 
The server Windows.Gaming.GameBar.PresenceServer.Internal.PresenceWriter did not register with DCOM within the required timeout.

Event[876]:
  Log Name: System
  Source: Microsoft-Windows-DistributedCOM
  Date: 2025-10-04T07:17:47.1180000Z
  Event ID: 10010
  Task: N/A
  Level: Error
  Opcode: Info
  Keyword: Classic
  User: S-1-5-21-1400712973-4099593408-808397054-1001
  User Name: ASTERIZU\DELL
  Computer: Asterizu
  Description: 
The server Windows.Gaming.GameBar.PresenceServer.Internal.PresenceWriter did not register with DCOM within the required timeout.

Event[877]:
  Log Name: System
  Source: Microsoft-Windows-DistributedCOM
  Date: 2025-10-04T08:31:11.3600000Z
  Event ID: 10010
  Task: N/A
  Level: Error
  Opcode: Info
  Keyword: Classic
  User: S-1-5-21-1400712973-4099593408-808397054-1001
  User Name: ASTERIZU\DELL
  Computer: Asterizu
  Description: 
The server Windows.Gaming.GameBar.PresenceServer.Internal.PresenceWriter did not register with DCOM within the required timeout.

Event[878]:
  Log Name: System
  Source: Microsoft-Windows-DistributedCOM
  Date: 2025-10-04T09:53:16.3810000Z
  Event ID: 10010
  Task: N/A
  Level: Error
  Opcode: Info
  Keyword: Classic
  User: S-1-5-21-1400712973-4099593408-808397054-1001
  User Name: ASTERIZU\DELL
  Computer: Asterizu
  Description: 
The server Windows.Gaming.GameBar.PresenceServer.Internal.PresenceWriter did not register with DCOM within the required timeout.

Event[879]:
  Log Name: System
  Source: Service Control Manager
  Date: 2025-10-04T13:36:15.3580000Z
  Event ID: 7009
  Task: N/A
  Level: Error
  Opcode: N/A
  Keyword: Classic
  User: N/A
  User Name: N/A
  Computer: Asterizu
  Description: 
A timeout was reached (45000 milliseconds) while waiting for the Intel(R) TPM Provisioning Service service to connect.

Event[880]:
  Log Name: System
  Source: Microsoft-Windows-DistributedCOM
  Date: 2025-10-04T13:37:55.6630000Z
  Event ID: 10005
  Task: N/A
  Level: Error
  Opcode: Info
  Keyword: Classic
  User: S-1-5-18
  User Name: NT AUTHORITY\SYSTEM
  Computer: Asterizu
  Description: 
DCOM got error "1115" attempting to start the service SecurityHealthService with arguments "Unavailable" in order to run the server:
{8C9C0DB7-2CBA-40F1-AFE0-C55740DD91A0}

Event[881]:
  Log Name: System
  Source: Microsoft-Windows-Bits-Client
  Date: 2025-10-04T13:37:57.4660000Z
  Event ID: 16392
  Task: N/A
  Level: Error
  Opcode: Info
  Keyword: N/A
  User: S-1-5-18
  User Name: NT AUTHORITY\SYSTEM
  Computer: Asterizu
  Description: 
The BITS service failed to start.  Error 0x80004015.

Event[882]:
  Log Name: System
  Source: Service Control Manager
  Date: 2025-10-04T13:48:50.2120000Z
  Event ID: 7009
  Task: N/A
  Level: Error
  Opcode: N/A
  Keyword: Classic
  User: N/A
  User Name: N/A
  Computer: Asterizu
  Description: 
A timeout was reached (45000 milliseconds) while waiting for the Intel(R) TPM Provisioning Service service to connect.

Event[883]:
  Log Name: System
  Source: Microsoft-Windows-DistributedCOM
  Date: 2025-10-04T14:03:54.0360000Z
  Event ID: 10010
  Task: N/A
  Level: Error
  Opcode: Info
  Keyword: Classic
  User: S-1-5-21-1400712973-4099593408-808397054-1001
  User Name: ASTERIZU\DELL
  Computer: Asterizu
  Description: 
The server Windows.Gaming.GameBar.PresenceServer.Internal.PresenceWriter did not register with DCOM within the required timeout.

Event[884]:
  Log Name: System
  Source: Microsoft-Windows-DistributedCOM
  Date: 2025-10-04T14:04:36.7230000Z
  Event ID: 10010
  Task: N/A
  Level: Error
  Opcode: Info
  Keyword: Classic
  User: S-1-5-21-1400712973-4099593408-808397054-1001
  User Name: ASTERIZU\DELL
  Computer: Asterizu
  Description: 
The server Windows.Gaming.GameBar.PresenceServer.Internal.PresenceWriter did not register with DCOM within the required timeout.

Event[885]:
  Log Name: System
  Source: Microsoft-Windows-DistributedCOM
  Date: 2025-10-04T15:24:39.6870000Z
  Event ID: 10010
  Task: N/A
  Level: Error
  Opcode: Info
  Keyword: Classic
  User: S-1-5-21-1400712973-4099593408-808397054-1001
  User Name: ASTERIZU\DELL
  Computer: Asterizu
  Description: 
The server Windows.Gaming.GameBar.PresenceServer.Internal.PresenceWriter did not register with DCOM within the required timeout.

Event[886]:
  Log Name: System
  Source: Microsoft-Windows-DistributedCOM
  Date: 2025-10-04T15:31:33.2180000Z
  Event ID: 10010
  Task: N/A
  Level: Error
  Opcode: Info
  Keyword: Classic
  User: S-1-5-21-1400712973-4099593408-808397054-1001
  User Name: ASTERIZU\DELL
  Computer: Asterizu
  Description: 
The server Windows.Gaming.GameBar.PresenceServer.Internal.PresenceWriter did not register with DCOM within the required timeout.

Event[887]:
  Log Name: System
  Source: Microsoft-Windows-DistributedCOM
  Date: 2025-10-04T17:18:36.8930000Z
  Event ID: 10010
  Task: N/A
  Level: Error
  Opcode: Info
  Keyword: Classic
  User: S-1-5-21-1400712973-4099593408-808397054-1001
  User Name: ASTERIZU\DELL
  Computer: Asterizu
  Description: 
The server Windows.Gaming.GameBar.PresenceServer.Internal.PresenceWriter did not register with DCOM within the required timeout.

Event[888]:
  Log Name: System
  Source: Microsoft-Windows-DistributedCOM
  Date: 2025-10-04T17:25:57.6750000Z
  Event ID: 10010
  Task: N/A
  Level: Error
  Opcode: Info
  Keyword: Classic
  User: S-1-5-21-1400712973-4099593408-808397054-1001
  User Name: ASTERIZU\DELL
  Computer: Asterizu
  Description: 
The server Windows.Gaming.GameBar.PresenceServer.Internal.PresenceWriter did not register with DCOM within the required timeout.

Event[889]:
  Log Name: System
  Source: Microsoft-Windows-DistributedCOM
  Date: 2025-10-04T17:45:20.0290000Z
  Event ID: 10010
  Task: N/A
  Level: Error
  Opcode: Info
  Keyword: Classic
  User: S-1-5-21-1400712973-4099593408-808397054-1001
  User Name: ASTERIZU\DELL
  Computer: Asterizu
  Description: 
The server Windows.Gaming.GameBar.PresenceServer.Internal.PresenceWriter did not register with DCOM within the required timeout.

Event[890]:
  Log Name: System
  Source: Service Control Manager
  Date: 2025-10-04T18:06:54.0400000Z
  Event ID: 7009
  Task: N/A
  Level: Error
  Opcode: N/A
  Keyword: Classic
  User: N/A
  User Name: N/A
  Computer: Asterizu
  Description: 
A timeout was reached (45000 milliseconds) while waiting for the Intel(R) TPM Provisioning Service service to connect.

Event[891]:
  Log Name: System
  Source: Microsoft-Windows-DistributedCOM
  Date: 2025-10-04T22:46:51.8370000Z
  Event ID: 10010
  Task: N/A
  Level: Error
  Opcode: Info
  Keyword: Classic
  User: S-1-5-21-1400712973-4099593408-808397054-1001
  User Name: ASTERIZU\DELL
  Computer: Asterizu
  Description: 
The server Windows.Gaming.GameBar.PresenceServer.Internal.PresenceWriter did not register with DCOM within the required timeout.

Event[892]:
  Log Name: System
  Source: Microsoft-Windows-DistributedCOM
  Date: 2025-10-04T22:52:24.1410000Z
  Event ID: 10010
  Task: N/A
  Level: Error
  Opcode: Info
  Keyword: Classic
  User: S-1-5-21-1400712973-4099593408-808397054-1001
  User Name: ASTERIZU\DELL
  Computer: Asterizu
  Description: 
The server Windows.Gaming.GameBar.PresenceServer.Internal.PresenceWriter did not register with DCOM within the required timeout.

Event[893]:
  Log Name: System
  Source: Microsoft-Windows-DistributedCOM
  Date: 2025-10-04T22:56:03.6600000Z
  Event ID: 10010
  Task: N/A
  Level: Error
  Opcode: Info
  Keyword: Classic
  User: S-1-5-21-1400712973-4099593408-808397054-1001
  User Name: ASTERIZU\DELL
  Computer: Asterizu
  Description: 
The server Windows.Gaming.GameBar.PresenceServer.Internal.PresenceWriter did not register with DCOM within the required timeout.

Event[894]:
  Log Name: System
  Source: Microsoft-Windows-DistributedCOM
  Date: 2025-10-04T23:02:07.5250000Z
  Event ID: 10010
  Task: N/A
  Level: Error
  Opcode: Info
  Keyword: Classic
  User: S-1-5-21-1400712973-4099593408-808397054-1001
  User Name: ASTERIZU\DELL
  Computer: Asterizu
  Description: 
The server Windows.Gaming.GameBar.PresenceServer.Internal.PresenceWriter did not register with DCOM within the required timeout.

Event[895]:
  Log Name: System
  Source: Service Control Manager
  Date: 2025-10-05T12:46:53.0150000Z
  Event ID: 7009
  Task: N/A
  Level: Error
  Opcode: N/A
  Keyword: Classic
  User: N/A
  User Name: N/A
  Computer: Asterizu
  Description: 
A timeout was reached (45000 milliseconds) while waiting for the Intel(R) TPM Provisioning Service service to connect.

Event[896]:
  Log Name: System
  Source: RTWlanE
  Date: 2025-10-05T12:46:58.2110000Z
  Event ID: 5005
  Task: N/A
  Level: Error
  Opcode: N/A
  Keyword: Classic
  User: N/A
  User Name: N/A
  Computer: Asterizu
  Description: 
Realtek 8821CE Wireless LAN 802.11ac PCI-E NIC : Has encountered an internal error and has failed.

Event[897]:
  Log Name: System
  Source: Microsoft-Windows-DistributedCOM
  Date: 2025-10-05T12:51:05.9400000Z
  Event ID: 10010
  Task: N/A
  Level: Error
  Opcode: Info
  Keyword: Classic
  User: S-1-5-21-1400712973-4099593408-808397054-1001
  User Name: ASTERIZU\DELL
  Computer: Asterizu
  Description: 
The server Windows.Gaming.GameBar.PresenceServer.Internal.PresenceWriter did not register with DCOM within the required timeout.

Event[898]:
  Log Name: System
  Source: Service Control Manager
  Date: 2025-10-05T15:38:18.1740000Z
  Event ID: 7009
  Task: N/A
  Level: Error
  Opcode: N/A
  Keyword: Classic
  User: N/A
  User Name: N/A
  Computer: Asterizu
  Description: 
A timeout was reached (45000 milliseconds) while waiting for the Intel(R) TPM Provisioning Service service to connect.

Event[899]:
  Log Name: System
  Source: Microsoft-Windows-DistributedCOM
  Date: 2025-10-05T16:35:04.0010000Z
  Event ID: 10010
  Task: N/A
  Level: Error
  Opcode: Info
  Keyword: Classic
  User: S-1-5-21-1400712973-4099593408-808397054-1001
  User Name: ASTERIZU\DELL
  Computer: Asterizu
  Description: 
The server Windows.Gaming.GameBar.PresenceServer.Internal.PresenceWriter did not register with DCOM within the required timeout.

Event[900]:
  Log Name: System
  Source: Microsoft-Windows-DistributedCOM
  Date: 2025-10-05T16:56:29.6650000Z
  Event ID: 10010
  Task: N/A
  Level: Error
  Opcode: Info
  Keyword: Classic
  User: S-1-5-21-1400712973-4099593408-808397054-1001
  User Name: ASTERIZU\DELL
  Computer: Asterizu
  Description: 
The server Windows.Gaming.GameBar.PresenceServer.Internal.PresenceWriter did not register with DCOM within the required timeout.

Event[901]:
  Log Name: System
  Source: Microsoft-Windows-DistributedCOM
  Date: 2025-10-05T16:57:31.7610000Z
  Event ID: 10010
  Task: N/A
  Level: Error
  Opcode: Info
  Keyword: Classic
  User: S-1-5-21-1400712973-4099593408-808397054-1001
  User Name: ASTERIZU\DELL
  Computer: Asterizu
  Description: 
The server Windows.Gaming.GameBar.PresenceServer.Internal.PresenceWriter did not register with DCOM within the required timeout.

Event[902]:
  Log Name: System
  Source: Service Control Manager
  Date: 2025-10-05T21:36:50.5710000Z
  Event ID: 7009
  Task: N/A
  Level: Error
  Opcode: N/A
  Keyword: Classic
  User: N/A
  User Name: N/A
  Computer: Asterizu
  Description: 
A timeout was reached (45000 milliseconds) while waiting for the Intel(R) TPM Provisioning Service service to connect.

Event[903]:
  Log Name: System
  Source: Microsoft-Windows-DistributedCOM
  Date: 2025-10-05T21:39:26.4740000Z
  Event ID: 10010
  Task: N/A
  Level: Error
  Opcode: Info
  Keyword: Classic
  User: S-1-5-21-1400712973-4099593408-808397054-1001
  User Name: ASTERIZU\DELL
  Computer: Asterizu
  Description: 
The server Windows.Gaming.GameBar.PresenceServer.Internal.PresenceWriter did not register with DCOM within the required timeout.

Event[904]:
  Log Name: System
  Source: Microsoft-Windows-DistributedCOM
  Date: 2025-10-05T21:40:35.2100000Z
  Event ID: 10010
  Task: N/A
  Level: Error
  Opcode: Info
  Keyword: Classic
  User: S-1-5-21-1400712973-4099593408-808397054-1001
  User Name: ASTERIZU\DELL
  Computer: Asterizu
  Description: 
The server Windows.Gaming.GameBar.PresenceServer.Internal.PresenceWriter did not register with DCOM within the required timeout.

Event[905]:
  Log Name: System
  Source: Microsoft-Windows-DistributedCOM
  Date: 2025-10-05T21:43:10.1630000Z
  Event ID: 10010
  Task: N/A
  Level: Error
  Opcode: Info
  Keyword: Classic
  User: S-1-5-21-1400712973-4099593408-808397054-1001
  User Name: ASTERIZU\DELL
  Computer: Asterizu
  Description: 
The server Windows.Gaming.GameBar.PresenceServer.Internal.PresenceWriter did not register with DCOM within the required timeout.

Event[906]:
  Log Name: System
  Source: Microsoft-Windows-DistributedCOM
  Date: 2025-10-05T21:49:04.9000000Z
  Event ID: 10010
  Task: N/A
  Level: Error
  Opcode: Info
  Keyword: Classic
  User: S-1-5-21-1400712973-4099593408-808397054-1001
  User Name: ASTERIZU\DELL
  Computer: Asterizu
  Description: 
The server Windows.Gaming.GameBar.PresenceServer.Internal.PresenceWriter did not register with DCOM within the required timeout.

Event[907]:
  Log Name: System
  Source: Microsoft-Windows-DistributedCOM
  Date: 2025-10-05T21:54:37.9780000Z
  Event ID: 10010
  Task: N/A
  Level: Error
  Opcode: Info
  Keyword: Classic
  User: S-1-5-21-1400712973-4099593408-808397054-1001
  User Name: ASTERIZU\DELL
  Computer: Asterizu
  Description: 
The server Windows.Gaming.GameBar.PresenceServer.Internal.PresenceWriter did not register with DCOM within the required timeout.

Event[908]:
  Log Name: System
  Source: Microsoft-Windows-DistributedCOM
  Date: 2025-10-05T21:55:44.2540000Z
  Event ID: 10010
  Task: N/A
  Level: Error
  Opcode: Info
  Keyword: Classic
  User: S-1-5-21-1400712973-4099593408-808397054-1001
  User Name: ASTERIZU\DELL
  Computer: Asterizu
  Description: 
The server Windows.Gaming.GameBar.PresenceServer.Internal.PresenceWriter did not register with DCOM within the required timeout.

Event[909]:
  Log Name: System
  Source: Microsoft-Windows-DistributedCOM
  Date: 2025-10-06T01:20:23.9380000Z
  Event ID: 10010
  Task: N/A
  Level: Error
  Opcode: Info
  Keyword: Classic
  User: S-1-5-21-1400712973-4099593408-808397054-1001
  User Name: ASTERIZU\DELL
  Computer: Asterizu
  Description: 
The server Windows.Gaming.GameBar.PresenceServer.Internal.PresenceWriter did not register with DCOM within the required timeout.

Event[910]:
  Log Name: System
  Source: Microsoft-Windows-DistributedCOM
  Date: 2025-10-06T01:21:28.6320000Z
  Event ID: 10010
  Task: N/A
  Level: Error
  Opcode: Info
  Keyword: Classic
  User: S-1-5-21-1400712973-4099593408-808397054-1001
  User Name: ASTERIZU\DELL
  Computer: Asterizu
  Description: 
The server Windows.Gaming.GameBar.PresenceServer.Internal.PresenceWriter did not register with DCOM within the required timeout.

Event[911]:
  Log Name: System
  Source: Microsoft-Windows-DistributedCOM
  Date: 2025-10-06T02:47:15.5310000Z
  Event ID: 10010
  Task: N/A
  Level: Error
  Opcode: Info
  Keyword: Classic
  User: S-1-5-21-1400712973-4099593408-808397054-1001
  User Name: ASTERIZU\DELL
  Computer: Asterizu
  Description: 
The server Windows.Gaming.GameBar.PresenceServer.Internal.PresenceWriter did not register with DCOM within the required timeout.

Event[912]:
  Log Name: System
  Source: Microsoft-Windows-DistributedCOM
  Date: 2025-10-06T02:48:23.2680000Z
  Event ID: 10010
  Task: N/A
  Level: Error
  Opcode: Info
  Keyword: Classic
  User: S-1-5-21-1400712973-4099593408-808397054-1001
  User Name: ASTERIZU\DELL
  Computer: Asterizu
  Description: 
The server Windows.Gaming.GameBar.PresenceServer.Internal.PresenceWriter did not register with DCOM within the required timeout.

Event[913]:
  Log Name: System
  Source: Microsoft-Windows-DistributedCOM
  Date: 2025-10-06T03:01:13.1930000Z
  Event ID: 10010
  Task: N/A
  Level: Error
  Opcode: Info
  Keyword: Classic
  User: S-1-5-21-1400712973-4099593408-808397054-1001
  User Name: ASTERIZU\DELL
  Computer: Asterizu
  Description: 
The server Windows.Gaming.GameBar.PresenceServer.Internal.PresenceWriter did not register with DCOM within the required timeout.

Event[914]:
  Log Name: System
  Source: Service Control Manager
  Date: 2025-10-06T12:12:07.5100000Z
  Event ID: 7009
  Task: N/A
  Level: Error
  Opcode: N/A
  Keyword: Classic
  User: N/A
  User Name: N/A
  Computer: Asterizu
  Description: 
A timeout was reached (45000 milliseconds) while waiting for the Intel(R) TPM Provisioning Service service to connect.

Event[915]:
  Log Name: System
  Source: Microsoft-Windows-DistributedCOM
  Date: 2025-10-06T12:32:11.5820000Z
  Event ID: 10010
  Task: N/A
  Level: Error
  Opcode: Info
  Keyword: Classic
  User: S-1-5-21-1400712973-4099593408-808397054-1001
  User Name: ASTERIZU\DELL
  Computer: Asterizu
  Description: 
The server Windows.Gaming.GameBar.PresenceServer.Internal.PresenceWriter did not register with DCOM within the required timeout.

Event[916]:
  Log Name: System
  Source: Microsoft-Windows-DistributedCOM
  Date: 2025-10-06T12:58:37.2750000Z
  Event ID: 10010
  Task: N/A
  Level: Error
  Opcode: Info
  Keyword: Classic
  User: S-1-5-21-1400712973-4099593408-808397054-1001
  User Name: ASTERIZU\DELL
  Computer: Asterizu
  Description: 
The server Windows.Gaming.GameBar.PresenceServer.Internal.PresenceWriter did not register with DCOM within the required timeout.

Event[917]:
  Log Name: System
  Source: Microsoft-Windows-DistributedCOM
  Date: 2025-10-06T13:55:16.0000000Z
  Event ID: 10010
  Task: N/A
  Level: Error
  Opcode: Info
  Keyword: Classic
  User: S-1-5-21-1400712973-4099593408-808397054-1001
  User Name: ASTERIZU\DELL
  Computer: Asterizu
  Description: 
The server Windows.Gaming.GameBar.PresenceServer.Internal.PresenceWriter did not register with DCOM within the required timeout.

Event[918]:
  Log Name: System
  Source: Microsoft-Windows-DistributedCOM
  Date: 2025-10-06T13:56:20.9720000Z
  Event ID: 10010
  Task: N/A
  Level: Error
  Opcode: Info
  Keyword: Classic
  User: S-1-5-21-1400712973-4099593408-808397054-1001
  User Name: ASTERIZU\DELL
  Computer: Asterizu
  Description: 
The server Windows.Gaming.GameBar.PresenceServer.Internal.PresenceWriter did not register with DCOM within the required timeout.

Event[919]:
  Log Name: System
  Source: Microsoft-Windows-DistributedCOM
  Date: 2025-10-06T14:03:48.1120000Z
  Event ID: 10010
  Task: N/A
  Level: Error
  Opcode: Info
  Keyword: Classic
  User: S-1-5-21-1400712973-4099593408-808397054-1001
  User Name: ASTERIZU\DELL
  Computer: Asterizu
  Description: 
The server Windows.Gaming.GameBar.PresenceServer.Internal.PresenceWriter did not register with DCOM within the required timeout.

Event[920]:
  Log Name: System
  Source: Microsoft-Windows-DistributedCOM
  Date: 2025-10-06T14:05:42.8380000Z
  Event ID: 10010
  Task: N/A
  Level: Error
  Opcode: Info
  Keyword: Classic
  User: S-1-5-21-1400712973-4099593408-808397054-1001
  User Name: ASTERIZU\DELL
  Computer: Asterizu
  Description: 
The server Windows.Gaming.GameBar.PresenceServer.Internal.PresenceWriter did not register with DCOM within the required timeout.

Event[921]:
  Log Name: System
  Source: Service Control Manager
  Date: 2025-10-06T15:42:07.2850000Z
  Event ID: 7009
  Task: N/A
  Level: Error
  Opcode: N/A
  Keyword: Classic
  User: N/A
  User Name: N/A
  Computer: Asterizu
  Description: 
A timeout was reached (45000 milliseconds) while waiting for the Intel(R) TPM Provisioning Service service to connect.

Event[922]:
  Log Name: System
  Source: Microsoft-Windows-DistributedCOM
  Date: 2025-10-06T15:45:30.5670000Z
  Event ID: 10010
  Task: N/A
  Level: Error
  Opcode: Info
  Keyword: Classic
  User: S-1-5-21-1400712973-4099593408-808397054-1001
  User Name: ASTERIZU\DELL
  Computer: Asterizu
  Description: 
The server Windows.Gaming.GameBar.PresenceServer.Internal.PresenceWriter did not register with DCOM within the required timeout.

Event[923]:
  Log Name: System
  Source: Microsoft-Windows-DistributedCOM
  Date: 2025-10-06T15:47:46.3190000Z
  Event ID: 10010
  Task: N/A
  Level: Error
  Opcode: Info
  Keyword: Classic
  User: S-1-5-21-1400712973-4099593408-808397054-1001
  User Name: ASTERIZU\DELL
  Computer: Asterizu
  Description: 
The server Windows.Gaming.GameBar.PresenceServer.Internal.PresenceWriter did not register with DCOM within the required timeout.

Event[924]:
  Log Name: System
  Source: Service Control Manager
  Date: 2025-10-06T18:03:54.2350000Z
  Event ID: 7009
  Task: N/A
  Level: Error
  Opcode: N/A
  Keyword: Classic
  User: N/A
  User Name: N/A
  Computer: Asterizu
  Description: 
A timeout was reached (45000 milliseconds) while waiting for the Intel(R) TPM Provisioning Service service to connect.

Event[925]:
  Log Name: System
  Source: RTWlanE
  Date: 2025-10-06T18:04:00.4860000Z
  Event ID: 5005
  Task: N/A
  Level: Error
  Opcode: N/A
  Keyword: Classic
  User: N/A
  User Name: N/A
  Computer: Asterizu
  Description: 
Realtek 8821CE Wireless LAN 802.11ac PCI-E NIC : Has encountered an internal error and has failed.

Event[926]:
  Log Name: System
  Source: Microsoft-Windows-DistributedCOM
  Date: 2025-10-06T18:06:12.3740000Z
  Event ID: 10010
  Task: N/A
  Level: Error
  Opcode: Info
  Keyword: Classic
  User: S-1-5-21-1400712973-4099593408-808397054-1001
  User Name: ASTERIZU\DELL
  Computer: Asterizu
  Description: 
The server Windows.Gaming.GameBar.PresenceServer.Internal.PresenceWriter did not register with DCOM within the required timeout.

Event[927]:
  Log Name: System
  Source: Microsoft-Windows-DistributedCOM
  Date: 2025-10-06T18:07:19.2560000Z
  Event ID: 10010
  Task: N/A
  Level: Error
  Opcode: Info
  Keyword: Classic
  User: S-1-5-21-1400712973-4099593408-808397054-1001
  User Name: ASTERIZU\DELL
  Computer: Asterizu
  Description: 
The server Windows.Gaming.GameBar.PresenceServer.Internal.PresenceWriter did not register with DCOM within the required timeout.

Event[928]:
  Log Name: System
  Source: Microsoft-Windows-DistributedCOM
  Date: 2025-10-06T18:37:57.3640000Z
  Event ID: 10010
  Task: N/A
  Level: Error
  Opcode: Info
  Keyword: Classic
  User: S-1-5-21-1400712973-4099593408-808397054-1001
  User Name: ASTERIZU\DELL
  Computer: Asterizu
  Description: 
The server Windows.Gaming.GameBar.PresenceServer.Internal.PresenceWriter did not register with DCOM within the required timeout.

Event[929]:
  Log Name: System
  Source: Microsoft-Windows-DistributedCOM
  Date: 2025-10-06T18:39:58.8330000Z
  Event ID: 10010
  Task: N/A
  Level: Error
  Opcode: Info
  Keyword: Classic
  User: S-1-5-21-1400712973-4099593408-808397054-1001
  User Name: ASTERIZU\DELL
  Computer: Asterizu
  Description: 
The server Windows.Gaming.GameBar.PresenceServer.Internal.PresenceWriter did not register with DCOM within the required timeout.

Event[930]:
  Log Name: System
  Source: Service Control Manager
  Date: 2025-10-06T22:48:42.2900000Z
  Event ID: 7009
  Task: N/A
  Level: Error
  Opcode: N/A
  Keyword: Classic
  User: N/A
  User Name: N/A
  Computer: Asterizu
  Description: 
A timeout was reached (45000 milliseconds) while waiting for the Intel(R) TPM Provisioning Service service to connect.

Event[931]:
  Log Name: System
  Source: RTWlanE
  Date: 2025-10-06T22:49:48.1020000Z
  Event ID: 5005
  Task: N/A
  Level: Error
  Opcode: N/A
  Keyword: Classic
  User: N/A
  User Name: N/A
  Computer: Asterizu
  Description: 
Realtek 8821CE Wireless LAN 802.11ac PCI-E NIC : Has encountered an internal error and has failed.

Event[932]:
  Log Name: System
  Source: Service Control Manager
  Date: 2025-10-06T23:14:43.9370000Z
  Event ID: 7009
  Task: N/A
  Level: Error
  Opcode: N/A
  Keyword: Classic
  User: N/A
  User Name: N/A
  Computer: Asterizu
  Description: 
A timeout was reached (45000 milliseconds) while waiting for the Intel(R) TPM Provisioning Service service to connect.

Event[933]:
  Log Name: System
  Source: RTWlanE
  Date: 2025-10-06T23:14:48.7170000Z
  Event ID: 5005
  Task: N/A
  Level: Error
  Opcode: N/A
  Keyword: Classic
  User: N/A
  User Name: N/A
  Computer: Asterizu
  Description: 
Realtek 8821CE Wireless LAN 802.11ac PCI-E NIC : Has encountered an internal error and has failed.

Event[934]:
  Log Name: System
  Source: Service Control Manager
  Date: 2025-10-06T23:32:09.4570000Z
  Event ID: 7009
  Task: N/A
  Level: Error
  Opcode: N/A
  Keyword: Classic
  User: N/A
  User Name: N/A
  Computer: Asterizu
  Description: 
A timeout was reached (45000 milliseconds) while waiting for the Intel(R) TPM Provisioning Service service to connect.

Event[935]:
  Log Name: System
  Source: Microsoft-Windows-DistributedCOM
  Date: 2025-10-07T00:18:25.6210000Z
  Event ID: 10010
  Task: N/A
  Level: Error
  Opcode: Info
  Keyword: Classic
  User: S-1-5-21-1400712973-4099593408-808397054-1001
  User Name: ASTERIZU\DELL
  Computer: Asterizu
  Description: 
The server Windows.Gaming.GameBar.PresenceServer.Internal.PresenceWriter did not register with DCOM within the required timeout.

Event[936]:
  Log Name: System
  Source: Microsoft-Windows-DistributedCOM
  Date: 2025-10-07T00:19:04.1870000Z
  Event ID: 10010
  Task: N/A
  Level: Error
  Opcode: Info
  Keyword: Classic
  User: S-1-5-21-1400712973-4099593408-808397054-1001
  User Name: ASTERIZU\DELL
  Computer: Asterizu
  Description: 
The server Windows.Gaming.GameBar.PresenceServer.Internal.PresenceWriter did not register with DCOM within the required timeout.

Event[937]:
  Log Name: System
  Source: Service Control Manager
  Date: 2025-10-07T01:58:18.8970000Z
  Event ID: 7009
  Task: N/A
  Level: Error
  Opcode: N/A
  Keyword: Classic
  User: N/A
  User Name: N/A
  Computer: Asterizu
  Description: 
A timeout was reached (45000 milliseconds) while waiting for the Intel(R) TPM Provisioning Service service to connect.

Event[938]:
  Log Name: System
  Source: Microsoft-Windows-DistributedCOM
  Date: 2025-10-07T02:00:17.7780000Z
  Event ID: 10010
  Task: N/A
  Level: Error
  Opcode: Info
  Keyword: Classic
  User: S-1-5-21-1400712973-4099593408-808397054-1001
  User Name: ASTERIZU\DELL
  Computer: Asterizu
  Description: 
The server Windows.Gaming.GameBar.PresenceServer.Internal.PresenceWriter did not register with DCOM within the required timeout.

Event[939]:
  Log Name: System
  Source: Microsoft-Windows-DistributedCOM
  Date: 2025-10-07T02:31:03.9100000Z
  Event ID: 10010
  Task: N/A
  Level: Error
  Opcode: Info
  Keyword: Classic
  User: S-1-5-21-1400712973-4099593408-808397054-1001
  User Name: ASTERIZU\DELL
  Computer: Asterizu
  Description: 
The server Windows.Gaming.GameBar.PresenceServer.Internal.PresenceWriter did not register with DCOM within the required timeout.

Event[940]:
  Log Name: System
  Source: Service Control Manager
  Date: 2025-10-07T12:50:00.2280000Z
  Event ID: 7009
  Task: N/A
  Level: Error
  Opcode: N/A
  Keyword: Classic
  User: N/A
  User Name: N/A
  Computer: Asterizu
  Description: 
A timeout was reached (45000 milliseconds) while waiting for the Intel(R) TPM Provisioning Service service to connect.

Event[941]:
  Log Name: System
  Source: Microsoft-Windows-DistributedCOM
  Date: 2025-10-07T12:51:16.2820000Z
  Event ID: 10010
  Task: N/A
  Level: Error
  Opcode: Info
  Keyword: Classic
  User: S-1-5-21-1400712973-4099593408-808397054-1001
  User Name: ASTERIZU\DELL
  Computer: Asterizu
  Description: 
The server Windows.Gaming.GameBar.PresenceServer.Internal.PresenceWriter did not register with DCOM within the required timeout.

Event[942]:
  Log Name: System
  Source: Microsoft-Windows-DistributedCOM
  Date: 2025-10-07T13:36:53.8790000Z
  Event ID: 10010
  Task: N/A
  Level: Error
  Opcode: Info
  Keyword: Classic
  User: S-1-5-21-1400712973-4099593408-808397054-1001
  User Name: ASTERIZU\DELL
  Computer: Asterizu
  Description: 
The server Windows.Gaming.GameBar.PresenceServer.Internal.PresenceWriter did not register with DCOM within the required timeout.

Event[943]:
  Log Name: System
  Source: Microsoft-Windows-DistributedCOM
  Date: 2025-10-07T14:18:13.2430000Z
  Event ID: 10010
  Task: N/A
  Level: Error
  Opcode: Info
  Keyword: Classic
  User: S-1-5-21-1400712973-4099593408-808397054-1001
  User Name: ASTERIZU\DELL
  Computer: Asterizu
  Description: 
The server Windows.Gaming.GameBar.PresenceServer.Internal.PresenceWriter did not register with DCOM within the required timeout.

Event[944]:
  Log Name: System
  Source: Microsoft-Windows-DistributedCOM
  Date: 2025-10-07T14:18:30.6700000Z
  Event ID: 10010
  Task: N/A
  Level: Error
  Opcode: Info
  Keyword: Classic
  User: S-1-5-21-1400712973-4099593408-808397054-1001
  User Name: ASTERIZU\DELL
  Computer: Asterizu
  Description: 
The server Windows.Gaming.GameBar.PresenceServer.Internal.PresenceWriter did not register with DCOM within the required timeout.

Event[945]:
  Log Name: System
  Source: Microsoft-Windows-DistributedCOM
  Date: 2025-10-07T14:56:32.9890000Z
  Event ID: 10010
  Task: N/A
  Level: Error
  Opcode: Info
  Keyword: Classic
  User: S-1-5-21-1400712973-4099593408-808397054-1001
  User Name: ASTERIZU\DELL
  Computer: Asterizu
  Description: 
The server Windows.Gaming.GameBar.PresenceServer.Internal.PresenceWriter did not register with DCOM within the required timeout.

Event[946]:
  Log Name: System
  Source: Microsoft-Windows-DistributedCOM
  Date: 2025-10-07T14:57:53.9720000Z
  Event ID: 10010
  Task: N/A
  Level: Error
  Opcode: Info
  Keyword: Classic
  User: S-1-5-21-1400712973-4099593408-808397054-1001
  User Name: ASTERIZU\DELL
  Computer: Asterizu
  Description: 
The server Windows.Gaming.GameBar.PresenceServer.Internal.PresenceWriter did not register with DCOM within the required timeout.

Event[947]:
  Log Name: System
  Source: Service Control Manager
  Date: 2025-10-07T16:19:03.3190000Z
  Event ID: 7043
  Task: N/A
  Level: Error
  Opcode: N/A
  Keyword: Classic
  User: N/A
  User Name: N/A
  Computer: Asterizu
  Description: 
The Delivery Optimization service did not shut down properly after receiving a preshutdown control.

Event[948]:
  Log Name: System
  Source: Service Control Manager
  Date: 2025-10-07T17:09:08.2080000Z
  Event ID: 7009
  Task: N/A
  Level: Error
  Opcode: N/A
  Keyword: Classic
  User: N/A
  User Name: N/A
  Computer: Asterizu
  Description: 
A timeout was reached (45000 milliseconds) while waiting for the Intel(R) TPM Provisioning Service service to connect.

Event[949]:
  Log Name: System
  Source: Microsoft-Windows-DistributedCOM
  Date: 2025-10-07T17:10:37.1310000Z
  Event ID: 10010
  Task: N/A
  Level: Error
  Opcode: Info
  Keyword: Classic
  User: S-1-5-21-1400712973-4099593408-808397054-1001
  User Name: ASTERIZU\DELL
  Computer: Asterizu
  Description: 
The server Windows.Gaming.GameBar.PresenceServer.Internal.PresenceWriter did not register with DCOM within the required timeout.

Event[950]:
  Log Name: System
  Source: Microsoft-Windows-DistributedCOM
  Date: 2025-10-07T17:13:24.4050000Z
  Event ID: 10010
  Task: N/A
  Level: Error
  Opcode: Info
  Keyword: Classic
  User: S-1-5-21-1400712973-4099593408-808397054-1001
  User Name: ASTERIZU\DELL
  Computer: Asterizu
  Description: 
The server Windows.Gaming.GameBar.PresenceServer.Internal.PresenceWriter did not register with DCOM within the required timeout.

Event[951]:
  Log Name: System
  Source: Microsoft-Windows-DistributedCOM
  Date: 2025-10-07T19:15:45.1020000Z
  Event ID: 10010
  Task: N/A
  Level: Error
  Opcode: Info
  Keyword: Classic
  User: S-1-5-21-1400712973-4099593408-808397054-1001
  User Name: ASTERIZU\DELL
  Computer: Asterizu
  Description: 
The server Windows.Gaming.GameBar.PresenceServer.Internal.PresenceWriter did not register with DCOM within the required timeout.

Event[952]:
  Log Name: System
  Source: Microsoft-Windows-DistributedCOM
  Date: 2025-10-07T20:59:50.8960000Z
  Event ID: 10010
  Task: N/A
  Level: Error
  Opcode: Info
  Keyword: Classic
  User: S-1-5-21-1400712973-4099593408-808397054-1001
  User Name: ASTERIZU\DELL
  Computer: Asterizu
  Description: 
The server Windows.Gaming.GameBar.PresenceServer.Internal.PresenceWriter did not register with DCOM within the required timeout.

Event[953]:
  Log Name: System
  Source: Microsoft-Windows-DistributedCOM
  Date: 2025-10-07T21:16:02.1160000Z
  Event ID: 10010
  Task: N/A
  Level: Error
  Opcode: Info
  Keyword: Classic
  User: S-1-5-21-1400712973-4099593408-808397054-1001
  User Name: ASTERIZU\DELL
  Computer: Asterizu
  Description: 
The server Windows.Gaming.GameBar.PresenceServer.Internal.PresenceWriter did not register with DCOM within the required timeout.

Event[954]:
  Log Name: System
  Source: Microsoft-Windows-DistributedCOM
  Date: 2025-10-08T00:16:26.0990000Z
  Event ID: 10010
  Task: N/A
  Level: Error
  Opcode: Info
  Keyword: Classic
  User: S-1-5-21-1400712973-4099593408-808397054-1001
  User Name: ASTERIZU\DELL
  Computer: Asterizu
  Description: 
The server Windows.Gaming.GameBar.PresenceServer.Internal.PresenceWriter did not register with DCOM within the required timeout.

Event[955]:
  Log Name: System
  Source: Service Control Manager
  Date: 2025-10-08T02:18:07.7200000Z
  Event ID: 7009
  Task: N/A
  Level: Error
  Opcode: N/A
  Keyword: Classic
  User: N/A
  User Name: N/A
  Computer: Asterizu
  Description: 
A timeout was reached (45000 milliseconds) while waiting for the Intel(R) TPM Provisioning Service service to connect.

Event[956]:
  Log Name: System
  Source: Service Control Manager
  Date: 2025-10-08T11:57:43.5720000Z
  Event ID: 7009
  Task: N/A
  Level: Error
  Opcode: N/A
  Keyword: Classic
  User: N/A
  User Name: N/A
  Computer: Asterizu
  Description: 
A timeout was reached (45000 milliseconds) while waiting for the Intel(R) TPM Provisioning Service service to connect.

Event[957]:
  Log Name: System
  Source: Microsoft-Windows-DistributedCOM
  Date: 2025-10-08T12:02:54.0050000Z
  Event ID: 10010
  Task: N/A
  Level: Error
  Opcode: Info
  Keyword: Classic
  User: S-1-5-21-1400712973-4099593408-808397054-1001
  User Name: ASTERIZU\DELL
  Computer: Asterizu
  Description: 
The server Windows.Gaming.GameBar.PresenceServer.Internal.PresenceWriter did not register with DCOM within the required timeout.

Event[958]:
  Log Name: System
  Source: Microsoft-Windows-DistributedCOM
  Date: 2025-10-08T12:04:49.2720000Z
  Event ID: 10010
  Task: N/A
  Level: Error
  Opcode: Info
  Keyword: Classic
  User: S-1-5-21-1400712973-4099593408-808397054-1001
  User Name: ASTERIZU\DELL
  Computer: Asterizu
  Description: 
The server Windows.Gaming.GameBar.PresenceServer.Internal.PresenceWriter did not register with DCOM within the required timeout.

Event[959]:
  Log Name: System
  Source: Service Control Manager
  Date: 2025-10-08T19:17:47.1070000Z
  Event ID: 7009
  Task: N/A
  Level: Error
  Opcode: N/A
  Keyword: Classic
  User: N/A
  User Name: N/A
  Computer: Asterizu
  Description: 
A timeout was reached (45000 milliseconds) while waiting for the Intel(R) TPM Provisioning Service service to connect.

Event[960]:
  Log Name: System
  Source: Service Control Manager
  Date: 2025-10-08T19:18:30.1710000Z
  Event ID: 7023
  Task: N/A
  Level: Error
  Opcode: N/A
  Keyword: Classic
  User: N/A
  User Name: N/A
  Computer: Asterizu
  Description: 
The SysMain service terminated with the following error: 
The parameter is incorrect.

Event[961]:
  Log Name: System
  Source: Microsoft-Windows-DistributedCOM
  Date: 2025-10-08T19:22:48.8660000Z
  Event ID: 10010
  Task: N/A
  Level: Error
  Opcode: Info
  Keyword: Classic
  User: S-1-5-21-1400712973-4099593408-808397054-1001
  User Name: ASTERIZU\DELL
  Computer: Asterizu
  Description: 
The server Windows.Gaming.GameBar.PresenceServer.Internal.PresenceWriter did not register with DCOM within the required timeout.

Event[962]:
  Log Name: System
  Source: Microsoft-Windows-DistributedCOM
  Date: 2025-10-08T19:23:41.5940000Z
  Event ID: 10010
  Task: N/A
  Level: Error
  Opcode: Info
  Keyword: Classic
  User: S-1-5-21-1400712973-4099593408-808397054-1001
  User Name: ASTERIZU\DELL
  Computer: Asterizu
  Description: 
The server Windows.Gaming.GameBar.PresenceServer.Internal.PresenceWriter did not register with DCOM within the required timeout.

Event[963]:
