  Log Name: System
  Source: Microsoft-Windows-DistributedCOM
  Date: 2025-10-30T15:56:08.8930000Z
  Event ID: 10010
  Task: N/A
  Level: Error
  Opcode: Info
  Keyword: Classic
  User: S-1-5-21-1400712973-4099593408-808397054-1001
  User Name: ASTERIZU\DELL
  Computer: Asterizu
  Description: 
The server Windows.Gaming.GameBar.PresenceServer.Internal.PresenceWriter did not register with DCOM within the required timeout.

Event[1419]:
  Log Name: System
  Source: Microsoft-Windows-DistributedCOM
  Date: 2025-10-30T16:04:44.4420000Z
  Event ID: 10010
  Task: N/A
  Level: Error
  Opcode: Info
  Keyword: Classic
  User: S-1-5-21-1400712973-4099593408-808397054-1001
  User Name: ASTERIZU\DELL
  Computer: Asterizu
  Description: 
The server Windows.Gaming.GameBar.PresenceServer.Internal.PresenceWriter did not register with DCOM within the required timeout.

Event[1420]:
  Log Name: System
  Source: Service Control Manager
  Date: 2025-10-30T18:41:07.7020000Z
  Event ID: 7009
  Task: N/A
  Level: Error
  Opcode: N/A
  Keyword: Classic
  User: N/A
  User Name: N/A
  Computer: Asterizu
  Description: 
A timeout was reached (45000 milliseconds) while waiting for the Intel(R) TPM Provisioning Service service to connect.

Event[1421]:
  Log Name: System
  Source: Microsoft-Windows-TPM-WMI
  Date: 2025-10-30T18:46:06.9730000Z
  Event ID: 1801
  Task: N/A
  Level: Error
  Opcode: Info
  Keyword: N/A
  User: S-1-5-18
  User Name: NT AUTHORITY\SYSTEM
  Computer: Asterizu
  Description: 
Secure Boot CA/keys need to be updated. This device signature information is included here.
DeviceAttributes: FirmwareManufacturer:Dell Inc.;FirmwareVersion:1.40.0;OEMManufacturerName:Dell Inc.;OEMModelSKU:0AB0;OSArchitecture:amd64;
BucketId: 6dd4c196c9d9d098e08768313b12ee6950a03e04c5ccbe68552f6b759593148a
BucketConfidenceLevel: 
UpdateType: 0
HResult: The operation completed successfully.

Event[1422]:
  Log Name: System
  Source: Service Control Manager
  Date: 2025-10-31T00:02:05.6950000Z
  Event ID: 7009
  Task: N/A
  Level: Error
  Opcode: N/A
  Keyword: Classic
  User: N/A
  User Name: N/A
  Computer: Asterizu
  Description: 
A timeout was reached (45000 milliseconds) while waiting for the Intel(R) TPM Provisioning Service service to connect.

Event[1423]:
  Log Name: System
  Source: Microsoft-Windows-TPM-WMI
  Date: 2025-10-31T00:07:05.0860000Z
  Event ID: 1801
  Task: N/A
  Level: Error
  Opcode: Info
  Keyword: N/A
  User: S-1-5-18
  User Name: NT AUTHORITY\SYSTEM
  Computer: Asterizu
  Description: 
Secure Boot CA/keys need to be updated. This device signature information is included here.
DeviceAttributes: FirmwareManufacturer:Dell Inc.;FirmwareVersion:1.40.0;OEMManufacturerName:Dell Inc.;OEMModelSKU:0AB0;OSArchitecture:amd64;
BucketId: 6dd4c196c9d9d098e08768313b12ee6950a03e04c5ccbe68552f6b759593148a
BucketConfidenceLevel: 
UpdateType: 0
HResult: The operation completed successfully.

Event[1424]:
  Log Name: System
  Source: Service Control Manager
  Date: 2025-10-31T00:17:52.0010000Z
  Event ID: 7009
  Task: N/A
  Level: Error
  Opcode: N/A
  Keyword: Classic
  User: N/A
  User Name: N/A
  Computer: Asterizu
  Description: 
A timeout was reached (45000 milliseconds) while waiting for the Intel(R) TPM Provisioning Service service to connect.

Event[1425]:
  Log Name: System
  Source: Microsoft-Windows-TPM-WMI
  Date: 2025-10-31T00:22:51.4040000Z
  Event ID: 1801
  Task: N/A
  Level: Error
  Opcode: Info
  Keyword: N/A
  User: S-1-5-18
  User Name: NT AUTHORITY\SYSTEM
  Computer: Asterizu
  Description: 
Secure Boot CA/keys need to be updated. This device signature information is included here.
DeviceAttributes: FirmwareManufacturer:Dell Inc.;FirmwareVersion:1.40.0;OEMManufacturerName:Dell Inc.;OEMModelSKU:0AB0;OSArchitecture:amd64;
BucketId: 6dd4c196c9d9d098e08768313b12ee6950a03e04c5ccbe68552f6b759593148a
BucketConfidenceLevel: 
UpdateType: 0
HResult: The operation completed successfully.

Event[1426]:
  Log Name: System
  Source: Microsoft-Windows-DistributedCOM
  Date: 2025-10-31T00:47:47.6650000Z
  Event ID: 10010
  Task: N/A
  Level: Error
  Opcode: Info
  Keyword: Classic
  User: S-1-5-21-1400712973-4099593408-808397054-1001
  User Name: ASTERIZU\DELL
  Computer: Asterizu
  Description: 
The server Windows.Gaming.GameBar.PresenceServer.Internal.PresenceWriter did not register with DCOM within the required timeout.

Event[1427]:
  Log Name: System
  Source: Microsoft-Windows-DistributedCOM
  Date: 2025-10-31T00:49:36.5770000Z
  Event ID: 10010
  Task: N/A
  Level: Error
  Opcode: Info
  Keyword: Classic
  User: S-1-5-21-1400712973-4099593408-808397054-1001
  User Name: ASTERIZU\DELL
  Computer: Asterizu
  Description: 
The server Windows.Gaming.GameBar.PresenceServer.Internal.PresenceWriter did not register with DCOM within the required timeout.

Event[1428]:
  Log Name: System
  Source: Microsoft-Windows-DistributedCOM
  Date: 2025-10-31T03:25:01.2660000Z
  Event ID: 10010
  Task: N/A
  Level: Error
  Opcode: Info
  Keyword: Classic
  User: S-1-5-21-1400712973-4099593408-808397054-1001
  User Name: ASTERIZU\DELL
  Computer: Asterizu
  Description: 
The server Windows.Gaming.GameBar.PresenceServer.Internal.PresenceWriter did not register with DCOM within the required timeout.

Event[1429]:
  Log Name: System
  Source: Service Control Manager
  Date: 2025-10-31T07:37:15.7220000Z
  Event ID: 7009
  Task: N/A
  Level: Error
  Opcode: N/A
  Keyword: Classic
  User: N/A
  User Name: N/A
  Computer: Asterizu
  Description: 
A timeout was reached (45000 milliseconds) while waiting for the Intel(R) TPM Provisioning Service service to connect.

Event[1430]:
  Log Name: System
  Source: RTWlanE
  Date: 2025-10-31T07:37:20.7030000Z
  Event ID: 5005
  Task: N/A
  Level: Error
  Opcode: N/A
  Keyword: Classic
  User: N/A
  User Name: N/A
  Computer: Asterizu
  Description: 
Realtek 8821CE Wireless LAN 802.11ac PCI-E NIC : Has encountered an internal error and has failed.

Event[1431]:
  Log Name: System
  Source: Microsoft-Windows-TPM-WMI
  Date: 2025-10-31T07:42:15.0710000Z
  Event ID: 1801
  Task: N/A
  Level: Error
  Opcode: Info
  Keyword: N/A
  User: S-1-5-18
  User Name: NT AUTHORITY\SYSTEM
  Computer: Asterizu
  Description: 
Secure Boot CA/keys need to be updated. This device signature information is included here.
DeviceAttributes: FirmwareManufacturer:Dell Inc.;FirmwareVersion:1.40.0;OEMManufacturerName:Dell Inc.;OEMModelSKU:0AB0;OSArchitecture:amd64;
BucketId: 6dd4c196c9d9d098e08768313b12ee6950a03e04c5ccbe68552f6b759593148a
BucketConfidenceLevel: 
UpdateType: 0
HResult: The operation completed successfully.

Event[1432]:
  Log Name: System
  Source: Microsoft-Windows-DistributedCOM
  Date: 2025-10-31T08:23:40.2560000Z
  Event ID: 10010
  Task: N/A
  Level: Error
  Opcode: Info
  Keyword: Classic
  User: S-1-5-21-1400712973-4099593408-808397054-1001
  User Name: ASTERIZU\DELL
  Computer: Asterizu
  Description: 
The server Windows.Gaming.GameBar.PresenceServer.Internal.PresenceWriter did not register with DCOM within the required timeout.

Event[1433]:
  Log Name: System
  Source: Microsoft-Windows-DistributedCOM
  Date: 2025-10-31T08:25:33.5500000Z
  Event ID: 10010
  Task: N/A
  Level: Error
  Opcode: Info
  Keyword: Classic
  User: S-1-5-21-1400712973-4099593408-808397054-1001
  User Name: ASTERIZU\DELL
  Computer: Asterizu
  Description: 
The server Windows.Gaming.GameBar.PresenceServer.Internal.PresenceWriter did not register with DCOM within the required timeout.

Event[1434]:
  Log Name: System
  Source: Microsoft-Windows-DistributedCOM
  Date: 2025-10-31T08:29:27.2270000Z
  Event ID: 10010
  Task: N/A
  Level: Error
  Opcode: Info
  Keyword: Classic
  User: S-1-5-21-1400712973-4099593408-808397054-1001
  User Name: ASTERIZU\DELL
  Computer: Asterizu
  Description: 
The server Windows.Gaming.GameBar.PresenceServer.Internal.PresenceWriter did not register with DCOM within the required timeout.

Event[1435]:
  Log Name: System
  Source: Microsoft-Windows-DistributedCOM
  Date: 2025-10-31T08:29:35.4290000Z
  Event ID: 10010
  Task: N/A
  Level: Error
  Opcode: Info
  Keyword: Classic
  User: S-1-5-21-1400712973-4099593408-808397054-1001
  User Name: ASTERIZU\DELL
  Computer: Asterizu
  Description: 
The server Windows.Gaming.GameBar.PresenceServer.Internal.PresenceWriter did not register with DCOM within the required timeout.

Event[1436]:
  Log Name: System
  Source: Service Control Manager
  Date: 2025-10-31T17:47:48.6810000Z
  Event ID: 7009
  Task: N/A
  Level: Error
  Opcode: N/A
  Keyword: Classic
  User: N/A
  User Name: N/A
  Computer: Asterizu
  Description: 
A timeout was reached (45000 milliseconds) while waiting for the Intel(R) TPM Provisioning Service service to connect.

Event[1437]:
  Log Name: System
  Source: RTWlanE
  Date: 2025-10-31T17:47:53.8490000Z
  Event ID: 5005
  Task: N/A
  Level: Error
  Opcode: N/A
  Keyword: Classic
  User: N/A
  User Name: N/A
  Computer: Asterizu
  Description: 
Realtek 8821CE Wireless LAN 802.11ac PCI-E NIC : Has encountered an internal error and has failed.

Event[1438]:
  Log Name: System
  Source: Microsoft-Windows-TPM-WMI
  Date: 2025-10-31T17:52:47.9530000Z
  Event ID: 1801
  Task: N/A
  Level: Error
  Opcode: Info
  Keyword: N/A
  User: S-1-5-18
  User Name: NT AUTHORITY\SYSTEM
  Computer: Asterizu
  Description: 
Secure Boot CA/keys need to be updated. This device signature information is included here.
DeviceAttributes: FirmwareManufacturer:Dell Inc.;FirmwareVersion:1.40.0;OEMManufacturerName:Dell Inc.;OEMModelSKU:0AB0;OSArchitecture:amd64;
BucketId: 6dd4c196c9d9d098e08768313b12ee6950a03e04c5ccbe68552f6b759593148a
BucketConfidenceLevel: 
UpdateType: 0
HResult: The operation completed successfully.

Event[1439]:
  Log Name: System
  Source: Microsoft-Windows-DistributedCOM
  Date: 2025-10-31T18:38:12.8130000Z
  Event ID: 10010
  Task: N/A
  Level: Error
  Opcode: Info
  Keyword: Classic
  User: S-1-5-21-1400712973-4099593408-808397054-1001
  User Name: ASTERIZU\DELL
  Computer: Asterizu
  Description: 
The server Windows.Gaming.GameBar.PresenceServer.Internal.PresenceWriter did not register with DCOM within the required timeout.

Event[1440]:
  Log Name: System
  Source: Microsoft-Windows-DistributedCOM
  Date: 2025-10-31T22:40:23.2050000Z
  Event ID: 10010
  Task: N/A
  Level: Error
  Opcode: Info
  Keyword: Classic
  User: S-1-5-21-1400712973-4099593408-808397054-1001
  User Name: ASTERIZU\DELL
  Computer: Asterizu
  Description: 
The server Windows.Gaming.GameBar.PresenceServer.Internal.PresenceWriter did not register with DCOM within the required timeout.

Event[1441]:
  Log Name: System
  Source: Microsoft-Windows-DistributedCOM
  Date: 2025-10-31T22:50:22.7160000Z
  Event ID: 10010
  Task: N/A
  Level: Error
  Opcode: Info
  Keyword: Classic
  User: S-1-5-21-1400712973-4099593408-808397054-1001
  User Name: ASTERIZU\DELL
  Computer: Asterizu
  Description: 
The server Windows.Gaming.GameBar.PresenceServer.Internal.PresenceWriter did not register with DCOM within the required timeout.

Event[1442]:
  Log Name: System
  Source: Microsoft-Windows-DistributedCOM
  Date: 2025-10-31T23:24:03.1590000Z
  Event ID: 10010
  Task: N/A
  Level: Error
  Opcode: Info
  Keyword: Classic
  User: S-1-5-21-1400712973-4099593408-808397054-1001
  User Name: ASTERIZU\DELL
  Computer: Asterizu
  Description: 
The server Windows.Gaming.GameBar.PresenceServer.Internal.PresenceWriter did not register with DCOM within the required timeout.

Event[1443]:
  Log Name: System
  Source: Microsoft-Windows-DistributedCOM
  Date: 2025-10-31T23:29:13.4390000Z
  Event ID: 10010
  Task: N/A
  Level: Error
  Opcode: Info
  Keyword: Classic
  User: S-1-5-21-1400712973-4099593408-808397054-1001
  User Name: ASTERIZU\DELL
  Computer: Asterizu
  Description: 
The server Windows.Gaming.GameBar.PresenceServer.Internal.PresenceWriter did not register with DCOM within the required timeout.

Event[1444]:
  Log Name: System
  Source: Microsoft-Windows-DistributedCOM
  Date: 2025-10-31T23:33:46.6540000Z
  Event ID: 10010
  Task: N/A
  Level: Error
  Opcode: Info
  Keyword: Classic
  User: S-1-5-21-1400712973-4099593408-808397054-1001
  User Name: ASTERIZU\DELL
  Computer: Asterizu
  Description: 
The server {FD06603A-2BDF-4BB1-B7DF-5DC68F353601} did not register with DCOM within the required timeout.

Event[1445]:
  Log Name: System
  Source: Microsoft-Windows-DistributedCOM
  Date: 2025-10-31T23:33:46.7860000Z
  Event ID: 10010
  Task: N/A
  Level: Error
  Opcode: Info
  Keyword: Classic
  User: S-1-5-21-1400712973-4099593408-808397054-1001
  User Name: ASTERIZU\DELL
  Computer: Asterizu
  Description: 
The server {FD06603A-2BDF-4BB1-B7DF-5DC68F353601} did not register with DCOM within the required timeout.

Event[1446]:
  Log Name: System
  Source: Microsoft-Windows-DistributedCOM
  Date: 2025-10-31T23:33:46.8750000Z
  Event ID: 10010
  Task: N/A
  Level: Error
  Opcode: Info
  Keyword: Classic
  User: S-1-5-21-1400712973-4099593408-808397054-1001
  User Name: ASTERIZU\DELL
  Computer: Asterizu
  Description: 
The server {FD06603A-2BDF-4BB1-B7DF-5DC68F353601} did not register with DCOM within the required timeout.

Event[1447]:
  Log Name: System
  Source: Microsoft-Windows-DistributedCOM
  Date: 2025-10-31T23:33:46.9640000Z
  Event ID: 10010
  Task: N/A
  Level: Error
  Opcode: Info
  Keyword: Classic
  User: S-1-5-21-1400712973-4099593408-808397054-1001
  User Name: ASTERIZU\DELL
  Computer: Asterizu
  Description: 
The server {FD06603A-2BDF-4BB1-B7DF-5DC68F353601} did not register with DCOM within the required timeout.

Event[1448]:
  Log Name: System
  Source: Service Control Manager
  Date: 2025-10-31T23:34:46.3070000Z
  Event ID: 7009
  Task: N/A
  Level: Error
  Opcode: N/A
  Keyword: Classic
  User: N/A
  User Name: N/A
  Computer: Asterizu
  Description: 
A timeout was reached (45000 milliseconds) while waiting for the Intel(R) TPM Provisioning Service service to connect.

Event[1449]:
  Log Name: System
  Source: Microsoft-Windows-DistributedCOM
  Date: 2025-10-31T23:36:25.9400000Z
  Event ID: 10010
  Task: N/A
  Level: Error
  Opcode: Info
  Keyword: Classic
  User: S-1-5-21-1400712973-4099593408-808397054-1001
  User Name: ASTERIZU\DELL
  Computer: Asterizu
  Description: 
The server Windows.Gaming.GameBar.PresenceServer.Internal.PresenceWriter did not register with DCOM within the required timeout.

Event[1450]:
  Log Name: System
  Source: Microsoft-Windows-DistributedCOM
  Date: 2025-10-31T23:38:18.6640000Z
  Event ID: 10010
  Task: N/A
  Level: Error
  Opcode: Info
  Keyword: Classic
  User: S-1-5-21-1400712973-4099593408-808397054-1001
  User Name: ASTERIZU\DELL
  Computer: Asterizu
  Description: 
The server Windows.Gaming.GameBar.PresenceServer.Internal.PresenceWriter did not register with DCOM within the required timeout.

Event[1451]:
  Log Name: System
  Source: Microsoft-Windows-TPM-WMI
  Date: 2025-10-31T23:39:45.8150000Z
  Event ID: 1801
  Task: N/A
  Level: Error
  Opcode: Info
  Keyword: N/A
  User: S-1-5-18
  User Name: NT AUTHORITY\SYSTEM
  Computer: Asterizu
  Description: 
Secure Boot CA/keys need to be updated. This device signature information is included here.
DeviceAttributes: FirmwareManufacturer:Dell Inc.;FirmwareVersion:1.40.0;OEMManufacturerName:Dell Inc.;OEMModelSKU:0AB0;OSArchitecture:amd64;
BucketId: 6dd4c196c9d9d098e08768313b12ee6950a03e04c5ccbe68552f6b759593148a
BucketConfidenceLevel: 
UpdateType: 0
HResult: The operation completed successfully.

Event[1452]:
  Log Name: System
  Source: Microsoft-Windows-DistributedCOM
  Date: 2025-11-01T01:17:27.4520000Z
  Event ID: 10010
  Task: N/A
  Level: Error
  Opcode: Info
  Keyword: Classic
  User: S-1-5-21-1400712973-4099593408-808397054-1001
  User Name: ASTERIZU\DELL
  Computer: Asterizu
  Description: 
The server Windows.Gaming.GameBar.PresenceServer.Internal.PresenceWriter did not register with DCOM within the required timeout.

Event[1453]:
  Log Name: System
  Source: Microsoft-Windows-DistributedCOM
  Date: 2025-11-01T01:20:34.5230000Z
  Event ID: 10010
  Task: N/A
  Level: Error
  Opcode: Info
  Keyword: Classic
  User: S-1-5-21-1400712973-4099593408-808397054-1001
  User Name: ASTERIZU\DELL
  Computer: Asterizu
  Description: 
The server Windows.Gaming.GameBar.PresenceServer.Internal.PresenceWriter did not register with DCOM within the required timeout.

Event[1454]:
  Log Name: System
  Source: Microsoft-Windows-DistributedCOM
  Date: 2025-11-01T04:51:54.7930000Z
  Event ID: 10010
  Task: N/A
  Level: Error
  Opcode: Info
  Keyword: Classic
  User: S-1-5-21-1400712973-4099593408-808397054-1001
  User Name: ASTERIZU\DELL
  Computer: Asterizu
  Description: 
The server Windows.Gaming.GameBar.PresenceServer.Internal.PresenceWriter did not register with DCOM within the required timeout.

Event[1455]:
  Log Name: System
  Source: Microsoft-Windows-DistributedCOM
  Date: 2025-11-01T04:53:04.6220000Z
  Event ID: 10010
  Task: N/A
  Level: Error
  Opcode: Info
  Keyword: Classic
  User: S-1-5-21-1400712973-4099593408-808397054-1001
  User Name: ASTERIZU\DELL
  Computer: Asterizu
  Description: 
The server Windows.Gaming.GameBar.PresenceServer.Internal.PresenceWriter did not register with DCOM within the required timeout.

Event[1456]:
  Log Name: System
  Source: Microsoft-Windows-DistributedCOM
  Date: 2025-11-01T05:08:23.1120000Z
  Event ID: 10010
  Task: N/A
  Level: Error
  Opcode: Info
  Keyword: Classic
  User: S-1-5-21-1400712973-4099593408-808397054-1001
  User Name: ASTERIZU\DELL
  Computer: Asterizu
  Description: 
The server Windows.Gaming.GameBar.PresenceServer.Internal.PresenceWriter did not register with DCOM within the required timeout.

Event[1457]:
  Log Name: System
  Source: Microsoft-Windows-DistributedCOM
  Date: 2025-11-01T05:40:30.8900000Z
  Event ID: 10010
  Task: N/A
  Level: Error
  Opcode: Info
  Keyword: Classic
  User: S-1-5-21-1400712973-4099593408-808397054-1001
  User Name: ASTERIZU\DELL
  Computer: Asterizu
  Description: 
The server Windows.Gaming.GameBar.PresenceServer.Internal.PresenceWriter did not register with DCOM within the required timeout.

Event[1458]:
  Log Name: System
  Source: Microsoft-Windows-DistributedCOM
  Date: 2025-11-01T06:23:21.7050000Z
  Event ID: 10010
  Task: N/A
  Level: Error
  Opcode: Info
  Keyword: Classic
  User: S-1-5-21-1400712973-4099593408-808397054-1001
  User Name: ASTERIZU\DELL
  Computer: Asterizu
  Description: 
The server Windows.Gaming.GameBar.PresenceServer.Internal.PresenceWriter did not register with DCOM within the required timeout.

Event[1459]:
  Log Name: System
  Source: Microsoft-Windows-DistributedCOM
  Date: 2025-11-01T09:32:50.5480000Z
  Event ID: 10010
  Task: N/A
  Level: Error
  Opcode: Info
  Keyword: Classic
  User: S-1-5-21-1400712973-4099593408-808397054-1001
  User Name: ASTERIZU\DELL
  Computer: Asterizu
  Description: 
The server Windows.Gaming.GameBar.PresenceServer.Internal.PresenceWriter did not register with DCOM within the required timeout.

Event[1460]:
  Log Name: System
  Source: Service Control Manager
  Date: 2025-11-01T10:38:12.9140000Z
  Event ID: 7009
  Task: N/A
  Level: Error
  Opcode: N/A
  Keyword: Classic
  User: N/A
  User Name: N/A
  Computer: Asterizu
  Description: 
A timeout was reached (45000 milliseconds) while waiting for the Intel(R) TPM Provisioning Service service to connect.

Event[1461]:
  Log Name: System
  Source: RTWlanE
  Date: 2025-11-01T10:38:17.8330000Z
  Event ID: 5005
  Task: N/A
  Level: Error
  Opcode: N/A
  Keyword: Classic
  User: N/A
  User Name: N/A
  Computer: Asterizu
  Description: 
Realtek 8821CE Wireless LAN 802.11ac PCI-E NIC : Has encountered an internal error and has failed.

Event[1462]:
  Log Name: System
  Source: Microsoft-Windows-DistributedCOM
  Date: 2025-11-01T10:39:50.4820000Z
  Event ID: 10010
  Task: N/A
  Level: Error
  Opcode: Info
  Keyword: Classic
  User: S-1-5-21-1400712973-4099593408-808397054-1001
  User Name: ASTERIZU\DELL
  Computer: Asterizu
  Description: 
The server Windows.Gaming.GameBar.PresenceServer.Internal.PresenceWriter did not register with DCOM within the required timeout.

Event[1463]:
  Log Name: System
  Source: Microsoft-Windows-DistributedCOM
  Date: 2025-11-01T10:41:19.6490000Z
  Event ID: 10010
  Task: N/A
  Level: Error
  Opcode: Info
  Keyword: Classic
  User: S-1-5-21-1400712973-4099593408-808397054-1001
  User Name: ASTERIZU\DELL
  Computer: Asterizu
  Description: 
The server Windows.Gaming.GameBar.PresenceServer.Internal.PresenceWriter did not register with DCOM within the required timeout.

Event[1464]:
  Log Name: System
  Source: Microsoft-Windows-TPM-WMI
  Date: 2025-11-01T10:43:14.5120000Z
  Event ID: 1801
  Task: N/A
  Level: Error
  Opcode: Info
  Keyword: N/A
  User: S-1-5-18
  User Name: NT AUTHORITY\SYSTEM
  Computer: Asterizu
  Description: 
Secure Boot CA/keys need to be updated. This device signature information is included here.
DeviceAttributes: FirmwareManufacturer:Dell Inc.;FirmwareVersion:1.40.0;OEMManufacturerName:Dell Inc.;OEMModelSKU:0AB0;OSArchitecture:amd64;
BucketId: 6dd4c196c9d9d098e08768313b12ee6950a03e04c5ccbe68552f6b759593148a
BucketConfidenceLevel: 
UpdateType: 0
HResult: The operation completed successfully.

Event[1465]:
  Log Name: System
  Source: Service Control Manager
  Date: 2025-11-01T15:58:26.1730000Z
  Event ID: 7009
  Task: N/A
  Level: Error
  Opcode: N/A
  Keyword: Classic
  User: N/A
  User Name: N/A
  Computer: Asterizu
  Description: 
A timeout was reached (45000 milliseconds) while waiting for the Intel(R) TPM Provisioning Service service to connect.

Event[1466]:
  Log Name: System
  Source: Microsoft-Windows-TPM-WMI
  Date: 2025-11-01T16:03:25.4010000Z
  Event ID: 1801
  Task: N/A
  Level: Error
  Opcode: Info
  Keyword: N/A
  User: S-1-5-18
  User Name: NT AUTHORITY\SYSTEM
  Computer: Asterizu
  Description: 
Secure Boot CA/keys need to be updated. This device signature information is included here.
DeviceAttributes: FirmwareManufacturer:Dell Inc.;FirmwareVersion:1.40.0;OEMManufacturerName:Dell Inc.;OEMModelSKU:0AB0;OSArchitecture:amd64;
BucketId: 6dd4c196c9d9d098e08768313b12ee6950a03e04c5ccbe68552f6b759593148a
BucketConfidenceLevel: 
UpdateType: 0
HResult: The operation completed successfully.

Event[1467]:
  Log Name: System
  Source: Service Control Manager
  Date: 2025-11-02T00:18:00.0820000Z
  Event ID: 7009
  Task: N/A
  Level: Error
  Opcode: N/A
  Keyword: Classic
  User: N/A
  User Name: N/A
  Computer: Asterizu
  Description: 
A timeout was reached (45000 milliseconds) while waiting for the Intel(R) TPM Provisioning Service service to connect.

Event[1468]:
  Log Name: System
  Source: Microsoft-Windows-DistributedCOM
  Date: 2025-11-02T00:18:11.1130000Z
  Event ID: 10010
  Task: N/A
  Level: Error
  Opcode: Info
  Keyword: Classic
  User: S-1-5-19
  User Name: NT AUTHORITY\LOCAL SERVICE
  Computer: Asterizu
  Description: 
The server {354FF91B-5E49-4BDC-A8E6-1CB6C6877182} did not register with DCOM within the required timeout.

Event[1469]:
  Log Name: System
  Source: Microsoft-Windows-DistributedCOM
  Date: 2025-11-02T00:18:11.1310000Z
  Event ID: 10010
  Task: N/A
  Level: Error
  Opcode: Info
  Keyword: Classic
  User: S-1-5-19
  User Name: NT AUTHORITY\LOCAL SERVICE
  Computer: Asterizu
  Description: 
The server {354FF91B-5E49-4BDC-A8E6-1CB6C6877182} did not register with DCOM within the required timeout.

Event[1470]:
  Log Name: System
  Source: Microsoft-Windows-DistributedCOM
  Date: 2025-11-02T00:18:11.1420000Z
  Event ID: 10010
  Task: N/A
  Level: Error
  Opcode: Info
  Keyword: Classic
  User: S-1-5-19
  User Name: NT AUTHORITY\LOCAL SERVICE
  Computer: Asterizu
  Description: 
The server {354FF91B-5E49-4BDC-A8E6-1CB6C6877182} did not register with DCOM within the required timeout.

Event[1471]:
  Log Name: System
  Source: Microsoft-Windows-DistributedCOM
  Date: 2025-11-02T00:18:11.1600000Z
  Event ID: 10010
  Task: N/A
  Level: Error
  Opcode: Info
  Keyword: Classic
  User: S-1-5-19
  User Name: NT AUTHORITY\LOCAL SERVICE
  Computer: Asterizu
  Description: 
The server {354FF91B-5E49-4BDC-A8E6-1CB6C6877182} did not register with DCOM within the required timeout.

Event[1472]:
  Log Name: System
  Source: Microsoft-Windows-DistributedCOM
  Date: 2025-11-02T00:18:11.1880000Z
  Event ID: 10010
  Task: N/A
  Level: Error
  Opcode: Info
  Keyword: Classic
  User: S-1-5-19
  User Name: NT AUTHORITY\LOCAL SERVICE
  Computer: Asterizu
  Description: 
The server {354FF91B-5E49-4BDC-A8E6-1CB6C6877182} did not register with DCOM within the required timeout.

Event[1473]:
  Log Name: System
  Source: Microsoft-Windows-DistributedCOM
  Date: 2025-11-02T00:18:11.2090000Z
  Event ID: 10010
  Task: N/A
  Level: Error
  Opcode: Info
  Keyword: Classic
  User: S-1-5-19
  User Name: NT AUTHORITY\LOCAL SERVICE
  Computer: Asterizu
  Description: 
The server {354FF91B-5E49-4BDC-A8E6-1CB6C6877182} did not register with DCOM within the required timeout.

Event[1474]:
  Log Name: System
  Source: Microsoft-Windows-DistributedCOM
  Date: 2025-11-02T00:18:11.2320000Z
  Event ID: 10010
  Task: N/A
  Level: Error
  Opcode: Info
  Keyword: Classic
  User: S-1-5-19
  User Name: NT AUTHORITY\LOCAL SERVICE
  Computer: Asterizu
  Description: 
The server {354FF91B-5E49-4BDC-A8E6-1CB6C6877182} did not register with DCOM within the required timeout.

Event[1475]:
  Log Name: System
  Source: Microsoft-Windows-DistributedCOM
  Date: 2025-11-02T00:18:11.2480000Z
  Event ID: 10010
  Task: N/A
  Level: Error
  Opcode: Info
  Keyword: Classic
  User: S-1-5-19
  User Name: NT AUTHORITY\LOCAL SERVICE
  Computer: Asterizu
  Description: 
The server {354FF91B-5E49-4BDC-A8E6-1CB6C6877182} did not register with DCOM within the required timeout.

Event[1476]:
  Log Name: System
  Source: Microsoft-Windows-DistributedCOM
  Date: 2025-11-02T00:18:11.2900000Z
  Event ID: 10010
  Task: N/A
  Level: Error
  Opcode: Info
  Keyword: Classic
  User: S-1-5-19
  User Name: NT AUTHORITY\LOCAL SERVICE
  Computer: Asterizu
  Description: 
The server {354FF91B-5E49-4BDC-A8E6-1CB6C6877182} did not register with DCOM within the required timeout.

Event[1477]:
  Log Name: System
  Source: Microsoft-Windows-DistributedCOM
  Date: 2025-11-02T00:18:11.3170000Z
  Event ID: 10010
  Task: N/A
  Level: Error
  Opcode: Info
  Keyword: Classic
  User: S-1-5-19
  User Name: NT AUTHORITY\LOCAL SERVICE
  Computer: Asterizu
  Description: 
The server {354FF91B-5E49-4BDC-A8E6-1CB6C6877182} did not register with DCOM within the required timeout.

Event[1478]:
  Log Name: System
  Source: Microsoft-Windows-DistributedCOM
  Date: 2025-11-02T00:18:11.3370000Z
  Event ID: 10010
  Task: N/A
  Level: Error
  Opcode: Info
  Keyword: Classic
  User: S-1-5-19
  User Name: NT AUTHORITY\LOCAL SERVICE
  Computer: Asterizu
  Description: 
The server {354FF91B-5E49-4BDC-A8E6-1CB6C6877182} did not register with DCOM within the required timeout.

Event[1479]:
  Log Name: System
  Source: Microsoft-Windows-DistributedCOM
  Date: 2025-11-02T00:18:11.3560000Z
  Event ID: 10010
  Task: N/A
  Level: Error
  Opcode: Info
  Keyword: Classic
  User: S-1-5-19
  User Name: NT AUTHORITY\LOCAL SERVICE
  Computer: Asterizu
  Description: 
The server {354FF91B-5E49-4BDC-A8E6-1CB6C6877182} did not register with DCOM within the required timeout.

Event[1480]:
  Log Name: System
  Source: Microsoft-Windows-DistributedCOM
  Date: 2025-11-02T00:18:11.3800000Z
  Event ID: 10010
  Task: N/A
  Level: Error
  Opcode: Info
  Keyword: Classic
  User: S-1-5-19
  User Name: NT AUTHORITY\LOCAL SERVICE
  Computer: Asterizu
  Description: 
The server {354FF91B-5E49-4BDC-A8E6-1CB6C6877182} did not register with DCOM within the required timeout.

Event[1481]:
  Log Name: System
  Source: Microsoft-Windows-DistributedCOM
  Date: 2025-11-02T00:18:11.6650000Z
  Event ID: 10010
  Task: N/A
  Level: Error
  Opcode: Info
  Keyword: Classic
  User: S-1-5-21-1400712973-4099593408-808397054-1001
  User Name: ASTERIZU\DELL
  Computer: Asterizu
  Description: 
The server Microsoft.YourPhone_1.25072.79.0_x64__8wekyb3d8bbwe!App.AppXn958k7nsj8mxxmsepqdam8xk948t30sc.mca did not register with DCOM within the required timeout.

Event[1482]:
  Log Name: System
  Source: Microsoft-Windows-DistributedCOM
  Date: 2025-11-02T00:18:11.6660000Z
  Event ID: 10010
  Task: N/A
  Level: Error
  Opcode: Info
  Keyword: Classic
  User: S-1-5-21-1400712973-4099593408-808397054-1001
  User Name: ASTERIZU\DELL
  Computer: Asterizu
  Description: 
The server Microsoft.WindowsStore_22509.1401.11.0_x64__8wekyb3d8bbwe!App.AppX19ds9cm7f9evc4x8ayz8h1c2dprymvye.mca did not register with DCOM within the required timeout.

Event[1483]:
  Log Name: System
  Source: Microsoft-Windows-DistributedCOM
  Date: 2025-11-02T00:18:13.7370000Z
  Event ID: 10010
  Task: N/A
  Level: Error
  Opcode: Info
  Keyword: Classic
  User: S-1-5-19
  User Name: NT AUTHORITY\LOCAL SERVICE
  Computer: Asterizu
  Description: 
The server {354FF91B-5E49-4BDC-A8E6-1CB6C6877182} did not register with DCOM within the required timeout.

Event[1484]:
  Log Name: System
  Source: Microsoft-Windows-DistributedCOM
  Date: 2025-11-02T00:18:13.7480000Z
  Event ID: 10010
  Task: N/A
  Level: Error
  Opcode: Info
  Keyword: Classic
  User: S-1-5-19
  User Name: NT AUTHORITY\LOCAL SERVICE
  Computer: Asterizu
  Description: 
The server {354FF91B-5E49-4BDC-A8E6-1CB6C6877182} did not register with DCOM within the required timeout.

Event[1485]:
  Log Name: System
  Source: Microsoft-Windows-Bits-Client
  Date: 2025-11-02T00:18:15.8680000Z
  Event ID: 16392
  Task: N/A
  Level: Error
  Opcode: Info
  Keyword: N/A
  User: S-1-5-18
  User Name: NT AUTHORITY\SYSTEM
  Computer: Asterizu
  Description: 
The BITS service failed to start.  Error 0x80004015.

Event[1486]:
  Log Name: System
  Source: Service Control Manager
  Date: 2025-11-02T00:18:42.6800000Z
  Event ID: 7009
  Task: N/A
  Level: Error
  Opcode: N/A
  Keyword: Classic
  User: N/A
  User Name: N/A
  Computer: Asterizu
  Description: 
A timeout was reached (45000 milliseconds) while waiting for the Intel(R) TPM Provisioning Service service to connect.

Event[1487]:
  Log Name: System
  Source: Microsoft-Windows-TPM-WMI
  Date: 2025-11-02T00:23:42.3940000Z
  Event ID: 1801
  Task: N/A
  Level: Error
  Opcode: Info
  Keyword: N/A
  User: S-1-5-18
  User Name: NT AUTHORITY\SYSTEM
  Computer: Asterizu
  Description: 
Secure Boot CA/keys need to be updated. This device signature information is included here.
DeviceAttributes: FirmwareManufacturer:Dell Inc.;FirmwareVersion:1.40.0;OEMManufacturerName:Dell Inc.;OEMModelSKU:0AB0;OSArchitecture:amd64;
BucketId: 6dd4c196c9d9d098e08768313b12ee6950a03e04c5ccbe68552f6b759593148a
BucketConfidenceLevel: 
UpdateType: 0
HResult: The operation completed successfully.

Event[1488]:
  Log Name: System
  Source: Microsoft-Windows-DistributedCOM
  Date: 2025-11-02T00:26:52.1200000Z
  Event ID: 10010
  Task: N/A
  Level: Error
  Opcode: Info
  Keyword: Classic
  User: S-1-5-21-1400712973-4099593408-808397054-1001
  User Name: ASTERIZU\DELL
  Computer: Asterizu
  Description: 
The server Windows.Gaming.GameBar.PresenceServer.Internal.PresenceWriter did not register with DCOM within the required timeout.

Event[1489]:
  Log Name: System
  Source: Microsoft-Windows-DistributedCOM
  Date: 2025-11-02T00:28:54.7150000Z
  Event ID: 10010
  Task: N/A
  Level: Error
  Opcode: Info
  Keyword: Classic
  User: S-1-5-21-1400712973-4099593408-808397054-1001
  User Name: ASTERIZU\DELL
  Computer: Asterizu
  Description: 
The server Windows.Gaming.GameBar.PresenceServer.Internal.PresenceWriter did not register with DCOM within the required timeout.

Event[1490]:
  Log Name: System
  Source: Microsoft-Windows-DistributedCOM
  Date: 2025-11-02T08:58:23.1070000Z
  Event ID: 10010
  Task: N/A
  Level: Error
  Opcode: Info
  Keyword: Classic
  User: S-1-5-21-1400712973-4099593408-808397054-1001
  User Name: ASTERIZU\DELL
  Computer: Asterizu
  Description: 
The server Windows.Gaming.GameBar.PresenceServer.Internal.PresenceWriter did not register with DCOM within the required timeout.

Event[1491]:
  Log Name: System
  Source: Microsoft-Windows-DistributedCOM
  Date: 2025-11-02T08:59:01.2500000Z
  Event ID: 10010
  Task: N/A
  Level: Error
  Opcode: Info
  Keyword: Classic
  User: S-1-5-21-1400712973-4099593408-808397054-1001
  User Name: ASTERIZU\DELL
  Computer: Asterizu
  Description: 
The server Windows.Gaming.GameBar.PresenceServer.Internal.PresenceWriter did not register with DCOM within the required timeout.

Event[1492]:
  Log Name: System
  Source: Microsoft-Windows-DistributedCOM
  Date: 2025-11-02T09:46:43.1100000Z
  Event ID: 10010
  Task: N/A
  Level: Error
  Opcode: Info
  Keyword: Classic
  User: S-1-5-21-1400712973-4099593408-808397054-1001
  User Name: ASTERIZU\DELL
  Computer: Asterizu
  Description: 
The server Windows.Gaming.GameBar.PresenceServer.Internal.PresenceWriter did not register with DCOM within the required timeout.

Event[1493]:
  Log Name: System
  Source: Microsoft-Windows-DistributedCOM
  Date: 2025-11-02T09:48:39.0470000Z
  Event ID: 10010
  Task: N/A
  Level: Error
  Opcode: Info
  Keyword: Classic
  User: S-1-5-21-1400712973-4099593408-808397054-1001
  User Name: ASTERIZU\DELL
  Computer: Asterizu
  Description: 
The server Windows.Gaming.GameBar.PresenceServer.Internal.PresenceWriter did not register with DCOM within the required timeout.

Event[1494]:
  Log Name: System
  Source: Service Control Manager
  Date: 2025-11-02T15:32:37.9320000Z
  Event ID: 7009
  Task: N/A
  Level: Error
  Opcode: N/A
  Keyword: Classic
  User: N/A
  User Name: N/A
  Computer: Asterizu
  Description: 
A timeout was reached (45000 milliseconds) while waiting for the Intel(R) TPM Provisioning Service service to connect.

Event[1495]:
  Log Name: System
  Source: Microsoft-Windows-DistributedCOM
  Date: 2025-11-02T15:35:34.8540000Z
  Event ID: 10010
  Task: N/A
  Level: Error
  Opcode: Info
  Keyword: Classic
  User: S-1-5-21-1400712973-4099593408-808397054-1001
  User Name: ASTERIZU\DELL
  Computer: Asterizu
  Description: 
The server Windows.Gaming.GameBar.PresenceServer.Internal.PresenceWriter did not register with DCOM within the required timeout.

Event[1496]:
  Log Name: System
  Source: Microsoft-Windows-TPM-WMI
  Date: 2025-11-02T15:37:37.7250000Z
  Event ID: 1801
  Task: N/A
  Level: Error
  Opcode: Info
  Keyword: N/A
  User: S-1-5-18
  User Name: NT AUTHORITY\SYSTEM
  Computer: Asterizu
  Description: 
Secure Boot CA/keys need to be updated. This device signature information is included here.
DeviceAttributes: FirmwareManufacturer:Dell Inc.;FirmwareVersion:1.40.0;OEMManufacturerName:Dell Inc.;OEMModelSKU:0AB0;OSArchitecture:amd64;
BucketId: 6dd4c196c9d9d098e08768313b12ee6950a03e04c5ccbe68552f6b759593148a
BucketConfidenceLevel: 
UpdateType: 0
HResult: The operation completed successfully.

Event[1497]:
  Log Name: System
  Source: Service Control Manager
  Date: 2025-11-03T08:03:47.1220000Z
  Event ID: 7009
  Task: N/A
  Level: Error
  Opcode: N/A
  Keyword: Classic
  User: N/A
  User Name: N/A
  Computer: Asterizu
  Description: 
A timeout was reached (45000 milliseconds) while waiting for the Intel(R) TPM Provisioning Service service to connect.

Event[1498]:
  Log Name: System
  Source: Microsoft-Windows-DistributedCOM
  Date: 2025-11-03T08:06:29.6440000Z
  Event ID: 10010
  Task: N/A
  Level: Error
  Opcode: Info
  Keyword: Classic
  User: S-1-5-21-1400712973-4099593408-808397054-1001
  User Name: ASTERIZU\DELL
  Computer: Asterizu
  Description: 
The server Windows.Gaming.GameBar.PresenceServer.Internal.PresenceWriter did not register with DCOM within the required timeout.

Event[1499]:
  Log Name: System
  Source: Microsoft-Windows-TPM-WMI
  Date: 2025-11-03T08:08:46.4490000Z
  Event ID: 1801
  Task: N/A
  Level: Error
  Opcode: Info
  Keyword: N/A
  User: S-1-5-18
  User Name: NT AUTHORITY\SYSTEM
  Computer: Asterizu
  Description: 
Secure Boot CA/keys need to be updated. This device signature information is included here.
DeviceAttributes: FirmwareManufacturer:Dell Inc.;FirmwareVersion:1.40.0;OEMManufacturerName:Dell Inc.;OEMModelSKU:0AB0;OSArchitecture:amd64;
BucketId: 6dd4c196c9d9d098e08768313b12ee6950a03e04c5ccbe68552f6b759593148a
BucketConfidenceLevel: 
UpdateType: 0
HResult: The operation completed successfully.

Event[1500]:
  Log Name: System
  Source: Microsoft-Windows-DistributedCOM
  Date: 2025-11-03T08:11:56.5570000Z
  Event ID: 10010
  Task: N/A
  Level: Error
  Opcode: Info
  Keyword: Classic
  User: S-1-5-21-1400712973-4099593408-808397054-1001
  User Name: ASTERIZU\DELL
  Computer: Asterizu
  Description: 
The server Windows.Gaming.GameBar.PresenceServer.Internal.PresenceWriter did not register with DCOM within the required timeout.

Event[1501]:
  Log Name: System
  Source: Microsoft-Windows-DistributedCOM
  Date: 2025-11-03T08:13:16.9430000Z
  Event ID: 10010
  Task: N/A
  Level: Error
  Opcode: Info
  Keyword: Classic
  User: S-1-5-21-1400712973-4099593408-808397054-1001
  User Name: ASTERIZU\DELL
  Computer: Asterizu
  Description: 
The server Windows.Gaming.GameBar.PresenceServer.Internal.PresenceWriter did not register with DCOM within the required timeout.

Event[1502]:
  Log Name: System
  Source: Microsoft-Windows-DistributedCOM
  Date: 2025-11-03T08:38:01.6510000Z
  Event ID: 10010
  Task: N/A
  Level: Error
  Opcode: Info
  Keyword: Classic
  User: S-1-5-21-1400712973-4099593408-808397054-1001
  User Name: ASTERIZU\DELL
  Computer: Asterizu
  Description: 
The server Windows.Gaming.GameBar.PresenceServer.Internal.PresenceWriter did not register with DCOM within the required timeout.

Event[1503]:
  Log Name: System
  Source: Microsoft-Windows-DistributedCOM
  Date: 2025-11-03T09:28:00.3100000Z
  Event ID: 10010
  Task: N/A
  Level: Error
  Opcode: Info
  Keyword: Classic
  User: S-1-5-21-1400712973-4099593408-808397054-1001
  User Name: ASTERIZU\DELL
  Computer: Asterizu
  Description: 
The server Windows.Gaming.GameBar.PresenceServer.Internal.PresenceWriter did not register with DCOM within the required timeout.

Event[1504]:
  Log Name: System
  Source: Microsoft-Windows-DistributedCOM
  Date: 2025-11-03T09:40:54.5960000Z
  Event ID: 10010
  Task: N/A
  Level: Error
  Opcode: Info
  Keyword: Classic
  User: S-1-5-21-1400712973-4099593408-808397054-1001
  User Name: ASTERIZU\DELL
  Computer: Asterizu
  Description: 
The server Windows.Gaming.GameBar.PresenceServer.Internal.PresenceWriter did not register with DCOM within the required timeout.

Event[1505]:
  Log Name: System
  Source: Microsoft-Windows-DistributedCOM
  Date: 2025-11-03T09:42:01.7920000Z
  Event ID: 10010
  Task: N/A
  Level: Error
  Opcode: Info
  Keyword: Classic
  User: S-1-5-21-1400712973-4099593408-808397054-1001
  User Name: ASTERIZU\DELL
  Computer: Asterizu
  Description: 
The server Windows.Gaming.GameBar.PresenceServer.Internal.PresenceWriter did not register with DCOM within the required timeout.

Event[1506]:
  Log Name: System
  Source: Microsoft-Windows-DistributedCOM
  Date: 2025-11-03T09:57:36.4470000Z
  Event ID: 10010
  Task: N/A
  Level: Error
  Opcode: Info
  Keyword: Classic
  User: S-1-5-21-1400712973-4099593408-808397054-1001
  User Name: ASTERIZU\DELL
  Computer: Asterizu
  Description: 
The server Windows.Gaming.GameBar.PresenceServer.Internal.PresenceWriter did not register with DCOM within the required timeout.

Event[1507]:
  Log Name: System
  Source: Microsoft-Windows-DistributedCOM
  Date: 2025-11-03T10:11:54.7960000Z
  Event ID: 10010
  Task: N/A
  Level: Error
  Opcode: Info
  Keyword: Classic
  User: S-1-5-21-1400712973-4099593408-808397054-1001
  User Name: ASTERIZU\DELL
  Computer: Asterizu
  Description: 
The server Windows.Gaming.GameBar.PresenceServer.Internal.PresenceWriter did not register with DCOM within the required timeout.

Event[1508]:
  Log Name: System
  Source: Microsoft-Windows-DistributedCOM
  Date: 2025-11-03T10:13:02.9040000Z
  Event ID: 10010
  Task: N/A
  Level: Error
  Opcode: Info
  Keyword: Classic
  User: S-1-5-21-1400712973-4099593408-808397054-1001
  User Name: ASTERIZU\DELL
  Computer: Asterizu
  Description: 
The server Windows.Gaming.GameBar.PresenceServer.Internal.PresenceWriter did not register with DCOM within the required timeout.

Event[1509]:
  Log Name: System
  Source: Service Control Manager
  Date: 2025-11-03T19:23:08.7710000Z
  Event ID: 7009
  Task: N/A
  Level: Error
  Opcode: N/A
  Keyword: Classic
  User: N/A
  User Name: N/A
  Computer: Asterizu
  Description: 
A timeout was reached (45000 milliseconds) while waiting for the Intel(R) TPM Provisioning Service service to connect.

Event[1510]:
  Log Name: System
  Source: Service Control Manager
  Date: 2025-11-03T19:26:29.4610000Z
  Event ID: 7034
  Task: N/A
  Level: Error
  Opcode: N/A
  Keyword: Classic
  User: N/A
  User Name: N/A
  Computer: Asterizu
  Description: 
The vgc service terminated unexpectedly.  It has done this 1 time(s).

Event[1511]:
  Log Name: System
  Source: Microsoft-Windows-TPM-WMI
  Date: 2025-11-03T19:28:08.0430000Z
  Event ID: 1801
  Task: N/A
  Level: Error
  Opcode: Info
  Keyword: N/A
  User: S-1-5-18
  User Name: NT AUTHORITY\SYSTEM
  Computer: Asterizu
  Description: 
Secure Boot CA/keys need to be updated. This device signature information is included here.
DeviceAttributes: FirmwareManufacturer:Dell Inc.;FirmwareVersion:1.40.0;OEMManufacturerName:Dell Inc.;OEMModelSKU:0AB0;OSArchitecture:amd64;
BucketId: 6dd4c196c9d9d098e08768313b12ee6950a03e04c5ccbe68552f6b759593148a
BucketConfidenceLevel: 
UpdateType: 0
HResult: The operation completed successfully.

Event[1512]:
  Log Name: System
  Source: Microsoft-Windows-DistributedCOM
  Date: 2025-11-03T19:30:41.9290000Z
  Event ID: 10010
  Task: N/A
  Level: Error
  Opcode: Info
  Keyword: Classic
  User: S-1-5-21-1400712973-4099593408-808397054-1001
  User Name: ASTERIZU\DELL
  Computer: Asterizu
  Description: 
The server Windows.Gaming.GameBar.PresenceServer.Internal.PresenceWriter did not register with DCOM within the required timeout.

Event[1513]:
  Log Name: System
  Source: Microsoft-Windows-DistributedCOM
  Date: 2025-11-03T19:33:07.9600000Z
  Event ID: 10010
  Task: N/A
  Level: Error
  Opcode: Info
  Keyword: Classic
  User: S-1-5-21-1400712973-4099593408-808397054-1001
  User Name: ASTERIZU\DELL
  Computer: Asterizu
  Description: 
The server Windows.Gaming.GameBar.PresenceServer.Internal.PresenceWriter did not register with DCOM within the required timeout.

Event[1514]:
  Log Name: System
  Source: Microsoft-Windows-DistributedCOM
  Date: 2025-11-03T20:14:14.2450000Z
  Event ID: 10010
  Task: N/A
  Level: Error
  Opcode: Info
  Keyword: Classic
  User: S-1-5-21-1400712973-4099593408-808397054-1001
  User Name: ASTERIZU\DELL
  Computer: Asterizu
  Description: 
The server Windows.Gaming.GameBar.PresenceServer.Internal.PresenceWriter did not register with DCOM within the required timeout.

Event[1515]:
  Log Name: System
  Source: Microsoft-Windows-DistributedCOM
  Date: 2025-11-04T00:10:31.0580000Z
  Event ID: 10010
  Task: N/A
  Level: Error
  Opcode: Info
  Keyword: Classic
  User: S-1-5-21-1400712973-4099593408-808397054-1001
  User Name: ASTERIZU\DELL
  Computer: Asterizu
  Description: 
The server Windows.Gaming.GameBar.PresenceServer.Internal.PresenceWriter did not register with DCOM within the required timeout.

Event[1516]:
  Log Name: System
  Source: Microsoft-Windows-DistributedCOM
  Date: 2025-11-04T00:26:16.5480000Z
  Event ID: 10010
  Task: N/A
  Level: Error
  Opcode: Info
  Keyword: Classic
  User: S-1-5-21-1400712973-4099593408-808397054-1001
  User Name: ASTERIZU\DELL
  Computer: Asterizu
  Description: 
The server Windows.Gaming.GameBar.PresenceServer.Internal.PresenceWriter did not register with DCOM within the required timeout.

Event[1517]:
  Log Name: System
  Source: Microsoft-Windows-DistributedCOM
  Date: 2025-11-04T03:32:09.3350000Z
  Event ID: 10010
  Task: N/A
  Level: Error
  Opcode: Info
  Keyword: Classic
  User: S-1-5-21-1400712973-4099593408-808397054-1001
  User Name: ASTERIZU\DELL
  Computer: Asterizu
  Description: 
The server Windows.Gaming.GameBar.PresenceServer.Internal.PresenceWriter did not register with DCOM within the required timeout.

Event[1518]:
  Log Name: System
  Source: Service Control Manager
  Date: 2025-11-04T10:07:27.7430000Z
  Event ID: 7009
  Task: N/A
  Level: Error
  Opcode: N/A
  Keyword: Classic
  User: N/A
  User Name: N/A
  Computer: Asterizu
  Description: 
A timeout was reached (45000 milliseconds) while waiting for the Intel(R) TPM Provisioning Service service to connect.

Event[1519]:
  Log Name: System
  Source: Microsoft-Windows-TPM-WMI
  Date: 2025-11-04T10:12:27.3960000Z
  Event ID: 1801
  Task: N/A
  Level: Error
  Opcode: Info
  Keyword: N/A
  User: S-1-5-18
  User Name: NT AUTHORITY\SYSTEM
  Computer: Asterizu
  Description: 
Secure Boot CA/keys need to be updated. This device signature information is included here.
DeviceAttributes: FirmwareManufacturer:Dell Inc.;FirmwareVersion:1.40.0;OEMManufacturerName:Dell Inc.;OEMModelSKU:0AB0;OSArchitecture:amd64;
BucketId: 6dd4c196c9d9d098e08768313b12ee6950a03e04c5ccbe68552f6b759593148a
BucketConfidenceLevel: 
UpdateType: 0
HResult: The operation completed successfully.

Event[1520]:
  Log Name: System
  Source: Microsoft-Windows-DistributedCOM
  Date: 2025-11-04T11:02:18.6300000Z
  Event ID: 10010
  Task: N/A
  Level: Error
  Opcode: Info
  Keyword: Classic
  User: S-1-5-21-1400712973-4099593408-808397054-1001
  User Name: ASTERIZU\DELL
  Computer: Asterizu
  Description: 
The server Windows.Gaming.GameBar.PresenceServer.Internal.PresenceWriter did not register with DCOM within the required timeout.

Event[1521]:
  Log Name: System
  Source: Microsoft-Windows-DistributedCOM
  Date: 2025-11-04T11:05:03.7850000Z
  Event ID: 10010
  Task: N/A
  Level: Error
  Opcode: Info
  Keyword: Classic
  User: S-1-5-21-1400712973-4099593408-808397054-1001
  User Name: ASTERIZU\DELL
  Computer: Asterizu
  Description: 
The server Windows.Gaming.GameBar.PresenceServer.Internal.PresenceWriter did not register with DCOM within the required timeout.

Event[1522]:
  Log Name: System
  Source: Microsoft-Windows-DistributedCOM
  Date: 2025-11-04T14:26:19.1620000Z
  Event ID: 10010
  Task: N/A
  Level: Error
  Opcode: Info
  Keyword: Classic
  User: S-1-5-21-1400712973-4099593408-808397054-1001
  User Name: ASTERIZU\DELL
  Computer: Asterizu
  Description: 
The server Windows.Gaming.GameBar.PresenceServer.Internal.PresenceWriter did not register with DCOM within the required timeout.

Event[1523]:
  Log Name: System
  Source: Microsoft-Windows-DistributedCOM
  Date: 2025-11-04T15:52:20.7720000Z
  Event ID: 10010
  Task: N/A
  Level: Error
  Opcode: Info
  Keyword: Classic
  User: S-1-5-21-1400712973-4099593408-808397054-1001
  User Name: ASTERIZU\DELL
  Computer: Asterizu
  Description: 
The server Windows.Gaming.GameBar.PresenceServer.Internal.PresenceWriter did not register with DCOM within the required timeout.

Event[1524]:
  Log Name: System
  Source: Microsoft-Windows-DistributedCOM
  Date: 2025-11-04T15:54:14.3030000Z
  Event ID: 10010
  Task: N/A
  Level: Error
  Opcode: Info
  Keyword: Classic
  User: S-1-5-21-1400712973-4099593408-808397054-1001
  User Name: ASTERIZU\DELL
  Computer: Asterizu
  Description: 
The server Windows.Gaming.GameBar.PresenceServer.Internal.PresenceWriter did not register with DCOM within the required timeout.

Event[1525]:
  Log Name: System
  Source: Microsoft-Windows-DistributedCOM
  Date: 2025-11-04T16:14:13.5110000Z
  Event ID: 10010
  Task: N/A
  Level: Error
  Opcode: Info
  Keyword: Classic
  User: S-1-5-21-1400712973-4099593408-808397054-1001
  User Name: ASTERIZU\DELL
  Computer: Asterizu
  Description: 
The server Microsoft.Windows.Search_1.14.18.19041_neutral_neutral_cw5n1h2txyewy!CortanaUI.AppX49we79s9ab0xp8xpjb6t6g31ep03r71y.mca did not register with DCOM within the required timeout.

Event[1526]:
  Log Name: System
  Source: Service Control Manager
  Date: 2025-11-04T20:29:27.3610000Z
  Event ID: 7009
  Task: N/A
  Level: Error
  Opcode: N/A
  Keyword: Classic
  User: N/A
  User Name: N/A
  Computer: Asterizu
  Description: 
A timeout was reached (30000 milliseconds) while waiting for the GameDVR and Broadcast User Service_8bb5d service to connect.

Event[1527]:
  Log Name: System
  Source: Service Control Manager
  Date: 2025-11-04T20:29:27.3610000Z
  Event ID: 7000
  Task: N/A
  Level: Error
  Opcode: N/A
  Keyword: Classic
  User: N/A
  User Name: N/A
  Computer: Asterizu
  Description: 
The GameDVR and Broadcast User Service_8bb5d service failed to start due to the following error: 
The service did not respond to the start or control request in a timely fashion.

Event[1528]:
  Log Name: System
  Source: Microsoft-Windows-DistributedCOM
  Date: 2025-11-04T20:29:27.3650000Z
  Event ID: 10005
  Task: N/A
  Level: Error
  Opcode: Info
  Keyword: Classic
  User: S-1-5-21-1400712973-4099593408-808397054-1001
  User Name: ASTERIZU\DELL
  Computer: Asterizu
  Description: 
DCOM got error "1053" attempting to start the service BcastDVRUserService_8bb5d with arguments "Unavailable" in order to run the server:
Windows.Media.Capture.Internal.AppCaptureShell

Event[1529]:
  Log Name: System
  Source: Service Control Manager
  Date: 2025-11-04T20:29:27.7570000Z
  Event ID: 7009
  Task: N/A
  Level: Error
  Opcode: N/A
  Keyword: Classic
  User: N/A
  User Name: N/A
  Computer: Asterizu
  Description: 
A timeout was reached (30000 milliseconds) while waiting for the GameDVR and Broadcast User Service_8bb5d service to connect.

Event[1530]:
