  Log Name: System
  Source: Service Control Manager
  Date: 2025-10-14T16:33:41.1900000Z
  Event ID: 7009
  Task: N/A
  Level: Error
  Opcode: N/A
  Keyword: Classic
  User: N/A
  User Name: N/A
  Computer: Asterizu
  Description: 
A timeout was reached (45000 milliseconds) while waiting for the Intel(R) TPM Provisioning Service service to connect.

Event[1084]:
  Log Name: System
  Source: Microsoft-Windows-DistributedCOM
  Date: 2025-10-14T16:38:02.4990000Z
  Event ID: 10010
  Task: N/A
  Level: Error
  Opcode: Info
  Keyword: Classic
  User: S-1-5-21-1400712973-4099593408-808397054-1001
  User Name: ASTERIZU\DELL
  Computer: Asterizu
  Description: 
The server Windows.Gaming.GameBar.PresenceServer.Internal.PresenceWriter did not register with DCOM within the required timeout.

Event[1085]:
  Log Name: System
  Source: Microsoft-Windows-DistributedCOM
  Date: 2025-10-14T16:59:42.1560000Z
  Event ID: 10010
  Task: N/A
  Level: Error
  Opcode: Info
  Keyword: Classic
  User: S-1-5-21-1400712973-4099593408-808397054-1001
  User Name: ASTERIZU\DELL
  Computer: Asterizu
  Description: 
The server Windows.Gaming.GameBar.PresenceServer.Internal.PresenceWriter did not register with DCOM within the required timeout.

Event[1086]:
  Log Name: System
  Source: Microsoft-Windows-DistributedCOM
  Date: 2025-10-14T18:06:35.1240000Z
  Event ID: 10010
  Task: N/A
  Level: Error
  Opcode: Info
  Keyword: Classic
  User: S-1-5-21-1400712973-4099593408-808397054-1001
  User Name: ASTERIZU\DELL
  Computer: Asterizu
  Description: 
The server Windows.Gaming.GameBar.PresenceServer.Internal.PresenceWriter did not register with DCOM within the required timeout.

Event[1087]:
  Log Name: System
  Source: Microsoft-Windows-DistributedCOM
  Date: 2025-10-14T18:08:28.8020000Z
  Event ID: 10010
  Task: N/A
  Level: Error
  Opcode: Info
  Keyword: Classic
  User: S-1-5-21-1400712973-4099593408-808397054-1001
  User Name: ASTERIZU\DELL
  Computer: Asterizu
  Description: 
The server Windows.Gaming.GameBar.PresenceServer.Internal.PresenceWriter did not register with DCOM within the required timeout.

Event[1088]:
  Log Name: System
  Source: Service Control Manager
  Date: 2025-10-14T21:08:32.7940000Z
  Event ID: 7009
  Task: N/A
  Level: Error
  Opcode: N/A
  Keyword: Classic
  User: N/A
  User Name: N/A
  Computer: Asterizu
  Description: 
A timeout was reached (45000 milliseconds) while waiting for the Intel(R) TPM Provisioning Service service to connect.

Event[1089]:
  Log Name: System
  Source: Microsoft-Windows-DistributedCOM
  Date: 2025-10-14T21:14:21.7120000Z
  Event ID: 10010
  Task: N/A
  Level: Error
  Opcode: Info
  Keyword: Classic
  User: S-1-5-21-1400712973-4099593408-808397054-1001
  User Name: ASTERIZU\DELL
  Computer: Asterizu
  Description: 
The server Windows.Gaming.GameBar.PresenceServer.Internal.PresenceWriter did not register with DCOM within the required timeout.

Event[1090]:
  Log Name: System
  Source: Microsoft-Windows-DistributedCOM
  Date: 2025-10-14T21:15:39.7720000Z
  Event ID: 10010
  Task: N/A
  Level: Error
  Opcode: Info
  Keyword: Classic
  User: S-1-5-21-1400712973-4099593408-808397054-1001
  User Name: ASTERIZU\DELL
  Computer: Asterizu
  Description: 
The server Windows.Gaming.GameBar.PresenceServer.Internal.PresenceWriter did not register with DCOM within the required timeout.

Event[1091]:
  Log Name: System
  Source: Microsoft-Windows-DistributedCOM
  Date: 2025-10-14T23:59:44.3400000Z
  Event ID: 10010
  Task: N/A
  Level: Error
  Opcode: Info
  Keyword: Classic
  User: S-1-5-21-1400712973-4099593408-808397054-1001
  User Name: ASTERIZU\DELL
  Computer: Asterizu
  Description: 
The server Windows.Gaming.GameBar.PresenceServer.Internal.PresenceWriter did not register with DCOM within the required timeout.

Event[1092]:
  Log Name: System
  Source: Microsoft-Windows-DistributedCOM
  Date: 2025-10-15T01:47:30.0110000Z
  Event ID: 10010
  Task: N/A
  Level: Error
  Opcode: Info
  Keyword: Classic
  User: S-1-5-21-1400712973-4099593408-808397054-1001
  User Name: ASTERIZU\DELL
  Computer: Asterizu
  Description: 
The server Windows.Gaming.GameBar.PresenceServer.Internal.PresenceWriter did not register with DCOM within the required timeout.

Event[1093]:
  Log Name: System
  Source: Microsoft-Windows-DistributedCOM
  Date: 2025-10-15T01:49:09.1600000Z
  Event ID: 10010
  Task: N/A
  Level: Error
  Opcode: Info
  Keyword: Classic
  User: S-1-5-21-1400712973-4099593408-808397054-1001
  User Name: ASTERIZU\DELL
  Computer: Asterizu
  Description: 
The server Windows.Gaming.GameBar.PresenceServer.Internal.PresenceWriter did not register with DCOM within the required timeout.

Event[1094]:
  Log Name: System
  Source: Service Control Manager
  Date: 2025-10-15T13:17:01.3050000Z
  Event ID: 7009
  Task: N/A
  Level: Error
  Opcode: N/A
  Keyword: Classic
  User: N/A
  User Name: N/A
  Computer: Asterizu
  Description: 
A timeout was reached (45000 milliseconds) while waiting for the Intel(R) TPM Provisioning Service service to connect.

Event[1095]:
  Log Name: System
  Source: Microsoft-Windows-DistributedCOM
  Date: 2025-10-15T13:18:58.0570000Z
  Event ID: 10010
  Task: N/A
  Level: Error
  Opcode: Info
  Keyword: Classic
  User: S-1-5-21-1400712973-4099593408-808397054-1001
  User Name: ASTERIZU\DELL
  Computer: Asterizu
  Description: 
The server Windows.Gaming.GameBar.PresenceServer.Internal.PresenceWriter did not register with DCOM within the required timeout.

Event[1096]:
  Log Name: System
  Source: Microsoft-Windows-DistributedCOM
  Date: 2025-10-15T13:19:06.1030000Z
  Event ID: 10010
  Task: N/A
  Level: Error
  Opcode: Info
  Keyword: Classic
  User: S-1-5-21-1400712973-4099593408-808397054-1001
  User Name: ASTERIZU\DELL
  Computer: Asterizu
  Description: 
The server Windows.Gaming.GameBar.PresenceServer.Internal.PresenceWriter did not register with DCOM within the required timeout.

Event[1097]:
  Log Name: System
  Source: Microsoft-Windows-DistributedCOM
  Date: 2025-10-15T13:19:58.7710000Z
  Event ID: 10010
  Task: N/A
  Level: Error
  Opcode: Info
  Keyword: Classic
  User: S-1-5-21-1400712973-4099593408-808397054-1001
  User Name: ASTERIZU\DELL
  Computer: Asterizu
  Description: 
The server Windows.Gaming.GameBar.PresenceServer.Internal.PresenceWriter did not register with DCOM within the required timeout.

Event[1098]:
  Log Name: System
  Source: Microsoft-Windows-DistributedCOM
  Date: 2025-10-15T13:19:59.8910000Z
  Event ID: 10010
  Task: N/A
  Level: Error
  Opcode: Info
  Keyword: Classic
  User: S-1-5-21-1400712973-4099593408-808397054-1001
  User Name: ASTERIZU\DELL
  Computer: Asterizu
  Description: 
The server Windows.Gaming.GameBar.PresenceServer.Internal.PresenceWriter did not register with DCOM within the required timeout.

Event[1099]:
  Log Name: System
  Source: Microsoft-Windows-DistributedCOM
  Date: 2025-10-15T13:21:09.3120000Z
  Event ID: 10010
  Task: N/A
  Level: Error
  Opcode: Info
  Keyword: Classic
  User: S-1-5-21-1400712973-4099593408-808397054-1001
  User Name: ASTERIZU\DELL
  Computer: Asterizu
  Description: 
The server Windows.Gaming.GameBar.PresenceServer.Internal.PresenceWriter did not register with DCOM within the required timeout.

Event[1100]:
  Log Name: System
  Source: Microsoft-Windows-DistributedCOM
  Date: 2025-10-15T13:21:10.2620000Z
  Event ID: 10010
  Task: N/A
  Level: Error
  Opcode: Info
  Keyword: Classic
  User: S-1-5-21-1400712973-4099593408-808397054-1001
  User Name: ASTERIZU\DELL
  Computer: Asterizu
  Description: 
The server Windows.Gaming.GameBar.PresenceServer.Internal.PresenceWriter did not register with DCOM within the required timeout.

Event[1101]:
  Log Name: System
  Source: Microsoft-Windows-DistributedCOM
  Date: 2025-10-15T13:23:34.1900000Z
  Event ID: 10010
  Task: N/A
  Level: Error
  Opcode: Info
  Keyword: Classic
  User: S-1-5-21-1400712973-4099593408-808397054-1001
  User Name: ASTERIZU\DELL
  Computer: Asterizu
  Description: 
The server Windows.Gaming.GameBar.PresenceServer.Internal.PresenceWriter did not register with DCOM within the required timeout.

Event[1102]:
  Log Name: System
  Source: Microsoft-Windows-DistributedCOM
  Date: 2025-10-15T13:23:41.0160000Z
  Event ID: 10010
  Task: N/A
  Level: Error
  Opcode: Info
  Keyword: Classic
  User: S-1-5-21-1400712973-4099593408-808397054-1001
  User Name: ASTERIZU\DELL
  Computer: Asterizu
  Description: 
The server Windows.Gaming.GameBar.PresenceServer.Internal.PresenceWriter did not register with DCOM within the required timeout.

Event[1103]:
  Log Name: System
  Source: Microsoft-Windows-DistributedCOM
  Date: 2025-10-15T13:25:54.9030000Z
  Event ID: 10010
  Task: N/A
  Level: Error
  Opcode: Info
  Keyword: Classic
  User: S-1-5-21-1400712973-4099593408-808397054-1001
  User Name: ASTERIZU\DELL
  Computer: Asterizu
  Description: 
The server Windows.Gaming.GameBar.PresenceServer.Internal.PresenceWriter did not register with DCOM within the required timeout.

Event[1104]:
  Log Name: System
  Source: Microsoft-Windows-DistributedCOM
  Date: 2025-10-15T13:26:00.4500000Z
  Event ID: 10010
  Task: N/A
  Level: Error
  Opcode: Info
  Keyword: Classic
  User: S-1-5-21-1400712973-4099593408-808397054-1001
  User Name: ASTERIZU\DELL
  Computer: Asterizu
  Description: 
The server Windows.Gaming.GameBar.PresenceServer.Internal.PresenceWriter did not register with DCOM within the required timeout.

Event[1105]:
  Log Name: System
  Source: Microsoft-Windows-DistributedCOM
  Date: 2025-10-15T13:32:49.2950000Z
  Event ID: 10010
  Task: N/A
  Level: Error
  Opcode: Info
  Keyword: Classic
  User: S-1-5-21-1400712973-4099593408-808397054-1001
  User Name: ASTERIZU\DELL
  Computer: Asterizu
  Description: 
The server Windows.Gaming.GameBar.PresenceServer.Internal.PresenceWriter did not register with DCOM within the required timeout.

Event[1106]:
  Log Name: System
  Source: Microsoft-Windows-DistributedCOM
  Date: 2025-10-15T13:32:50.6760000Z
  Event ID: 10010
  Task: N/A
  Level: Error
  Opcode: Info
  Keyword: Classic
  User: S-1-5-21-1400712973-4099593408-808397054-1001
  User Name: ASTERIZU\DELL
  Computer: Asterizu
  Description: 
The server Windows.Gaming.GameBar.PresenceServer.Internal.PresenceWriter did not register with DCOM within the required timeout.

Event[1107]:
  Log Name: System
  Source: Microsoft-Windows-DistributedCOM
  Date: 2025-10-15T13:55:20.2060000Z
  Event ID: 10010
  Task: N/A
  Level: Error
  Opcode: Info
  Keyword: Classic
  User: S-1-5-21-1400712973-4099593408-808397054-1001
  User Name: ASTERIZU\DELL
  Computer: Asterizu
  Description: 
The server Windows.Gaming.GameBar.PresenceServer.Internal.PresenceWriter did not register with DCOM within the required timeout.

Event[1108]:
  Log Name: System
  Source: Microsoft-Windows-DistributedCOM
  Date: 2025-10-15T14:10:11.4760000Z
  Event ID: 10010
  Task: N/A
  Level: Error
  Opcode: Info
  Keyword: Classic
  User: S-1-5-21-1400712973-4099593408-808397054-1001
  User Name: ASTERIZU\DELL
  Computer: Asterizu
  Description: 
The server Windows.Gaming.GameBar.PresenceServer.Internal.PresenceWriter did not register with DCOM within the required timeout.

Event[1109]:
  Log Name: System
  Source: Microsoft-Windows-DistributedCOM
  Date: 2025-10-15T14:12:45.1290000Z
  Event ID: 10010
  Task: N/A
  Level: Error
  Opcode: Info
  Keyword: Classic
  User: S-1-5-21-1400712973-4099593408-808397054-1001
  User Name: ASTERIZU\DELL
  Computer: Asterizu
  Description: 
The server Windows.Gaming.GameBar.PresenceServer.Internal.PresenceWriter did not register with DCOM within the required timeout.

Event[1110]:
  Log Name: System
  Source: Microsoft-Windows-DistributedCOM
  Date: 2025-10-15T14:17:16.3220000Z
  Event ID: 10010
  Task: N/A
  Level: Error
  Opcode: Info
  Keyword: Classic
  User: S-1-5-21-1400712973-4099593408-808397054-1001
  User Name: ASTERIZU\DELL
  Computer: Asterizu
  Description: 
The server Windows.Gaming.GameBar.PresenceServer.Internal.PresenceWriter did not register with DCOM within the required timeout.

Event[1111]:
  Log Name: System
  Source: Microsoft-Windows-DistributedCOM
  Date: 2025-10-15T16:18:24.1200000Z
  Event ID: 10010
  Task: N/A
  Level: Error
  Opcode: Info
  Keyword: Classic
  User: S-1-5-21-1400712973-4099593408-808397054-1001
  User Name: ASTERIZU\DELL
  Computer: Asterizu
  Description: 
The server Windows.Gaming.GameBar.PresenceServer.Internal.PresenceWriter did not register with DCOM within the required timeout.

Event[1112]:
  Log Name: System
  Source: Microsoft-Windows-DistributedCOM
  Date: 2025-10-15T17:43:04.3060000Z
  Event ID: 10010
  Task: N/A
  Level: Error
  Opcode: Info
  Keyword: Classic
  User: S-1-5-21-1400712973-4099593408-808397054-1001
  User Name: ASTERIZU\DELL
  Computer: Asterizu
  Description: 
The server Windows.Gaming.GameBar.PresenceServer.Internal.PresenceWriter did not register with DCOM within the required timeout.

Event[1113]:
  Log Name: System
  Source: Microsoft-Windows-DistributedCOM
  Date: 2025-10-15T17:52:08.5430000Z
  Event ID: 10010
  Task: N/A
  Level: Error
  Opcode: Info
  Keyword: Classic
  User: S-1-5-21-1400712973-4099593408-808397054-1001
  User Name: ASTERIZU\DELL
  Computer: Asterizu
  Description: 
The server Windows.Gaming.GameBar.PresenceServer.Internal.PresenceWriter did not register with DCOM within the required timeout.

Event[1114]:
  Log Name: System
  Source: Microsoft-Windows-DistributedCOM
  Date: 2025-10-15T19:38:10.8810000Z
  Event ID: 10010
  Task: N/A
  Level: Error
  Opcode: Info
  Keyword: Classic
  User: S-1-5-21-1400712973-4099593408-808397054-1001
  User Name: ASTERIZU\DELL
  Computer: Asterizu
  Description: 
The server Windows.Gaming.GameBar.PresenceServer.Internal.PresenceWriter did not register with DCOM within the required timeout.

Event[1115]:
  Log Name: System
  Source: Microsoft-Windows-DistributedCOM
  Date: 2025-10-15T19:39:09.5300000Z
  Event ID: 10010
  Task: N/A
  Level: Error
  Opcode: Info
  Keyword: Classic
  User: S-1-5-21-1400712973-4099593408-808397054-1001
  User Name: ASTERIZU\DELL
  Computer: Asterizu
  Description: 
The server Windows.Gaming.GameBar.PresenceServer.Internal.PresenceWriter did not register with DCOM within the required timeout.

Event[1116]:
  Log Name: System
  Source: Service Control Manager
  Date: 2025-10-15T22:07:28.3240000Z
  Event ID: 7009
  Task: N/A
  Level: Error
  Opcode: N/A
  Keyword: Classic
  User: N/A
  User Name: N/A
  Computer: Asterizu
  Description: 
A timeout was reached (45000 milliseconds) while waiting for the Intel(R) TPM Provisioning Service service to connect.

Event[1117]:
  Log Name: System
  Source: Service Control Manager
  Date: 2025-10-16T00:22:32.1910000Z
  Event ID: 7009
  Task: N/A
  Level: Error
  Opcode: N/A
  Keyword: Classic
  User: N/A
  User Name: N/A
  Computer: Asterizu
  Description: 
A timeout was reached (45000 milliseconds) while waiting for the Intel(R) TPM Provisioning Service service to connect.

Event[1118]:
  Log Name: System
  Source: Microsoft-Windows-DistributedCOM
  Date: 2025-10-16T00:41:10.4400000Z
  Event ID: 10010
  Task: N/A
  Level: Error
  Opcode: Info
  Keyword: Classic
  User: S-1-5-21-1400712973-4099593408-808397054-1001
  User Name: ASTERIZU\DELL
  Computer: Asterizu
  Description: 
The server Windows.Gaming.GameBar.PresenceServer.Internal.PresenceWriter did not register with DCOM within the required timeout.

Event[1119]:
  Log Name: System
  Source: Microsoft-Windows-DistributedCOM
  Date: 2025-10-16T00:41:17.9740000Z
  Event ID: 10010
  Task: N/A
  Level: Error
  Opcode: Info
  Keyword: Classic
  User: S-1-5-21-1400712973-4099593408-808397054-1001
  User Name: ASTERIZU\DELL
  Computer: Asterizu
  Description: 
The server Windows.Gaming.GameBar.PresenceServer.Internal.PresenceWriter did not register with DCOM within the required timeout.

Event[1120]:
  Log Name: System
  Source: Microsoft-Windows-DistributedCOM
  Date: 2025-10-16T00:53:54.3640000Z
  Event ID: 10010
  Task: N/A
  Level: Error
  Opcode: Info
  Keyword: Classic
  User: S-1-5-21-1400712973-4099593408-808397054-1001
  User Name: ASTERIZU\DELL
  Computer: Asterizu
  Description: 
The server Windows.Gaming.GameBar.PresenceServer.Internal.PresenceWriter did not register with DCOM within the required timeout.

Event[1121]:
  Log Name: System
  Source: Microsoft-Windows-DistributedCOM
  Date: 2025-10-16T00:55:24.8060000Z
  Event ID: 10010
  Task: N/A
  Level: Error
  Opcode: Info
  Keyword: Classic
  User: S-1-5-21-1400712973-4099593408-808397054-1001
  User Name: ASTERIZU\DELL
  Computer: Asterizu
  Description: 
The server Windows.Gaming.GameBar.PresenceServer.Internal.PresenceWriter did not register with DCOM within the required timeout.

Event[1122]:
  Log Name: System
  Source: Microsoft-Windows-DistributedCOM
  Date: 2025-10-16T01:59:31.6970000Z
  Event ID: 10010
  Task: N/A
  Level: Error
  Opcode: Info
  Keyword: Classic
  User: S-1-5-21-1400712973-4099593408-808397054-1001
  User Name: ASTERIZU\DELL
  Computer: Asterizu
  Description: 
The server Windows.Gaming.GameBar.PresenceServer.Internal.PresenceWriter did not register with DCOM within the required timeout.

Event[1123]:
  Log Name: System
  Source: Service Control Manager
  Date: 2025-10-16T12:52:50.1320000Z
  Event ID: 7009
  Task: N/A
  Level: Error
  Opcode: N/A
  Keyword: Classic
  User: N/A
  User Name: N/A
  Computer: Asterizu
  Description: 
A timeout was reached (45000 milliseconds) while waiting for the Intel(R) TPM Provisioning Service service to connect.

Event[1124]:
  Log Name: System
  Source: Microsoft-Windows-DistributedCOM
  Date: 2025-10-16T13:17:23.9960000Z
  Event ID: 10010
  Task: N/A
  Level: Error
  Opcode: Info
  Keyword: Classic
  User: S-1-5-21-1400712973-4099593408-808397054-1001
  User Name: ASTERIZU\DELL
  Computer: Asterizu
  Description: 
The server Windows.Gaming.GameBar.PresenceServer.Internal.PresenceWriter did not register with DCOM within the required timeout.

Event[1125]:
  Log Name: System
  Source: Microsoft-Windows-DistributedCOM
  Date: 2025-10-16T13:18:37.1400000Z
  Event ID: 10010
  Task: N/A
  Level: Error
  Opcode: Info
  Keyword: Classic
  User: S-1-5-21-1400712973-4099593408-808397054-1001
  User Name: ASTERIZU\DELL
  Computer: Asterizu
  Description: 
The server Windows.Gaming.GameBar.PresenceServer.Internal.PresenceWriter did not register with DCOM within the required timeout.

Event[1126]:
  Log Name: System
  Source: Service Control Manager
  Date: 2025-10-16T15:19:46.1720000Z
  Event ID: 7009
  Task: N/A
  Level: Error
  Opcode: N/A
  Keyword: Classic
  User: N/A
  User Name: N/A
  Computer: Asterizu
  Description: 
A timeout was reached (45000 milliseconds) while waiting for the Intel(R) TPM Provisioning Service service to connect.

Event[1127]:
  Log Name: System
  Source: Service Control Manager
  Date: 2025-10-16T15:54:45.8940000Z
  Event ID: 7009
  Task: N/A
  Level: Error
  Opcode: N/A
  Keyword: Classic
  User: N/A
  User Name: N/A
  Computer: Asterizu
  Description: 
A timeout was reached (45000 milliseconds) while waiting for the Intel(R) TPM Provisioning Service service to connect.

Event[1128]:
  Log Name: System
  Source: Service Control Manager
  Date: 2025-10-16T20:30:18.4640000Z
  Event ID: 7009
  Task: N/A
  Level: Error
  Opcode: N/A
  Keyword: Classic
  User: N/A
  User Name: N/A
  Computer: Asterizu
  Description: 
A timeout was reached (45000 milliseconds) while waiting for the Intel(R) TPM Provisioning Service service to connect.

Event[1129]:
  Log Name: System
  Source: Microsoft-Windows-DistributedCOM
  Date: 2025-10-16T22:23:49.1160000Z
  Event ID: 10010
  Task: N/A
  Level: Error
  Opcode: Info
  Keyword: Classic
  User: S-1-5-21-1400712973-4099593408-808397054-1001
  User Name: ASTERIZU\DELL
  Computer: Asterizu
  Description: 
The server Windows.Gaming.GameBar.PresenceServer.Internal.PresenceWriter did not register with DCOM within the required timeout.

Event[1130]:
  Log Name: System
  Source: Microsoft-Windows-DistributedCOM
  Date: 2025-10-16T22:25:29.6190000Z
  Event ID: 10010
  Task: N/A
  Level: Error
  Opcode: Info
  Keyword: Classic
  User: S-1-5-21-1400712973-4099593408-808397054-1001
  User Name: ASTERIZU\DELL
  Computer: Asterizu
  Description: 
The server Windows.Gaming.GameBar.PresenceServer.Internal.PresenceWriter did not register with DCOM within the required timeout.

Event[1131]:
  Log Name: System
  Source: Microsoft-Windows-DistributedCOM
  Date: 2025-10-17T01:38:10.6770000Z
  Event ID: 10010
  Task: N/A
  Level: Error
  Opcode: Info
  Keyword: Classic
  User: S-1-5-21-1400712973-4099593408-808397054-1001
  User Name: ASTERIZU\DELL
  Computer: Asterizu
  Description: 
The server Windows.Gaming.GameBar.PresenceServer.Internal.PresenceWriter did not register with DCOM within the required timeout.

Event[1132]:
  Log Name: System
  Source: Service Control Manager
  Date: 2025-10-17T13:40:57.9180000Z
  Event ID: 7009
  Task: N/A
  Level: Error
  Opcode: N/A
  Keyword: Classic
  User: N/A
  User Name: N/A
  Computer: Asterizu
  Description: 
A timeout was reached (45000 milliseconds) while waiting for the Intel(R) TPM Provisioning Service service to connect.

Event[1133]:
  Log Name: System
  Source: Volsnap
  Date: 2025-10-17T13:41:37.0820000Z
  Event ID: 36
  Task: N/A
  Level: Error
  Opcode: N/A
  Keyword: Classic
  User: N/A
  User Name: N/A
  Computer: Asterizu
  Description: 
The shadow copies of volume C: were aborted because the shadow copy storage could not grow due to a user imposed limit.

Event[1134]:
  Log Name: System
  Source: Microsoft-Windows-TPM-WMI
  Date: 2025-10-17T13:45:57.2990000Z
  Event ID: 1801
  Task: N/A
  Level: Error
  Opcode: Info
  Keyword: N/A
  User: S-1-5-18
  User Name: NT AUTHORITY\SYSTEM
  Computer: Asterizu
  Description: 
Secure Boot CA/keys need to be updated. This device signature information is included here.
DeviceAttributes: FirmwareManufacturer:Dell Inc.;FirmwareVersion:1.40.0;OEMManufacturerName:Dell Inc.;OEMModelSKU:0AB0;OSArchitecture:amd64;
BucketId: 6dd4c196c9d9d098e08768313b12ee6950a03e04c5ccbe68552f6b759593148a
BucketConfidenceLevel: 
UpdateType: 0
HResult: The operation completed successfully.

Event[1135]:
  Log Name: System
  Source: Microsoft-Windows-DistributedCOM
  Date: 2025-10-17T14:17:41.4840000Z
  Event ID: 10010
  Task: N/A
  Level: Error
  Opcode: Info
  Keyword: Classic
  User: S-1-5-21-1400712973-4099593408-808397054-1001
  User Name: ASTERIZU\DELL
  Computer: Asterizu
  Description: 
The server Windows.Gaming.GameBar.PresenceServer.Internal.PresenceWriter did not register with DCOM within the required timeout.

Event[1136]:
  Log Name: System
  Source: Microsoft-Windows-DistributedCOM
  Date: 2025-10-17T14:19:16.9660000Z
  Event ID: 10010
  Task: N/A
  Level: Error
  Opcode: Info
  Keyword: Classic
  User: S-1-5-21-1400712973-4099593408-808397054-1001
  User Name: ASTERIZU\DELL
  Computer: Asterizu
  Description: 
The server Windows.Gaming.GameBar.PresenceServer.Internal.PresenceWriter did not register with DCOM within the required timeout.

Event[1137]:
  Log Name: System
  Source: Service Control Manager
  Date: 2025-10-17T16:52:07.2840000Z
  Event ID: 7009
  Task: N/A
  Level: Error
  Opcode: N/A
  Keyword: Classic
  User: N/A
  User Name: N/A
  Computer: Asterizu
  Description: 
A timeout was reached (45000 milliseconds) while waiting for the Intel(R) TPM Provisioning Service service to connect.

Event[1138]:
  Log Name: System
  Source: Microsoft-Windows-TPM-WMI
  Date: 2025-10-17T16:57:06.7160000Z
  Event ID: 1801
  Task: N/A
  Level: Error
  Opcode: Info
  Keyword: N/A
  User: S-1-5-18
  User Name: NT AUTHORITY\SYSTEM
  Computer: Asterizu
  Description: 
Secure Boot CA/keys need to be updated. This device signature information is included here.
DeviceAttributes: FirmwareManufacturer:Dell Inc.;FirmwareVersion:1.40.0;OEMManufacturerName:Dell Inc.;OEMModelSKU:0AB0;OSArchitecture:amd64;
BucketId: 6dd4c196c9d9d098e08768313b12ee6950a03e04c5ccbe68552f6b759593148a
BucketConfidenceLevel: 
UpdateType: 0
HResult: The operation completed successfully.

Event[1139]:
  Log Name: System
  Source: Microsoft-Windows-DistributedCOM
  Date: 2025-10-17T17:12:02.6570000Z
  Event ID: 10010
  Task: N/A
  Level: Error
  Opcode: Info
  Keyword: Classic
  User: S-1-5-21-1400712973-4099593408-808397054-1001
  User Name: ASTERIZU\DELL
  Computer: Asterizu
  Description: 
The server Windows.Gaming.GameBar.PresenceServer.Internal.PresenceWriter did not register with DCOM within the required timeout.

Event[1140]:
  Log Name: System
  Source: Microsoft-Windows-DistributedCOM
  Date: 2025-10-17T17:31:21.1090000Z
  Event ID: 10010
  Task: N/A
  Level: Error
  Opcode: Info
  Keyword: Classic
  User: S-1-5-21-1400712973-4099593408-808397054-1001
  User Name: ASTERIZU\DELL
  Computer: Asterizu
  Description: 
The server Windows.Gaming.GameBar.PresenceServer.Internal.PresenceWriter did not register with DCOM within the required timeout.

Event[1141]:
  Log Name: System
  Source: Service Control Manager
  Date: 2025-10-17T18:00:42.4590000Z
  Event ID: 7009
  Task: N/A
  Level: Error
  Opcode: N/A
  Keyword: Classic
  User: N/A
  User Name: N/A
  Computer: Asterizu
  Description: 
A timeout was reached (45000 milliseconds) while waiting for the Intel(R) TPM Provisioning Service service to connect.

Event[1142]:
  Log Name: System
  Source: RTWlanE
  Date: 2025-10-17T18:00:47.5440000Z
  Event ID: 5005
  Task: N/A
  Level: Error
  Opcode: N/A
  Keyword: Classic
  User: N/A
  User Name: N/A
  Computer: Asterizu
  Description: 
Realtek 8821CE Wireless LAN 802.11ac PCI-E NIC : Has encountered an internal error and has failed.

Event[1143]:
  Log Name: System
  Source: Microsoft-Windows-TPM-WMI
  Date: 2025-10-17T18:05:41.7740000Z
  Event ID: 1801
  Task: N/A
  Level: Error
  Opcode: Info
  Keyword: N/A
  User: S-1-5-18
  User Name: NT AUTHORITY\SYSTEM
  Computer: Asterizu
  Description: 
Secure Boot CA/keys need to be updated. This device signature information is included here.
DeviceAttributes: FirmwareManufacturer:Dell Inc.;FirmwareVersion:1.40.0;OEMManufacturerName:Dell Inc.;OEMModelSKU:0AB0;OSArchitecture:amd64;
BucketId: 6dd4c196c9d9d098e08768313b12ee6950a03e04c5ccbe68552f6b759593148a
BucketConfidenceLevel: 
UpdateType: 0
HResult: The operation completed successfully.

Event[1144]:
  Log Name: System
  Source: Microsoft-Windows-DistributedCOM
  Date: 2025-10-17T19:10:42.8060000Z
  Event ID: 10010
  Task: N/A
  Level: Error
  Opcode: Info
  Keyword: Classic
  User: S-1-5-21-1400712973-4099593408-808397054-1001
  User Name: ASTERIZU\DELL
  Computer: Asterizu
  Description: 
The server Windows.Gaming.GameBar.PresenceServer.Internal.PresenceWriter did not register with DCOM within the required timeout.

Event[1145]:
  Log Name: System
  Source: Microsoft-Windows-DistributedCOM
  Date: 2025-10-17T19:10:56.5470000Z
  Event ID: 10010
  Task: N/A
  Level: Error
  Opcode: Info
  Keyword: Classic
  User: S-1-5-21-1400712973-4099593408-808397054-1001
  User Name: ASTERIZU\DELL
  Computer: Asterizu
  Description: 
The server Windows.Gaming.GameBar.PresenceServer.Internal.PresenceWriter did not register with DCOM within the required timeout.

Event[1146]:
  Log Name: System
  Source: Service Control Manager
  Date: 2025-10-17T23:53:38.3230000Z
  Event ID: 7009
  Task: N/A
  Level: Error
  Opcode: N/A
  Keyword: Classic
  User: N/A
  User Name: N/A
  Computer: Asterizu
  Description: 
A timeout was reached (45000 milliseconds) while waiting for the Intel(R) TPM Provisioning Service service to connect.

Event[1147]:
  Log Name: System
  Source: RTWlanE
  Date: 2025-10-17T23:53:43.1270000Z
  Event ID: 5005
  Task: N/A
  Level: Error
  Opcode: N/A
  Keyword: Classic
  User: N/A
  User Name: N/A
  Computer: Asterizu
  Description: 
Realtek 8821CE Wireless LAN 802.11ac PCI-E NIC : Has encountered an internal error and has failed.

Event[1148]:
  Log Name: System
  Source: Microsoft-Windows-TPM-WMI
  Date: 2025-10-17T23:58:37.7180000Z
  Event ID: 1801
  Task: N/A
  Level: Error
  Opcode: Info
  Keyword: N/A
  User: S-1-5-18
  User Name: NT AUTHORITY\SYSTEM
  Computer: Asterizu
  Description: 
Secure Boot CA/keys need to be updated. This device signature information is included here.
DeviceAttributes: FirmwareManufacturer:Dell Inc.;FirmwareVersion:1.40.0;OEMManufacturerName:Dell Inc.;OEMModelSKU:0AB0;OSArchitecture:amd64;
BucketId: 6dd4c196c9d9d098e08768313b12ee6950a03e04c5ccbe68552f6b759593148a
BucketConfidenceLevel: 
UpdateType: 0
HResult: The operation completed successfully.

Event[1149]:
  Log Name: System
  Source: Microsoft-Windows-DistributedCOM
  Date: 2025-10-18T00:43:04.8990000Z
  Event ID: 10010
  Task: N/A
  Level: Error
  Opcode: Info
  Keyword: Classic
  User: S-1-5-21-1400712973-4099593408-808397054-1001
  User Name: ASTERIZU\DELL
  Computer: Asterizu
  Description: 
The server Windows.Gaming.GameBar.PresenceServer.Internal.PresenceWriter did not register with DCOM within the required timeout.

Event[1150]:
  Log Name: System
  Source: Microsoft-Windows-DistributedCOM
  Date: 2025-10-18T00:44:57.3550000Z
  Event ID: 10010
  Task: N/A
  Level: Error
  Opcode: Info
  Keyword: Classic
  User: S-1-5-21-1400712973-4099593408-808397054-1001
  User Name: ASTERIZU\DELL
  Computer: Asterizu
  Description: 
The server Windows.Gaming.GameBar.PresenceServer.Internal.PresenceWriter did not register with DCOM within the required timeout.

Event[1151]:
  Log Name: System
  Source: Microsoft-Windows-DistributedCOM
  Date: 2025-10-18T00:48:12.3850000Z
  Event ID: 10010
  Task: N/A
  Level: Error
  Opcode: Info
  Keyword: Classic
  User: S-1-5-21-1400712973-4099593408-808397054-1001
  User Name: ASTERIZU\DELL
  Computer: Asterizu
  Description: 
The server Windows.Gaming.GameBar.PresenceServer.Internal.PresenceWriter did not register with DCOM within the required timeout.

Event[1152]:
  Log Name: System
  Source: Microsoft-Windows-DistributedCOM
  Date: 2025-10-18T01:06:38.2580000Z
  Event ID: 10010
  Task: N/A
  Level: Error
  Opcode: Info
  Keyword: Classic
  User: S-1-5-21-1400712973-4099593408-808397054-1001
  User Name: ASTERIZU\DELL
  Computer: Asterizu
  Description: 
The server Windows.Gaming.GameBar.PresenceServer.Internal.PresenceWriter did not register with DCOM within the required timeout.

Event[1153]:
  Log Name: System
  Source: Microsoft-Windows-DistributedCOM
  Date: 2025-10-18T01:08:51.3820000Z
  Event ID: 10010
  Task: N/A
  Level: Error
  Opcode: Info
  Keyword: Classic
  User: S-1-5-21-1400712973-4099593408-808397054-1001
  User Name: ASTERIZU\DELL
  Computer: Asterizu
  Description: 
The server Windows.Gaming.GameBar.PresenceServer.Internal.PresenceWriter did not register with DCOM within the required timeout.

Event[1154]:
  Log Name: System
  Source: Microsoft-Windows-DistributedCOM
  Date: 2025-10-18T01:09:22.2090000Z
  Event ID: 10010
  Task: N/A
  Level: Error
  Opcode: Info
  Keyword: Classic
  User: S-1-5-21-1400712973-4099593408-808397054-1001
  User Name: ASTERIZU\DELL
  Computer: Asterizu
  Description: 
The server Windows.Gaming.GameBar.PresenceServer.Internal.PresenceWriter did not register with DCOM within the required timeout.

Event[1155]:
  Log Name: System
  Source: Service Control Manager
  Date: 2025-10-18T03:01:16.6250000Z
  Event ID: 7009
  Task: N/A
  Level: Error
  Opcode: N/A
  Keyword: Classic
  User: N/A
  User Name: N/A
  Computer: Asterizu
  Description: 
A timeout was reached (45000 milliseconds) while waiting for the Intel(R) TPM Provisioning Service service to connect.

Event[1156]:
  Log Name: System
  Source: Microsoft-Windows-TPM-WMI
  Date: 2025-10-18T03:06:16.0660000Z
  Event ID: 1801
  Task: N/A
  Level: Error
  Opcode: Info
  Keyword: N/A
  User: S-1-5-18
  User Name: NT AUTHORITY\SYSTEM
  Computer: Asterizu
  Description: 
Secure Boot CA/keys need to be updated. This device signature information is included here.
DeviceAttributes: FirmwareManufacturer:Dell Inc.;FirmwareVersion:1.40.0;OEMManufacturerName:Dell Inc.;OEMModelSKU:0AB0;OSArchitecture:amd64;
BucketId: 6dd4c196c9d9d098e08768313b12ee6950a03e04c5ccbe68552f6b759593148a
BucketConfidenceLevel: 
UpdateType: 0
HResult: The operation completed successfully.

Event[1157]:
  Log Name: System
  Source: Service Control Manager
  Date: 2025-10-18T15:25:07.2660000Z
  Event ID: 7009
  Task: N/A
  Level: Error
  Opcode: N/A
  Keyword: Classic
  User: N/A
  User Name: N/A
  Computer: Asterizu
  Description: 
A timeout was reached (45000 milliseconds) while waiting for the Intel(R) TPM Provisioning Service service to connect.

Event[1158]:
  Log Name: System
  Source: RTWlanE
  Date: 2025-10-18T15:25:12.2680000Z
  Event ID: 5005
  Task: N/A
  Level: Error
  Opcode: N/A
  Keyword: Classic
  User: N/A
  User Name: N/A
  Computer: Asterizu
  Description: 
Realtek 8821CE Wireless LAN 802.11ac PCI-E NIC : Has encountered an internal error and has failed.

Event[1159]:
  Log Name: System
  Source: Microsoft-Windows-TPM-WMI
  Date: 2025-10-18T15:30:06.7050000Z
  Event ID: 1801
  Task: N/A
  Level: Error
  Opcode: Info
  Keyword: N/A
  User: S-1-5-18
  User Name: NT AUTHORITY\SYSTEM
  Computer: Asterizu
  Description: 
Secure Boot CA/keys need to be updated. This device signature information is included here.
DeviceAttributes: FirmwareManufacturer:Dell Inc.;FirmwareVersion:1.40.0;OEMManufacturerName:Dell Inc.;OEMModelSKU:0AB0;OSArchitecture:amd64;
BucketId: 6dd4c196c9d9d098e08768313b12ee6950a03e04c5ccbe68552f6b759593148a
BucketConfidenceLevel: 
UpdateType: 0
HResult: The operation completed successfully.

Event[1160]:
  Log Name: System
  Source: Microsoft-Windows-DistributedCOM
  Date: 2025-10-18T15:42:43.7130000Z
  Event ID: 10010
  Task: N/A
  Level: Error
  Opcode: Info
  Keyword: Classic
  User: S-1-5-21-1400712973-4099593408-808397054-1001
  User Name: ASTERIZU\DELL
  Computer: Asterizu
  Description: 
The server Windows.Gaming.GameBar.PresenceServer.Internal.PresenceWriter did not register with DCOM within the required timeout.

Event[1161]:
  Log Name: System
  Source: Microsoft-Windows-DistributedCOM
  Date: 2025-10-18T15:45:34.5980000Z
  Event ID: 10010
  Task: N/A
  Level: Error
  Opcode: Info
  Keyword: Classic
  User: S-1-5-21-1400712973-4099593408-808397054-1001
  User Name: ASTERIZU\DELL
  Computer: Asterizu
  Description: 
The server Windows.Gaming.GameBar.PresenceServer.Internal.PresenceWriter did not register with DCOM within the required timeout.

Event[1162]:
  Log Name: System
  Source: Microsoft-Windows-DistributedCOM
  Date: 2025-10-18T16:42:45.3190000Z
  Event ID: 10010
  Task: N/A
  Level: Error
  Opcode: Info
  Keyword: Classic
  User: S-1-5-21-1400712973-4099593408-808397054-1001
  User Name: ASTERIZU\DELL
  Computer: Asterizu
  Description: 
The server Windows.Gaming.GameBar.PresenceServer.Internal.PresenceWriter did not register with DCOM within the required timeout.

Event[1163]:
  Log Name: System
  Source: Microsoft-Windows-DistributedCOM
  Date: 2025-10-18T16:42:52.3660000Z
  Event ID: 10010
  Task: N/A
  Level: Error
  Opcode: Info
  Keyword: Classic
  User: S-1-5-21-1400712973-4099593408-808397054-1001
  User Name: ASTERIZU\DELL
  Computer: Asterizu
  Description: 
The server Windows.Gaming.GameBar.PresenceServer.Internal.PresenceWriter did not register with DCOM within the required timeout.

Event[1164]:
  Log Name: System
  Source: Microsoft-Windows-DistributedCOM
  Date: 2025-10-18T18:13:45.6490000Z
  Event ID: 10010
  Task: N/A
  Level: Error
  Opcode: Info
  Keyword: Classic
  User: S-1-5-21-1400712973-4099593408-808397054-1001
  User Name: ASTERIZU\DELL
  Computer: Asterizu
  Description: 
The server Windows.Gaming.GameBar.PresenceServer.Internal.PresenceWriter did not register with DCOM within the required timeout.

Event[1165]:
  Log Name: System
  Source: Microsoft-Windows-DistributedCOM
  Date: 2025-10-18T18:16:09.9190000Z
  Event ID: 10010
  Task: N/A
  Level: Error
  Opcode: Info
  Keyword: Classic
  User: S-1-5-21-1400712973-4099593408-808397054-1001
  User Name: ASTERIZU\DELL
  Computer: Asterizu
  Description: 
The server Windows.Gaming.GameBar.PresenceServer.Internal.PresenceWriter did not register with DCOM within the required timeout.

Event[1166]:
  Log Name: System
  Source: Service Control Manager
  Date: 2025-10-18T18:49:48.0930000Z
  Event ID: 7009
  Task: N/A
  Level: Error
  Opcode: N/A
  Keyword: Classic
  User: N/A
  User Name: N/A
  Computer: Asterizu
  Description: 
A timeout was reached (45000 milliseconds) while waiting for the Intel(R) TPM Provisioning Service service to connect.

Event[1167]:
  Log Name: System
  Source: Microsoft-Windows-TPM-WMI
  Date: 2025-10-18T18:54:47.3780000Z
  Event ID: 1801
  Task: N/A
  Level: Error
  Opcode: Info
  Keyword: N/A
  User: S-1-5-18
  User Name: NT AUTHORITY\SYSTEM
  Computer: Asterizu
  Description: 
Secure Boot CA/keys need to be updated. This device signature information is included here.
DeviceAttributes: FirmwareManufacturer:Dell Inc.;FirmwareVersion:1.40.0;OEMManufacturerName:Dell Inc.;OEMModelSKU:0AB0;OSArchitecture:amd64;
BucketId: 6dd4c196c9d9d098e08768313b12ee6950a03e04c5ccbe68552f6b759593148a
BucketConfidenceLevel: 
UpdateType: 0
HResult: The operation completed successfully.

Event[1168]:
  Log Name: System
  Source: Service Control Manager
  Date: 2025-10-18T19:20:36.3530000Z
  Event ID: 7009
  Task: N/A
  Level: Error
  Opcode: N/A
  Keyword: Classic
  User: N/A
  User Name: N/A
  Computer: Asterizu
  Description: 
A timeout was reached (45000 milliseconds) while waiting for the Intel(R) TPM Provisioning Service service to connect.

Event[1169]:
  Log Name: System
  Source: RTWlanE
  Date: 2025-10-18T19:20:41.1930000Z
  Event ID: 5005
  Task: N/A
  Level: Error
  Opcode: N/A
  Keyword: Classic
  User: N/A
  User Name: N/A
  Computer: Asterizu
  Description: 
Realtek 8821CE Wireless LAN 802.11ac PCI-E NIC : Has encountered an internal error and has failed.

Event[1170]:
  Log Name: System
  Source: Microsoft-Windows-DistributedCOM
  Date: 2025-10-18T19:24:50.6500000Z
  Event ID: 10010
  Task: N/A
  Level: Error
  Opcode: Info
  Keyword: Classic
  User: S-1-5-21-1400712973-4099593408-808397054-1001
  User Name: ASTERIZU\DELL
  Computer: Asterizu
  Description: 
The server Windows.Gaming.GameBar.PresenceServer.Internal.PresenceWriter did not register with DCOM within the required timeout.

Event[1171]:
  Log Name: System
  Source: Microsoft-Windows-TPM-WMI
  Date: 2025-10-18T19:25:35.6760000Z
  Event ID: 1801
  Task: N/A
  Level: Error
  Opcode: Info
  Keyword: N/A
  User: S-1-5-18
  User Name: NT AUTHORITY\SYSTEM
  Computer: Asterizu
  Description: 
Secure Boot CA/keys need to be updated. This device signature information is included here.
DeviceAttributes: FirmwareManufacturer:Dell Inc.;FirmwareVersion:1.40.0;OEMManufacturerName:Dell Inc.;OEMModelSKU:0AB0;OSArchitecture:amd64;
BucketId: 6dd4c196c9d9d098e08768313b12ee6950a03e04c5ccbe68552f6b759593148a
BucketConfidenceLevel: 
UpdateType: 0
HResult: The operation completed successfully.

Event[1172]:
  Log Name: System
  Source: Microsoft-Windows-DistributedCOM
  Date: 2025-10-18T19:26:26.6560000Z
  Event ID: 10010
  Task: N/A
  Level: Error
  Opcode: Info
  Keyword: Classic
  User: S-1-5-21-1400712973-4099593408-808397054-1001
  User Name: ASTERIZU\DELL
  Computer: Asterizu
  Description: 
The server Windows.Gaming.GameBar.PresenceServer.Internal.PresenceWriter did not register with DCOM within the required timeout.

Event[1173]:
  Log Name: System
  Source: Microsoft-Windows-DistributedCOM
  Date: 2025-10-19T00:54:21.5520000Z
  Event ID: 10010
  Task: N/A
  Level: Error
  Opcode: Info
  Keyword: Classic
  User: S-1-5-21-1400712973-4099593408-808397054-1001
  User Name: ASTERIZU\DELL
  Computer: Asterizu
  Description: 
The server Windows.Gaming.GameBar.PresenceServer.Internal.PresenceWriter did not register with DCOM within the required timeout.

Event[1174]:
  Log Name: System
  Source: Microsoft-Windows-DistributedCOM
  Date: 2025-10-19T00:55:50.7160000Z
  Event ID: 10010
  Task: N/A
  Level: Error
  Opcode: Info
  Keyword: Classic
  User: S-1-5-21-1400712973-4099593408-808397054-1001
  User Name: ASTERIZU\DELL
  Computer: Asterizu
  Description: 
The server Windows.Gaming.GameBar.PresenceServer.Internal.PresenceWriter did not register with DCOM within the required timeout.

Event[1175]:
  Log Name: System
  Source: Microsoft-Windows-DistributedCOM
  Date: 2025-10-19T01:25:05.5320000Z
  Event ID: 10010
  Task: N/A
  Level: Error
  Opcode: Info
  Keyword: Classic
  User: S-1-5-21-1400712973-4099593408-808397054-1001
  User Name: ASTERIZU\DELL
  Computer: Asterizu
  Description: 
The server Windows.Gaming.GameBar.PresenceServer.Internal.PresenceWriter did not register with DCOM within the required timeout.

Event[1176]:
  Log Name: System
  Source: Microsoft-Windows-DistributedCOM
  Date: 2025-10-19T01:34:07.4900000Z
  Event ID: 10010
  Task: N/A
  Level: Error
  Opcode: Info
  Keyword: Classic
  User: S-1-5-21-1400712973-4099593408-808397054-1001
  User Name: ASTERIZU\DELL
  Computer: Asterizu
  Description: 
The server Windows.Gaming.GameBar.PresenceServer.Internal.PresenceWriter did not register with DCOM within the required timeout.

Event[1177]:
  Log Name: System
  Source: Microsoft-Windows-DistributedCOM
  Date: 2025-10-19T05:38:47.3930000Z
  Event ID: 10010
  Task: N/A
  Level: Error
  Opcode: Info
  Keyword: Classic
  User: S-1-5-21-1400712973-4099593408-808397054-1001
  User Name: ASTERIZU\DELL
  Computer: Asterizu
  Description: 
The server Windows.Gaming.GameBar.PresenceServer.Internal.PresenceWriter did not register with DCOM within the required timeout.

Event[1178]:
  Log Name: System
  Source: Microsoft-Windows-DistributedCOM
  Date: 2025-10-19T05:38:57.6630000Z
  Event ID: 10010
  Task: N/A
  Level: Error
  Opcode: Info
  Keyword: Classic
  User: S-1-5-21-1400712973-4099593408-808397054-1001
  User Name: ASTERIZU\DELL
  Computer: Asterizu
  Description: 
The server Windows.Gaming.GameBar.PresenceServer.Internal.PresenceWriter did not register with DCOM within the required timeout.

Event[1179]:
  Log Name: System
  Source: Service Control Manager
  Date: 2025-10-19T15:58:17.8810000Z
  Event ID: 7009
  Task: N/A
  Level: Error
  Opcode: N/A
  Keyword: Classic
  User: N/A
  User Name: N/A
  Computer: Asterizu
  Description: 
A timeout was reached (45000 milliseconds) while waiting for the Intel(R) TPM Provisioning Service service to connect.

Event[1180]:
  Log Name: System
  Source: Tcpip
  Date: 2025-10-19T15:59:25.3910000Z
  Event ID: 4207
  Task: N/A
  Level: Error
  Opcode: N/A
  Keyword: Classic
  User: N/A
  User Name: N/A
  Computer: Asterizu
  Description: 
The IPv6 TCP/IP interface with index 14 failed to bind to its provider.

Event[1181]:
  Log Name: System
  Source: Microsoft-Windows-DistributedCOM
  Date: 2025-10-19T16:01:16.0950000Z
  Event ID: 10010
  Task: N/A
  Level: Error
  Opcode: Info
  Keyword: Classic
  User: S-1-5-21-1400712973-4099593408-808397054-1001
  User Name: ASTERIZU\DELL
  Computer: Asterizu
  Description: 
The server Windows.Gaming.GameBar.PresenceServer.Internal.PresenceWriter did not register with DCOM within the required timeout.

Event[1182]:
  Log Name: System
  Source: Microsoft-Windows-TPM-WMI
  Date: 2025-10-19T16:03:19.1360000Z
  Event ID: 1801
  Task: N/A
  Level: Error
  Opcode: Info
  Keyword: N/A
  User: S-1-5-18
  User Name: NT AUTHORITY\SYSTEM
  Computer: Asterizu
  Description: 
Secure Boot CA/keys need to be updated. This device signature information is included here.
DeviceAttributes: FirmwareManufacturer:Dell Inc.;FirmwareVersion:1.40.0;OEMManufacturerName:Dell Inc.;OEMModelSKU:0AB0;OSArchitecture:amd64;
BucketId: 6dd4c196c9d9d098e08768313b12ee6950a03e04c5ccbe68552f6b759593148a
BucketConfidenceLevel: 
UpdateType: 0
HResult: The operation completed successfully.

Event[1183]:
  Log Name: System
  Source: Service Control Manager
  Date: 2025-10-19T20:49:02.9920000Z
  Event ID: 7009
  Task: N/A
  Level: Error
  Opcode: N/A
  Keyword: Classic
  User: N/A
  User Name: N/A
  Computer: Asterizu
  Description: 
A timeout was reached (45000 milliseconds) while waiting for the Intel(R) TPM Provisioning Service service to connect.

Event[1184]:
  Log Name: System
  Source: Tcpip
  Date: 2025-10-19T20:50:25.2460000Z
  Event ID: 4207
  Task: N/A
  Level: Error
  Opcode: N/A
  Keyword: Classic
  User: N/A
  User Name: N/A
  Computer: Asterizu
  Description: 
The IPv6 TCP/IP interface with index 14 failed to bind to its provider.

Event[1185]:
  Log Name: System
  Source: Microsoft-Windows-TPM-WMI
  Date: 2025-10-19T20:54:02.2180000Z
  Event ID: 1801
  Task: N/A
  Level: Error
  Opcode: Info
  Keyword: N/A
  User: S-1-5-18
  User Name: NT AUTHORITY\SYSTEM
  Computer: Asterizu
  Description: 
Secure Boot CA/keys need to be updated. This device signature information is included here.
DeviceAttributes: FirmwareManufacturer:Dell Inc.;FirmwareVersion:1.40.0;OEMManufacturerName:Dell Inc.;OEMModelSKU:0AB0;OSArchitecture:amd64;
BucketId: 6dd4c196c9d9d098e08768313b12ee6950a03e04c5ccbe68552f6b759593148a
BucketConfidenceLevel: 
UpdateType: 0
HResult: The operation completed successfully.

Event[1186]:
  Log Name: System
  Source: Microsoft-Windows-DistributedCOM
  Date: 2025-10-19T20:54:31.1760000Z
  Event ID: 10010
  Task: N/A
  Level: Error
  Opcode: Info
  Keyword: Classic
  User: S-1-5-21-1400712973-4099593408-808397054-1001
  User Name: ASTERIZU\DELL
  Computer: Asterizu
  Description: 
The server Windows.Gaming.GameBar.PresenceServer.Internal.PresenceWriter did not register with DCOM within the required timeout.

Event[1187]:
  Log Name: System
  Source: Microsoft-Windows-DistributedCOM
  Date: 2025-10-19T20:54:35.0970000Z
  Event ID: 10010
  Task: N/A
  Level: Error
  Opcode: Info
  Keyword: Classic
  User: S-1-5-21-1400712973-4099593408-808397054-1001
  User Name: ASTERIZU\DELL
  Computer: Asterizu
  Description: 
The server Windows.Gaming.GameBar.PresenceServer.Internal.PresenceWriter did not register with DCOM within the required timeout.

Event[1188]:
  Log Name: System
  Source: Microsoft-Windows-DistributedCOM
  Date: 2025-10-19T20:59:21.0440000Z
  Event ID: 10010
  Task: N/A
  Level: Error
  Opcode: Info
  Keyword: Classic
  User: S-1-5-21-1400712973-4099593408-808397054-1001
  User Name: ASTERIZU\DELL
  Computer: Asterizu
  Description: 
The server Windows.Gaming.GameBar.PresenceServer.Internal.PresenceWriter did not register with DCOM within the required timeout.

Event[1189]:
  Log Name: System
  Source: Microsoft-Windows-DistributedCOM
  Date: 2025-10-19T20:59:22.7580000Z
  Event ID: 10010
  Task: N/A
  Level: Error
  Opcode: Info
  Keyword: Classic
  User: S-1-5-21-1400712973-4099593408-808397054-1001
  User Name: ASTERIZU\DELL
  Computer: Asterizu
  Description: 
The server Windows.Gaming.GameBar.PresenceServer.Internal.PresenceWriter did not register with DCOM within the required timeout.

Event[1190]:
  Log Name: System
  Source: Microsoft-Windows-DistributedCOM
  Date: 2025-10-19T21:07:51.4870000Z
  Event ID: 10010
  Task: N/A
  Level: Error
  Opcode: Info
  Keyword: Classic
  User: S-1-5-21-1400712973-4099593408-808397054-1001
  User Name: ASTERIZU\DELL
  Computer: Asterizu
  Description: 
The server Windows.Gaming.GameBar.PresenceServer.Internal.PresenceWriter did not register with DCOM within the required timeout.

Event[1191]:
  Log Name: System
  Source: Microsoft-Windows-DistributedCOM
  Date: 2025-10-19T21:08:51.8420000Z
  Event ID: 10010
  Task: N/A
  Level: Error
  Opcode: Info
  Keyword: Classic
  User: S-1-5-21-1400712973-4099593408-808397054-1001
  User Name: ASTERIZU\DELL
  Computer: Asterizu
  Description: 
The server Windows.Gaming.GameBar.PresenceServer.Internal.PresenceWriter did not register with DCOM within the required timeout.

Event[1192]:
  Log Name: System
  Source: Microsoft-Windows-DistributedCOM
  Date: 2025-10-19T22:55:06.0600000Z
  Event ID: 10010
  Task: N/A
  Level: Error
  Opcode: Info
  Keyword: Classic
  User: S-1-5-21-1400712973-4099593408-808397054-1001
  User Name: ASTERIZU\DELL
  Computer: Asterizu
  Description: 
The server Windows.Gaming.GameBar.PresenceServer.Internal.PresenceWriter did not register with DCOM within the required timeout.

Event[1193]:
  Log Name: System
  Source: Microsoft-Windows-DistributedCOM
  Date: 2025-10-19T22:55:56.3210000Z
  Event ID: 10010
  Task: N/A
  Level: Error
  Opcode: Info
  Keyword: Classic
  User: S-1-5-21-1400712973-4099593408-808397054-1001
  User Name: ASTERIZU\DELL
  Computer: Asterizu
  Description: 
The server Windows.Gaming.GameBar.PresenceServer.Internal.PresenceWriter did not register with DCOM within the required timeout.

Event[1194]:
  Log Name: System
  Source: Microsoft-Windows-DistributedCOM
  Date: 2025-10-19T23:17:44.9100000Z
  Event ID: 10010
  Task: N/A
  Level: Error
  Opcode: Info
  Keyword: Classic
  User: S-1-5-21-1400712973-4099593408-808397054-1001
  User Name: ASTERIZU\DELL
  Computer: Asterizu
  Description: 
The server Windows.Gaming.GameBar.PresenceServer.Internal.PresenceWriter did not register with DCOM within the required timeout.

Event[1195]:
  Log Name: System
  Source: Service Control Manager
  Date: 2025-10-20T03:10:06.8240000Z
  Event ID: 7009
  Task: N/A
  Level: Error
  Opcode: N/A
  Keyword: Classic
  User: N/A
  User Name: N/A
  Computer: Asterizu
  Description: 
A timeout was reached (30000 milliseconds) while waiting for the GameDVR and Broadcast User Service_969f2 service to connect.

Event[1196]:
  Log Name: System
  Source: Service Control Manager
  Date: 2025-10-20T03:10:06.8250000Z
  Event ID: 7000
  Task: N/A
  Level: Error
  Opcode: N/A
  Keyword: Classic
  User: N/A
  User Name: N/A
  Computer: Asterizu
  Description: 
The GameDVR and Broadcast User Service_969f2 service failed to start due to the following error: 
The service did not respond to the start or control request in a timely fashion.

Event[1197]:
