Event[0]:
  Log Name: System
  Source: Microsoft-Windows-DistributedCOM
  Date: 2025-09-02T13:47:21.2310000Z
  Event ID: 10010
  Task: N/A
  Level: Error
  Opcode: Info
  Keyword: Classic
  User: S-1-5-21-1400712973-4099593408-808397054-1001
  User Name: ASTERIZU\DELL
  Computer: Asterizu
  Description: 
The server Windows.Gaming.GameBar.PresenceServer.Internal.PresenceWriter did not register with DCOM within the required timeout.

Event[1]:
  Log Name: System
  Source: Microsoft-Windows-DistributedCOM
  Date: 2025-09-02T21:06:14.6810000Z
  Event ID: 10010
  Task: N/A
  Level: Error
  Opcode: Info
  Keyword: Classic
  User: S-1-5-21-1400712973-4099593408-808397054-1001
  User Name: ASTERIZU\DELL
  Computer: Asterizu
  Description: 
The server Windows.Gaming.GameBar.PresenceServer.Internal.PresenceWriter did not register with DCOM within the required timeout.

Event[2]:
  Log Name: System
  Source: Microsoft-Windows-DistributedCOM
  Date: 2025-09-02T21:14:14.6440000Z
  Event ID: 10010
  Task: N/A
  Level: Error
  Opcode: Info
  Keyword: Classic
  User: S-1-5-21-1400712973-4099593408-808397054-1001
  User Name: ASTERIZU\DELL
  Computer: Asterizu
  Description: 
The server Windows.Gaming.GameBar.PresenceServer.Internal.PresenceWriter did not register with DCOM within the required timeout.

Event[3]:
  Log Name: System
  Source: Microsoft-Windows-DistributedCOM
  Date: 2025-09-02T21:28:29.6230000Z
  Event ID: 10010
  Task: N/A
  Level: Error
  Opcode: Info
  Keyword: Classic
  User: S-1-5-21-1400712973-4099593408-808397054-1001
  User Name: ASTERIZU\DELL
  Computer: Asterizu
  Description: 
The server Windows.Gaming.GameBar.PresenceServer.Internal.PresenceWriter did not register with DCOM within the required timeout.

Event[4]:
  Log Name: System
  Source: Microsoft-Windows-DistributedCOM
  Date: 2025-09-02T21:29:44.7680000Z
  Event ID: 10010
  Task: N/A
  Level: Error
  Opcode: Info
  Keyword: Classic
  User: S-1-5-21-1400712973-4099593408-808397054-1001
  User Name: ASTERIZU\DELL
  Computer: Asterizu
  Description: 
The server Windows.Gaming.GameBar.PresenceServer.Internal.PresenceWriter did not register with DCOM within the required timeout.

Event[5]:
  Log Name: System
  Source: Microsoft-Windows-DistributedCOM
  Date: 2025-09-02T21:45:22.9460000Z
  Event ID: 10010
  Task: N/A
  Level: Error
  Opcode: Info
  Keyword: Classic
  User: S-1-5-21-1400712973-4099593408-808397054-1001
  User Name: ASTERIZU\DELL
  Computer: Asterizu
  Description: 
The server Windows.Gaming.GameBar.PresenceServer.Internal.PresenceWriter did not register with DCOM within the required timeout.

Event[6]:
  Log Name: System
  Source: Microsoft-Windows-DistributedCOM
  Date: 2025-09-02T21:47:49.9470000Z
  Event ID: 10010
  Task: N/A
  Level: Error
  Opcode: Info
  Keyword: Classic
  User: S-1-5-21-1400712973-4099593408-808397054-1001
  User Name: ASTERIZU\DELL
  Computer: Asterizu
  Description: 
The server Windows.Gaming.GameBar.PresenceServer.Internal.PresenceWriter did not register with DCOM within the required timeout.

Event[7]:
  Log Name: System
  Source: Microsoft-Windows-DistributedCOM
  Date: 2025-09-02T22:14:08.4830000Z
  Event ID: 10010
  Task: N/A
  Level: Error
  Opcode: Info
  Keyword: Classic
  User: S-1-5-21-1400712973-4099593408-808397054-1001
  User Name: ASTERIZU\DELL
  Computer: Asterizu
  Description: 
The server Windows.Gaming.GameBar.PresenceServer.Internal.PresenceWriter did not register with DCOM within the required timeout.

Event[8]:
  Log Name: System
  Source: Microsoft-Windows-DistributedCOM
  Date: 2025-09-02T22:15:23.3730000Z
  Event ID: 10010
  Task: N/A
  Level: Error
  Opcode: Info
  Keyword: Classic
  User: S-1-5-21-1400712973-4099593408-808397054-1001
  User Name: ASTERIZU\DELL
  Computer: Asterizu
  Description: 
The server {FD06603A-2BDF-4BB1-B7DF-5DC68F353601} did not register with DCOM within the required timeout.

Event[9]:
  Log Name: System
  Source: Microsoft-Windows-DistributedCOM
  Date: 2025-09-02T22:15:27.0380000Z
  Event ID: 10010
  Task: N/A
  Level: Error
  Opcode: Info
  Keyword: Classic
  User: S-1-5-21-1400712973-4099593408-808397054-1001
  User Name: ASTERIZU\DELL
  Computer: Asterizu
  Description: 
The server {FD06603A-2BDF-4BB1-B7DF-5DC68F353601} did not register with DCOM within the required timeout.

Event[10]:
  Log Name: System
  Source: Microsoft-Windows-DistributedCOM
  Date: 2025-09-02T22:15:27.0850000Z
  Event ID: 10010
  Task: N/A
  Level: Error
  Opcode: Info
  Keyword: Classic
  User: S-1-5-21-1400712973-4099593408-808397054-1001
  User Name: ASTERIZU\DELL
  Computer: Asterizu
  Description: 
The server {FD06603A-2BDF-4BB1-B7DF-5DC68F353601} did not register with DCOM within the required timeout.

Event[11]:
  Log Name: System
  Source: Microsoft-Windows-DistributedCOM
  Date: 2025-09-02T23:12:35.4580000Z
  Event ID: 10010
  Task: N/A
  Level: Error
  Opcode: Info
  Keyword: Classic
  User: S-1-5-21-1400712973-4099593408-808397054-1001
  User Name: ASTERIZU\DELL
  Computer: Asterizu
  Description: 
The server Windows.Gaming.GameBar.PresenceServer.Internal.PresenceWriter did not register with DCOM within the required timeout.

Event[12]:
  Log Name: System
  Source: Microsoft-Windows-DistributedCOM
  Date: 2025-09-02T23:14:39.3890000Z
  Event ID: 10010
  Task: N/A
  Level: Error
  Opcode: Info
  Keyword: Classic
  User: S-1-5-21-1400712973-4099593408-808397054-1001
  User Name: ASTERIZU\DELL
  Computer: Asterizu
  Description: 
The server Windows.Gaming.GameBar.PresenceServer.Internal.PresenceWriter did not register with DCOM within the required timeout.

Event[13]:
  Log Name: System
  Source: Microsoft-Windows-DistributedCOM
  Date: 2025-09-02T23:43:59.0470000Z
  Event ID: 10010
  Task: N/A
  Level: Error
  Opcode: Info
  Keyword: Classic
  User: S-1-5-21-1400712973-4099593408-808397054-1001
  User Name: ASTERIZU\DELL
  Computer: Asterizu
  Description: 
The server Windows.Gaming.GameBar.PresenceServer.Internal.PresenceWriter did not register with DCOM within the required timeout.

Event[14]:
  Log Name: System
  Source: Microsoft-Windows-DistributedCOM
  Date: 2025-09-02T23:47:43.3590000Z
  Event ID: 10010
  Task: N/A
  Level: Error
  Opcode: Info
  Keyword: Classic
  User: S-1-5-21-1400712973-4099593408-808397054-1001
  User Name: ASTERIZU\DELL
  Computer: Asterizu
  Description: 
The server Windows.Gaming.GameBar.PresenceServer.Internal.PresenceWriter did not register with DCOM within the required timeout.

Event[15]:
  Log Name: System
  Source: Microsoft-Windows-DistributedCOM
  Date: 2025-09-03T00:04:46.1030000Z
  Event ID: 10010
  Task: N/A
  Level: Error
  Opcode: Info
  Keyword: Classic
  User: S-1-5-21-1400712973-4099593408-808397054-1001
  User Name: ASTERIZU\DELL
  Computer: Asterizu
  Description: 
The server Windows.Gaming.GameBar.PresenceServer.Internal.PresenceWriter did not register with DCOM within the required timeout.

Event[16]:
  Log Name: System
  Source: Microsoft-Windows-DistributedCOM
  Date: 2025-09-03T00:06:14.0820000Z
  Event ID: 10010
  Task: N/A
  Level: Error
  Opcode: Info
  Keyword: Classic
  User: S-1-5-21-1400712973-4099593408-808397054-1001
  User Name: ASTERIZU\DELL
  Computer: Asterizu
  Description: 
The server Windows.Gaming.GameBar.PresenceServer.Internal.PresenceWriter did not register with DCOM within the required timeout.

Event[17]:
  Log Name: System
  Source: Microsoft-Windows-DistributedCOM
  Date: 2025-09-03T00:25:17.6310000Z
  Event ID: 10010
  Task: N/A
  Level: Error
  Opcode: Info
  Keyword: Classic
  User: S-1-5-21-1400712973-4099593408-808397054-1001
  User Name: ASTERIZU\DELL
  Computer: Asterizu
  Description: 
The server Windows.Gaming.GameBar.PresenceServer.Internal.PresenceWriter did not register with DCOM within the required timeout.

Event[18]:
  Log Name: System
  Source: Microsoft-Windows-DistributedCOM
  Date: 2025-09-03T00:27:42.7220000Z
  Event ID: 10010
  Task: N/A
  Level: Error
  Opcode: Info
  Keyword: Classic
  User: S-1-5-21-1400712973-4099593408-808397054-1001
  User Name: ASTERIZU\DELL
  Computer: Asterizu
  Description: 
The server Windows.Gaming.GameBar.PresenceServer.Internal.PresenceWriter did not register with DCOM within the required timeout.

Event[19]:
  Log Name: System
  Source: Microsoft-Windows-DistributedCOM
  Date: 2025-09-03T00:52:14.6500000Z
  Event ID: 10010
  Task: N/A
  Level: Error
  Opcode: Info
  Keyword: Classic
  User: S-1-5-21-1400712973-4099593408-808397054-1001
  User Name: ASTERIZU\DELL
  Computer: Asterizu
  Description: 
The server Windows.Gaming.GameBar.PresenceServer.Internal.PresenceWriter did not register with DCOM within the required timeout.

Event[20]:
  Log Name: System
  Source: Microsoft-Windows-DistributedCOM
  Date: 2025-09-03T00:53:23.5020000Z
  Event ID: 10010
  Task: N/A
  Level: Error
  Opcode: Info
  Keyword: Classic
  User: S-1-5-21-1400712973-4099593408-808397054-1001
  User Name: ASTERIZU\DELL
  Computer: Asterizu
  Description: 
The server {FD06603A-2BDF-4BB1-B7DF-5DC68F353601} did not register with DCOM within the required timeout.

Event[21]:
  Log Name: System
  Source: Microsoft-Windows-DistributedCOM
  Date: 2025-09-03T00:53:24.5650000Z
  Event ID: 10010
  Task: N/A
  Level: Error
  Opcode: Info
  Keyword: Classic
  User: S-1-5-21-1400712973-4099593408-808397054-1001
  User Name: ASTERIZU\DELL
  Computer: Asterizu
  Description: 
The server {FD06603A-2BDF-4BB1-B7DF-5DC68F353601} did not register with DCOM within the required timeout.

Event[22]:
  Log Name: System
  Source: Microsoft-Windows-DistributedCOM
  Date: 2025-09-03T00:53:24.6270000Z
  Event ID: 10010
  Task: N/A
  Level: Error
  Opcode: Info
  Keyword: Classic
  User: S-1-5-21-1400712973-4099593408-808397054-1001
  User Name: ASTERIZU\DELL
  Computer: Asterizu
  Description: 
The server {FD06603A-2BDF-4BB1-B7DF-5DC68F353601} did not register with DCOM within the required timeout.

Event[23]:
  Log Name: System
  Source: RTWlanE
  Date: 2025-09-03T08:06:07.5110000Z
  Event ID: 5005
  Task: N/A
  Level: Error
  Opcode: N/A
  Keyword: Classic
  User: N/A
  User Name: N/A
  Computer: Asterizu
  Description: 
Realtek 8821CE Wireless LAN 802.11ac PCI-E NIC : Has encountered an internal error and has failed.

Event[24]:
  Log Name: System
  Source: Service Control Manager
  Date: 2025-09-03T13:17:04.5230000Z
  Event ID: 7009
  Task: N/A
  Level: Error
  Opcode: N/A
  Keyword: Classic
  User: N/A
  User Name: N/A
  Computer: Asterizu
  Description: 
A timeout was reached (45000 milliseconds) while waiting for the Intel(R) TPM Provisioning Service service to connect.

Event[25]:
  Log Name: System
  Source: Microsoft-Windows-DistributedCOM
  Date: 2025-09-03T14:23:26.2250000Z
  Event ID: 10010
  Task: N/A
  Level: Error
  Opcode: Info
  Keyword: Classic
  User: S-1-5-21-1400712973-4099593408-808397054-1001
  User Name: ASTERIZU\DELL
  Computer: Asterizu
  Description: 
The server Windows.Gaming.GameBar.PresenceServer.Internal.PresenceWriter did not register with DCOM within the required timeout.

Event[26]:
  Log Name: System
  Source: Microsoft-Windows-DistributedCOM
  Date: 2025-09-03T14:27:50.7970000Z
  Event ID: 10010
  Task: N/A
  Level: Error
  Opcode: Info
  Keyword: Classic
  User: S-1-5-21-1400712973-4099593408-808397054-1001
  User Name: ASTERIZU\DELL
  Computer: Asterizu
  Description: 
The server Windows.Gaming.GameBar.PresenceServer.Internal.PresenceWriter did not register with DCOM within the required timeout.

Event[27]:
  Log Name: System
  Source: Microsoft-Windows-DistributedCOM
  Date: 2025-09-03T14:39:45.4970000Z
  Event ID: 10010
  Task: N/A
  Level: Error
  Opcode: Info
  Keyword: Classic
  User: S-1-5-21-1400712973-4099593408-808397054-1001
  User Name: ASTERIZU\DELL
  Computer: Asterizu
  Description: 
The server Windows.Gaming.GameBar.PresenceServer.Internal.PresenceWriter did not register with DCOM within the required timeout.

Event[28]:
  Log Name: System
  Source: Microsoft-Windows-DistributedCOM
  Date: 2025-09-03T14:42:00.5980000Z
  Event ID: 10010
  Task: N/A
  Level: Error
  Opcode: Info
  Keyword: Classic
  User: S-1-5-21-1400712973-4099593408-808397054-1001
  User Name: ASTERIZU\DELL
  Computer: Asterizu
  Description: 
The server Windows.Gaming.GameBar.PresenceServer.Internal.PresenceWriter did not register with DCOM within the required timeout.

Event[29]:
  Log Name: System
  Source: Microsoft-Windows-DistributedCOM
  Date: 2025-09-03T14:55:41.3260000Z
  Event ID: 10010
  Task: N/A
  Level: Error
  Opcode: Info
  Keyword: Classic
  User: S-1-5-21-1400712973-4099593408-808397054-1001
  User Name: ASTERIZU\DELL
  Computer: Asterizu
  Description: 
The server Windows.Gaming.GameBar.PresenceServer.Internal.PresenceWriter did not register with DCOM within the required timeout.

Event[30]:
  Log Name: System
  Source: Microsoft-Windows-DistributedCOM
  Date: 2025-09-03T14:58:06.6180000Z
  Event ID: 10010
  Task: N/A
  Level: Error
  Opcode: Info
  Keyword: Classic
  User: S-1-5-21-1400712973-4099593408-808397054-1001
  User Name: ASTERIZU\DELL
  Computer: Asterizu
  Description: 
The server Windows.Gaming.GameBar.PresenceServer.Internal.PresenceWriter did not register with DCOM within the required timeout.

Event[31]:
  Log Name: System
  Source: Microsoft-Windows-DistributedCOM
  Date: 2025-09-03T15:17:59.6520000Z
  Event ID: 10010
  Task: N/A
  Level: Error
  Opcode: Info
  Keyword: Classic
  User: S-1-5-21-1400712973-4099593408-808397054-1001
  User Name: ASTERIZU\DELL
  Computer: Asterizu
  Description: 
The server Windows.Gaming.GameBar.PresenceServer.Internal.PresenceWriter did not register with DCOM within the required timeout.

Event[32]:
  Log Name: System
  Source: Microsoft-Windows-DistributedCOM
  Date: 2025-09-03T15:21:57.1080000Z
  Event ID: 10010
  Task: N/A
  Level: Error
  Opcode: Info
  Keyword: Classic
  User: S-1-5-21-1400712973-4099593408-808397054-1001
  User Name: ASTERIZU\DELL
  Computer: Asterizu
  Description: 
The server Windows.Gaming.GameBar.PresenceServer.Internal.PresenceWriter did not register with DCOM within the required timeout.

Event[33]:
  Log Name: System
  Source: Microsoft-Windows-DistributedCOM
  Date: 2025-09-03T15:45:45.7010000Z
  Event ID: 10010
  Task: N/A
  Level: Error
  Opcode: Info
  Keyword: Classic
  User: S-1-5-21-1400712973-4099593408-808397054-1001
  User Name: ASTERIZU\DELL
  Computer: Asterizu
  Description: 
The server Windows.Gaming.GameBar.PresenceServer.Internal.PresenceWriter did not register with DCOM within the required timeout.

Event[34]:
  Log Name: System
  Source: Microsoft-Windows-DistributedCOM
  Date: 2025-09-03T15:47:48.0170000Z
  Event ID: 10010
  Task: N/A
  Level: Error
  Opcode: Info
  Keyword: Classic
  User: S-1-5-21-1400712973-4099593408-808397054-1001
  User Name: ASTERIZU\DELL
  Computer: Asterizu
  Description: 
The server Windows.Media.Capture.Internal.AppCaptureShell did not register with DCOM within the required timeout.

Event[35]:
  Log Name: System
  Source: Service Control Manager
  Date: 2025-09-03T19:35:56.8780000Z
  Event ID: 7009
  Task: N/A
  Level: Error
  Opcode: N/A
  Keyword: Classic
  User: N/A
  User Name: N/A
  Computer: Asterizu
  Description: 
A timeout was reached (45000 milliseconds) while waiting for the Intel(R) TPM Provisioning Service service to connect.

Event[36]:
  Log Name: System
  Source: Microsoft-Windows-DistributedCOM
  Date: 2025-09-03T21:27:35.8420000Z
  Event ID: 10010
  Task: N/A
  Level: Error
  Opcode: Info
  Keyword: Classic
  User: S-1-5-21-1400712973-4099593408-808397054-1001
  User Name: ASTERIZU\DELL
  Computer: Asterizu
  Description: 
The server Windows.Gaming.GameBar.PresenceServer.Internal.PresenceWriter did not register with DCOM within the required timeout.

Event[37]:
  Log Name: System
  Source: Microsoft-Windows-DistributedCOM
  Date: 2025-09-03T21:31:21.4140000Z
  Event ID: 10010
  Task: N/A
  Level: Error
  Opcode: Info
  Keyword: Classic
  User: S-1-5-21-1400712973-4099593408-808397054-1001
  User Name: ASTERIZU\DELL
  Computer: Asterizu
  Description: 
The server Windows.Gaming.GameBar.PresenceServer.Internal.PresenceWriter did not register with DCOM within the required timeout.

Event[38]:
  Log Name: System
  Source: Microsoft-Windows-DistributedCOM
  Date: 2025-09-03T21:48:40.2900000Z
  Event ID: 10010
  Task: N/A
  Level: Error
  Opcode: Info
  Keyword: Classic
  User: S-1-5-21-1400712973-4099593408-808397054-1001
  User Name: ASTERIZU\DELL
  Computer: Asterizu
  Description: 
The server Windows.Gaming.GameBar.PresenceServer.Internal.PresenceWriter did not register with DCOM within the required timeout.

Event[39]:
  Log Name: System
  Source: Microsoft-Windows-DistributedCOM
  Date: 2025-09-03T21:50:59.0150000Z
  Event ID: 10010
  Task: N/A
  Level: Error
  Opcode: Info
  Keyword: Classic
  User: S-1-5-21-1400712973-4099593408-808397054-1001
  User Name: ASTERIZU\DELL
  Computer: Asterizu
  Description: 
The server Windows.Gaming.GameBar.PresenceServer.Internal.PresenceWriter did not register with DCOM within the required timeout.

Event[40]:
  Log Name: System
  Source: Microsoft-Windows-DistributedCOM
  Date: 2025-09-03T22:20:55.7210000Z
  Event ID: 10010
  Task: N/A
  Level: Error
  Opcode: Info
  Keyword: Classic
  User: S-1-5-21-1400712973-4099593408-808397054-1001
  User Name: ASTERIZU\DELL
  Computer: Asterizu
  Description: 
The server Windows.Gaming.GameBar.PresenceServer.Internal.PresenceWriter did not register with DCOM within the required timeout.

Event[41]:
  Log Name: System
  Source: Microsoft-Windows-DistributedCOM
  Date: 2025-09-03T22:22:21.0850000Z
  Event ID: 10010
  Task: N/A
  Level: Error
  Opcode: Info
  Keyword: Classic
  User: S-1-5-21-1400712973-4099593408-808397054-1001
  User Name: ASTERIZU\DELL
  Computer: Asterizu
  Description: 
The server Windows.Gaming.GameBar.PresenceServer.Internal.PresenceWriter did not register with DCOM within the required timeout.

Event[42]:
  Log Name: System
  Source: Service Control Manager
  Date: 2025-09-04T06:29:53.6260000Z
  Event ID: 7009
  Task: N/A
  Level: Error
  Opcode: N/A
  Keyword: Classic
  User: N/A
  User Name: N/A
  Computer: Asterizu
  Description: 
A timeout was reached (45000 milliseconds) while waiting for the Intel(R) TPM Provisioning Service service to connect.

Event[43]:
  Log Name: System
  Source: Microsoft-Windows-DistributedCOM
  Date: 2025-09-04T07:38:18.9430000Z
  Event ID: 10010
  Task: N/A
  Level: Error
  Opcode: Info
  Keyword: Classic
  User: S-1-5-21-1400712973-4099593408-808397054-1001
  User Name: ASTERIZU\DELL
  Computer: Asterizu
  Description: 
The server Windows.Gaming.GameBar.PresenceServer.Internal.PresenceWriter did not register with DCOM within the required timeout.

Event[44]:
  Log Name: System
  Source: Microsoft-Windows-DistributedCOM
  Date: 2025-09-04T07:55:49.6230000Z
  Event ID: 10010
  Task: N/A
  Level: Error
  Opcode: Info
  Keyword: Classic
  User: S-1-5-21-1400712973-4099593408-808397054-1001
  User Name: ASTERIZU\DELL
  Computer: Asterizu
  Description: 
The server Windows.Gaming.GameBar.PresenceServer.Internal.PresenceWriter did not register with DCOM within the required timeout.

Event[45]:
  Log Name: System
  Source: Microsoft-Windows-DistributedCOM
  Date: 2025-09-04T08:12:54.7290000Z
  Event ID: 10010
  Task: N/A
  Level: Error
  Opcode: Info
  Keyword: Classic
  User: S-1-5-21-1400712973-4099593408-808397054-1001
  User Name: ASTERIZU\DELL
  Computer: Asterizu
  Description: 
The server Windows.Gaming.GameBar.PresenceServer.Internal.PresenceWriter did not register with DCOM within the required timeout.

Event[46]:
  Log Name: System
  Source: Microsoft-Windows-DistributedCOM
  Date: 2025-09-04T08:16:38.4870000Z
  Event ID: 10010
  Task: N/A
  Level: Error
  Opcode: Info
  Keyword: Classic
  User: S-1-5-21-1400712973-4099593408-808397054-1001
  User Name: ASTERIZU\DELL
  Computer: Asterizu
  Description: 
The server Windows.Gaming.GameBar.PresenceServer.Internal.PresenceWriter did not register with DCOM within the required timeout.

Event[47]:
  Log Name: System
  Source: Microsoft-Windows-DistributedCOM
  Date: 2025-09-04T08:42:52.0610000Z
  Event ID: 10010
  Task: N/A
  Level: Error
  Opcode: Info
  Keyword: Classic
  User: S-1-5-21-1400712973-4099593408-808397054-1001
  User Name: ASTERIZU\DELL
  Computer: Asterizu
  Description: 
The server Windows.Gaming.GameBar.PresenceServer.Internal.PresenceWriter did not register with DCOM within the required timeout.

Event[48]:
  Log Name: System
  Source: Microsoft-Windows-DistributedCOM
  Date: 2025-09-04T08:44:34.7720000Z
  Event ID: 10010
  Task: N/A
  Level: Error
  Opcode: Info
  Keyword: Classic
  User: S-1-5-21-1400712973-4099593408-808397054-1001
  User Name: ASTERIZU\DELL
  Computer: Asterizu
  Description: 
The server Windows.Gaming.GameBar.PresenceServer.Internal.PresenceWriter did not register with DCOM within the required timeout.

Event[49]:
  Log Name: System
  Source: Microsoft-Windows-DistributedCOM
  Date: 2025-09-04T09:02:01.1700000Z
  Event ID: 10010
  Task: N/A
  Level: Error
  Opcode: Info
  Keyword: Classic
  User: S-1-5-21-1400712973-4099593408-808397054-1001
  User Name: ASTERIZU\DELL
  Computer: Asterizu
  Description: 
The server Windows.Gaming.GameBar.PresenceServer.Internal.PresenceWriter did not register with DCOM within the required timeout.

Event[50]:
  Log Name: System
  Source: Microsoft-Windows-WindowsUpdateClient
  Date: 2025-09-04T09:29:11.2940000Z
  Event ID: 20
  Task: Windows Update Agent
  Level: Error
  Opcode: Installation
  Keyword: Installation,Failure
  User: S-1-5-18
  User Name: NT AUTHORITY\SYSTEM
  Computer: Asterizu
  Description: 
Installation Failure: Windows failed to install the following update with error 0x80073D02: 9NTM2QC6QWS7-12030rocksdanister.LivelyWallpaper.

Event[51]:
  Log Name: System
  Source: Service Control Manager
  Date: 2025-09-04T11:21:56.7920000Z
  Event ID: 7009
  Task: N/A
  Level: Error
  Opcode: N/A
  Keyword: Classic
  User: N/A
  User Name: N/A
  Computer: Asterizu
  Description: 
A timeout was reached (45000 milliseconds) while waiting for the Intel(R) TPM Provisioning Service service to connect.

Event[52]:
  Log Name: System
  Source: Service Control Manager
  Date: 2025-09-05T00:34:27.3070000Z
  Event ID: 7009
  Task: N/A
  Level: Error
  Opcode: N/A
  Keyword: Classic
  User: N/A
  User Name: N/A
  Computer: Asterizu
  Description: 
A timeout was reached (45000 milliseconds) while waiting for the Intel(R) TPM Provisioning Service service to connect.

Event[53]:
  Log Name: System
  Source: Microsoft-Windows-DistributedCOM
  Date: 2025-09-05T00:51:25.8890000Z
  Event ID: 10010
  Task: N/A
  Level: Error
  Opcode: Info
  Keyword: Classic
  User: S-1-5-21-1400712973-4099593408-808397054-1001
  User Name: ASTERIZU\DELL
  Computer: Asterizu
  Description: 
The server Windows.Gaming.GameBar.PresenceServer.Internal.PresenceWriter did not register with DCOM within the required timeout.

Event[54]:
  Log Name: System
  Source: Microsoft-Windows-DistributedCOM
  Date: 2025-09-05T01:05:10.1800000Z
  Event ID: 10010
  Task: N/A
  Level: Error
  Opcode: Info
  Keyword: Classic
  User: S-1-5-21-1400712973-4099593408-808397054-1001
  User Name: ASTERIZU\DELL
  Computer: Asterizu
  Description: 
The server Windows.Gaming.GameBar.PresenceServer.Internal.PresenceWriter did not register with DCOM within the required timeout.

Event[55]:
  Log Name: System
  Source: Microsoft-Windows-DistributedCOM
  Date: 2025-09-05T01:47:52.1490000Z
  Event ID: 10010
  Task: N/A
  Level: Error
  Opcode: Info
  Keyword: Classic
  User: S-1-5-21-1400712973-4099593408-808397054-1001
  User Name: ASTERIZU\DELL
  Computer: Asterizu
  Description: 
The server Windows.Gaming.GameBar.PresenceServer.Internal.PresenceWriter did not register with DCOM within the required timeout.

Event[56]:
  Log Name: System
  Source: Microsoft-Windows-DistributedCOM
  Date: 2025-09-05T01:55:14.6460000Z
  Event ID: 10010
  Task: N/A
  Level: Error
  Opcode: Info
  Keyword: Classic
  User: S-1-5-21-1400712973-4099593408-808397054-1001
  User Name: ASTERIZU\DELL
  Computer: Asterizu
  Description: 
The server Windows.Gaming.GameBar.PresenceServer.Internal.PresenceWriter did not register with DCOM within the required timeout.

Event[57]:
  Log Name: System
  Source: Service Control Manager
  Date: 2025-09-05T02:15:01.1930000Z
  Event ID: 7009
  Task: N/A
  Level: Error
  Opcode: N/A
  Keyword: Classic
  User: N/A
  User Name: N/A
  Computer: Asterizu
  Description: 
A timeout was reached (30000 milliseconds) while waiting for the GameDVR and Broadcast User Service_a4baf service to connect.

Event[58]:
  Log Name: System
  Source: Service Control Manager
  Date: 2025-09-05T02:15:01.1940000Z
  Event ID: 7000
  Task: N/A
  Level: Error
  Opcode: N/A
  Keyword: Classic
  User: N/A
  User Name: N/A
  Computer: Asterizu
  Description: 
The GameDVR and Broadcast User Service_a4baf service failed to start due to the following error: 
The service did not respond to the start or control request in a timely fashion.

Event[59]:
  Log Name: System
  Source: Microsoft-Windows-DistributedCOM
  Date: 2025-09-05T02:15:01.1950000Z
  Event ID: 10005
  Task: N/A
  Level: Error
  Opcode: Info
  Keyword: Classic
  User: S-1-5-21-1400712973-4099593408-808397054-1001
  User Name: ASTERIZU\DELL
  Computer: Asterizu
  Description: 
DCOM got error "1053" attempting to start the service BcastDVRUserService_a4baf with arguments "Unavailable" in order to run the server:
Windows.Media.Capture.Internal.AppCaptureShell

Event[60]:
  Log Name: System
  Source: Service Control Manager
  Date: 2025-09-05T14:34:04.7750000Z
  Event ID: 7009
  Task: N/A
  Level: Error
  Opcode: N/A
  Keyword: Classic
  User: N/A
  User Name: N/A
  Computer: Asterizu
  Description: 
A timeout was reached (45000 milliseconds) while waiting for the Intel(R) TPM Provisioning Service service to connect.

Event[61]:
  Log Name: System
  Source: Microsoft-Windows-DistributedCOM
  Date: 2025-09-05T14:49:54.6280000Z
  Event ID: 10010
  Task: N/A
  Level: Error
  Opcode: Info
  Keyword: Classic
  User: S-1-5-21-1400712973-4099593408-808397054-1001
  User Name: ASTERIZU\DELL
  Computer: Asterizu
  Description: 
The server Windows.Gaming.GameBar.PresenceServer.Internal.PresenceWriter did not register with DCOM within the required timeout.

Event[62]:
  Log Name: System
  Source: Microsoft-Windows-DistributedCOM
  Date: 2025-09-05T15:21:45.5450000Z
  Event ID: 10010
  Task: N/A
  Level: Error
  Opcode: Info
  Keyword: Classic
  User: S-1-5-21-1400712973-4099593408-808397054-1001
  User Name: ASTERIZU\DELL
  Computer: Asterizu
  Description: 
The server Windows.Gaming.GameBar.PresenceServer.Internal.PresenceWriter did not register with DCOM within the required timeout.

Event[63]:
  Log Name: System
  Source: Microsoft-Windows-DistributedCOM
  Date: 2025-09-05T15:39:41.0470000Z
  Event ID: 10010
  Task: N/A
  Level: Error
  Opcode: Info
  Keyword: Classic
  User: S-1-5-21-1400712973-4099593408-808397054-1001
  User Name: ASTERIZU\DELL
  Computer: Asterizu
  Description: 
The server Windows.Gaming.GameBar.PresenceServer.Internal.PresenceWriter did not register with DCOM within the required timeout.

Event[64]:
  Log Name: System
  Source: Microsoft-Windows-DistributedCOM
  Date: 2025-09-05T15:43:30.8360000Z
  Event ID: 10010
  Task: N/A
  Level: Error
  Opcode: Info
  Keyword: Classic
  User: S-1-5-21-1400712973-4099593408-808397054-1001
  User Name: ASTERIZU\DELL
  Computer: Asterizu
  Description: 
The server Windows.Gaming.GameBar.PresenceServer.Internal.PresenceWriter did not register with DCOM within the required timeout.

Event[65]:
  Log Name: System
  Source: Microsoft-Windows-DistributedCOM
  Date: 2025-09-05T16:05:45.1210000Z
  Event ID: 10010
  Task: N/A
  Level: Error
  Opcode: Info
  Keyword: Classic
  User: S-1-5-21-1400712973-4099593408-808397054-1001
  User Name: ASTERIZU\DELL
  Computer: Asterizu
  Description: 
The server Windows.Gaming.GameBar.PresenceServer.Internal.PresenceWriter did not register with DCOM within the required timeout.

Event[66]:
  Log Name: System
  Source: EventLog
  Date: 2025-09-05T23:19:54.2670000Z
  Event ID: 6008
  Task: N/A
  Level: Error
  Opcode: N/A
  Keyword: Classic
  User: N/A
  User Name: N/A
  Computer: Asterizu
  Description: 
The previous system shutdown at 4:39:03 pm on ?05/?09/?2025 was unexpected.

Event[67]:
  Log Name: System
  Source: Microsoft-Windows-Kernel-Power
  Date: 2025-09-05T23:19:46.3380000Z
  Event ID: 41
  Task: N/A
  Level: Critical
  Opcode: Info
  Keyword: N/A
  User: S-1-5-18
  User Name: NT AUTHORITY\SYSTEM
  Computer: Asterizu
  Description: 
The system has rebooted without cleanly shutting down first. This error could be caused if the system stopped responding, crashed, or lost power unexpectedly.

Event[68]:
  Log Name: System
  Source: Microsoft-Windows-WER-SystemErrorReporting
  Date: 2025-09-05T23:19:55.1820000Z
  Event ID: 1001
  Task: N/A
  Level: Error
  Opcode: N/A
  Keyword: Classic
  User: N/A
  User Name: N/A
  Computer: Asterizu
  Description: 
The computer has rebooted from a bugcheck.  The bugcheck was: 0x00000154 (0xffffd7824b9dc000, 0xffff92842dd86050, 0x0000000000000001, 0x0000000000000000). A dump was saved in: C:\WINDOWS\Minidump\090525-16312-01.dmp. Report Id: fc02b1dd-8df6-4305-8a56-56e8d8fc6686.

Event[69]:
  Log Name: System
  Source: Service Control Manager
  Date: 2025-09-05T23:19:56.1890000Z
  Event ID: 7009
  Task: N/A
  Level: Error
  Opcode: N/A
  Keyword: Classic
  User: N/A
  User Name: N/A
  Computer: Asterizu
  Description: 
A timeout was reached (45000 milliseconds) while waiting for the Intel(R) TPM Provisioning Service service to connect.

Event[70]:
  Log Name: System
  Source: Microsoft-Windows-DistributedCOM
  Date: 2025-09-05T23:22:48.9540000Z
  Event ID: 10010
  Task: N/A
  Level: Error
  Opcode: Info
  Keyword: Classic
  User: S-1-5-21-1400712973-4099593408-808397054-1001
  User Name: ASTERIZU\DELL
  Computer: Asterizu
  Description: 
The server Windows.Gaming.GameBar.PresenceServer.Internal.PresenceWriter did not register with DCOM within the required timeout.

Event[71]:
  Log Name: System
  Source: Microsoft-Windows-DistributedCOM
  Date: 2025-09-06T00:03:33.8560000Z
  Event ID: 10010
  Task: N/A
  Level: Error
  Opcode: Info
  Keyword: Classic
  User: S-1-5-21-1400712973-4099593408-808397054-1001
  User Name: ASTERIZU\DELL
  Computer: Asterizu
  Description: 
The server Windows.Gaming.GameBar.PresenceServer.Internal.PresenceWriter did not register with DCOM within the required timeout.

Event[72]:
  Log Name: System
  Source: Microsoft-Windows-DistributedCOM
  Date: 2025-09-06T00:11:00.3270000Z
  Event ID: 10010
  Task: N/A
  Level: Error
  Opcode: Info
  Keyword: Classic
  User: S-1-5-21-1400712973-4099593408-808397054-1001
  User Name: ASTERIZU\DELL
  Computer: Asterizu
  Description: 
The server Windows.Gaming.GameBar.PresenceServer.Internal.PresenceWriter did not register with DCOM within the required timeout.

Event[73]:
  Log Name: System
  Source: Microsoft-Windows-DistributedCOM
  Date: 2025-09-06T00:47:58.0030000Z
  Event ID: 10010
  Task: N/A
  Level: Error
  Opcode: Info
  Keyword: Classic
  User: S-1-5-21-1400712973-4099593408-808397054-1001
  User Name: ASTERIZU\DELL
  Computer: Asterizu
  Description: 
The server Windows.Gaming.GameBar.PresenceServer.Internal.PresenceWriter did not register with DCOM within the required timeout.

Event[74]:
  Log Name: System
  Source: Service Control Manager
  Date: 2025-09-06T00:56:33.6080000Z
  Event ID: 7009
  Task: N/A
  Level: Error
  Opcode: N/A
  Keyword: Classic
  User: N/A
  User Name: N/A
  Computer: Asterizu
  Description: 
A timeout was reached (45000 milliseconds) while waiting for the Intel(R) TPM Provisioning Service service to connect.

Event[75]:
  Log Name: System
  Source: Service Control Manager
  Date: 2025-09-06T06:32:03.6100000Z
  Event ID: 7009
  Task: N/A
  Level: Error
  Opcode: N/A
  Keyword: Classic
  User: N/A
  User Name: N/A
  Computer: Asterizu
  Description: 
A timeout was reached (45000 milliseconds) while waiting for the Intel(R) TPM Provisioning Service service to connect.

Event[76]:
  Log Name: System
  Source: RTWlanE
  Date: 2025-09-06T06:32:08.6470000Z
  Event ID: 5005
  Task: N/A
  Level: Error
  Opcode: N/A
  Keyword: Classic
  User: N/A
  User Name: N/A
  Computer: Asterizu
  Description: 
Realtek 8821CE Wireless LAN 802.11ac PCI-E NIC : Has encountered an internal error and has failed.

Event[77]:
  Log Name: System
  Source: Microsoft-Windows-DistributedCOM
  Date: 2025-09-06T06:50:42.3760000Z
  Event ID: 10010
  Task: N/A
  Level: Error
  Opcode: Info
  Keyword: Classic
  User: S-1-5-21-1400712973-4099593408-808397054-1001
  User Name: ASTERIZU\DELL
  Computer: Asterizu
  Description: 
The server Windows.Gaming.GameBar.PresenceServer.Internal.PresenceWriter did not register with DCOM within the required timeout.

Event[78]:
  Log Name: System
  Source: Microsoft-Windows-DistributedCOM
  Date: 2025-09-06T06:52:22.8220000Z
  Event ID: 10010
  Task: N/A
  Level: Error
  Opcode: Info
  Keyword: Classic
  User: S-1-5-21-1400712973-4099593408-808397054-1001
  User Name: ASTERIZU\DELL
  Computer: Asterizu
  Description: 
The server Windows.Gaming.GameBar.PresenceServer.Internal.PresenceWriter did not register with DCOM within the required timeout.

Event[79]:
  Log Name: System
  Source: Microsoft-Windows-DistributedCOM
  Date: 2025-09-06T07:40:26.8170000Z
  Event ID: 10010
  Task: N/A
  Level: Error
  Opcode: Info
  Keyword: Classic
  User: S-1-5-21-1400712973-4099593408-808397054-1001
  User Name: ASTERIZU\DELL
  Computer: Asterizu
  Description: 
The server Windows.Gaming.GameBar.PresenceServer.Internal.PresenceWriter did not register with DCOM within the required timeout.

Event[80]:
  Log Name: System
  Source: Microsoft-Windows-DistributedCOM
  Date: 2025-09-06T08:14:23.1450000Z
  Event ID: 10010
  Task: N/A
  Level: Error
  Opcode: Info
  Keyword: Classic
  User: S-1-5-21-1400712973-4099593408-808397054-1001
  User Name: ASTERIZU\DELL
  Computer: Asterizu
  Description: 
The server Windows.Gaming.GameBar.PresenceServer.Internal.PresenceWriter did not register with DCOM within the required timeout.

Event[81]:
  Log Name: System
  Source: Microsoft-Windows-DistributedCOM
  Date: 2025-09-06T08:20:04.1350000Z
  Event ID: 10010
  Task: N/A
  Level: Error
  Opcode: Info
  Keyword: Classic
  User: S-1-5-21-1400712973-4099593408-808397054-1001
  User Name: ASTERIZU\DELL
  Computer: Asterizu
  Description: 
The server Windows.Gaming.GameBar.PresenceServer.Internal.PresenceWriter did not register with DCOM within the required timeout.

Event[82]:
  Log Name: System
  Source: Microsoft-Windows-DistributedCOM
  Date: 2025-09-06T08:43:42.3830000Z
  Event ID: 10010
  Task: N/A
  Level: Error
  Opcode: Info
  Keyword: Classic
  User: S-1-5-21-1400712973-4099593408-808397054-1001
  User Name: ASTERIZU\DELL
  Computer: Asterizu
  Description: 
The server Windows.Gaming.GameBar.PresenceServer.Internal.PresenceWriter did not register with DCOM within the required timeout.

Event[83]:
  Log Name: System
  Source: Service Control Manager
  Date: 2025-09-06T09:29:13.0110000Z
  Event ID: 7009
  Task: N/A
  Level: Error
  Opcode: N/A
  Keyword: Classic
  User: N/A
  User Name: N/A
  Computer: Asterizu
  Description: 
A timeout was reached (45000 milliseconds) while waiting for the Intel(R) TPM Provisioning Service service to connect.

Event[84]:
  Log Name: System
  Source: Microsoft-Windows-DistributedCOM
  Date: 2025-09-06T09:30:35.8450000Z
  Event ID: 10010
  Task: N/A
  Level: Error
  Opcode: Info
  Keyword: Classic
  User: S-1-5-21-1400712973-4099593408-808397054-1001
  User Name: ASTERIZU\DELL
  Computer: Asterizu
  Description: 
The server Windows.Gaming.GameBar.PresenceServer.Internal.PresenceWriter did not register with DCOM within the required timeout.

Event[85]:
  Log Name: System
  Source: Microsoft-Windows-DistributedCOM
  Date: 2025-09-06T09:32:34.4410000Z
  Event ID: 10010
  Task: N/A
  Level: Error
  Opcode: Info
  Keyword: Classic
  User: S-1-5-21-1400712973-4099593408-808397054-1001
  User Name: ASTERIZU\DELL
  Computer: Asterizu
  Description: 
The server Windows.Gaming.GameBar.PresenceServer.Internal.PresenceWriter did not register with DCOM within the required timeout.

Event[86]:
  Log Name: System
  Source: Microsoft-Windows-DistributedCOM
  Date: 2025-09-06T09:47:23.5820000Z
  Event ID: 10010
  Task: N/A
  Level: Error
  Opcode: Info
  Keyword: Classic
  User: S-1-5-21-1400712973-4099593408-808397054-1001
  User Name: ASTERIZU\DELL
  Computer: Asterizu
  Description: 
The server Windows.Gaming.GameBar.PresenceServer.Internal.PresenceWriter did not register with DCOM within the required timeout.

Event[87]:
  Log Name: System
  Source: Microsoft-Windows-DistributedCOM
  Date: 2025-09-06T09:49:09.6270000Z
  Event ID: 10010
  Task: N/A
  Level: Error
  Opcode: Info
  Keyword: Classic
  User: S-1-5-21-1400712973-4099593408-808397054-1001
  User Name: ASTERIZU\DELL
  Computer: Asterizu
  Description: 
The server Windows.Gaming.GameBar.PresenceServer.Internal.PresenceWriter did not register with DCOM within the required timeout.

Event[88]:
  Log Name: System
  Source: Microsoft-Windows-DistributedCOM
  Date: 2025-09-06T10:11:41.8190000Z
  Event ID: 10010
  Task: N/A
  Level: Error
  Opcode: Info
  Keyword: Classic
  User: S-1-5-21-1400712973-4099593408-808397054-1001
  User Name: ASTERIZU\DELL
  Computer: Asterizu
  Description: 
The server Windows.Gaming.GameBar.PresenceServer.Internal.PresenceWriter did not register with DCOM within the required timeout.

Event[89]:
  Log Name: System
  Source: Microsoft-Windows-DistributedCOM
  Date: 2025-09-06T10:13:44.0360000Z
  Event ID: 10010
  Task: N/A
  Level: Error
  Opcode: Info
  Keyword: Classic
  User: S-1-5-21-1400712973-4099593408-808397054-1001
  User Name: ASTERIZU\DELL
  Computer: Asterizu
  Description: 
The server Windows.Media.Capture.Internal.AppCaptureShell did not register with DCOM within the required timeout.

Event[90]:
  Log Name: System
  Source: Microsoft-Windows-DistributedCOM
  Date: 2025-09-06T10:15:34.0690000Z
  Event ID: 10010
  Task: N/A
  Level: Error
  Opcode: Info
  Keyword: Classic
  User: S-1-5-21-1400712973-4099593408-808397054-1001
  User Name: ASTERIZU\DELL
  Computer: Asterizu
  Description: 
The server Windows.Gaming.GameBar.PresenceServer.Internal.PresenceWriter did not register with DCOM within the required timeout.

Event[91]:
  Log Name: System
  Source: Microsoft-Windows-DistributedCOM
  Date: 2025-09-06T10:43:09.7440000Z
  Event ID: 10010
  Task: N/A
  Level: Error
  Opcode: Info
  Keyword: Classic
  User: S-1-5-21-1400712973-4099593408-808397054-1001
  User Name: ASTERIZU\DELL
  Computer: Asterizu
  Description: 
The server Windows.Gaming.GameBar.PresenceServer.Internal.PresenceWriter did not register with DCOM within the required timeout.

Event[92]:
  Log Name: System
  Source: Service Control Manager
  Date: 2025-09-06T11:35:48.8620000Z
  Event ID: 7009
  Task: N/A
  Level: Error
  Opcode: N/A
  Keyword: Classic
  User: N/A
  User Name: N/A
  Computer: Asterizu
  Description: 
A timeout was reached (45000 milliseconds) while waiting for the Intel(R) TPM Provisioning Service service to connect.

Event[93]:
  Log Name: System
  Source: Microsoft-Windows-DistributedCOM
  Date: 2025-09-06T11:45:35.8520000Z
  Event ID: 10010
  Task: N/A
  Level: Error
  Opcode: Info
  Keyword: Classic
  User: S-1-5-21-1400712973-4099593408-808397054-1001
  User Name: ASTERIZU\DELL
  Computer: Asterizu
  Description: 
The server Windows.Gaming.GameBar.PresenceServer.Internal.PresenceWriter did not register with DCOM within the required timeout.

Event[94]:
  Log Name: System
  Source: Microsoft-Windows-DistributedCOM
  Date: 2025-09-06T14:02:10.1300000Z
  Event ID: 10010
  Task: N/A
  Level: Error
  Opcode: Info
  Keyword: Classic
  User: S-1-5-21-1400712973-4099593408-808397054-1001
  User Name: ASTERIZU\DELL
  Computer: Asterizu
  Description: 
The server Microsoft.Windows.Search_1.14.18.19041_neutral_neutral_cw5n1h2txyewy!ShellFeedsUI did not register with DCOM within the required timeout.

Event[95]:
  Log Name: System
  Source: Microsoft-Windows-DistributedCOM
  Date: 2025-09-06T14:02:11.4580000Z
  Event ID: 10010
  Task: N/A
  Level: Error
  Opcode: Info
  Keyword: Classic
  User: S-1-5-21-1400712973-4099593408-808397054-1001
  User Name: ASTERIZU\DELL
  Computer: Asterizu
  Description: 
The server Microsoft.Windows.Search_1.14.18.19041_neutral_neutral_cw5n1h2txyewy!CortanaUI.AppXf8r3d8cn5hd71h9jyzah6ak9f3shj2d2.mca did not register with DCOM within the required timeout.

Event[96]:
  Log Name: System
  Source: Microsoft-Windows-DistributedCOM
  Date: 2025-09-06T14:02:11.5210000Z
  Event ID: 10010
  Task: N/A
  Level: Error
  Opcode: Info
  Keyword: Classic
  User: S-1-5-21-1400712973-4099593408-808397054-1001
  User Name: ASTERIZU\DELL
  Computer: Asterizu
  Description: 
The server Microsoft.AAD.BrokerPlugin_1000.19041.4239.0_neutral_neutral_cw5n1h2txyewy!Windows.Security.Authentication.Web.Core.BackgroundGetTokenTask.ClassId.WebAccountProvider did not register with DCOM within the required timeout.

Event[97]:
  Log Name: System
  Source: Microsoft-Windows-DistributedCOM
  Date: 2025-09-06T14:02:11.6610000Z
  Event ID: 10010
  Task: N/A
  Level: Error
  Opcode: Info
  Keyword: Classic
  User: S-1-5-21-1400712973-4099593408-808397054-1001
  User Name: ASTERIZU\DELL
  Computer: Asterizu
  Description: 
The server Microsoft.AAD.BrokerPlugin_1000.19041.4239.0_neutral_neutral_cw5n1h2txyewy!Windows.Security.Authentication.Web.Core.BackgroundGetTokenTask.ClassId.WebAccountProvider did not register with DCOM within the required timeout.

Event[98]:
  Log Name: System
  Source: Microsoft-Windows-DistributedCOM
  Date: 2025-09-06T14:02:11.8180000Z
  Event ID: 10010
  Task: N/A
  Level: Error
  Opcode: Info
  Keyword: Classic
  User: S-1-5-21-1400712973-4099593408-808397054-1001
  User Name: ASTERIZU\DELL
  Computer: Asterizu
  Description: 
The server Microsoft.AAD.BrokerPlugin_1000.19041.4239.0_neutral_neutral_cw5n1h2txyewy!Windows.Security.Authentication.Web.Core.BackgroundGetTokenTask.ClassId.WebAccountProvider did not register with DCOM within the required timeout.

Event[99]:
  Log Name: System
  Source: Microsoft-Windows-DistributedCOM
  Date: 2025-09-06T14:02:11.9580000Z
  Event ID: 10010
  Task: N/A
  Level: Error
  Opcode: Info
  Keyword: Classic
  User: S-1-5-21-1400712973-4099593408-808397054-1001
  User Name: ASTERIZU\DELL
  Computer: Asterizu
  Description: 
The server Microsoft.AAD.BrokerPlugin_1000.19041.4239.0_neutral_neutral_cw5n1h2txyewy!Windows.Security.Authentication.Web.Core.BackgroundGetTokenTask.ClassId.WebAccountProvider did not register with DCOM within the required timeout.

Event[100]:
  Log Name: System
  Source: Microsoft-Windows-DistributedCOM
  Date: 2025-09-06T14:02:12.0680000Z
  Event ID: 10010
  Task: N/A
  Level: Error
  Opcode: Info
  Keyword: Classic
  User: S-1-5-21-1400712973-4099593408-808397054-1001
  User Name: ASTERIZU\DELL
  Computer: Asterizu
  Description: 
The server Microsoft.AAD.BrokerPlugin_1000.19041.4239.0_neutral_neutral_cw5n1h2txyewy!Windows.Security.Authentication.Web.Core.BackgroundGetTokenTask.ClassId.WebAccountProvider did not register with DCOM within the required timeout.

Event[101]:
  Log Name: System
  Source: Microsoft-Windows-DistributedCOM
  Date: 2025-09-06T14:02:12.2080000Z
  Event ID: 10010
  Task: N/A
  Level: Error
  Opcode: Info
  Keyword: Classic
  User: S-1-5-21-1400712973-4099593408-808397054-1001
  User Name: ASTERIZU\DELL
  Computer: Asterizu
  Description: 
The server Microsoft.AAD.BrokerPlugin_1000.19041.4239.0_neutral_neutral_cw5n1h2txyewy!Windows.Security.Authentication.Web.Core.BackgroundGetTokenTask.ClassId.WebAccountProvider did not register with DCOM within the required timeout.

Event[102]:
  Log Name: System
  Source: Microsoft-Windows-DistributedCOM
  Date: 2025-09-06T14:02:12.2710000Z
  Event ID: 10010
  Task: N/A
  Level: Error
  Opcode: Info
  Keyword: Classic
  User: S-1-5-21-1400712973-4099593408-808397054-1001
  User Name: ASTERIZU\DELL
  Computer: Asterizu
  Description: 
The server Microsoft.AAD.BrokerPlugin_1000.19041.4239.0_neutral_neutral_cw5n1h2txyewy!Windows.Security.Authentication.Web.Core.BackgroundGetTokenTask.ClassId.WebAccountProvider did not register with DCOM within the required timeout.

Event[103]:
  Log Name: System
  Source: Microsoft-Windows-DistributedCOM
  Date: 2025-09-06T14:02:12.5830000Z
  Event ID: 10010
  Task: N/A
  Level: Error
  Opcode: Info
  Keyword: Classic
  User: S-1-5-21-1400712973-4099593408-808397054-1001
  User Name: ASTERIZU\DELL
  Computer: Asterizu
  Description: 
The server Microsoft.Windows.Search_1.14.18.19041_neutral_neutral_cw5n1h2txyewy!CortanaUI did not register with DCOM within the required timeout.

Event[104]:
  Log Name: System
  Source: Service Control Manager
  Date: 2025-09-06T19:36:00.4410000Z
  Event ID: 7009
  Task: N/A
  Level: Error
  Opcode: N/A
  Keyword: Classic
  User: N/A
  User Name: N/A
  Computer: Asterizu
  Description: 
A timeout was reached (45000 milliseconds) while waiting for the Intel(R) TPM Provisioning Service service to connect.

Event[105]:
  Log Name: System
  Source: Service Control Manager
  Date: 2025-09-07T00:07:20.5010000Z
  Event ID: 7009
  Task: N/A
  Level: Error
  Opcode: N/A
  Keyword: Classic
  User: N/A
  User Name: N/A
  Computer: Asterizu
  Description: 
A timeout was reached (45000 milliseconds) while waiting for the Intel(R) TPM Provisioning Service service to connect.

Event[106]:
  Log Name: System
  Source: Microsoft-Windows-DistributedCOM
  Date: 2025-09-07T01:30:18.2530000Z
  Event ID: 10010
  Task: N/A
  Level: Error
  Opcode: Info
  Keyword: Classic
  User: S-1-5-21-1400712973-4099593408-808397054-1001
  User Name: ASTERIZU\DELL
  Computer: Asterizu
  Description: 
The server Windows.Gaming.GameBar.PresenceServer.Internal.PresenceWriter did not register with DCOM within the required timeout.

Event[107]:
  Log Name: System
  Source: Microsoft-Windows-DistributedCOM
  Date: 2025-09-07T01:32:31.9090000Z
  Event ID: 10010
  Task: N/A
  Level: Error
  Opcode: Info
  Keyword: Classic
  User: S-1-5-21-1400712973-4099593408-808397054-1001
  User Name: ASTERIZU\DELL
  Computer: Asterizu
  Description: 
The server Windows.Gaming.GameBar.PresenceServer.Internal.PresenceWriter did not register with DCOM within the required timeout.

Event[108]:
  Log Name: System
  Source: Microsoft-Windows-DistributedCOM
  Date: 2025-09-07T01:58:41.7740000Z
  Event ID: 10010
  Task: N/A
  Level: Error
  Opcode: Info
  Keyword: Classic
  User: S-1-5-21-1400712973-4099593408-808397054-1001
  User Name: ASTERIZU\DELL
  Computer: Asterizu
  Description: 
The server Windows.Gaming.GameBar.PresenceServer.Internal.PresenceWriter did not register with DCOM within the required timeout.

Event[109]:
  Log Name: System
  Source: Microsoft-Windows-DistributedCOM
  Date: 2025-09-07T02:00:13.1540000Z
  Event ID: 10010
  Task: N/A
  Level: Error
  Opcode: Info
  Keyword: Classic
  User: S-1-5-21-1400712973-4099593408-808397054-1001
  User Name: ASTERIZU\DELL
  Computer: Asterizu
  Description: 
The server {FD06603A-2BDF-4BB1-B7DF-5DC68F353601} did not register with DCOM within the required timeout.

Event[110]:
  Log Name: System
  Source: Microsoft-Windows-DistributedCOM
  Date: 2025-09-07T02:00:14.0130000Z
  Event ID: 10010
  Task: N/A
  Level: Error
  Opcode: Info
  Keyword: Classic
  User: S-1-5-21-1400712973-4099593408-808397054-1001
  User Name: ASTERIZU\DELL
  Computer: Asterizu
  Description: 
The server {FD06603A-2BDF-4BB1-B7DF-5DC68F353601} did not register with DCOM within the required timeout.

Event[111]:
  Log Name: System
  Source: Microsoft-Windows-DistributedCOM
  Date: 2025-09-07T02:00:14.0600000Z
  Event ID: 10010
  Task: N/A
  Level: Error
  Opcode: Info
  Keyword: Classic
  User: S-1-5-21-1400712973-4099593408-808397054-1001
  User Name: ASTERIZU\DELL
  Computer: Asterizu
  Description: 
The server {FD06603A-2BDF-4BB1-B7DF-5DC68F353601} did not register with DCOM within the required timeout.

Event[112]:
  Log Name: System
  Source: Service Control Manager
  Date: 2025-09-07T12:12:19.8780000Z
  Event ID: 7009
  Task: N/A
  Level: Error
  Opcode: N/A
  Keyword: Classic
  User: N/A
  User Name: N/A
  Computer: Asterizu
  Description: 
A timeout was reached (45000 milliseconds) while waiting for the Intel(R) TPM Provisioning Service service to connect.

Event[113]:
  Log Name: System
  Source: Service Control Manager
  Date: 2025-09-07T14:22:05.4100000Z
  Event ID: 7009
  Task: N/A
  Level: Error
  Opcode: N/A
  Keyword: Classic
  User: N/A
  User Name: N/A
  Computer: Asterizu
  Description: 
A timeout was reached (45000 milliseconds) while waiting for the Intel(R) TPM Provisioning Service service to connect.

Event[114]:
  Log Name: System
  Source: Microsoft-Windows-DistributedCOM
  Date: 2025-09-07T14:23:49.6170000Z
  Event ID: 10010
  Task: N/A
  Level: Error
  Opcode: Info
  Keyword: Classic
  User: S-1-5-21-1400712973-4099593408-808397054-1001
  User Name: ASTERIZU\DELL
  Computer: Asterizu
  Description: 
The server Windows.Gaming.GameBar.PresenceServer.Internal.PresenceWriter did not register with DCOM within the required timeout.

Event[115]:
  Log Name: System
  Source: Microsoft-Windows-DistributedCOM
  Date: 2025-09-07T14:38:59.8200000Z
  Event ID: 10010
  Task: N/A
  Level: Error
  Opcode: Info
  Keyword: Classic
  User: S-1-5-21-1400712973-4099593408-808397054-1001
  User Name: ASTERIZU\DELL
  Computer: Asterizu
  Description: 
The server Windows.Gaming.GameBar.PresenceServer.Internal.PresenceWriter did not register with DCOM within the required timeout.

Event[116]:
