  Log Name: System
  Source: Service Control Manager
  Date: 2025-09-11T01:36:08.7080000Z
  Event ID: 7009
  Task: N/A
  Level: Error
  Opcode: N/A
  Keyword: Classic
  User: N/A
  User Name: N/A
  Computer: Asterizu
  Description: 
A timeout was reached (45000 milliseconds) while waiting for the Intel(R) TPM Provisioning Service service to connect.

Event[357]:
  Log Name: System
  Source: Microsoft-Windows-DistributedCOM
  Date: 2025-09-11T01:51:00.9530000Z
  Event ID: 10010
  Task: N/A
  Level: Error
  Opcode: Info
  Keyword: Classic
  User: S-1-5-21-1400712973-4099593408-808397054-1001
  User Name: ASTERIZU\DELL
  Computer: Asterizu
  Description: 
The server Windows.Gaming.GameBar.PresenceServer.Internal.PresenceWriter did not register with DCOM within the required timeout.

Event[358]:
  Log Name: System
  Source: Microsoft-Windows-DistributedCOM
  Date: 2025-09-11T01:51:40.3690000Z
  Event ID: 10010
  Task: N/A
  Level: Error
  Opcode: Info
  Keyword: Classic
  User: S-1-5-21-1400712973-4099593408-808397054-1001
  User Name: ASTERIZU\DELL
  Computer: Asterizu
  Description: 
The server Windows.Gaming.GameBar.PresenceServer.Internal.PresenceWriter did not register with DCOM within the required timeout.

Event[359]:
  Log Name: System
  Source: Microsoft-Windows-DistributedCOM
  Date: 2025-09-11T01:57:38.0520000Z
  Event ID: 10010
  Task: N/A
  Level: Error
  Opcode: Info
  Keyword: Classic
  User: S-1-5-21-1400712973-4099593408-808397054-1001
  User Name: ASTERIZU\DELL
  Computer: Asterizu
  Description: 
The server Windows.Gaming.GameBar.PresenceServer.Internal.PresenceWriter did not register with DCOM within the required timeout.

Event[360]:
  Log Name: System
  Source: Microsoft-Windows-DistributedCOM
  Date: 2025-09-11T01:59:40.2680000Z
  Event ID: 10010
  Task: N/A
  Level: Error
  Opcode: Info
  Keyword: Classic
  User: S-1-5-21-1400712973-4099593408-808397054-1001
  User Name: ASTERIZU\DELL
  Computer: Asterizu
  Description: 
The server Windows.Media.Capture.Internal.AppCaptureShell did not register with DCOM within the required timeout.

Event[361]:
  Log Name: System
  Source: Microsoft-Windows-DistributedCOM
  Date: 2025-09-11T01:59:40.3720000Z
  Event ID: 10010
  Task: N/A
  Level: Error
  Opcode: Info
  Keyword: Classic
  User: S-1-5-21-1400712973-4099593408-808397054-1001
  User Name: ASTERIZU\DELL
  Computer: Asterizu
  Description: 
The server Windows.Gaming.GameBar.PresenceServer.Internal.PresenceWriter did not register with DCOM within the required timeout.

Event[362]:
  Log Name: System
  Source: Microsoft-Windows-DistributedCOM
  Date: 2025-09-11T02:01:23.3060000Z
  Event ID: 10010
  Task: N/A
  Level: Error
  Opcode: Info
  Keyword: Classic
  User: S-1-5-21-1400712973-4099593408-808397054-1001
  User Name: ASTERIZU\DELL
  Computer: Asterizu
  Description: 
The server Windows.Gaming.GameBar.PresenceServer.Internal.PresenceWriter did not register with DCOM within the required timeout.

Event[363]:
  Log Name: System
  Source: Service Control Manager
  Date: 2025-09-11T11:39:53.8010000Z
  Event ID: 7009
  Task: N/A
  Level: Error
  Opcode: N/A
  Keyword: Classic
  User: N/A
  User Name: N/A
  Computer: Asterizu
  Description: 
A timeout was reached (45000 milliseconds) while waiting for the Intel(R) TPM Provisioning Service service to connect.

Event[364]:
  Log Name: System
  Source: Microsoft-Windows-DistributedCOM
  Date: 2025-09-11T11:40:26.3570000Z
  Event ID: 10010
  Task: N/A
  Level: Error
  Opcode: Info
  Keyword: Classic
  User: S-1-5-21-1400712973-4099593408-808397054-1001
  User Name: ASTERIZU\DELL
  Computer: Asterizu
  Description: 
The server Windows.Gaming.GameBar.PresenceServer.Internal.PresenceWriter did not register with DCOM within the required timeout.

Event[365]:
  Log Name: System
  Source: Service Control Manager
  Date: 2025-09-11T23:40:07.2870000Z
  Event ID: 7009
  Task: N/A
  Level: Error
  Opcode: N/A
  Keyword: Classic
  User: N/A
  User Name: N/A
  Computer: Asterizu
  Description: 
A timeout was reached (45000 milliseconds) while waiting for the Intel(R) TPM Provisioning Service service to connect.

Event[366]:
  Log Name: System
  Source: Service Control Manager
  Date: 2025-09-12T01:00:20.9590000Z
  Event ID: 7011
  Task: N/A
  Level: Error
  Opcode: N/A
  Keyword: Classic
  User: N/A
  User Name: N/A
  Computer: Asterizu
  Description: 
A timeout (30000 milliseconds) was reached while waiting for a transaction response from the DDVDataCollector service.

Event[367]:
  Log Name: System
  Source: Service Control Manager
  Date: 2025-09-12T07:34:24.4100000Z
  Event ID: 7009
  Task: N/A
  Level: Error
  Opcode: N/A
  Keyword: Classic
  User: N/A
  User Name: N/A
  Computer: Asterizu
  Description: 
A timeout was reached (45000 milliseconds) while waiting for the Intel(R) TPM Provisioning Service service to connect.

Event[368]:
  Log Name: System
  Source: Service Control Manager
  Date: 2025-09-12T09:09:36.9960000Z
  Event ID: 7034
  Task: N/A
  Level: Error
  Opcode: N/A
  Keyword: Classic
  User: N/A
  User Name: N/A
  Computer: Asterizu
  Description: 
The Everything service terminated unexpectedly.  It has done this 1 time(s).

Event[369]:
  Log Name: System
  Source: Microsoft-Windows-DistributedCOM
  Date: 2025-09-12T09:10:03.4560000Z
  Event ID: 10010
  Task: N/A
  Level: Error
  Opcode: Info
  Keyword: Classic
  User: S-1-5-21-1400712973-4099593408-808397054-1001
  User Name: ASTERIZU\DELL
  Computer: Asterizu
  Description: 
The server Windows.Gaming.GameBar.PresenceServer.Internal.PresenceWriter did not register with DCOM within the required timeout.

Event[370]:
  Log Name: System
  Source: Service Control Manager
  Date: 2025-09-12T18:13:06.7140000Z
  Event ID: 7009
  Task: N/A
  Level: Error
  Opcode: N/A
  Keyword: Classic
  User: N/A
  User Name: N/A
  Computer: Asterizu
  Description: 
A timeout was reached (45000 milliseconds) while waiting for the Intel(R) TPM Provisioning Service service to connect.

Event[371]:
  Log Name: System
  Source: Service Control Manager
  Date: 2025-09-12T18:14:18.3720000Z
  Event ID: 7034
  Task: N/A
  Level: Error
  Opcode: N/A
  Keyword: Classic
  User: N/A
  User Name: N/A
  Computer: Asterizu
  Description: 
The Everything service terminated unexpectedly.  It has done this 1 time(s).

Event[372]:
  Log Name: System
  Source: Microsoft-Windows-DistributedCOM
  Date: 2025-09-12T18:32:36.7890000Z
  Event ID: 10010
  Task: N/A
  Level: Error
  Opcode: Info
  Keyword: Classic
  User: S-1-5-21-1400712973-4099593408-808397054-1001
  User Name: ASTERIZU\DELL
  Computer: Asterizu
  Description: 
The server Windows.Gaming.GameBar.PresenceServer.Internal.PresenceWriter did not register with DCOM within the required timeout.

Event[373]:
  Log Name: System
  Source: Microsoft-Windows-DistributedCOM
  Date: 2025-09-12T18:49:33.4840000Z
  Event ID: 10010
  Task: N/A
  Level: Error
  Opcode: Info
  Keyword: Classic
  User: S-1-5-21-1400712973-4099593408-808397054-1001
  User Name: ASTERIZU\DELL
  Computer: Asterizu
  Description: 
The server Windows.Gaming.GameBar.PresenceServer.Internal.PresenceWriter did not register with DCOM within the required timeout.

Event[374]:
  Log Name: System
  Source: Microsoft-Windows-DistributedCOM
  Date: 2025-09-12T18:50:03.3430000Z
  Event ID: 10010
  Task: N/A
  Level: Error
  Opcode: Info
  Keyword: Classic
  User: S-1-5-21-1400712973-4099593408-808397054-1001
  User Name: ASTERIZU\DELL
  Computer: Asterizu
  Description: 
The server {FD06603A-2BDF-4BB1-B7DF-5DC68F353601} did not register with DCOM within the required timeout.

Event[375]:
  Log Name: System
  Source: Microsoft-Windows-DistributedCOM
  Date: 2025-09-12T18:50:03.5770000Z
  Event ID: 10010
  Task: N/A
  Level: Error
  Opcode: Info
  Keyword: Classic
  User: S-1-5-21-1400712973-4099593408-808397054-1001
  User Name: ASTERIZU\DELL
  Computer: Asterizu
  Description: 
The server Microsoft.AAD.BrokerPlugin_1000.19041.4239.0_neutral_neutral_cw5n1h2txyewy!Windows.Security.Authentication.Web.Core.BackgroundGetTokenTask.ClassId.WebAccountProvider did not register with DCOM within the required timeout.

Event[376]:
  Log Name: System
  Source: Microsoft-Windows-DistributedCOM
  Date: 2025-09-12T18:50:03.8740000Z
  Event ID: 10010
  Task: N/A
  Level: Error
  Opcode: Info
  Keyword: Classic
  User: S-1-5-21-1400712973-4099593408-808397054-1001
  User Name: ASTERIZU\DELL
  Computer: Asterizu
  Description: 
The server {FD06603A-2BDF-4BB1-B7DF-5DC68F353601} did not register with DCOM within the required timeout.

Event[377]:
  Log Name: System
  Source: Microsoft-Windows-DistributedCOM
  Date: 2025-09-12T18:50:03.9520000Z
  Event ID: 10010
  Task: N/A
  Level: Error
  Opcode: Info
  Keyword: Classic
  User: S-1-5-21-1400712973-4099593408-808397054-1001
  User Name: ASTERIZU\DELL
  Computer: Asterizu
  Description: 
The server {FD06603A-2BDF-4BB1-B7DF-5DC68F353601} did not register with DCOM within the required timeout.

Event[378]:
  Log Name: System
  Source: Service Control Manager
  Date: 2025-09-12T18:51:29.3540000Z
  Event ID: 7009
  Task: N/A
  Level: Error
  Opcode: N/A
  Keyword: Classic
  User: N/A
  User Name: N/A
  Computer: Asterizu
  Description: 
A timeout was reached (45000 milliseconds) while waiting for the Intel(R) TPM Provisioning Service service to connect.

Event[379]:
  Log Name: System
  Source: Service Control Manager
  Date: 2025-09-12T18:51:54.6960000Z
  Event ID: 7034
  Task: N/A
  Level: Error
  Opcode: N/A
  Keyword: Classic
  User: N/A
  User Name: N/A
  Computer: Asterizu
  Description: 
The Everything service terminated unexpectedly.  It has done this 1 time(s).

Event[380]:
  Log Name: System
  Source: Microsoft-Windows-DistributedCOM
  Date: 2025-09-12T18:52:06.4410000Z
  Event ID: 10010
  Task: N/A
  Level: Error
  Opcode: Info
  Keyword: Classic
  User: S-1-5-21-1400712973-4099593408-808397054-1001
  User Name: ASTERIZU\DELL
  Computer: Asterizu
  Description: 
The server Windows.Gaming.GameBar.PresenceServer.Internal.PresenceWriter did not register with DCOM within the required timeout.

Event[381]:
  Log Name: System
  Source: Microsoft-Windows-DistributedCOM
  Date: 2025-09-12T19:03:17.2970000Z
  Event ID: 10010
  Task: N/A
  Level: Error
  Opcode: Info
  Keyword: Classic
  User: S-1-5-21-1400712973-4099593408-808397054-1001
  User Name: ASTERIZU\DELL
  Computer: Asterizu
  Description: 
The server Windows.Gaming.GameBar.PresenceServer.Internal.PresenceWriter did not register with DCOM within the required timeout.

Event[382]:
  Log Name: System
  Source: Microsoft-Windows-NDIS
  Date: 2025-09-12T23:42:18.8300000Z
  Event ID: 10317
  Task: PnP
  Level: Error
  Opcode: Info
  Keyword: N/A
  User: S-1-5-18
  User Name: NT AUTHORITY\SYSTEM
  Computer: Asterizu
  Description: 
Miniport Microsoft Wi-Fi Direct Virtual Adapter #2, {b786eee2-4625-4abc-b3b1-f6ec29555a36}, had event Fatal error: The miniport has failed a power transition to operational power

Event[383]:
  Log Name: System
  Source: Microsoft-Windows-DistributedCOM
  Date: 2025-09-13T00:11:43.3040000Z
  Event ID: 10010
  Task: N/A
  Level: Error
  Opcode: Info
  Keyword: Classic
  User: S-1-5-21-1400712973-4099593408-808397054-1001
  User Name: ASTERIZU\DELL
  Computer: Asterizu
  Description: 
The server Windows.Gaming.GameBar.PresenceServer.Internal.PresenceWriter did not register with DCOM within the required timeout.

Event[384]:
  Log Name: System
  Source: Microsoft-Windows-DistributedCOM
  Date: 2025-09-13T00:18:49.2720000Z
  Event ID: 10010
  Task: N/A
  Level: Error
  Opcode: Info
  Keyword: Classic
  User: S-1-5-21-1400712973-4099593408-808397054-1001
  User Name: ASTERIZU\DELL
  Computer: Asterizu
  Description: 
The server Windows.Gaming.GameBar.PresenceServer.Internal.PresenceWriter did not register with DCOM within the required timeout.

Event[385]:
  Log Name: System
  Source: Microsoft-Windows-DistributedCOM
  Date: 2025-09-13T00:43:20.5170000Z
  Event ID: 10010
  Task: N/A
  Level: Error
  Opcode: Info
  Keyword: Classic
  User: S-1-5-21-1400712973-4099593408-808397054-1001
  User Name: ASTERIZU\DELL
  Computer: Asterizu
  Description: 
The server Windows.Gaming.GameBar.PresenceServer.Internal.PresenceWriter did not register with DCOM within the required timeout.

Event[386]:
  Log Name: System
  Source: Service Control Manager
  Date: 2025-09-13T08:42:58.0350000Z
  Event ID: 7009
  Task: N/A
  Level: Error
  Opcode: N/A
  Keyword: Classic
  User: N/A
  User Name: N/A
  Computer: Asterizu
  Description: 
A timeout was reached (45000 milliseconds) while waiting for the Intel(R) TPM Provisioning Service service to connect.

Event[387]:
  Log Name: System
  Source: Service Control Manager
  Date: 2025-09-13T09:14:37.7350000Z
  Event ID: 7034
  Task: N/A
  Level: Error
  Opcode: N/A
  Keyword: Classic
  User: N/A
  User Name: N/A
  Computer: Asterizu
  Description: 
The Everything service terminated unexpectedly.  It has done this 1 time(s).

Event[388]:
  Log Name: System
  Source: Microsoft-Windows-DistributedCOM
  Date: 2025-09-13T11:13:06.8960000Z
  Event ID: 10010
  Task: N/A
  Level: Error
  Opcode: Info
  Keyword: Classic
  User: S-1-5-21-1400712973-4099593408-808397054-1001
  User Name: ASTERIZU\DELL
  Computer: Asterizu
  Description: 
The server Windows.Gaming.GameBar.PresenceServer.Internal.PresenceWriter did not register with DCOM within the required timeout.

Event[389]:
  Log Name: System
  Source: Microsoft-Windows-DistributedCOM
  Date: 2025-09-13T11:25:34.2070000Z
  Event ID: 10010
  Task: N/A
  Level: Error
  Opcode: Info
  Keyword: Classic
  User: S-1-5-21-1400712973-4099593408-808397054-1001
  User Name: ASTERIZU\DELL
  Computer: Asterizu
  Description: 
The server Windows.Gaming.GameBar.PresenceServer.Internal.PresenceWriter did not register with DCOM within the required timeout.

Event[390]:
  Log Name: System
  Source: Microsoft-Windows-DistributedCOM
  Date: 2025-09-13T11:54:49.8220000Z
  Event ID: 10010
  Task: N/A
  Level: Error
  Opcode: Info
  Keyword: Classic
  User: S-1-5-21-1400712973-4099593408-808397054-1001
  User Name: ASTERIZU\DELL
  Computer: Asterizu
  Description: 
The server Windows.Gaming.GameBar.PresenceServer.Internal.PresenceWriter did not register with DCOM within the required timeout.

Event[391]:
  Log Name: System
  Source: Microsoft-Windows-DistributedCOM
  Date: 2025-09-13T12:14:14.7360000Z
  Event ID: 10010
  Task: N/A
  Level: Error
  Opcode: Info
  Keyword: Classic
  User: S-1-5-21-1400712973-4099593408-808397054-1001
  User Name: ASTERIZU\DELL
  Computer: Asterizu
  Description: 
The server Windows.Gaming.GameBar.PresenceServer.Internal.PresenceWriter did not register with DCOM within the required timeout.

Event[392]:
  Log Name: System
  Source: Microsoft-Windows-DistributedCOM
  Date: 2025-09-13T12:45:07.7160000Z
  Event ID: 10010
  Task: N/A
  Level: Error
  Opcode: Info
  Keyword: Classic
  User: S-1-5-21-1400712973-4099593408-808397054-1001
  User Name: ASTERIZU\DELL
  Computer: Asterizu
  Description: 
The server Windows.Gaming.GameBar.PresenceServer.Internal.PresenceWriter did not register with DCOM within the required timeout.

Event[393]:
  Log Name: System
  Source: Microsoft-Windows-DistributedCOM
  Date: 2025-09-13T12:45:44.6450000Z
  Event ID: 10010
  Task: N/A
  Level: Error
  Opcode: Info
  Keyword: Classic
  User: S-1-5-21-1400712973-4099593408-808397054-1001
  User Name: ASTERIZU\DELL
  Computer: Asterizu
  Description: 
The server {FD06603A-2BDF-4BB1-B7DF-5DC68F353601} did not register with DCOM within the required timeout.

Event[394]:
  Log Name: System
  Source: Microsoft-Windows-DistributedCOM
  Date: 2025-09-13T12:45:45.1500000Z
  Event ID: 10010
  Task: N/A
  Level: Error
  Opcode: Info
  Keyword: Classic
  User: S-1-5-21-1400712973-4099593408-808397054-1001
  User Name: ASTERIZU\DELL
  Computer: Asterizu
  Description: 
The server {FD06603A-2BDF-4BB1-B7DF-5DC68F353601} did not register with DCOM within the required timeout.

Event[395]:
  Log Name: System
  Source: Microsoft-Windows-DistributedCOM
  Date: 2025-09-13T12:45:45.2280000Z
  Event ID: 10010
  Task: N/A
  Level: Error
  Opcode: Info
  Keyword: Classic
  User: S-1-5-21-1400712973-4099593408-808397054-1001
  User Name: ASTERIZU\DELL
  Computer: Asterizu
  Description: 
The server {FD06603A-2BDF-4BB1-B7DF-5DC68F353601} did not register with DCOM within the required timeout.

Event[396]:
  Log Name: System
  Source: Microsoft-Windows-DistributedCOM
  Date: 2025-09-13T12:46:09.9280000Z
  Event ID: 10010
  Task: N/A
  Level: Error
  Opcode: Info
  Keyword: Classic
  User: S-1-5-21-1400712973-4099593408-808397054-1001
  User Name: ASTERIZU\DELL
  Computer: Asterizu
  Description: 
The server Windows.Media.Capture.Internal.AppCaptureShell did not register with DCOM within the required timeout.

Event[397]:
  Log Name: System
  Source: Service Control Manager
  Date: 2025-09-13T14:14:41.4440000Z
  Event ID: 7009
  Task: N/A
  Level: Error
  Opcode: N/A
  Keyword: Classic
  User: N/A
  User Name: N/A
  Computer: Asterizu
  Description: 
A timeout was reached (45000 milliseconds) while waiting for the Intel(R) TPM Provisioning Service service to connect.

Event[398]:
  Log Name: System
  Source: RTWlanE
  Date: 2025-09-13T14:14:46.2720000Z
  Event ID: 5005
  Task: N/A
  Level: Error
  Opcode: N/A
  Keyword: Classic
  User: N/A
  User Name: N/A
  Computer: Asterizu
  Description: 
Realtek 8821CE Wireless LAN 802.11ac PCI-E NIC : Has encountered an internal error and has failed.

Event[399]:
  Log Name: System
  Source: Service Control Manager
  Date: 2025-09-13T14:16:00.0270000Z
  Event ID: 7034
  Task: N/A
  Level: Error
  Opcode: N/A
  Keyword: Classic
  User: N/A
  User Name: N/A
  Computer: Asterizu
  Description: 
The Everything service terminated unexpectedly.  It has done this 1 time(s).

Event[400]:
  Log Name: System
  Source: Microsoft-Windows-DistributedCOM
  Date: 2025-09-13T14:21:19.2600000Z
  Event ID: 10010
  Task: N/A
  Level: Error
  Opcode: Info
  Keyword: Classic
  User: S-1-5-21-1400712973-4099593408-808397054-1001
  User Name: ASTERIZU\DELL
  Computer: Asterizu
  Description: 
The server Windows.Gaming.GameBar.PresenceServer.Internal.PresenceWriter did not register with DCOM within the required timeout.

Event[401]:
  Log Name: System
  Source: Microsoft-Windows-DistributedCOM
  Date: 2025-09-13T15:31:21.3740000Z
  Event ID: 10010
  Task: N/A
  Level: Error
  Opcode: Info
  Keyword: Classic
  User: S-1-5-21-1400712973-4099593408-808397054-1001
  User Name: ASTERIZU\DELL
  Computer: Asterizu
  Description: 
The server Windows.Gaming.GameBar.PresenceServer.Internal.PresenceWriter did not register with DCOM within the required timeout.

Event[402]:
  Log Name: System
  Source: Service Control Manager
  Date: 2025-09-13T22:35:45.2550000Z
  Event ID: 7009
  Task: N/A
  Level: Error
  Opcode: N/A
  Keyword: Classic
  User: N/A
  User Name: N/A
  Computer: Asterizu
  Description: 
A timeout was reached (45000 milliseconds) while waiting for the Intel(R) TPM Provisioning Service service to connect.

Event[403]:
  Log Name: System
  Source: Service Control Manager
  Date: 2025-09-13T22:36:44.0320000Z
  Event ID: 7034
  Task: N/A
  Level: Error
  Opcode: N/A
  Keyword: Classic
  User: N/A
  User Name: N/A
  Computer: Asterizu
  Description: 
The Everything service terminated unexpectedly.  It has done this 1 time(s).

Event[404]:
  Log Name: System
  Source: Microsoft-Windows-DistributedCOM
  Date: 2025-09-13T23:04:56.4570000Z
  Event ID: 10010
  Task: N/A
  Level: Error
  Opcode: Info
  Keyword: Classic
  User: S-1-5-21-1400712973-4099593408-808397054-1001
  User Name: ASTERIZU\DELL
  Computer: Asterizu
  Description: 
The server Windows.Gaming.GameBar.PresenceServer.Internal.PresenceWriter did not register with DCOM within the required timeout.

Event[405]:
  Log Name: System
  Source: Microsoft-Windows-DistributedCOM
  Date: 2025-09-13T23:09:58.7370000Z
  Event ID: 10010
  Task: N/A
  Level: Error
  Opcode: Info
  Keyword: Classic
  User: S-1-5-21-1400712973-4099593408-808397054-1001
  User Name: ASTERIZU\DELL
  Computer: Asterizu
  Description: 
The server Windows.Gaming.GameBar.PresenceServer.Internal.PresenceWriter did not register with DCOM within the required timeout.

Event[406]:
  Log Name: System
  Source: Microsoft-Windows-DistributedCOM
  Date: 2025-09-13T23:34:04.8590000Z
  Event ID: 10010
  Task: N/A
  Level: Error
  Opcode: Info
  Keyword: Classic
  User: S-1-5-21-1400712973-4099593408-808397054-1001
  User Name: ASTERIZU\DELL
  Computer: Asterizu
  Description: 
The server Windows.Gaming.GameBar.PresenceServer.Internal.PresenceWriter did not register with DCOM within the required timeout.

Event[407]:
  Log Name: System
  Source: Microsoft-Windows-DistributedCOM
  Date: 2025-09-13T23:36:24.1920000Z
  Event ID: 10010
  Task: N/A
  Level: Error
  Opcode: Info
  Keyword: Classic
  User: S-1-5-21-1400712973-4099593408-808397054-1001
  User Name: ASTERIZU\DELL
  Computer: Asterizu
  Description: 
The server Windows.Gaming.GameBar.PresenceServer.Internal.PresenceWriter did not register with DCOM within the required timeout.

Event[408]:
  Log Name: System
  Source: Microsoft-Windows-DistributedCOM
  Date: 2025-09-13T23:52:53.6990000Z
  Event ID: 10010
  Task: N/A
  Level: Error
  Opcode: Info
  Keyword: Classic
  User: S-1-5-21-1400712973-4099593408-808397054-1001
  User Name: ASTERIZU\DELL
  Computer: Asterizu
  Description: 
The server Windows.Gaming.GameBar.PresenceServer.Internal.PresenceWriter did not register with DCOM within the required timeout.

Event[409]:
  Log Name: System
  Source: Microsoft-Windows-DistributedCOM
  Date: 2025-09-13T23:55:37.9740000Z
  Event ID: 10010
  Task: N/A
  Level: Error
  Opcode: Info
  Keyword: Classic
  User: S-1-5-21-1400712973-4099593408-808397054-1001
  User Name: ASTERIZU\DELL
  Computer: Asterizu
  Description: 
The server Windows.Gaming.GameBar.PresenceServer.Internal.PresenceWriter did not register with DCOM within the required timeout.

Event[410]:
  Log Name: System
  Source: Microsoft-Windows-DistributedCOM
  Date: 2025-09-14T00:12:12.1050000Z
  Event ID: 10010
  Task: N/A
  Level: Error
  Opcode: Info
  Keyword: Classic
  User: S-1-5-21-1400712973-4099593408-808397054-1001
  User Name: ASTERIZU\DELL
  Computer: Asterizu
  Description: 
The server Windows.Gaming.GameBar.PresenceServer.Internal.PresenceWriter did not register with DCOM within the required timeout.

Event[411]:
  Log Name: System
  Source: Microsoft-Windows-DistributedCOM
  Date: 2025-09-14T00:19:22.5360000Z
  Event ID: 10010
  Task: N/A
  Level: Error
  Opcode: Info
  Keyword: Classic
  User: S-1-5-21-1400712973-4099593408-808397054-1001
  User Name: ASTERIZU\DELL
  Computer: Asterizu
  Description: 
The server Windows.Gaming.GameBar.PresenceServer.Internal.PresenceWriter did not register with DCOM within the required timeout.

Event[412]:
  Log Name: System
  Source: Microsoft-Windows-DistributedCOM
  Date: 2025-09-14T00:40:16.1630000Z
  Event ID: 10010
  Task: N/A
  Level: Error
  Opcode: Info
  Keyword: Classic
  User: S-1-5-21-1400712973-4099593408-808397054-1001
  User Name: ASTERIZU\DELL
  Computer: Asterizu
  Description: 
The server Windows.Gaming.GameBar.PresenceServer.Internal.PresenceWriter did not register with DCOM within the required timeout.

Event[413]:
  Log Name: System
  Source: Microsoft-Windows-DistributedCOM
  Date: 2025-09-14T00:48:45.4330000Z
  Event ID: 10010
  Task: N/A
  Level: Error
  Opcode: Info
  Keyword: Classic
  User: S-1-5-21-1400712973-4099593408-808397054-1001
  User Name: ASTERIZU\DELL
  Computer: Asterizu
  Description: 
The server Windows.Gaming.GameBar.PresenceServer.Internal.PresenceWriter did not register with DCOM within the required timeout.

Event[414]:
  Log Name: System
  Source: Service Control Manager
  Date: 2025-09-14T07:10:34.0290000Z
  Event ID: 7009
  Task: N/A
  Level: Error
  Opcode: N/A
  Keyword: Classic
  User: N/A
  User Name: N/A
  Computer: Asterizu
  Description: 
A timeout was reached (45000 milliseconds) while waiting for the Intel(R) TPM Provisioning Service service to connect.

Event[415]:
  Log Name: System
  Source: Service Control Manager
  Date: 2025-09-14T07:16:13.2290000Z
  Event ID: 7034
  Task: N/A
  Level: Error
  Opcode: N/A
  Keyword: Classic
  User: N/A
  User Name: N/A
  Computer: Asterizu
  Description: 
The Everything service terminated unexpectedly.  It has done this 1 time(s).

Event[416]:
  Log Name: System
  Source: Microsoft-Windows-DistributedCOM
  Date: 2025-09-14T07:18:00.6970000Z
  Event ID: 10010
  Task: N/A
  Level: Error
  Opcode: Info
  Keyword: Classic
  User: S-1-5-21-1400712973-4099593408-808397054-1001
  User Name: ASTERIZU\DELL
  Computer: Asterizu
  Description: 
The server Windows.Gaming.GameBar.PresenceServer.Internal.PresenceWriter did not register with DCOM within the required timeout.

Event[417]:
  Log Name: System
  Source: Microsoft-Windows-DistributedCOM
  Date: 2025-09-14T07:26:57.6750000Z
  Event ID: 10010
  Task: N/A
  Level: Error
  Opcode: Info
  Keyword: Classic
  User: S-1-5-21-1400712973-4099593408-808397054-1001
  User Name: ASTERIZU\DELL
  Computer: Asterizu
  Description: 
The server Windows.Gaming.GameBar.PresenceServer.Internal.PresenceWriter did not register with DCOM within the required timeout.

Event[418]:
  Log Name: System
  Source: Microsoft-Windows-DistributedCOM
  Date: 2025-09-14T07:50:13.3230000Z
  Event ID: 10010
  Task: N/A
  Level: Error
  Opcode: Info
  Keyword: Classic
  User: S-1-5-21-1400712973-4099593408-808397054-1001
  User Name: ASTERIZU\DELL
  Computer: Asterizu
  Description: 
The server Windows.Gaming.GameBar.PresenceServer.Internal.PresenceWriter did not register with DCOM within the required timeout.

Event[419]:
  Log Name: System
  Source: Microsoft-Windows-DistributedCOM
  Date: 2025-09-14T07:52:29.5640000Z
  Event ID: 10010
  Task: N/A
  Level: Error
  Opcode: Info
  Keyword: Classic
  User: S-1-5-21-1400712973-4099593408-808397054-1001
  User Name: ASTERIZU\DELL
  Computer: Asterizu
  Description: 
The server Windows.Gaming.GameBar.PresenceServer.Internal.PresenceWriter did not register with DCOM within the required timeout.

Event[420]:
  Log Name: System
  Source: Microsoft-Windows-DistributedCOM
  Date: 2025-09-14T07:54:58.1250000Z
  Event ID: 10010
  Task: N/A
  Level: Error
  Opcode: Info
  Keyword: Classic
  User: S-1-5-21-1400712973-4099593408-808397054-1001
  User Name: ASTERIZU\DELL
  Computer: Asterizu
  Description: 
The server Windows.Gaming.GameBar.PresenceServer.Internal.PresenceWriter did not register with DCOM within the required timeout.

Event[421]:
  Log Name: System
  Source: Microsoft-Windows-DistributedCOM
  Date: 2025-09-14T07:59:08.7190000Z
  Event ID: 10010
  Task: N/A
  Level: Error
  Opcode: Info
  Keyword: Classic
  User: S-1-5-21-1400712973-4099593408-808397054-1001
  User Name: ASTERIZU\DELL
  Computer: Asterizu
  Description: 
The server Windows.Gaming.GameBar.PresenceServer.Internal.PresenceWriter did not register with DCOM within the required timeout.

Event[422]:
  Log Name: System
  Source: Microsoft-Windows-DistributedCOM
  Date: 2025-09-14T08:34:28.9450000Z
  Event ID: 10010
  Task: N/A
  Level: Error
  Opcode: Info
  Keyword: Classic
  User: S-1-5-21-1400712973-4099593408-808397054-1001
  User Name: ASTERIZU\DELL
  Computer: Asterizu
  Description: 
The server Windows.Gaming.GameBar.PresenceServer.Internal.PresenceWriter did not register with DCOM within the required timeout.

Event[423]:
  Log Name: System
  Source: Microsoft-Windows-DistributedCOM
  Date: 2025-09-14T09:08:12.0680000Z
  Event ID: 10010
  Task: N/A
  Level: Error
  Opcode: Info
  Keyword: Classic
  User: S-1-5-21-1400712973-4099593408-808397054-1001
  User Name: ASTERIZU\DELL
  Computer: Asterizu
  Description: 
The server Windows.Gaming.GameBar.PresenceServer.Internal.PresenceWriter did not register with DCOM within the required timeout.

Event[424]:
  Log Name: System
  Source: Service Control Manager
  Date: 2025-09-15T00:31:12.7600000Z
  Event ID: 7009
  Task: N/A
  Level: Error
  Opcode: N/A
  Keyword: Classic
  User: N/A
  User Name: N/A
  Computer: Asterizu
  Description: 
A timeout was reached (45000 milliseconds) while waiting for the Intel(R) TPM Provisioning Service service to connect.

Event[425]:
  Log Name: System
  Source: Service Control Manager
  Date: 2025-09-15T06:15:15.7730000Z
  Event ID: 7009
  Task: N/A
  Level: Error
  Opcode: N/A
  Keyword: Classic
  User: N/A
  User Name: N/A
  Computer: Asterizu
  Description: 
A timeout was reached (45000 milliseconds) while waiting for the Intel(R) TPM Provisioning Service service to connect.

Event[426]:
  Log Name: System
  Source: Microsoft-Windows-DistributedCOM
  Date: 2025-09-15T06:54:31.7060000Z
  Event ID: 10010
  Task: N/A
  Level: Error
  Opcode: Info
  Keyword: Classic
  User: S-1-5-21-1400712973-4099593408-808397054-1001
  User Name: ASTERIZU\DELL
  Computer: Asterizu
  Description: 
The server Windows.Gaming.GameBar.PresenceServer.Internal.PresenceWriter did not register with DCOM within the required timeout.

Event[427]:
  Log Name: System
  Source: Microsoft-Windows-DistributedCOM
  Date: 2025-09-15T06:58:02.1110000Z
  Event ID: 10010
  Task: N/A
  Level: Error
  Opcode: Info
  Keyword: Classic
  User: S-1-5-21-1400712973-4099593408-808397054-1001
  User Name: ASTERIZU\DELL
  Computer: Asterizu
  Description: 
The server Windows.Gaming.GameBar.PresenceServer.Internal.PresenceWriter did not register with DCOM within the required timeout.

Event[428]:
  Log Name: System
  Source: Microsoft-Windows-DistributedCOM
  Date: 2025-09-15T07:30:44.3410000Z
  Event ID: 10010
  Task: N/A
  Level: Error
  Opcode: Info
  Keyword: Classic
  User: S-1-5-21-1400712973-4099593408-808397054-1001
  User Name: ASTERIZU\DELL
  Computer: Asterizu
  Description: 
The server Windows.Gaming.GameBar.PresenceServer.Internal.PresenceWriter did not register with DCOM within the required timeout.

Event[429]:
  Log Name: System
  Source: Microsoft-Windows-DistributedCOM
  Date: 2025-09-15T07:36:39.1790000Z
  Event ID: 10010
  Task: N/A
  Level: Error
  Opcode: Info
  Keyword: Classic
  User: S-1-5-21-1400712973-4099593408-808397054-1001
  User Name: ASTERIZU\DELL
  Computer: Asterizu
  Description: 
The server Windows.Gaming.GameBar.PresenceServer.Internal.PresenceWriter did not register with DCOM within the required timeout.

Event[430]:
  Log Name: System
  Source: Microsoft-Windows-DistributedCOM
  Date: 2025-09-15T07:43:33.3620000Z
  Event ID: 10010
  Task: N/A
  Level: Error
  Opcode: Info
  Keyword: Classic
  User: S-1-5-21-1400712973-4099593408-808397054-1001
  User Name: ASTERIZU\DELL
  Computer: Asterizu
  Description: 
The server Windows.Gaming.GameBar.PresenceServer.Internal.PresenceWriter did not register with DCOM within the required timeout.

Event[431]:
  Log Name: System
  Source: Microsoft-Windows-DistributedCOM
  Date: 2025-09-15T07:53:29.8290000Z
  Event ID: 10010
  Task: N/A
  Level: Error
  Opcode: Info
  Keyword: Classic
  User: S-1-5-21-1400712973-4099593408-808397054-1001
  User Name: ASTERIZU\DELL
  Computer: Asterizu
  Description: 
The server Windows.Gaming.GameBar.PresenceServer.Internal.PresenceWriter did not register with DCOM within the required timeout.

Event[432]:
  Log Name: System
  Source: Microsoft-Windows-DistributedCOM
  Date: 2025-09-15T08:09:26.6290000Z
  Event ID: 10010
  Task: N/A
  Level: Error
  Opcode: Info
  Keyword: Classic
  User: S-1-5-21-1400712973-4099593408-808397054-1001
  User Name: ASTERIZU\DELL
  Computer: Asterizu
  Description: 
The server Windows.Gaming.GameBar.PresenceServer.Internal.PresenceWriter did not register with DCOM within the required timeout.

Event[433]:
  Log Name: System
  Source: Service Control Manager
  Date: 2025-09-15T08:11:43.6850000Z
  Event ID: 7034
  Task: N/A
  Level: Error
  Opcode: N/A
  Keyword: Classic
  User: N/A
  User Name: N/A
  Computer: Asterizu
  Description: 
The Everything service terminated unexpectedly.  It has done this 1 time(s).

Event[434]:
  Log Name: System
  Source: Microsoft-Windows-DistributedCOM
  Date: 2025-09-15T08:21:50.9690000Z
  Event ID: 10010
  Task: N/A
  Level: Error
  Opcode: Info
  Keyword: Classic
  User: S-1-5-21-1400712973-4099593408-808397054-1001
  User Name: ASTERIZU\DELL
  Computer: Asterizu
  Description: 
The server Windows.Gaming.GameBar.PresenceServer.Internal.PresenceWriter did not register with DCOM within the required timeout.

Event[435]:
  Log Name: System
  Source: Service Control Manager
  Date: 2025-09-15T09:40:00.2640000Z
  Event ID: 7009
  Task: N/A
  Level: Error
  Opcode: N/A
  Keyword: Classic
  User: N/A
  User Name: N/A
  Computer: Asterizu
  Description: 
A timeout was reached (45000 milliseconds) while waiting for the Intel(R) TPM Provisioning Service service to connect.

Event[436]:
  Log Name: System
  Source: Service Control Manager
  Date: 2025-09-15T12:07:25.9640000Z
  Event ID: 7034
  Task: N/A
  Level: Error
  Opcode: N/A
  Keyword: Classic
  User: N/A
  User Name: N/A
  Computer: Asterizu
  Description: 
The Everything service terminated unexpectedly.  It has done this 1 time(s).

Event[437]:
  Log Name: System
  Source: Microsoft-Windows-DistributedCOM
  Date: 2025-09-15T12:35:13.2880000Z
  Event ID: 10010
  Task: N/A
  Level: Error
  Opcode: Info
  Keyword: Classic
  User: S-1-5-21-1400712973-4099593408-808397054-1001
  User Name: ASTERIZU\DELL
  Computer: Asterizu
  Description: 
The server Windows.Gaming.GameBar.PresenceServer.Internal.PresenceWriter did not register with DCOM within the required timeout.

Event[438]:
  Log Name: System
  Source: Service Control Manager
  Date: 2025-09-16T01:37:51.2050000Z
  Event ID: 7009
  Task: N/A
  Level: Error
  Opcode: N/A
  Keyword: Classic
  User: N/A
  User Name: N/A
  Computer: Asterizu
  Description: 
A timeout was reached (45000 milliseconds) while waiting for the Intel(R) TPM Provisioning Service service to connect.

Event[439]:
  Log Name: System
  Source: Service Control Manager
  Date: 2025-09-16T02:07:16.2860000Z
  Event ID: 7009
  Task: N/A
  Level: Error
  Opcode: N/A
  Keyword: Classic
  User: N/A
  User Name: N/A
  Computer: Asterizu
  Description: 
A timeout was reached (30000 milliseconds) while waiting for the Steam Client Service service to connect.

Event[440]:
  Log Name: System
  Source: Service Control Manager
  Date: 2025-09-16T02:07:16.2870000Z
  Event ID: 7000
  Task: N/A
  Level: Error
  Opcode: N/A
  Keyword: Classic
  User: N/A
  User Name: N/A
  Computer: Asterizu
  Description: 
The Steam Client Service service failed to start due to the following error: 
The service did not respond to the start or control request in a timely fashion.

Event[441]:
  Log Name: System
  Source: Microsoft-Windows-DistributedCOM
  Date: 2025-09-16T02:28:10.6520000Z
  Event ID: 10010
  Task: N/A
  Level: Error
  Opcode: Info
  Keyword: Classic
  User: S-1-5-21-1400712973-4099593408-808397054-1001
  User Name: ASTERIZU\DELL
  Computer: Asterizu
  Description: 
The server Windows.Gaming.GameBar.PresenceServer.Internal.PresenceWriter did not register with DCOM within the required timeout.

Event[442]:
  Log Name: System
  Source: Microsoft-Windows-DistributedCOM
  Date: 2025-09-16T02:28:16.0770000Z
  Event ID: 10010
  Task: N/A
  Level: Error
  Opcode: Info
  Keyword: Classic
  User: S-1-5-21-1400712973-4099593408-808397054-1001
  User Name: ASTERIZU\DELL
  Computer: Asterizu
  Description: 
The server Windows.Gaming.GameBar.PresenceServer.Internal.PresenceWriter did not register with DCOM within the required timeout.

Event[443]:
  Log Name: System
  Source: Microsoft-Windows-DistributedCOM
  Date: 2025-09-16T02:52:17.0790000Z
  Event ID: 10010
  Task: N/A
  Level: Error
  Opcode: Info
  Keyword: Classic
  User: S-1-5-21-1400712973-4099593408-808397054-1001
  User Name: ASTERIZU\DELL
  Computer: Asterizu
  Description: 
The server Windows.Gaming.GameBar.PresenceServer.Internal.PresenceWriter did not register with DCOM within the required timeout.

Event[444]:
  Log Name: System
  Source: Service Control Manager
  Date: 2025-09-16T04:05:22.7490000Z
  Event ID: 7009
  Task: N/A
  Level: Error
  Opcode: N/A
  Keyword: Classic
  User: N/A
  User Name: N/A
  Computer: Asterizu
  Description: 
A timeout was reached (45000 milliseconds) while waiting for the Intel(R) TPM Provisioning Service service to connect.

Event[445]:
  Log Name: System
  Source: Service Control Manager
  Date: 2025-09-16T07:51:31.4280000Z
  Event ID: 7009
  Task: N/A
  Level: Error
  Opcode: N/A
  Keyword: Classic
  User: N/A
  User Name: N/A
  Computer: Asterizu
  Description: 
A timeout was reached (45000 milliseconds) while waiting for the Intel(R) TPM Provisioning Service service to connect.

Event[446]:
  Log Name: System
  Source: Service Control Manager
  Date: 2025-09-16T07:52:21.9260000Z
  Event ID: 7034
  Task: N/A
  Level: Error
  Opcode: N/A
  Keyword: Classic
  User: N/A
  User Name: N/A
  Computer: Asterizu
  Description: 
The Everything service terminated unexpectedly.  It has done this 1 time(s).

Event[447]:
  Log Name: System
  Source: Microsoft-Windows-DistributedCOM
  Date: 2025-09-16T07:54:57.4820000Z
  Event ID: 10010
  Task: N/A
  Level: Error
  Opcode: Info
  Keyword: Classic
  User: S-1-5-21-1400712973-4099593408-808397054-1001
  User Name: ASTERIZU\DELL
  Computer: Asterizu
  Description: 
The server Windows.Gaming.GameBar.PresenceServer.Internal.PresenceWriter did not register with DCOM within the required timeout.

Event[448]:
  Log Name: System
  Source: Microsoft-Windows-DistributedCOM
  Date: 2025-09-16T09:35:10.6970000Z
  Event ID: 10010
  Task: N/A
  Level: Error
  Opcode: Info
  Keyword: Classic
  User: S-1-5-21-1400712973-4099593408-808397054-1001
  User Name: ASTERIZU\DELL
  Computer: Asterizu
  Description: 
The server Windows.Gaming.GameBar.PresenceServer.Internal.PresenceWriter did not register with DCOM within the required timeout.

Event[449]:
  Log Name: System
  Source: Microsoft-Windows-DistributedCOM
  Date: 2025-09-16T09:38:25.8290000Z
  Event ID: 10010
  Task: N/A
  Level: Error
  Opcode: Info
  Keyword: Classic
  User: S-1-5-21-1400712973-4099593408-808397054-1001
  User Name: ASTERIZU\DELL
  Computer: Asterizu
  Description: 
The server Windows.Gaming.GameBar.PresenceServer.Internal.PresenceWriter did not register with DCOM within the required timeout.

Event[450]:
  Log Name: System
  Source: Microsoft-Windows-DistributedCOM
  Date: 2025-09-16T09:44:19.7000000Z
  Event ID: 10010
  Task: N/A
  Level: Error
  Opcode: Info
  Keyword: Classic
  User: S-1-5-21-1400712973-4099593408-808397054-1001
  User Name: ASTERIZU\DELL
  Computer: Asterizu
  Description: 
The server Windows.Gaming.GameBar.PresenceServer.Internal.PresenceWriter did not register with DCOM within the required timeout.

Event[451]:
  Log Name: System
  Source: Microsoft-Windows-DistributedCOM
  Date: 2025-09-16T09:47:41.9880000Z
  Event ID: 10010
  Task: N/A
  Level: Error
  Opcode: Info
  Keyword: Classic
  User: S-1-5-21-1400712973-4099593408-808397054-1001
  User Name: ASTERIZU\DELL
  Computer: Asterizu
  Description: 
The server Windows.Gaming.GameBar.PresenceServer.Internal.PresenceWriter did not register with DCOM within the required timeout.

Event[452]:
  Log Name: System
  Source: Microsoft-Windows-DistributedCOM
  Date: 2025-09-16T10:13:46.6710000Z
  Event ID: 10010
  Task: N/A
  Level: Error
  Opcode: Info
  Keyword: Classic
  User: S-1-5-21-1400712973-4099593408-808397054-1001
  User Name: ASTERIZU\DELL
  Computer: Asterizu
  Description: 
The server Windows.Gaming.GameBar.PresenceServer.Internal.PresenceWriter did not register with DCOM within the required timeout.

Event[453]:
  Log Name: System
  Source: Service Control Manager
  Date: 2025-09-16T22:34:00.5070000Z
  Event ID: 7009
  Task: N/A
  Level: Error
  Opcode: N/A
  Keyword: Classic
  User: N/A
  User Name: N/A
  Computer: Asterizu
  Description: 
A timeout was reached (45000 milliseconds) while waiting for the Intel(R) TPM Provisioning Service service to connect.

Event[454]:
  Log Name: System
  Source: Service Control Manager
  Date: 2025-09-17T01:07:10.4160000Z
  Event ID: 7009
  Task: N/A
  Level: Error
  Opcode: N/A
  Keyword: Classic
  User: N/A
  User Name: N/A
  Computer: Asterizu
  Description: 
A timeout was reached (45000 milliseconds) while waiting for the Intel(R) TPM Provisioning Service service to connect.

Event[455]:
  Log Name: System
  Source: Service Control Manager
  Date: 2025-09-17T02:48:18.3450000Z
  Event ID: 7009
  Task: N/A
  Level: Error
  Opcode: N/A
  Keyword: Classic
  User: N/A
  User Name: N/A
  Computer: Asterizu
  Description: 
A timeout was reached (45000 milliseconds) while waiting for the Intel(R) TPM Provisioning Service service to connect.

Event[456]:
  Log Name: System
  Source: Microsoft-Windows-DistributedCOM
  Date: 2025-09-17T02:58:46.6570000Z
  Event ID: 10010
  Task: N/A
  Level: Error
  Opcode: Info
  Keyword: Classic
  User: S-1-5-18
  User Name: NT AUTHORITY\SYSTEM
  Computer: Asterizu
  Description: 
The server {A463FCB9-6B1C-4E0D-A80B-A2CA7999E25D} did not register with DCOM within the required timeout.

Event[457]:
  Log Name: System
  Source: Microsoft-Windows-DistributedCOM
  Date: 2025-09-17T02:58:46.6730000Z
  Event ID: 10010
  Task: N/A
  Level: Error
  Opcode: Info
  Keyword: Classic
  User: S-1-5-18
  User Name: NT AUTHORITY\SYSTEM
  Computer: Asterizu
  Description: 
The server {A463FCB9-6B1C-4E0D-A80B-A2CA7999E25D} did not register with DCOM within the required timeout.

Event[458]:
  Log Name: System
  Source: Microsoft-Windows-DistributedCOM
  Date: 2025-09-17T02:58:46.6730000Z
  Event ID: 10010
  Task: N/A
  Level: Error
  Opcode: Info
  Keyword: Classic
  User: S-1-5-18
  User Name: NT AUTHORITY\SYSTEM
  Computer: Asterizu
  Description: 
The server {A463FCB9-6B1C-4E0D-A80B-A2CA7999E25D} did not register with DCOM within the required timeout.

Event[459]:
  Log Name: System
  Source: Microsoft-Windows-DistributedCOM
  Date: 2025-09-17T02:58:46.6880000Z
  Event ID: 10010
  Task: N/A
  Level: Error
  Opcode: Info
  Keyword: Classic
  User: S-1-5-18
  User Name: NT AUTHORITY\SYSTEM
  Computer: Asterizu
  Description: 
The server {A463FCB9-6B1C-4E0D-A80B-A2CA7999E25D} did not register with DCOM within the required timeout.

Event[460]:
  Log Name: System
  Source: Service Control Manager
  Date: 2025-09-17T05:24:08.2220000Z
  Event ID: 7009
  Task: N/A
  Level: Error
  Opcode: N/A
  Keyword: Classic
  User: N/A
  User Name: N/A
  Computer: Asterizu
  Description: 
A timeout was reached (45000 milliseconds) while waiting for the Intel(R) TPM Provisioning Service service to connect.

Event[461]:
  Log Name: System
  Source: Service Control Manager
  Date: 2025-09-17T05:28:09.4640000Z
  Event ID: 7009
  Task: N/A
  Level: Error
  Opcode: N/A
  Keyword: Classic
  User: N/A
  User Name: N/A
  Computer: Asterizu
  Description: 
A timeout was reached (45000 milliseconds) while waiting for the Intel(R) TPM Provisioning Service service to connect.

Event[462]:
  Log Name: System
  Source: Microsoft-Windows-DistributedCOM
  Date: 2025-09-17T05:35:19.0810000Z
  Event ID: 10010
  Task: N/A
  Level: Error
  Opcode: Info
  Keyword: Classic
  User: S-1-5-21-1400712973-4099593408-808397054-1001
  User Name: ASTERIZU\DELL
  Computer: Asterizu
  Description: 
The server Windows.Gaming.GameBar.PresenceServer.Internal.PresenceWriter did not register with DCOM within the required timeout.

Event[463]:
  Log Name: System
  Source: Microsoft-Windows-DistributedCOM
  Date: 2025-09-17T05:41:17.9340000Z
  Event ID: 10010
  Task: N/A
  Level: Error
  Opcode: Info
  Keyword: Classic
  User: S-1-5-21-1400712973-4099593408-808397054-1001
  User Name: ASTERIZU\DELL
  Computer: Asterizu
  Description: 
The server Windows.Gaming.GameBar.PresenceServer.Internal.PresenceWriter did not register with DCOM within the required timeout.

Event[464]:
  Log Name: System
  Source: Service Control Manager
  Date: 2025-09-17T05:44:32.1080000Z
  Event ID: 7034
  Task: N/A
  Level: Error
  Opcode: N/A
  Keyword: Classic
  User: N/A
  User Name: N/A
  Computer: Asterizu
  Description: 
The Everything service terminated unexpectedly.  It has done this 1 time(s).

Event[465]:
  Log Name: System
  Source: Microsoft-Windows-DistributedCOM
  Date: 2025-09-17T05:50:44.4480000Z
  Event ID: 10010
  Task: N/A
  Level: Error
  Opcode: Info
  Keyword: Classic
  User: S-1-5-21-1400712973-4099593408-808397054-1001
  User Name: ASTERIZU\DELL
  Computer: Asterizu
  Description: 
The server Windows.Gaming.GameBar.PresenceServer.Internal.PresenceWriter did not register with DCOM within the required timeout.

Event[466]:
  Log Name: System
  Source: Microsoft-Windows-DistributedCOM
  Date: 2025-09-17T06:08:13.3780000Z
  Event ID: 10010
  Task: N/A
  Level: Error
  Opcode: Info
  Keyword: Classic
  User: S-1-5-21-1400712973-4099593408-808397054-1001
  User Name: ASTERIZU\DELL
  Computer: Asterizu
  Description: 
The server Windows.Gaming.GameBar.PresenceServer.Internal.PresenceWriter did not register with DCOM within the required timeout.

Event[467]:
  Log Name: System
  Source: Microsoft-Windows-DistributedCOM
  Date: 2025-09-17T06:17:57.4170000Z
  Event ID: 10010
  Task: N/A
  Level: Error
  Opcode: Info
  Keyword: Classic
  User: S-1-5-21-1400712973-4099593408-808397054-1001
  User Name: ASTERIZU\DELL
  Computer: Asterizu
  Description: 
The server Windows.Gaming.GameBar.PresenceServer.Internal.PresenceWriter did not register with DCOM within the required timeout.

Event[468]:
  Log Name: System
  Source: Microsoft-Windows-DistributedCOM
  Date: 2025-09-17T06:51:16.1450000Z
  Event ID: 10010
  Task: N/A
  Level: Error
  Opcode: Info
  Keyword: Classic
  User: S-1-5-21-1400712973-4099593408-808397054-1001
  User Name: ASTERIZU\DELL
  Computer: Asterizu
  Description: 
The server Windows.Gaming.GameBar.PresenceServer.Internal.PresenceWriter did not register with DCOM within the required timeout.

Event[469]:
  Log Name: System
  Source: Microsoft-Windows-DistributedCOM
  Date: 2025-09-17T07:34:07.3570000Z
  Event ID: 10010
  Task: N/A
  Level: Error
  Opcode: Info
  Keyword: Classic
  User: S-1-5-21-1400712973-4099593408-808397054-1001
  User Name: ASTERIZU\DELL
  Computer: Asterizu
  Description: 
The server Windows.Gaming.GameBar.PresenceServer.Internal.PresenceWriter did not register with DCOM within the required timeout.

Event[470]:
  Log Name: System
  Source: Service Control Manager
  Date: 2025-09-17T10:33:16.1490000Z
  Event ID: 7009
  Task: N/A
  Level: Error
  Opcode: N/A
  Keyword: Classic
  User: N/A
  User Name: N/A
  Computer: Asterizu
  Description: 
A timeout was reached (45000 milliseconds) while waiting for the Intel(R) TPM Provisioning Service service to connect.

Event[471]:
  Log Name: System
  Source: Microsoft-Windows-DistributedCOM
  Date: 2025-09-17T12:23:21.2730000Z
  Event ID: 10010
  Task: N/A
  Level: Error
  Opcode: Info
  Keyword: Classic
  User: S-1-5-21-1400712973-4099593408-808397054-1001
  User Name: ASTERIZU\DELL
  Computer: Asterizu
  Description: 
The server Windows.Gaming.GameBar.PresenceServer.Internal.PresenceWriter did not register with DCOM within the required timeout.

Event[472]:
  Log Name: System
  Source: Microsoft-Windows-DistributedCOM
  Date: 2025-09-17T12:33:03.2320000Z
  Event ID: 10010
  Task: N/A
  Level: Error
  Opcode: Info
  Keyword: Classic
  User: S-1-5-21-1400712973-4099593408-808397054-1001
  User Name: ASTERIZU\DELL
  Computer: Asterizu
  Description: 
The server Windows.Gaming.GameBar.PresenceServer.Internal.PresenceWriter did not register with DCOM within the required timeout.

Event[473]:
  Log Name: System
  Source: Service Control Manager
  Date: 2025-09-17T12:42:13.2820000Z
  Event ID: 7034
  Task: N/A
  Level: Error
  Opcode: N/A
  Keyword: Classic
  User: N/A
  User Name: N/A
  Computer: Asterizu
  Description: 
The Everything service terminated unexpectedly.  It has done this 1 time(s).

Event[474]:
  Log Name: System
  Source: Microsoft-Windows-DistributedCOM
  Date: 2025-09-17T12:44:10.5880000Z
  Event ID: 10010
  Task: N/A
  Level: Error
  Opcode: Info
  Keyword: Classic
  User: S-1-5-21-1400712973-4099593408-808397054-1001
  User Name: ASTERIZU\DELL
  Computer: Asterizu
  Description: 
The server Windows.Gaming.GameBar.PresenceServer.Internal.PresenceWriter did not register with DCOM within the required timeout.

Event[475]:
  Log Name: System
  Source: Microsoft-Windows-DistributedCOM
  Date: 2025-09-17T14:37:00.4550000Z
  Event ID: 10010
  Task: N/A
  Level: Error
  Opcode: Info
  Keyword: Classic
  User: S-1-5-21-1400712973-4099593408-808397054-1001
  User Name: ASTERIZU\DELL
  Computer: Asterizu
  Description: 
The server Windows.Gaming.GameBar.PresenceServer.Internal.PresenceWriter did not register with DCOM within the required timeout.

Event[476]:
  Log Name: System
  Source: Microsoft-Windows-DistributedCOM
  Date: 2025-09-17T14:43:31.7050000Z
  Event ID: 10010
  Task: N/A
  Level: Error
  Opcode: Info
  Keyword: Classic
  User: S-1-5-21-1400712973-4099593408-808397054-1001
  User Name: ASTERIZU\DELL
  Computer: Asterizu
  Description: 
The server Windows.Gaming.GameBar.PresenceServer.Internal.PresenceWriter did not register with DCOM within the required timeout.

Event[477]:
  Log Name: System
  Source: Microsoft-Windows-DistributedCOM
  Date: 2025-09-17T15:16:09.8410000Z
  Event ID: 10010
  Task: N/A
  Level: Error
  Opcode: Info
  Keyword: Classic
  User: S-1-5-21-1400712973-4099593408-808397054-1001
  User Name: ASTERIZU\DELL
  Computer: Asterizu
  Description: 
The server Windows.Gaming.GameBar.PresenceServer.Internal.PresenceWriter did not register with DCOM within the required timeout.

Event[478]:
