  Log Name: System
  Source: Service Control Manager
  Date: 2025-11-04T20:29:27.7570000Z
  Event ID: 7000
  Task: N/A
  Level: Error
  Opcode: N/A
  Keyword: Classic
  User: N/A
  User Name: N/A
  Computer: Asterizu
  Description: 
The GameDVR and Broadcast User Service_8bb5d service failed to start due to the following error: 
The service did not respond to the start or control request in a timely fashion.

Event[1531]:
  Log Name: System
  Source: Microsoft-Windows-DistributedCOM
  Date: 2025-11-04T20:29:27.7570000Z
  Event ID: 10005
  Task: N/A
  Level: Error
  Opcode: Info
  Keyword: Classic
  User: S-1-5-21-1400712973-4099593408-808397054-1001
  User Name: ASTERIZU\DELL
  Computer: Asterizu
  Description: 
DCOM got error "1053" attempting to start the service BcastDVRUserService_8bb5d with arguments "Unavailable" in order to run the server:
Windows.Media.Capture.Internal.AppCaptureShell

Event[1532]:
  Log Name: System
  Source: Service Control Manager
  Date: 2025-11-05T00:22:52.4710000Z
  Event ID: 7009
  Task: N/A
  Level: Error
  Opcode: N/A
  Keyword: Classic
  User: N/A
  User Name: N/A
  Computer: Asterizu
  Description: 
A timeout was reached (45000 milliseconds) while waiting for the Intel(R) TPM Provisioning Service service to connect.

Event[1533]:
  Log Name: System
  Source: Microsoft-Windows-TPM-WMI
  Date: 2025-11-05T00:27:52.1040000Z
  Event ID: 1801
  Task: N/A
  Level: Error
  Opcode: Info
  Keyword: N/A
  User: S-1-5-18
  User Name: NT AUTHORITY\SYSTEM
  Computer: Asterizu
  Description: 
Secure Boot CA/keys need to be updated. This device signature information is included here.
DeviceAttributes: FirmwareManufacturer:Dell Inc.;FirmwareVersion:1.40.0;OEMManufacturerName:Dell Inc.;OEMModelSKU:0AB0;OSArchitecture:amd64;
BucketId: 6dd4c196c9d9d098e08768313b12ee6950a03e04c5ccbe68552f6b759593148a
BucketConfidenceLevel: 
UpdateType: 0
HResult: The operation completed successfully.

Event[1534]:
  Log Name: System
  Source: Microsoft-Windows-DistributedCOM
  Date: 2025-11-05T00:40:27.3690000Z
  Event ID: 10010
  Task: N/A
  Level: Error
  Opcode: Info
  Keyword: Classic
  User: S-1-5-21-1400712973-4099593408-808397054-1001
  User Name: ASTERIZU\DELL
  Computer: Asterizu
  Description: 
The server Windows.Gaming.GameBar.PresenceServer.Internal.PresenceWriter did not register with DCOM within the required timeout.

Event[1535]:
  Log Name: System
  Source: Microsoft-Windows-DistributedCOM
  Date: 2025-11-05T00:42:07.7240000Z
  Event ID: 10010
  Task: N/A
  Level: Error
  Opcode: Info
  Keyword: Classic
  User: S-1-5-21-1400712973-4099593408-808397054-1001
  User Name: ASTERIZU\DELL
  Computer: Asterizu
  Description: 
The server Windows.Gaming.GameBar.PresenceServer.Internal.PresenceWriter did not register with DCOM within the required timeout.

Event[1536]:
  Log Name: System
  Source: Microsoft-Windows-DistributedCOM
  Date: 2025-11-05T02:41:19.1750000Z
  Event ID: 10010
  Task: N/A
  Level: Error
  Opcode: Info
  Keyword: Classic
  User: S-1-5-21-1400712973-4099593408-808397054-1001
  User Name: ASTERIZU\DELL
  Computer: Asterizu
  Description: 
The server Windows.Gaming.GameBar.PresenceServer.Internal.PresenceWriter did not register with DCOM within the required timeout.

Event[1537]:
  Log Name: System
  Source: Microsoft-Windows-DistributedCOM
  Date: 2025-11-05T02:42:54.4140000Z
  Event ID: 10010
  Task: N/A
  Level: Error
  Opcode: Info
  Keyword: Classic
  User: S-1-5-21-1400712973-4099593408-808397054-1001
  User Name: ASTERIZU\DELL
  Computer: Asterizu
  Description: 
The server Windows.Gaming.GameBar.PresenceServer.Internal.PresenceWriter did not register with DCOM within the required timeout.

Event[1538]:
  Log Name: System
  Source: Service Control Manager
  Date: 2025-11-05T07:56:55.8750000Z
  Event ID: 7009
  Task: N/A
  Level: Error
  Opcode: N/A
  Keyword: Classic
  User: N/A
  User Name: N/A
  Computer: Asterizu
  Description: 
A timeout was reached (45000 milliseconds) while waiting for the Intel(R) TPM Provisioning Service service to connect.

Event[1539]:
  Log Name: System
  Source: RTWlanE
  Date: 2025-11-05T07:57:00.6370000Z
  Event ID: 5005
  Task: N/A
  Level: Error
  Opcode: N/A
  Keyword: Classic
  User: N/A
  User Name: N/A
  Computer: Asterizu
  Description: 
Realtek 8821CE Wireless LAN 802.11ac PCI-E NIC : Has encountered an internal error and has failed.

Event[1540]:
  Log Name: System
  Source: Microsoft-Windows-DistributedCOM
  Date: 2025-11-05T08:00:00.6010000Z
  Event ID: 10010
  Task: N/A
  Level: Error
  Opcode: Info
  Keyword: Classic
  User: S-1-5-21-1400712973-4099593408-808397054-1001
  User Name: ASTERIZU\DELL
  Computer: Asterizu
  Description: 
The server Windows.Gaming.GameBar.PresenceServer.Internal.PresenceWriter did not register with DCOM within the required timeout.

Event[1541]:
  Log Name: System
  Source: Microsoft-Windows-TPM-WMI
  Date: 2025-11-05T08:01:55.4970000Z
  Event ID: 1801
  Task: N/A
  Level: Error
  Opcode: Info
  Keyword: N/A
  User: S-1-5-18
  User Name: NT AUTHORITY\SYSTEM
  Computer: Asterizu
  Description: 
Secure Boot CA/keys need to be updated. This device signature information is included here.
DeviceAttributes: FirmwareManufacturer:Dell Inc.;FirmwareVersion:1.40.0;OEMManufacturerName:Dell Inc.;OEMModelSKU:0AB0;OSArchitecture:amd64;
BucketId: 6dd4c196c9d9d098e08768313b12ee6950a03e04c5ccbe68552f6b759593148a
BucketConfidenceLevel: 
UpdateType: 0
HResult: The operation completed successfully.

Event[1542]:
  Log Name: System
  Source: Microsoft-Windows-DistributedCOM
  Date: 2025-11-05T08:03:53.6770000Z
  Event ID: 10010
  Task: N/A
  Level: Error
  Opcode: Info
  Keyword: Classic
  User: S-1-5-21-1400712973-4099593408-808397054-1001
  User Name: ASTERIZU\DELL
  Computer: Asterizu
  Description: 
The server Windows.Gaming.GameBar.PresenceServer.Internal.PresenceWriter did not register with DCOM within the required timeout.

Event[1543]:
  Log Name: System
  Source: Microsoft-Windows-DistributedCOM
  Date: 2025-11-05T09:47:29.6660000Z
  Event ID: 10010
  Task: N/A
  Level: Error
  Opcode: Info
  Keyword: Classic
  User: S-1-5-21-1400712973-4099593408-808397054-1001
  User Name: ASTERIZU\DELL
  Computer: Asterizu
  Description: 
The server Windows.Gaming.GameBar.PresenceServer.Internal.PresenceWriter did not register with DCOM within the required timeout.

Event[1544]:
  Log Name: System
  Source: Microsoft-Windows-DistributedCOM
  Date: 2025-11-05T11:14:15.9260000Z
  Event ID: 10010
  Task: N/A
  Level: Error
  Opcode: Info
  Keyword: Classic
  User: S-1-5-21-1400712973-4099593408-808397054-1001
  User Name: ASTERIZU\DELL
  Computer: Asterizu
  Description: 
The server Windows.Gaming.GameBar.PresenceServer.Internal.PresenceWriter did not register with DCOM within the required timeout.

Event[1545]:
  Log Name: System
  Source: Microsoft-Windows-DistributedCOM
  Date: 2025-11-05T11:30:05.4660000Z
  Event ID: 10010
  Task: N/A
  Level: Error
  Opcode: Info
  Keyword: Classic
  User: S-1-5-21-1400712973-4099593408-808397054-1001
  User Name: ASTERIZU\DELL
  Computer: Asterizu
  Description: 
The server Windows.Gaming.GameBar.PresenceServer.Internal.PresenceWriter did not register with DCOM within the required timeout.

Event[1546]:
  Log Name: System
  Source: Microsoft-Windows-DistributedCOM
  Date: 2025-11-05T11:30:51.3080000Z
  Event ID: 10010
  Task: N/A
  Level: Error
  Opcode: Info
  Keyword: Classic
  User: S-1-5-21-1400712973-4099593408-808397054-1001
  User Name: ASTERIZU\DELL
  Computer: Asterizu
  Description: 
The server Windows.Gaming.GameBar.PresenceServer.Internal.PresenceWriter did not register with DCOM within the required timeout.

Event[1547]:
  Log Name: System
  Source: Microsoft-Windows-DistributedCOM
  Date: 2025-11-05T11:50:10.4250000Z
  Event ID: 10010
  Task: N/A
  Level: Error
  Opcode: Info
  Keyword: Classic
  User: S-1-5-21-1400712973-4099593408-808397054-1001
  User Name: ASTERIZU\DELL
  Computer: Asterizu
  Description: 
The server Windows.Gaming.GameBar.PresenceServer.Internal.PresenceWriter did not register with DCOM within the required timeout.

Event[1548]:
  Log Name: System
  Source: Microsoft-Windows-DistributedCOM
  Date: 2025-11-05T12:41:41.8060000Z
  Event ID: 10010
  Task: N/A
  Level: Error
  Opcode: Info
  Keyword: Classic
  User: S-1-5-21-1400712973-4099593408-808397054-1001
  User Name: ASTERIZU\DELL
  Computer: Asterizu
  Description: 
The server Windows.Gaming.GameBar.PresenceServer.Internal.PresenceWriter did not register with DCOM within the required timeout.

Event[1549]:
  Log Name: System
  Source: Microsoft-Windows-DistributedCOM
  Date: 2025-11-05T13:09:48.4190000Z
  Event ID: 10010
  Task: N/A
  Level: Error
  Opcode: Info
  Keyword: Classic
  User: S-1-5-21-1400712973-4099593408-808397054-1001
  User Name: ASTERIZU\DELL
  Computer: Asterizu
  Description: 
The server Windows.Gaming.GameBar.PresenceServer.Internal.PresenceWriter did not register with DCOM within the required timeout.

Event[1550]:
  Log Name: System
  Source: Microsoft-Windows-DistributedCOM
  Date: 2025-11-05T13:11:57.5880000Z
  Event ID: 10010
  Task: N/A
  Level: Error
  Opcode: Info
  Keyword: Classic
  User: S-1-5-21-1400712973-4099593408-808397054-1001
  User Name: ASTERIZU\DELL
  Computer: Asterizu
  Description: 
The server Windows.Gaming.GameBar.PresenceServer.Internal.PresenceWriter did not register with DCOM within the required timeout.

Event[1551]:
  Log Name: System
  Source: Microsoft-Windows-DistributedCOM
  Date: 2025-11-05T13:13:21.6790000Z
  Event ID: 10010
  Task: N/A
  Level: Error
  Opcode: Info
  Keyword: Classic
  User: S-1-5-21-1400712973-4099593408-808397054-1001
  User Name: ASTERIZU\DELL
  Computer: Asterizu
  Description: 
The server Windows.Gaming.GameBar.PresenceServer.Internal.PresenceWriter did not register with DCOM within the required timeout.

Event[1552]:
  Log Name: System
  Source: Microsoft-Windows-DistributedCOM
  Date: 2025-11-05T13:17:56.8900000Z
  Event ID: 10010
  Task: N/A
  Level: Error
  Opcode: Info
  Keyword: Classic
  User: S-1-5-21-1400712973-4099593408-808397054-1001
  User Name: ASTERIZU\DELL
  Computer: Asterizu
  Description: 
The server Windows.Gaming.GameBar.PresenceServer.Internal.PresenceWriter did not register with DCOM within the required timeout.

Event[1553]:
  Log Name: System
  Source: Service Control Manager
  Date: 2025-11-05T19:51:36.6230000Z
  Event ID: 7009
  Task: N/A
  Level: Error
  Opcode: N/A
  Keyword: Classic
  User: N/A
  User Name: N/A
  Computer: Asterizu
  Description: 
A timeout was reached (45000 milliseconds) while waiting for the Intel(R) TPM Provisioning Service service to connect.

Event[1554]:
  Log Name: System
  Source: RTWlanE
  Date: 2025-11-05T19:51:41.4990000Z
  Event ID: 5005
  Task: N/A
  Level: Error
  Opcode: N/A
  Keyword: Classic
  User: N/A
  User Name: N/A
  Computer: Asterizu
  Description: 
Realtek 8821CE Wireless LAN 802.11ac PCI-E NIC : Has encountered an internal error and has failed.

Event[1555]:
  Log Name: System
  Source: Microsoft-Windows-DistributedCOM
  Date: 2025-11-05T19:55:03.9870000Z
  Event ID: 10010
  Task: N/A
  Level: Error
  Opcode: Info
  Keyword: Classic
  User: S-1-5-21-1400712973-4099593408-808397054-1001
  User Name: ASTERIZU\DELL
  Computer: Asterizu
  Description: 
The server Windows.Gaming.GameBar.PresenceServer.Internal.PresenceWriter did not register with DCOM within the required timeout.

Event[1556]:
  Log Name: System
  Source: Microsoft-Windows-TPM-WMI
  Date: 2025-11-05T19:56:36.4470000Z
  Event ID: 1801
  Task: N/A
  Level: Error
  Opcode: Info
  Keyword: N/A
  User: S-1-5-18
  User Name: NT AUTHORITY\SYSTEM
  Computer: Asterizu
  Description: 
Secure Boot CA/keys need to be updated. This device signature information is included here.
DeviceAttributes: FirmwareManufacturer:Dell Inc.;FirmwareVersion:1.40.0;OEMManufacturerName:Dell Inc.;OEMModelSKU:0AB0;OSArchitecture:amd64;
BucketId: 6dd4c196c9d9d098e08768313b12ee6950a03e04c5ccbe68552f6b759593148a
BucketConfidenceLevel: 
UpdateType: 0
HResult: The operation completed successfully.

Event[1557]:
  Log Name: System
  Source: Service Control Manager
  Date: 2025-11-06T00:02:17.1100000Z
  Event ID: 7009
  Task: N/A
  Level: Error
  Opcode: N/A
  Keyword: Classic
  User: N/A
  User Name: N/A
  Computer: Asterizu
  Description: 
A timeout was reached (30000 milliseconds) while waiting for the GameDVR and Broadcast User Service_a494a service to connect.

Event[1558]:
  Log Name: System
  Source: Service Control Manager
  Date: 2025-11-06T00:02:17.1110000Z
  Event ID: 7000
  Task: N/A
  Level: Error
  Opcode: N/A
  Keyword: Classic
  User: N/A
  User Name: N/A
  Computer: Asterizu
  Description: 
The GameDVR and Broadcast User Service_a494a service failed to start due to the following error: 
The service did not respond to the start or control request in a timely fashion.

Event[1559]:
  Log Name: System
  Source: Microsoft-Windows-DistributedCOM
  Date: 2025-11-06T00:02:17.1120000Z
  Event ID: 10005
  Task: N/A
  Level: Error
  Opcode: Info
  Keyword: Classic
  User: S-1-5-21-1400712973-4099593408-808397054-1001
  User Name: ASTERIZU\DELL
  Computer: Asterizu
  Description: 
DCOM got error "1053" attempting to start the service BcastDVRUserService_a494a with arguments "Unavailable" in order to run the server:
Windows.Media.Capture.Internal.AppCaptureShell

Event[1560]:
  Log Name: System
  Source: Service Control Manager
  Date: 2025-11-06T00:35:04.8830000Z
  Event ID: 7009
  Task: N/A
  Level: Error
  Opcode: N/A
  Keyword: Classic
  User: N/A
  User Name: N/A
  Computer: Asterizu
  Description: 
A timeout was reached (45000 milliseconds) while waiting for the Intel(R) TPM Provisioning Service service to connect.

Event[1561]:
  Log Name: System
  Source: Microsoft-Windows-TPM-WMI
  Date: 2025-11-06T00:40:04.4580000Z
  Event ID: 1801
  Task: N/A
  Level: Error
  Opcode: Info
  Keyword: N/A
  User: S-1-5-18
  User Name: NT AUTHORITY\SYSTEM
  Computer: Asterizu
  Description: 
Secure Boot CA/keys need to be updated. This device signature information is included here.
DeviceAttributes: FirmwareManufacturer:Dell Inc.;FirmwareVersion:1.40.0;OEMManufacturerName:Dell Inc.;OEMModelSKU:0AB0;OSArchitecture:amd64;
BucketId: 6dd4c196c9d9d098e08768313b12ee6950a03e04c5ccbe68552f6b759593148a
BucketConfidenceLevel: 
UpdateType: 0
HResult: The operation completed successfully.

Event[1562]:
  Log Name: System
  Source: Microsoft-Windows-DistributedCOM
  Date: 2025-11-06T00:40:07.4030000Z
  Event ID: 10010
  Task: N/A
  Level: Error
  Opcode: Info
  Keyword: Classic
  User: S-1-5-21-1400712973-4099593408-808397054-1001
  User Name: ASTERIZU\DELL
  Computer: Asterizu
  Description: 
The server Windows.Gaming.GameBar.PresenceServer.Internal.PresenceWriter did not register with DCOM within the required timeout.

Event[1563]:
  Log Name: System
  Source: Microsoft-Windows-DistributedCOM
  Date: 2025-11-06T00:41:41.1530000Z
  Event ID: 10010
  Task: N/A
  Level: Error
  Opcode: Info
  Keyword: Classic
  User: S-1-5-21-1400712973-4099593408-808397054-1001
  User Name: ASTERIZU\DELL
  Computer: Asterizu
  Description: 
The server Windows.Gaming.GameBar.PresenceServer.Internal.PresenceWriter did not register with DCOM within the required timeout.

Event[1564]:
  Log Name: System
  Source: Microsoft-Windows-DistributedCOM
  Date: 2025-11-06T05:04:32.1860000Z
  Event ID: 10010
  Task: N/A
  Level: Error
  Opcode: Info
  Keyword: Classic
  User: S-1-5-21-1400712973-4099593408-808397054-1001
  User Name: ASTERIZU\DELL
  Computer: Asterizu
  Description: 
The server Windows.Gaming.GameBar.PresenceServer.Internal.PresenceWriter did not register with DCOM within the required timeout.

Event[1565]:
  Log Name: System
  Source: Microsoft-Windows-DistributedCOM
  Date: 2025-11-06T05:19:46.3340000Z
  Event ID: 10010
  Task: N/A
  Level: Error
  Opcode: Info
  Keyword: Classic
  User: S-1-5-21-1400712973-4099593408-808397054-1001
  User Name: ASTERIZU\DELL
  Computer: Asterizu
  Description: 
The server Windows.Gaming.GameBar.PresenceServer.Internal.PresenceWriter did not register with DCOM within the required timeout.

Event[1566]:
  Log Name: System
  Source: Microsoft-Windows-DistributedCOM
  Date: 2025-11-06T05:19:48.6020000Z
  Event ID: 10010
  Task: N/A
  Level: Error
  Opcode: Info
  Keyword: Classic
  User: S-1-5-21-1400712973-4099593408-808397054-1001
  User Name: ASTERIZU\DELL
  Computer: Asterizu
  Description: 
The server Windows.Gaming.GameBar.PresenceServer.Internal.PresenceWriter did not register with DCOM within the required timeout.

Event[1567]:
  Log Name: System
  Source: Microsoft-Windows-DistributedCOM
  Date: 2025-11-06T05:23:06.2930000Z
  Event ID: 10010
  Task: N/A
  Level: Error
  Opcode: Info
  Keyword: Classic
  User: S-1-5-21-1400712973-4099593408-808397054-1001
  User Name: ASTERIZU\DELL
  Computer: Asterizu
  Description: 
The server Windows.Gaming.GameBar.PresenceServer.Internal.PresenceWriter did not register with DCOM within the required timeout.

Event[1568]:
  Log Name: System
  Source: Microsoft-Windows-DistributedCOM
  Date: 2025-11-06T05:24:41.6140000Z
  Event ID: 10010
  Task: N/A
  Level: Error
  Opcode: Info
  Keyword: Classic
  User: S-1-5-21-1400712973-4099593408-808397054-1001
  User Name: ASTERIZU\DELL
  Computer: Asterizu
  Description: 
The server Windows.Gaming.GameBar.PresenceServer.Internal.PresenceWriter did not register with DCOM within the required timeout.

Event[1569]:
  Log Name: System
  Source: Microsoft-Windows-DistributedCOM
  Date: 2025-11-06T05:29:20.2290000Z
  Event ID: 10010
  Task: N/A
  Level: Error
  Opcode: Info
  Keyword: Classic
  User: S-1-5-21-1400712973-4099593408-808397054-1001
  User Name: ASTERIZU\DELL
  Computer: Asterizu
  Description: 
The server Windows.Gaming.GameBar.PresenceServer.Internal.PresenceWriter did not register with DCOM within the required timeout.

Event[1570]:
  Log Name: System
  Source: Microsoft-Windows-DistributedCOM
  Date: 2025-11-06T05:31:09.8120000Z
  Event ID: 10010
  Task: N/A
  Level: Error
  Opcode: Info
  Keyword: Classic
  User: S-1-5-21-1400712973-4099593408-808397054-1001
  User Name: ASTERIZU\DELL
  Computer: Asterizu
  Description: 
The server Windows.Gaming.GameBar.PresenceServer.Internal.PresenceWriter did not register with DCOM within the required timeout.

Event[1571]:
  Log Name: System
  Source: Microsoft-Windows-DistributedCOM
  Date: 2025-11-06T05:55:17.9200000Z
  Event ID: 10010
  Task: N/A
  Level: Error
  Opcode: Info
  Keyword: Classic
  User: S-1-5-21-1400712973-4099593408-808397054-1001
  User Name: ASTERIZU\DELL
  Computer: Asterizu
  Description: 
The server Windows.Gaming.GameBar.PresenceServer.Internal.PresenceWriter did not register with DCOM within the required timeout.

Event[1572]:
  Log Name: System
  Source: Microsoft-Windows-DistributedCOM
  Date: 2025-11-06T06:03:38.0290000Z
  Event ID: 10010
  Task: N/A
  Level: Error
  Opcode: Info
  Keyword: Classic
  User: S-1-5-21-1400712973-4099593408-808397054-1001
  User Name: ASTERIZU\DELL
  Computer: Asterizu
  Description: 
The server Windows.Gaming.GameBar.PresenceServer.Internal.PresenceWriter did not register with DCOM within the required timeout.

Event[1573]:
  Log Name: System
  Source: Service Control Manager
  Date: 2025-11-06T11:04:37.9760000Z
  Event ID: 7009
  Task: N/A
  Level: Error
  Opcode: N/A
  Keyword: Classic
  User: N/A
  User Name: N/A
  Computer: Asterizu
  Description: 
A timeout was reached (45000 milliseconds) while waiting for the Intel(R) TPM Provisioning Service service to connect.

Event[1574]:
  Log Name: System
  Source: RTWlanE
  Date: 2025-11-06T11:04:42.7110000Z
  Event ID: 5005
  Task: N/A
  Level: Error
  Opcode: N/A
  Keyword: Classic
  User: N/A
  User Name: N/A
  Computer: Asterizu
  Description: 
Realtek 8821CE Wireless LAN 802.11ac PCI-E NIC : Has encountered an internal error and has failed.

Event[1575]:
  Log Name: System
  Source: Microsoft-Windows-TPM-WMI
  Date: 2025-11-06T11:09:37.7180000Z
  Event ID: 1801
  Task: N/A
  Level: Error
  Opcode: Info
  Keyword: N/A
  User: S-1-5-18
  User Name: NT AUTHORITY\SYSTEM
  Computer: Asterizu
  Description: 
Secure Boot CA/keys need to be updated. This device signature information is included here.
DeviceAttributes: FirmwareManufacturer:Dell Inc.;FirmwareVersion:1.40.0;OEMManufacturerName:Dell Inc.;OEMModelSKU:0AB0;OSArchitecture:amd64;
BucketId: 6dd4c196c9d9d098e08768313b12ee6950a03e04c5ccbe68552f6b759593148a
BucketConfidenceLevel: 
UpdateType: 0
HResult: The operation completed successfully.

Event[1576]:
  Log Name: System
  Source: Microsoft-Windows-DistributedCOM
  Date: 2025-11-06T11:55:40.3970000Z
  Event ID: 10010
  Task: N/A
  Level: Error
  Opcode: Info
  Keyword: Classic
  User: S-1-5-21-1400712973-4099593408-808397054-1001
  User Name: ASTERIZU\DELL
  Computer: Asterizu
  Description: 
The server Windows.Gaming.GameBar.PresenceServer.Internal.PresenceWriter did not register with DCOM within the required timeout.

Event[1577]:
  Log Name: System
  Source: Microsoft-Windows-DistributedCOM
  Date: 2025-11-06T11:57:18.8870000Z
  Event ID: 10010
  Task: N/A
  Level: Error
  Opcode: Info
  Keyword: Classic
  User: S-1-5-21-1400712973-4099593408-808397054-1001
  User Name: ASTERIZU\DELL
  Computer: Asterizu
  Description: 
The server Windows.Gaming.GameBar.PresenceServer.Internal.PresenceWriter did not register with DCOM within the required timeout.

Event[1578]:
  Log Name: System
  Source: Service Control Manager
  Date: 2025-11-06T21:48:15.8820000Z
  Event ID: 7009
  Task: N/A
  Level: Error
  Opcode: N/A
  Keyword: Classic
  User: N/A
  User Name: N/A
  Computer: Asterizu
  Description: 
A timeout was reached (45000 milliseconds) while waiting for the Intel(R) TPM Provisioning Service service to connect.

Event[1579]:
  Log Name: System
  Source: Microsoft-Windows-TPM-WMI
  Date: 2025-11-06T21:53:15.5640000Z
  Event ID: 1801
  Task: N/A
  Level: Error
  Opcode: Info
  Keyword: N/A
  User: S-1-5-18
  User Name: NT AUTHORITY\SYSTEM
  Computer: Asterizu
  Description: 
Secure Boot CA/keys need to be updated. This device signature information is included here.
DeviceAttributes: FirmwareManufacturer:Dell Inc.;FirmwareVersion:1.40.0;OEMManufacturerName:Dell Inc.;OEMModelSKU:0AB0;OSArchitecture:amd64;
BucketId: 6dd4c196c9d9d098e08768313b12ee6950a03e04c5ccbe68552f6b759593148a
BucketConfidenceLevel: 
UpdateType: 0
HResult: The operation completed successfully.

Event[1580]:
  Log Name: System
  Source: Microsoft-Windows-DistributedCOM
  Date: 2025-11-06T22:43:16.7990000Z
  Event ID: 10010
  Task: N/A
  Level: Error
  Opcode: Info
  Keyword: Classic
  User: S-1-5-21-1400712973-4099593408-808397054-1001
  User Name: ASTERIZU\DELL
  Computer: Asterizu
  Description: 
The server Windows.Gaming.GameBar.PresenceServer.Internal.PresenceWriter did not register with DCOM within the required timeout.

Event[1581]:
  Log Name: System
  Source: Microsoft-Windows-DistributedCOM
  Date: 2025-11-06T22:44:19.9150000Z
  Event ID: 10010
  Task: N/A
  Level: Error
  Opcode: Info
  Keyword: Classic
  User: S-1-5-21-1400712973-4099593408-808397054-1001
  User Name: ASTERIZU\DELL
  Computer: Asterizu
  Description: 
The server Windows.Gaming.GameBar.PresenceServer.Internal.PresenceWriter did not register with DCOM within the required timeout.

Event[1582]:
  Log Name: System
  Source: Microsoft-Windows-DistributedCOM
  Date: 2025-11-07T00:43:49.1300000Z
  Event ID: 10010
  Task: N/A
  Level: Error
  Opcode: Info
  Keyword: Classic
  User: S-1-5-21-1400712973-4099593408-808397054-1001
  User Name: ASTERIZU\DELL
  Computer: Asterizu
  Description: 
The server Windows.Gaming.GameBar.PresenceServer.Internal.PresenceWriter did not register with DCOM within the required timeout.

Event[1583]:
  Log Name: System
  Source: Microsoft-Windows-DistributedCOM
  Date: 2025-11-07T00:49:22.3450000Z
  Event ID: 10010
  Task: N/A
  Level: Error
  Opcode: Info
  Keyword: Classic
  User: S-1-5-21-1400712973-4099593408-808397054-1001
  User Name: ASTERIZU\DELL
  Computer: Asterizu
  Description: 
The server Windows.Gaming.GameBar.PresenceServer.Internal.PresenceWriter did not register with DCOM within the required timeout.

Event[1584]:
  Log Name: System
  Source: Service Control Manager
  Date: 2025-11-07T05:32:28.0800000Z
  Event ID: 7009
  Task: N/A
  Level: Error
  Opcode: N/A
  Keyword: Classic
  User: N/A
  User Name: N/A
  Computer: Asterizu
  Description: 
A timeout was reached (45000 milliseconds) while waiting for the Intel(R) TPM Provisioning Service service to connect.

Event[1585]:
  Log Name: System
  Source: Microsoft-Windows-TPM-WMI
  Date: 2025-11-07T05:37:27.6450000Z
  Event ID: 1801
  Task: N/A
  Level: Error
  Opcode: Info
  Keyword: N/A
  User: S-1-5-18
  User Name: NT AUTHORITY\SYSTEM
  Computer: Asterizu
  Description: 
Secure Boot CA/keys need to be updated. This device signature information is included here.
DeviceAttributes: FirmwareManufacturer:Dell Inc.;FirmwareVersion:1.40.0;OEMManufacturerName:Dell Inc.;OEMModelSKU:0AB0;OSArchitecture:amd64;
BucketId: 6dd4c196c9d9d098e08768313b12ee6950a03e04c5ccbe68552f6b759593148a
BucketConfidenceLevel: 
UpdateType: 0
HResult: The operation completed successfully.

Event[1586]:
  Log Name: System
  Source: Service Control Manager
  Date: 2025-11-07T08:43:04.3090000Z
  Event ID: 7009
  Task: N/A
  Level: Error
  Opcode: N/A
  Keyword: Classic
  User: N/A
  User Name: N/A
  Computer: Asterizu
  Description: 
A timeout was reached (45000 milliseconds) while waiting for the Intel(R) TPM Provisioning Service service to connect.

Event[1587]:
  Log Name: System
  Source: Microsoft-Windows-DistributedCOM
  Date: 2025-11-07T08:45:48.8070000Z
  Event ID: 10010
  Task: N/A
  Level: Error
  Opcode: Info
  Keyword: Classic
  User: S-1-5-21-1400712973-4099593408-808397054-1001
  User Name: ASTERIZU\DELL
  Computer: Asterizu
  Description: 
The server Windows.Gaming.GameBar.PresenceServer.Internal.PresenceWriter did not register with DCOM within the required timeout.

Event[1588]:
  Log Name: System
  Source: Microsoft-Windows-TPM-WMI
  Date: 2025-11-07T08:48:03.9860000Z
  Event ID: 1801
  Task: N/A
  Level: Error
  Opcode: Info
  Keyword: N/A
  User: S-1-5-18
  User Name: NT AUTHORITY\SYSTEM
  Computer: Asterizu
  Description: 
Secure Boot CA/keys need to be updated. This device signature information is included here.
DeviceAttributes: FirmwareManufacturer:Dell Inc.;FirmwareVersion:1.40.0;OEMManufacturerName:Dell Inc.;OEMModelSKU:0AB0;OSArchitecture:amd64;
BucketId: 6dd4c196c9d9d098e08768313b12ee6950a03e04c5ccbe68552f6b759593148a
BucketConfidenceLevel: 
UpdateType: 0
HResult: The operation completed successfully.

Event[1589]:
  Log Name: System
  Source: Microsoft-Windows-DistributedCOM
  Date: 2025-11-07T09:18:15.5760000Z
  Event ID: 10010
  Task: N/A
  Level: Error
  Opcode: Info
  Keyword: Classic
  User: S-1-5-21-1400712973-4099593408-808397054-1001
  User Name: ASTERIZU\DELL
  Computer: Asterizu
  Description: 
The server Windows.Gaming.GameBar.PresenceServer.Internal.PresenceWriter did not register with DCOM within the required timeout.

Event[1590]:
  Log Name: System
  Source: Microsoft-Windows-DistributedCOM
  Date: 2025-11-07T09:19:23.0540000Z
  Event ID: 10010
  Task: N/A
  Level: Error
  Opcode: Info
  Keyword: Classic
  User: S-1-5-21-1400712973-4099593408-808397054-1001
  User Name: ASTERIZU\DELL
  Computer: Asterizu
  Description: 
The server Windows.Gaming.GameBar.PresenceServer.Internal.PresenceWriter did not register with DCOM within the required timeout.

Event[1591]:
  Log Name: System
  Source: Microsoft-Windows-DistributedCOM
  Date: 2025-11-07T11:14:10.2450000Z
  Event ID: 10010
  Task: N/A
  Level: Error
  Opcode: Info
  Keyword: Classic
  User: S-1-5-21-1400712973-4099593408-808397054-1001
  User Name: ASTERIZU\DELL
  Computer: Asterizu
  Description: 
The server Windows.Gaming.GameBar.PresenceServer.Internal.PresenceWriter did not register with DCOM within the required timeout.

Event[1592]:
  Log Name: System
  Source: Service Control Manager
  Date: 2025-11-08T00:50:51.0440000Z
  Event ID: 7009
  Task: N/A
  Level: Error
  Opcode: N/A
  Keyword: Classic
  User: N/A
  User Name: N/A
  Computer: Asterizu
  Description: 
A timeout was reached (45000 milliseconds) while waiting for the Intel(R) TPM Provisioning Service service to connect.

Event[1593]:
  Log Name: System
  Source: Microsoft-Windows-TPM-WMI
  Date: 2025-11-08T00:55:50.7550000Z
  Event ID: 1801
  Task: N/A
  Level: Error
  Opcode: Info
  Keyword: N/A
  User: S-1-5-18
  User Name: NT AUTHORITY\SYSTEM
  Computer: Asterizu
  Description: 
Secure Boot CA/keys need to be updated. This device signature information is included here.
DeviceAttributes: FirmwareManufacturer:Dell Inc.;FirmwareVersion:1.40.0;OEMManufacturerName:Dell Inc.;OEMModelSKU:0AB0;OSArchitecture:amd64;
BucketId: 6dd4c196c9d9d098e08768313b12ee6950a03e04c5ccbe68552f6b759593148a
BucketConfidenceLevel: 
UpdateType: 0
HResult: The operation completed successfully.

Event[1594]:
  Log Name: System
  Source: Microsoft-Windows-DistributedCOM
  Date: 2025-11-08T00:56:33.4800000Z
  Event ID: 10010
  Task: N/A
  Level: Error
  Opcode: Info
  Keyword: Classic
  User: S-1-5-21-1400712973-4099593408-808397054-1001
  User Name: ASTERIZU\DELL
  Computer: Asterizu
  Description: 
The server Windows.Gaming.GameBar.PresenceServer.Internal.PresenceWriter did not register with DCOM within the required timeout.

Event[1595]:
  Log Name: System
  Source: Microsoft-Windows-DistributedCOM
  Date: 2025-11-08T00:56:47.4510000Z
  Event ID: 10010
  Task: N/A
  Level: Error
  Opcode: Info
  Keyword: Classic
  User: S-1-5-21-1400712973-4099593408-808397054-1001
  User Name: ASTERIZU\DELL
  Computer: Asterizu
  Description: 
The server Windows.Gaming.GameBar.PresenceServer.Internal.PresenceWriter did not register with DCOM within the required timeout.

Event[1596]:
  Log Name: System
  Source: Microsoft-Windows-DistributedCOM
  Date: 2025-11-08T00:59:50.0610000Z
  Event ID: 10010
  Task: N/A
  Level: Error
  Opcode: Info
  Keyword: Classic
  User: S-1-5-21-1400712973-4099593408-808397054-1001
  User Name: ASTERIZU\DELL
  Computer: Asterizu
  Description: 
The server Windows.Gaming.GameBar.PresenceServer.Internal.PresenceWriter did not register with DCOM within the required timeout.

Event[1597]:
  Log Name: System
  Source: Microsoft-Windows-DistributedCOM
  Date: 2025-11-08T01:26:23.2470000Z
  Event ID: 10010
  Task: N/A
  Level: Error
  Opcode: Info
  Keyword: Classic
  User: S-1-5-21-1400712973-4099593408-808397054-1001
  User Name: ASTERIZU\DELL
  Computer: Asterizu
  Description: 
The server Windows.Gaming.GameBar.PresenceServer.Internal.PresenceWriter did not register with DCOM within the required timeout.

Event[1598]:
  Log Name: System
  Source: Microsoft-Windows-DistributedCOM
  Date: 2025-11-08T01:31:59.0930000Z
  Event ID: 10010
  Task: N/A
  Level: Error
  Opcode: Info
  Keyword: Classic
  User: S-1-5-21-1400712973-4099593408-808397054-1001
  User Name: ASTERIZU\DELL
  Computer: Asterizu
  Description: 
The server Windows.Gaming.GameBar.PresenceServer.Internal.PresenceWriter did not register with DCOM within the required timeout.

Event[1599]:
  Log Name: System
  Source: Microsoft-Windows-DistributedCOM
  Date: 2025-11-08T03:00:05.8500000Z
  Event ID: 10010
  Task: N/A
  Level: Error
  Opcode: Info
  Keyword: Classic
  User: S-1-5-21-1400712973-4099593408-808397054-1001
  User Name: ASTERIZU\DELL
  Computer: Asterizu
  Description: 
The server Windows.Gaming.GameBar.PresenceServer.Internal.PresenceWriter did not register with DCOM within the required timeout.

Event[1600]:
  Log Name: System
  Source: Microsoft-Windows-DistributedCOM
  Date: 2025-11-08T05:46:17.1870000Z
  Event ID: 10010
  Task: N/A
  Level: Error
  Opcode: Info
  Keyword: Classic
  User: S-1-5-21-1400712973-4099593408-808397054-1001
  User Name: ASTERIZU\DELL
  Computer: Asterizu
  Description: 
The server Windows.Gaming.GameBar.PresenceServer.Internal.PresenceWriter did not register with DCOM within the required timeout.

Event[1601]:
  Log Name: System
  Source: Microsoft-Windows-DistributedCOM
  Date: 2025-11-08T10:38:06.0930000Z
  Event ID: 10010
  Task: N/A
  Level: Error
  Opcode: Info
  Keyword: Classic
  User: S-1-5-21-1400712973-4099593408-808397054-1001
  User Name: ASTERIZU\DELL
  Computer: Asterizu
  Description: 
The server Windows.Gaming.GameBar.PresenceServer.Internal.PresenceWriter did not register with DCOM within the required timeout.

Event[1602]:
  Log Name: System
  Source: Microsoft-Windows-DistributedCOM
  Date: 2025-11-08T10:38:13.9320000Z
  Event ID: 10010
  Task: N/A
  Level: Error
  Opcode: Info
  Keyword: Classic
  User: S-1-5-21-1400712973-4099593408-808397054-1001
  User Name: ASTERIZU\DELL
  Computer: Asterizu
  Description: 
The server Windows.Gaming.GameBar.PresenceServer.Internal.PresenceWriter did not register with DCOM within the required timeout.

Event[1603]:
  Log Name: System
  Source: Microsoft-Windows-DistributedCOM
  Date: 2025-11-08T10:38:59.3520000Z
  Event ID: 10010
  Task: N/A
  Level: Error
  Opcode: Info
  Keyword: Classic
  User: S-1-5-21-1400712973-4099593408-808397054-1001
  User Name: ASTERIZU\DELL
  Computer: Asterizu
  Description: 
The server Windows.Gaming.GameBar.PresenceServer.Internal.PresenceWriter did not register with DCOM within the required timeout.

Event[1604]:
  Log Name: System
  Source: Microsoft-Windows-DistributedCOM
  Date: 2025-11-08T10:39:00.3510000Z
  Event ID: 10010
  Task: N/A
  Level: Error
  Opcode: Info
  Keyword: Classic
  User: S-1-5-21-1400712973-4099593408-808397054-1001
  User Name: ASTERIZU\DELL
  Computer: Asterizu
  Description: 
The server Windows.Gaming.GameBar.PresenceServer.Internal.PresenceWriter did not register with DCOM within the required timeout.

Event[1605]:
  Log Name: System
  Source: Microsoft-Windows-DistributedCOM
  Date: 2025-11-08T11:02:16.0990000Z
  Event ID: 10010
  Task: N/A
  Level: Error
  Opcode: Info
  Keyword: Classic
  User: S-1-5-21-1400712973-4099593408-808397054-1001
  User Name: ASTERIZU\DELL
  Computer: Asterizu
  Description: 
The server Windows.Gaming.GameBar.PresenceServer.Internal.PresenceWriter did not register with DCOM within the required timeout.

Event[1606]:
  Log Name: System
  Source: Microsoft-Windows-DistributedCOM
  Date: 2025-11-08T11:03:31.7630000Z
  Event ID: 10010
  Task: N/A
  Level: Error
  Opcode: Info
  Keyword: Classic
  User: S-1-5-21-1400712973-4099593408-808397054-1001
  User Name: ASTERIZU\DELL
  Computer: Asterizu
  Description: 
The server Windows.Gaming.GameBar.PresenceServer.Internal.PresenceWriter did not register with DCOM within the required timeout.

Event[1607]:
  Log Name: System
  Source: Microsoft-Windows-DistributedCOM
  Date: 2025-11-08T12:03:46.3120000Z
  Event ID: 10010
  Task: N/A
  Level: Error
  Opcode: Info
  Keyword: Classic
  User: S-1-5-21-1400712973-4099593408-808397054-1001
  User Name: ASTERIZU\DELL
  Computer: Asterizu
  Description: 
The server Windows.Gaming.GameBar.PresenceServer.Internal.PresenceWriter did not register with DCOM within the required timeout.

Event[1608]:
  Log Name: System
  Source: Microsoft-Windows-DistributedCOM
  Date: 2025-11-08T12:33:13.7140000Z
  Event ID: 10010
  Task: N/A
  Level: Error
  Opcode: Info
  Keyword: Classic
  User: S-1-5-21-1400712973-4099593408-808397054-1001
  User Name: ASTERIZU\DELL
  Computer: Asterizu
  Description: 
The server Windows.Gaming.GameBar.PresenceServer.Internal.PresenceWriter did not register with DCOM within the required timeout.

Event[1609]:
  Log Name: System
  Source: Microsoft-Windows-DistributedCOM
  Date: 2025-11-08T13:28:26.8820000Z
  Event ID: 10010
  Task: N/A
  Level: Error
  Opcode: Info
  Keyword: Classic
  User: S-1-5-21-1400712973-4099593408-808397054-1001
  User Name: ASTERIZU\DELL
  Computer: Asterizu
  Description: 
The server Windows.Gaming.GameBar.PresenceServer.Internal.PresenceWriter did not register with DCOM within the required timeout.

Event[1610]:
  Log Name: System
  Source: Microsoft-Windows-DistributedCOM
  Date: 2025-11-08T13:29:56.1420000Z
  Event ID: 10010
  Task: N/A
  Level: Error
  Opcode: Info
  Keyword: Classic
  User: S-1-5-21-1400712973-4099593408-808397054-1001
  User Name: ASTERIZU\DELL
  Computer: Asterizu
  Description: 
The server Windows.Gaming.GameBar.PresenceServer.Internal.PresenceWriter did not register with DCOM within the required timeout.

Event[1611]:
  Log Name: System
  Source: Microsoft-Windows-DistributedCOM
  Date: 2025-11-08T14:54:42.8980000Z
  Event ID: 10010
  Task: N/A
  Level: Error
  Opcode: Info
  Keyword: Classic
  User: S-1-5-21-1400712973-4099593408-808397054-1001
  User Name: ASTERIZU\DELL
  Computer: Asterizu
  Description: 
The server Windows.Gaming.GameBar.PresenceServer.Internal.PresenceWriter did not register with DCOM within the required timeout.

Event[1612]:
  Log Name: System
  Source: Microsoft-Windows-DistributedCOM
  Date: 2025-11-08T14:55:49.2620000Z
  Event ID: 10010
  Task: N/A
  Level: Error
  Opcode: Info
  Keyword: Classic
  User: S-1-5-21-1400712973-4099593408-808397054-1001
  User Name: ASTERIZU\DELL
  Computer: Asterizu
  Description: 
The server Windows.Gaming.GameBar.PresenceServer.Internal.PresenceWriter did not register with DCOM within the required timeout.

Event[1613]:
  Log Name: System
  Source: Service Control Manager
  Date: 2025-11-08T23:21:11.8640000Z
  Event ID: 7009
  Task: N/A
  Level: Error
  Opcode: N/A
  Keyword: Classic
  User: N/A
  User Name: N/A
  Computer: Asterizu
  Description: 
A timeout was reached (45000 milliseconds) while waiting for the Intel(R) TPM Provisioning Service service to connect.

Event[1614]:
  Log Name: System
  Source: Microsoft-Windows-TPM-WMI
  Date: 2025-11-08T23:26:11.6100000Z
  Event ID: 1801
  Task: N/A
  Level: Error
  Opcode: Info
  Keyword: N/A
  User: S-1-5-18
  User Name: NT AUTHORITY\SYSTEM
  Computer: Asterizu
  Description: 
Secure Boot CA/keys need to be updated. This device signature information is included here.
DeviceAttributes: FirmwareManufacturer:Dell Inc.;FirmwareVersion:1.40.0;OEMManufacturerName:Dell Inc.;OEMModelSKU:0AB0;OSArchitecture:amd64;
BucketId: 6dd4c196c9d9d098e08768313b12ee6950a03e04c5ccbe68552f6b759593148a
BucketConfidenceLevel: 
UpdateType: 0
HResult: The operation completed successfully.

Event[1615]:
  Log Name: System
  Source: Microsoft-Windows-DistributedCOM
  Date: 2025-11-08T23:27:20.0570000Z
  Event ID: 10010
  Task: N/A
  Level: Error
  Opcode: Info
  Keyword: Classic
  User: S-1-5-21-1400712973-4099593408-808397054-1001
  User Name: ASTERIZU\DELL
  Computer: Asterizu
  Description: 
The server Windows.Gaming.GameBar.PresenceServer.Internal.PresenceWriter did not register with DCOM within the required timeout.

Event[1616]:
  Log Name: System
  Source: Microsoft-Windows-DistributedCOM
  Date: 2025-11-08T23:28:45.3090000Z
  Event ID: 10010
  Task: N/A
  Level: Error
  Opcode: Info
  Keyword: Classic
  User: S-1-5-21-1400712973-4099593408-808397054-1001
  User Name: ASTERIZU\DELL
  Computer: Asterizu
  Description: 
The server Windows.Gaming.GameBar.PresenceServer.Internal.PresenceWriter did not register with DCOM within the required timeout.

Event[1617]:
  Log Name: System
  Source: Service Control Manager
  Date: 2025-11-09T08:44:49.0010000Z
  Event ID: 7009
  Task: N/A
  Level: Error
  Opcode: N/A
  Keyword: Classic
  User: N/A
  User Name: N/A
  Computer: Asterizu
  Description: 
A timeout was reached (45000 milliseconds) while waiting for the Intel(R) TPM Provisioning Service service to connect.

Event[1618]:
  Log Name: System
  Source: Microsoft-Windows-DistributedCOM
  Date: 2025-11-09T08:47:19.1160000Z
  Event ID: 10010
  Task: N/A
  Level: Error
  Opcode: Info
  Keyword: Classic
  User: S-1-5-21-1400712973-4099593408-808397054-1001
  User Name: ASTERIZU\DELL
  Computer: Asterizu
  Description: 
The server Windows.Gaming.GameBar.PresenceServer.Internal.PresenceWriter did not register with DCOM within the required timeout.

Event[1619]:
  Log Name: System
  Source: Microsoft-Windows-TPM-WMI
  Date: 2025-11-09T08:50:07.2220000Z
  Event ID: 1801
  Task: N/A
  Level: Error
  Opcode: Info
  Keyword: N/A
  User: S-1-5-18
  User Name: NT AUTHORITY\SYSTEM
  Computer: Asterizu
  Description: 
Secure Boot CA/keys need to be updated. This device signature information is included here.
DeviceAttributes: FirmwareManufacturer:Dell Inc.;FirmwareVersion:1.40.0;OEMManufacturerName:Dell Inc.;OEMModelSKU:0AB0;OSArchitecture:amd64;
BucketId: 6dd4c196c9d9d098e08768313b12ee6950a03e04c5ccbe68552f6b759593148a
BucketConfidenceLevel: 
UpdateType: 0
HResult: The operation completed successfully.

Event[1620]:
  Log Name: System
  Source: Microsoft-Windows-DistributedCOM
  Date: 2025-11-09T08:50:21.4610000Z
  Event ID: 10010
  Task: N/A
  Level: Error
  Opcode: Info
  Keyword: Classic
  User: S-1-5-21-1400712973-4099593408-808397054-1001
  User Name: ASTERIZU\DELL
  Computer: Asterizu
  Description: 
The server Windows.Gaming.GameBar.PresenceServer.Internal.PresenceWriter did not register with DCOM within the required timeout.

Event[1621]:
  Log Name: System
  Source: Microsoft-Windows-DistributedCOM
  Date: 2025-11-09T10:36:39.8040000Z
  Event ID: 10010
  Task: N/A
  Level: Error
  Opcode: Info
  Keyword: Classic
  User: S-1-5-21-1400712973-4099593408-808397054-1001
  User Name: ASTERIZU\DELL
  Computer: Asterizu
  Description: 
The server Windows.Gaming.GameBar.PresenceServer.Internal.PresenceWriter did not register with DCOM within the required timeout.

Event[1622]:
  Log Name: System
  Source: Microsoft-Windows-DistributedCOM
  Date: 2025-11-09T12:42:33.7650000Z
  Event ID: 10010
  Task: N/A
  Level: Error
  Opcode: Info
  Keyword: Classic
  User: S-1-5-21-1400712973-4099593408-808397054-1001
  User Name: ASTERIZU\DELL
  Computer: Asterizu
  Description: 
The server Windows.Gaming.GameBar.PresenceServer.Internal.PresenceWriter did not register with DCOM within the required timeout.

Event[1623]:
  Log Name: System
  Source: Microsoft-Windows-DistributedCOM
  Date: 2025-11-09T12:46:16.2040000Z
  Event ID: 10010
  Task: N/A
  Level: Error
  Opcode: Info
  Keyword: Classic
  User: S-1-5-21-1400712973-4099593408-808397054-1001
  User Name: ASTERIZU\DELL
  Computer: Asterizu
  Description: 
The server Windows.Gaming.GameBar.PresenceServer.Internal.PresenceWriter did not register with DCOM within the required timeout.

Event[1624]:
  Log Name: System
  Source: Microsoft-Windows-DistributedCOM
  Date: 2025-11-09T13:38:53.6270000Z
  Event ID: 10010
  Task: N/A
  Level: Error
  Opcode: Info
  Keyword: Classic
  User: S-1-5-21-1400712973-4099593408-808397054-1001
  User Name: ASTERIZU\DELL
  Computer: Asterizu
  Description: 
The server Windows.Gaming.GameBar.PresenceServer.Internal.PresenceWriter did not register with DCOM within the required timeout.

Event[1625]:
  Log Name: System
  Source: Microsoft-Windows-DistributedCOM
  Date: 2025-11-09T17:31:37.1880000Z
  Event ID: 10010
  Task: N/A
  Level: Error
  Opcode: Info
  Keyword: Classic
  User: S-1-5-21-1400712973-4099593408-808397054-1001
  User Name: ASTERIZU\DELL
  Computer: Asterizu
  Description: 
The server Windows.Gaming.GameBar.PresenceServer.Internal.PresenceWriter did not register with DCOM within the required timeout.

Event[1626]:
  Log Name: System
  Source: Microsoft-Windows-DistributedCOM
  Date: 2025-11-09T17:33:22.3920000Z
  Event ID: 10010
  Task: N/A
  Level: Error
  Opcode: Info
  Keyword: Classic
  User: S-1-5-21-1400712973-4099593408-808397054-1001
  User Name: ASTERIZU\DELL
  Computer: Asterizu
  Description: 
The server Windows.Gaming.GameBar.PresenceServer.Internal.PresenceWriter did not register with DCOM within the required timeout.

Event[1627]:
  Log Name: System
  Source: Microsoft-Windows-DistributedCOM
  Date: 2025-11-09T18:08:24.5880000Z
  Event ID: 10010
  Task: N/A
  Level: Error
  Opcode: Info
  Keyword: Classic
  User: S-1-5-21-1400712973-4099593408-808397054-1001
  User Name: ASTERIZU\DELL
  Computer: Asterizu
  Description: 
The server Windows.Gaming.GameBar.PresenceServer.Internal.PresenceWriter did not register with DCOM within the required timeout.

Event[1628]:
  Log Name: System
  Source: Microsoft-Windows-DistributedCOM
  Date: 2025-11-09T18:10:57.2180000Z
  Event ID: 10010
  Task: N/A
  Level: Error
  Opcode: Info
  Keyword: Classic
  User: S-1-5-21-1400712973-4099593408-808397054-1001
  User Name: ASTERIZU\DELL
  Computer: Asterizu
  Description: 
The server Windows.Gaming.GameBar.PresenceServer.Internal.PresenceWriter did not register with DCOM within the required timeout.

Event[1629]:
  Log Name: System
  Source: Microsoft-Windows-DistributedCOM
  Date: 2025-11-09T21:57:12.3230000Z
  Event ID: 10010
  Task: N/A
  Level: Error
  Opcode: Info
  Keyword: Classic
  User: S-1-5-21-1400712973-4099593408-808397054-1001
  User Name: ASTERIZU\DELL
  Computer: Asterizu
  Description: 
The server Windows.Gaming.GameBar.PresenceServer.Internal.PresenceWriter did not register with DCOM within the required timeout.

Event[1630]:
  Log Name: System
  Source: Microsoft-Windows-DistributedCOM
  Date: 2025-11-09T23:35:26.2400000Z
  Event ID: 10010
  Task: N/A
  Level: Error
  Opcode: Info
  Keyword: Classic
  User: S-1-5-21-1400712973-4099593408-808397054-1001
  User Name: ASTERIZU\DELL
  Computer: Asterizu
  Description: 
The server Windows.Gaming.GameBar.PresenceServer.Internal.PresenceWriter did not register with DCOM within the required timeout.

Event[1631]:
  Log Name: System
  Source: Microsoft-Windows-DistributedCOM
  Date: 2025-11-10T00:23:09.4740000Z
  Event ID: 10010
  Task: N/A
  Level: Error
  Opcode: Info
  Keyword: Classic
  User: S-1-5-21-1400712973-4099593408-808397054-1001
  User Name: ASTERIZU\DELL
  Computer: Asterizu
  Description: 
The server Windows.Gaming.GameBar.PresenceServer.Internal.PresenceWriter did not register with DCOM within the required timeout.

Event[1632]:
  Log Name: System
  Source: Microsoft-Windows-DistributedCOM
  Date: 2025-11-10T01:21:35.8300000Z
  Event ID: 10010
  Task: N/A
  Level: Error
  Opcode: Info
  Keyword: Classic
  User: S-1-5-21-1400712973-4099593408-808397054-1001
  User Name: ASTERIZU\DELL
  Computer: Asterizu
  Description: 
The server Windows.Gaming.GameBar.PresenceServer.Internal.PresenceWriter did not register with DCOM within the required timeout.

Event[1633]:
  Log Name: System
  Source: Service Control Manager
  Date: 2025-11-10T09:11:11.7610000Z
  Event ID: 7009
  Task: N/A
  Level: Error
  Opcode: N/A
  Keyword: Classic
  User: N/A
  User Name: N/A
  Computer: Asterizu
  Description: 
A timeout was reached (30000 milliseconds) while waiting for the GameDVR and Broadcast User Service_98ff2 service to connect.

Event[1634]:
  Log Name: System
  Source: Service Control Manager
  Date: 2025-11-10T09:11:11.7760000Z
  Event ID: 7000
  Task: N/A
  Level: Error
  Opcode: N/A
  Keyword: Classic
  User: N/A
  User Name: N/A
  Computer: Asterizu
  Description: 
The GameDVR and Broadcast User Service_98ff2 service failed to start due to the following error: 
The service did not respond to the start or control request in a timely fashion.

Event[1635]:
  Log Name: System
  Source: Microsoft-Windows-DistributedCOM
  Date: 2025-11-10T09:11:11.7790000Z
  Event ID: 10005
  Task: N/A
  Level: Error
  Opcode: Info
  Keyword: Classic
  User: S-1-5-21-1400712973-4099593408-808397054-1001
  User Name: ASTERIZU\DELL
  Computer: Asterizu
  Description: 
DCOM got error "1053" attempting to start the service BcastDVRUserService_98ff2 with arguments "Unavailable" in order to run the server:
Windows.Media.Capture.Internal.AppCaptureShell

Event[1636]:
  Log Name: System
  Source: Service Control Manager
  Date: 2025-11-10T09:11:49.5890000Z
  Event ID: 7009
  Task: N/A
  Level: Error
  Opcode: N/A
  Keyword: Classic
  User: N/A
  User Name: N/A
  Computer: Asterizu
  Description: 
A timeout was reached (45000 milliseconds) while waiting for the Intel(R) TPM Provisioning Service service to connect.

Event[1637]:
  Log Name: System
  Source: Microsoft-Windows-TPM-WMI
  Date: 2025-11-10T09:16:49.3490000Z
  Event ID: 1801
  Task: N/A
  Level: Error
  Opcode: Info
  Keyword: N/A
  User: S-1-5-18
  User Name: NT AUTHORITY\SYSTEM
  Computer: Asterizu
  Description: 
Secure Boot CA/keys need to be updated. This device signature information is included here.
DeviceAttributes: FirmwareManufacturer:Dell Inc.;FirmwareVersion:1.40.0;OEMManufacturerName:Dell Inc.;OEMModelSKU:0AB0;OSArchitecture:amd64;
BucketId: 6dd4c196c9d9d098e08768313b12ee6950a03e04c5ccbe68552f6b759593148a
BucketConfidenceLevel: 
UpdateType: 0
HResult: The operation completed successfully.

Event[1638]:
  Log Name: System
  Source: Microsoft-Windows-DistributedCOM
  Date: 2025-11-10T09:20:02.5410000Z
  Event ID: 10010
  Task: N/A
  Level: Error
  Opcode: Info
  Keyword: Classic
  User: S-1-5-21-1400712973-4099593408-808397054-1001
  User Name: ASTERIZU\DELL
  Computer: Asterizu
  Description: 
The server Windows.Gaming.GameBar.PresenceServer.Internal.PresenceWriter did not register with DCOM within the required timeout.

Event[1639]:
  Log Name: System
  Source: Microsoft-Windows-DistributedCOM
  Date: 2025-11-10T09:21:44.4790000Z
  Event ID: 10010
  Task: N/A
  Level: Error
  Opcode: Info
  Keyword: Classic
  User: S-1-5-21-1400712973-4099593408-808397054-1001
  User Name: ASTERIZU\DELL
  Computer: Asterizu
  Description: 
The server Windows.Gaming.GameBar.PresenceServer.Internal.PresenceWriter did not register with DCOM within the required timeout.

Event[1640]:
