  Log Name: System
  Source: Microsoft-Windows-DistributedCOM
  Date: 2025-11-10T09:28:47.6990000Z
  Event ID: 10010
  Task: N/A
  Level: Error
  Opcode: Info
  Keyword: Classic
  User: S-1-5-21-1400712973-4099593408-808397054-1001
  User Name: ASTERIZU\DELL
  Computer: Asterizu
  Description: 
The server Windows.Gaming.GameBar.PresenceServer.Internal.PresenceWriter did not register with DCOM within the required timeout.

Event[1641]:
  Log Name: System
  Source: Microsoft-Windows-DistributedCOM
  Date: 2025-11-10T11:29:26.2370000Z
  Event ID: 10010
  Task: N/A
  Level: Error
  Opcode: Info
  Keyword: Classic
  User: S-1-5-21-1400712973-4099593408-808397054-1001
  User Name: ASTERIZU\DELL
  Computer: Asterizu
  Description: 
The server Windows.Gaming.GameBar.PresenceServer.Internal.PresenceWriter did not register with DCOM within the required timeout.

Event[1642]:
  Log Name: System
  Source: Microsoft-Windows-DistributedCOM
  Date: 2025-11-10T12:19:53.5430000Z
  Event ID: 10010
  Task: N/A
  Level: Error
  Opcode: Info
  Keyword: Classic
  User: S-1-5-21-1400712973-4099593408-808397054-1001
  User Name: ASTERIZU\DELL
  Computer: Asterizu
  Description: 
The server Windows.Gaming.GameBar.PresenceServer.Internal.PresenceWriter did not register with DCOM within the required timeout.

Event[1643]:
  Log Name: System
  Source: Microsoft-Windows-DistributedCOM
  Date: 2025-11-10T12:22:26.4450000Z
  Event ID: 10010
  Task: N/A
  Level: Error
  Opcode: Info
  Keyword: Classic
  User: S-1-5-21-1400712973-4099593408-808397054-1001
  User Name: ASTERIZU\DELL
  Computer: Asterizu
  Description: 
The server Windows.Gaming.GameBar.PresenceServer.Internal.PresenceWriter did not register with DCOM within the required timeout.

Event[1644]:
  Log Name: System
  Source: Microsoft-Windows-DistributedCOM
  Date: 2025-11-10T13:53:25.3080000Z
  Event ID: 10010
  Task: N/A
  Level: Error
  Opcode: Info
  Keyword: Classic
  User: S-1-5-21-1400712973-4099593408-808397054-1001
  User Name: ASTERIZU\DELL
  Computer: Asterizu
  Description: 
The server Windows.Gaming.GameBar.PresenceServer.Internal.PresenceWriter did not register with DCOM within the required timeout.

Event[1645]:
  Log Name: System
  Source: Microsoft-Windows-DistributedCOM
  Date: 2025-11-10T13:54:47.0650000Z
  Event ID: 10010
  Task: N/A
  Level: Error
  Opcode: Info
  Keyword: Classic
  User: S-1-5-21-1400712973-4099593408-808397054-1001
  User Name: ASTERIZU\DELL
  Computer: Asterizu
  Description: 
The server Windows.Gaming.GameBar.PresenceServer.Internal.PresenceWriter did not register with DCOM within the required timeout.

Event[1646]:
  Log Name: System
  Source: Microsoft-Windows-DistributedCOM
  Date: 2025-11-10T16:05:33.5010000Z
  Event ID: 10010
  Task: N/A
  Level: Error
  Opcode: Info
  Keyword: Classic
  User: S-1-5-21-1400712973-4099593408-808397054-1001
  User Name: ASTERIZU\DELL
  Computer: Asterizu
  Description: 
The server Windows.Gaming.GameBar.PresenceServer.Internal.PresenceWriter did not register with DCOM within the required timeout.

Event[1647]:
  Log Name: System
  Source: Microsoft-Windows-DistributedCOM
  Date: 2025-11-10T16:07:45.0420000Z
  Event ID: 10010
  Task: N/A
  Level: Error
  Opcode: Info
  Keyword: Classic
  User: S-1-5-21-1400712973-4099593408-808397054-1001
  User Name: ASTERIZU\DELL
  Computer: Asterizu
  Description: 
The server Windows.Gaming.GameBar.PresenceServer.Internal.PresenceWriter did not register with DCOM within the required timeout.

Event[1648]:
  Log Name: System
  Source: Service Control Manager
  Date: 2025-11-10T19:11:04.5550000Z
  Event ID: 7009
  Task: N/A
  Level: Error
  Opcode: N/A
  Keyword: Classic
  User: N/A
  User Name: N/A
  Computer: Asterizu
  Description: 
A timeout was reached (30000 milliseconds) while waiting for the GameDVR and Broadcast User Service_1c8cb1 service to connect.

Event[1649]:
  Log Name: System
  Source: Service Control Manager
  Date: 2025-11-10T19:11:04.5560000Z
  Event ID: 7000
  Task: N/A
  Level: Error
  Opcode: N/A
  Keyword: Classic
  User: N/A
  User Name: N/A
  Computer: Asterizu
  Description: 
The GameDVR and Broadcast User Service_1c8cb1 service failed to start due to the following error: 
The service did not respond to the start or control request in a timely fashion.

Event[1650]:
  Log Name: System
  Source: Microsoft-Windows-DistributedCOM
  Date: 2025-11-10T19:11:04.5580000Z
  Event ID: 10005
  Task: N/A
  Level: Error
  Opcode: Info
  Keyword: Classic
  User: S-1-5-21-1400712973-4099593408-808397054-1001
  User Name: ASTERIZU\DELL
  Computer: Asterizu
  Description: 
DCOM got error "1053" attempting to start the service BcastDVRUserService_1c8cb1 with arguments "Unavailable" in order to run the server:
Windows.Media.Capture.Internal.AppCaptureShell

Event[1651]:
  Log Name: System
  Source: Service Control Manager
  Date: 2025-11-11T06:35:47.0240000Z
  Event ID: 7009
  Task: N/A
  Level: Error
  Opcode: N/A
  Keyword: Classic
  User: N/A
  User Name: N/A
  Computer: Asterizu
  Description: 
A timeout was reached (45000 milliseconds) while waiting for the Intel(R) TPM Provisioning Service service to connect.

Event[1652]:
  Log Name: System
  Source: Microsoft-Windows-TPM-WMI
  Date: 2025-11-11T06:40:46.6290000Z
  Event ID: 1801
  Task: N/A
  Level: Error
  Opcode: Info
  Keyword: N/A
  User: S-1-5-18
  User Name: NT AUTHORITY\SYSTEM
  Computer: Asterizu
  Description: 
Secure Boot CA/keys need to be updated. This device signature information is included here.
DeviceAttributes: FirmwareManufacturer:Dell Inc.;FirmwareVersion:1.40.0;OEMManufacturerName:Dell Inc.;OEMModelSKU:0AB0;OSArchitecture:amd64;
BucketId: 6dd4c196c9d9d098e08768313b12ee6950a03e04c5ccbe68552f6b759593148a
BucketConfidenceLevel: 
UpdateType: 0
HResult: The operation completed successfully.

Event[1653]:
  Log Name: System
  Source: Microsoft-Windows-DistributedCOM
  Date: 2025-11-11T06:41:47.9230000Z
  Event ID: 10010
  Task: N/A
  Level: Error
  Opcode: Info
  Keyword: Classic
  User: S-1-5-21-1400712973-4099593408-808397054-1001
  User Name: ASTERIZU\DELL
  Computer: Asterizu
  Description: 
The server Windows.Gaming.GameBar.PresenceServer.Internal.PresenceWriter did not register with DCOM within the required timeout.

Event[1654]:
  Log Name: System
  Source: Microsoft-Windows-DistributedCOM
  Date: 2025-11-11T06:43:15.2040000Z
  Event ID: 10010
  Task: N/A
  Level: Error
  Opcode: Info
  Keyword: Classic
  User: S-1-5-21-1400712973-4099593408-808397054-1001
  User Name: ASTERIZU\DELL
  Computer: Asterizu
  Description: 
The server Windows.Gaming.GameBar.PresenceServer.Internal.PresenceWriter did not register with DCOM within the required timeout.

Event[1655]:
  Log Name: System
  Source: Microsoft-Windows-DistributedCOM
  Date: 2025-11-11T08:25:12.3500000Z
  Event ID: 10010
  Task: N/A
  Level: Error
  Opcode: Info
  Keyword: Classic
  User: S-1-5-21-1400712973-4099593408-808397054-1001
  User Name: ASTERIZU\DELL
  Computer: Asterizu
  Description: 
The server DellInc.DellDigitalDelivery_5.6.3.0_x64__htrsf667h5kn2!App.AppX8fcchbt2jr8vt2h452vbkk0wjqvgzjhb.mca did not register with DCOM within the required timeout.

Event[1656]:
  Log Name: System
  Source: Microsoft-Windows-DistributedCOM
  Date: 2025-11-11T08:25:12.3730000Z
  Event ID: 10010
  Task: N/A
  Level: Error
  Opcode: Info
  Keyword: Classic
  User: S-1-5-21-1400712973-4099593408-808397054-1001
  User Name: ASTERIZU\DELL
  Computer: Asterizu
  Description: 
The server Microsoft.WindowsFeedbackHub_1.2510.14102.0_x64__8wekyb3d8bbwe!App.AppX8a6w88secebzyje9nrqc47xt488tkbmc.mca did not register with DCOM within the required timeout.

Event[1657]:
  Log Name: System
  Source: Microsoft-Windows-DistributedCOM
  Date: 2025-11-11T11:59:12.7690000Z
  Event ID: 10010
  Task: N/A
  Level: Error
  Opcode: Info
  Keyword: Classic
  User: S-1-5-21-1400712973-4099593408-808397054-1001
  User Name: ASTERIZU\DELL
  Computer: Asterizu
  Description: 
The server Windows.Gaming.GameBar.PresenceServer.Internal.PresenceWriter did not register with DCOM within the required timeout.

Event[1658]:
  Log Name: System
  Source: Service Control Manager
  Date: 2025-11-11T17:05:55.3780000Z
  Event ID: 7009
  Task: N/A
  Level: Error
  Opcode: N/A
  Keyword: Classic
  User: N/A
  User Name: N/A
  Computer: Asterizu
  Description: 
A timeout was reached (45000 milliseconds) while waiting for the Intel(R) TPM Provisioning Service service to connect.

Event[1659]:
  Log Name: System
  Source: Microsoft-Windows-TPM-WMI
  Date: 2025-11-11T17:10:54.7230000Z
  Event ID: 1801
  Task: N/A
  Level: Error
  Opcode: Info
  Keyword: N/A
  User: S-1-5-18
  User Name: NT AUTHORITY\SYSTEM
  Computer: Asterizu
  Description: 
Secure Boot CA/keys need to be updated. This device signature information is included here.
DeviceAttributes: FirmwareManufacturer:Dell Inc.;FirmwareVersion:1.40.0;OEMManufacturerName:Dell Inc.;OEMModelSKU:0AB0;OSArchitecture:amd64;
BucketId: 6dd4c196c9d9d098e08768313b12ee6950a03e04c5ccbe68552f6b759593148a
BucketConfidenceLevel: 
UpdateType: 0
HResult: The operation completed successfully.

Event[1660]:
  Log Name: System
  Source: Microsoft-Windows-DistributedCOM
  Date: 2025-11-11T17:30:51.0370000Z
  Event ID: 10010
  Task: N/A
  Level: Error
  Opcode: Info
  Keyword: Classic
  User: S-1-5-21-1400712973-4099593408-808397054-1001
  User Name: ASTERIZU\DELL
  Computer: Asterizu
  Description: 
The server Windows.Gaming.GameBar.PresenceServer.Internal.PresenceWriter did not register with DCOM within the required timeout.

Event[1661]:
  Log Name: System
  Source: Microsoft-Windows-DistributedCOM
  Date: 2025-11-11T17:32:55.1650000Z
  Event ID: 10010
  Task: N/A
  Level: Error
  Opcode: Info
  Keyword: Classic
  User: S-1-5-21-1400712973-4099593408-808397054-1001
  User Name: ASTERIZU\DELL
  Computer: Asterizu
  Description: 
The server Windows.Gaming.GameBar.PresenceServer.Internal.PresenceWriter did not register with DCOM within the required timeout.

Event[1662]:
  Log Name: System
  Source: Microsoft-Windows-DistributedCOM
  Date: 2025-11-11T20:06:24.3150000Z
  Event ID: 10010
  Task: N/A
  Level: Error
  Opcode: Info
  Keyword: Classic
  User: S-1-5-21-1400712973-4099593408-808397054-1001
  User Name: ASTERIZU\DELL
  Computer: Asterizu
  Description: 
The server Windows.Gaming.GameBar.PresenceServer.Internal.PresenceWriter did not register with DCOM within the required timeout.

Event[1663]:
  Log Name: System
  Source: Service Control Manager
  Date: 2025-11-11T20:15:54.9080000Z
  Event ID: 7034
  Task: N/A
  Level: Error
  Opcode: N/A
  Keyword: Classic
  User: N/A
  User Name: N/A
  Computer: Asterizu
  Description: 
The Bonjour Service service terminated unexpectedly.  It has done this 1 time(s).

Event[1664]:
  Log Name: System
  Source: Microsoft-Windows-DistributedCOM
  Date: 2025-11-11T20:55:05.4040000Z
  Event ID: 10010
  Task: N/A
  Level: Error
  Opcode: Info
  Keyword: Classic
  User: S-1-5-21-1400712973-4099593408-808397054-1001
  User Name: ASTERIZU\DELL
  Computer: Asterizu
  Description: 
The server Windows.Gaming.GameBar.PresenceServer.Internal.PresenceWriter did not register with DCOM within the required timeout.

Event[1665]:
  Log Name: System
  Source: Server
  Date: 2025-11-11T21:14:17.9660000Z
  Event ID: 2505
  Task: N/A
  Level: Error
  Opcode: N/A
  Keyword: Classic
  User: N/A
  User Name: N/A
  Computer: Asterizu
  Description: 
The server could not bind to the transport \Device\NetBT_Tcpip_{39776FA8-F3FC-429E-B0BA-AEBE76D5C2F6} because another computer on the network has the same name.  The server could not start.

Event[1666]:
  Log Name: System
  Source: Server
  Date: 2025-11-11T21:14:18.0020000Z
  Event ID: 2505
  Task: N/A
  Level: Error
  Opcode: N/A
  Keyword: Classic
  User: N/A
  User Name: N/A
  Computer: Asterizu
  Description: 
The server could not bind to the transport \Device\NetBT_Tcpip_{39776FA8-F3FC-429E-B0BA-AEBE76D5C2F6} because another computer on the network has the same name.  The server could not start.

Event[1667]:
  Log Name: System
  Source: Server
  Date: 2025-11-11T21:14:18.1050000Z
  Event ID: 2505
  Task: N/A
  Level: Error
  Opcode: N/A
  Keyword: Classic
  User: N/A
  User Name: N/A
  Computer: Asterizu
  Description: 
The server could not bind to the transport \Device\NetBT_Tcpip_{39776FA8-F3FC-429E-B0BA-AEBE76D5C2F6} because another computer on the network has the same name.  The server could not start.

Event[1668]:
  Log Name: System
  Source: Server
  Date: 2025-11-11T21:14:18.1160000Z
  Event ID: 2505
  Task: N/A
  Level: Error
  Opcode: N/A
  Keyword: Classic
  User: N/A
  User Name: N/A
  Computer: Asterizu
  Description: 
The server could not bind to the transport \Device\NetBT_Tcpip_{39776FA8-F3FC-429E-B0BA-AEBE76D5C2F6} because another computer on the network has the same name.  The server could not start.

Event[1669]:
  Log Name: System
  Source: Server
  Date: 2025-11-11T22:14:23.1830000Z
  Event ID: 2505
  Task: N/A
  Level: Error
  Opcode: N/A
  Keyword: Classic
  User: N/A
  User Name: N/A
  Computer: Asterizu
  Description: 
The server could not bind to the transport \Device\NetBT_Tcpip_{39776FA8-F3FC-429E-B0BA-AEBE76D5C2F6} because another computer on the network has the same name.  The server could not start.

Event[1670]:
  Log Name: System
  Source: Server
  Date: 2025-11-11T22:14:23.1990000Z
  Event ID: 2505
  Task: N/A
  Level: Error
  Opcode: N/A
  Keyword: Classic
  User: N/A
  User Name: N/A
  Computer: Asterizu
  Description: 
The server could not bind to the transport \Device\NetBT_Tcpip_{39776FA8-F3FC-429E-B0BA-AEBE76D5C2F6} because another computer on the network has the same name.  The server could not start.

Event[1671]:
  Log Name: System
  Source: Server
  Date: 2025-11-11T22:14:23.2100000Z
  Event ID: 2505
  Task: N/A
  Level: Error
  Opcode: N/A
  Keyword: Classic
  User: N/A
  User Name: N/A
  Computer: Asterizu
  Description: 
The server could not bind to the transport \Device\NetBT_Tcpip_{39776FA8-F3FC-429E-B0BA-AEBE76D5C2F6} because another computer on the network has the same name.  The server could not start.

Event[1672]:
  Log Name: System
  Source: Server
  Date: 2025-11-11T22:14:23.2170000Z
  Event ID: 2505
  Task: N/A
  Level: Error
  Opcode: N/A
  Keyword: Classic
  User: N/A
  User Name: N/A
  Computer: Asterizu
  Description: 
The server could not bind to the transport \Device\NetBT_Tcpip_{39776FA8-F3FC-429E-B0BA-AEBE76D5C2F6} because another computer on the network has the same name.  The server could not start.

Event[1673]:
  Log Name: System
  Source: Microsoft-Windows-DistributedCOM
  Date: 2025-11-11T22:40:48.2190000Z
  Event ID: 10010
  Task: N/A
  Level: Error
  Opcode: Info
  Keyword: Classic
  User: S-1-5-21-1400712973-4099593408-808397054-1001
  User Name: ASTERIZU\DELL
  Computer: Asterizu
  Description: 
The server Windows.Gaming.GameBar.PresenceServer.Internal.PresenceWriter did not register with DCOM within the required timeout.

Event[1674]:
  Log Name: System
  Source: Microsoft-Windows-DistributedCOM
  Date: 2025-11-11T22:42:17.3290000Z
  Event ID: 10010
  Task: N/A
  Level: Error
  Opcode: Info
  Keyword: Classic
  User: S-1-5-21-1400712973-4099593408-808397054-1001
  User Name: ASTERIZU\DELL
  Computer: Asterizu
  Description: 
The server Windows.Gaming.GameBar.PresenceServer.Internal.PresenceWriter did not register with DCOM within the required timeout.

Event[1675]:
  Log Name: System
  Source: Microsoft-Windows-DistributedCOM
  Date: 2025-11-11T22:57:48.7880000Z
  Event ID: 10010
  Task: N/A
  Level: Error
  Opcode: Info
  Keyword: Classic
  User: S-1-5-21-1400712973-4099593408-808397054-1001
  User Name: ASTERIZU\DELL
  Computer: Asterizu
  Description: 
The server Windows.Gaming.GameBar.PresenceServer.Internal.PresenceWriter did not register with DCOM within the required timeout.

Event[1676]:
  Log Name: System
  Source: Microsoft-Windows-DistributedCOM
  Date: 2025-11-11T23:54:39.4720000Z
  Event ID: 10010
  Task: N/A
  Level: Error
  Opcode: Info
  Keyword: Classic
  User: S-1-5-21-1400712973-4099593408-808397054-1001
  User Name: ASTERIZU\DELL
  Computer: Asterizu
  Description: 
The server Windows.Gaming.GameBar.PresenceServer.Internal.PresenceWriter did not register with DCOM within the required timeout.

Event[1677]:
  Log Name: System
  Source: Server
  Date: 2025-11-12T02:14:31.3170000Z
  Event ID: 2505
  Task: N/A
  Level: Error
  Opcode: N/A
  Keyword: Classic
  User: N/A
  User Name: N/A
  Computer: Asterizu
  Description: 
The server could not bind to the transport \Device\NetBT_Tcpip_{39776FA8-F3FC-429E-B0BA-AEBE76D5C2F6} because another computer on the network has the same name.  The server could not start.

Event[1678]:
  Log Name: System
  Source: Server
  Date: 2025-11-12T02:14:31.3280000Z
  Event ID: 2505
  Task: N/A
  Level: Error
  Opcode: N/A
  Keyword: Classic
  User: N/A
  User Name: N/A
  Computer: Asterizu
  Description: 
The server could not bind to the transport \Device\NetBT_Tcpip_{39776FA8-F3FC-429E-B0BA-AEBE76D5C2F6} because another computer on the network has the same name.  The server could not start.

Event[1679]:
  Log Name: System
  Source: Server
  Date: 2025-11-12T02:14:31.3380000Z
  Event ID: 2505
  Task: N/A
  Level: Error
  Opcode: N/A
  Keyword: Classic
  User: N/A
  User Name: N/A
  Computer: Asterizu
  Description: 
The server could not bind to the transport \Device\NetBT_Tcpip_{39776FA8-F3FC-429E-B0BA-AEBE76D5C2F6} because another computer on the network has the same name.  The server could not start.

Event[1680]:
  Log Name: System
  Source: Server
  Date: 2025-11-12T02:14:31.3480000Z
  Event ID: 2505
  Task: N/A
  Level: Error
  Opcode: N/A
  Keyword: Classic
  User: N/A
  User Name: N/A
  Computer: Asterizu
  Description: 
The server could not bind to the transport \Device\NetBT_Tcpip_{39776FA8-F3FC-429E-B0BA-AEBE76D5C2F6} because another computer on the network has the same name.  The server could not start.

Event[1681]:
  Log Name: System
  Source: NetBT
  Date: 2025-11-12T02:31:03.2640000Z
  Event ID: 4311
  Task: N/A
  Level: Error
  Opcode: N/A
  Keyword: Classic
  User: N/A
  User Name: N/A
  Computer: Asterizu
  Description: 
Initialization failed because the driver device could not be created. Use the string "000000000100320000000000D71000C013010000250200C000000000000000000000000000000000" to identify the interface for which initialization failed. It represents the MAC address of the failed interface or the  Globally Unique Interface Identifier (GUID) if NetBT was unable to  map from GUID to MAC address. If neither the MAC address nor the GUID were  available, the string represents a cluster device name. 

Event[1682]:
  Log Name: System
  Source: NetBT
  Date: 2025-11-12T02:31:03.2640000Z
  Event ID: 4311
  Task: N/A
  Level: Error
  Opcode: N/A
  Keyword: Classic
  User: N/A
  User Name: N/A
  Computer: Asterizu
  Description: 
Initialization failed because the driver device could not be created. Use the string "000000000100320000000000D71000C011010000250200C001000000000000000000000000000000" to identify the interface for which initialization failed. It represents the MAC address of the failed interface or the  Globally Unique Interface Identifier (GUID) if NetBT was unable to  map from GUID to MAC address. If neither the MAC address nor the GUID were  available, the string represents a cluster device name. 

Event[1683]:
  Log Name: System
  Source: Server
  Date: 2025-11-12T03:14:26.6520000Z
  Event ID: 2505
  Task: N/A
  Level: Error
  Opcode: N/A
  Keyword: Classic
  User: N/A
  User Name: N/A
  Computer: Asterizu
  Description: 
The server could not bind to the transport \Device\NetBT_Tcpip_{39776FA8-F3FC-429E-B0BA-AEBE76D5C2F6} because another computer on the network has the same name.  The server could not start.

Event[1684]:
  Log Name: System
  Source: Server
  Date: 2025-11-12T03:14:26.6600000Z
  Event ID: 2505
  Task: N/A
  Level: Error
  Opcode: N/A
  Keyword: Classic
  User: N/A
  User Name: N/A
  Computer: Asterizu
  Description: 
The server could not bind to the transport \Device\NetBT_Tcpip_{39776FA8-F3FC-429E-B0BA-AEBE76D5C2F6} because another computer on the network has the same name.  The server could not start.

Event[1685]:
  Log Name: System
  Source: Server
  Date: 2025-11-12T03:14:26.6640000Z
  Event ID: 2505
  Task: N/A
  Level: Error
  Opcode: N/A
  Keyword: Classic
  User: N/A
  User Name: N/A
  Computer: Asterizu
  Description: 
The server could not bind to the transport \Device\NetBT_Tcpip_{39776FA8-F3FC-429E-B0BA-AEBE76D5C2F6} because another computer on the network has the same name.  The server could not start.

Event[1686]:
  Log Name: System
  Source: Server
  Date: 2025-11-12T03:14:26.6670000Z
  Event ID: 2505
  Task: N/A
  Level: Error
  Opcode: N/A
  Keyword: Classic
  User: N/A
  User Name: N/A
  Computer: Asterizu
  Description: 
The server could not bind to the transport \Device\NetBT_Tcpip_{39776FA8-F3FC-429E-B0BA-AEBE76D5C2F6} because another computer on the network has the same name.  The server could not start.

Event[1687]:
  Log Name: System
  Source: NetBT
  Date: 2025-11-12T04:37:00.8440000Z
  Event ID: 4311
  Task: N/A
  Level: Error
  Opcode: N/A
  Keyword: Classic
  User: N/A
  User Name: N/A
  Computer: Asterizu
  Description: 
Initialization failed because the driver device could not be created. Use the string "000000000100320000000000D71000C013010000250200C002000000000000000000000000000000" to identify the interface for which initialization failed. It represents the MAC address of the failed interface or the  Globally Unique Interface Identifier (GUID) if NetBT was unable to  map from GUID to MAC address. If neither the MAC address nor the GUID were  available, the string represents a cluster device name. 

Event[1688]:
  Log Name: System
  Source: NetBT
  Date: 2025-11-12T04:37:00.8440000Z
  Event ID: 4311
  Task: N/A
  Level: Error
  Opcode: N/A
  Keyword: Classic
  User: N/A
  User Name: N/A
  Computer: Asterizu
  Description: 
Initialization failed because the driver device could not be created. Use the string "000000000100320000000000D71000C011010000250200C003000000000000000000000000000000" to identify the interface for which initialization failed. It represents the MAC address of the failed interface or the  Globally Unique Interface Identifier (GUID) if NetBT was unable to  map from GUID to MAC address. If neither the MAC address nor the GUID were  available, the string represents a cluster device name. 

Event[1689]:
  Log Name: System
  Source: NetBT
  Date: 2025-11-12T04:39:44.4930000Z
  Event ID: 4311
  Task: N/A
  Level: Error
  Opcode: N/A
  Keyword: Classic
  User: N/A
  User Name: N/A
  Computer: Asterizu
  Description: 
Initialization failed because the driver device could not be created. Use the string "000000000100320000000000D71000C013010000250200C004000000000000000000000000000000" to identify the interface for which initialization failed. It represents the MAC address of the failed interface or the  Globally Unique Interface Identifier (GUID) if NetBT was unable to  map from GUID to MAC address. If neither the MAC address nor the GUID were  available, the string represents a cluster device name. 

Event[1690]:
  Log Name: System
  Source: NetBT
  Date: 2025-11-12T04:39:44.4940000Z
  Event ID: 4311
  Task: N/A
  Level: Error
  Opcode: N/A
  Keyword: Classic
  User: N/A
  User Name: N/A
  Computer: Asterizu
  Description: 
Initialization failed because the driver device could not be created. Use the string "000000000100320000000000D71000C011010000250200C005000000000000000000000000000000" to identify the interface for which initialization failed. It represents the MAC address of the failed interface or the  Globally Unique Interface Identifier (GUID) if NetBT was unable to  map from GUID to MAC address. If neither the MAC address nor the GUID were  available, the string represents a cluster device name. 

Event[1691]:
  Log Name: System
  Source: NetBT
  Date: 2025-11-12T05:51:39.2560000Z
  Event ID: 4311
  Task: N/A
  Level: Error
  Opcode: N/A
  Keyword: Classic
  User: N/A
  User Name: N/A
  Computer: Asterizu
  Description: 
Initialization failed because the driver device could not be created. Use the string "000000000100320000000000D71000C013010000250200C006000000000000000000000000000000" to identify the interface for which initialization failed. It represents the MAC address of the failed interface or the  Globally Unique Interface Identifier (GUID) if NetBT was unable to  map from GUID to MAC address. If neither the MAC address nor the GUID were  available, the string represents a cluster device name. 

Event[1692]:
  Log Name: System
  Source: NetBT
  Date: 2025-11-12T05:51:39.2560000Z
  Event ID: 4311
  Task: N/A
  Level: Error
  Opcode: N/A
  Keyword: Classic
  User: N/A
  User Name: N/A
  Computer: Asterizu
  Description: 
Initialization failed because the driver device could not be created. Use the string "000000000100320000000000D71000C011010000250200C007000000000000000000000000000000" to identify the interface for which initialization failed. It represents the MAC address of the failed interface or the  Globally Unique Interface Identifier (GUID) if NetBT was unable to  map from GUID to MAC address. If neither the MAC address nor the GUID were  available, the string represents a cluster device name. 

Event[1693]:
  Log Name: System
  Source: Microsoft-Windows-DistributedCOM
  Date: 2025-11-12T06:34:02.0720000Z
  Event ID: 10010
  Task: N/A
  Level: Error
  Opcode: Info
  Keyword: Classic
  User: S-1-5-21-1400712973-4099593408-808397054-1001
  User Name: ASTERIZU\DELL
  Computer: Asterizu
  Description: 
The server Windows.Gaming.GameBar.PresenceServer.Internal.PresenceWriter did not register with DCOM within the required timeout.

Event[1694]:
  Log Name: System
  Source: Microsoft-Windows-DistributedCOM
  Date: 2025-11-12T06:39:16.9370000Z
  Event ID: 10010
  Task: N/A
  Level: Error
  Opcode: Info
  Keyword: Classic
  User: S-1-5-21-1400712973-4099593408-808397054-1001
  User Name: ASTERIZU\DELL
  Computer: Asterizu
  Description: 
The server Windows.Gaming.GameBar.PresenceServer.Internal.PresenceWriter did not register with DCOM within the required timeout.

Event[1695]:
  Log Name: System
  Source: Service Control Manager
  Date: 2025-11-12T14:02:38.9960000Z
  Event ID: 7009
  Task: N/A
  Level: Error
  Opcode: N/A
  Keyword: Classic
  User: N/A
  User Name: N/A
  Computer: Asterizu
  Description: 
A timeout was reached (45000 milliseconds) while waiting for the Intel(R) TPM Provisioning Service service to connect.

Event[1696]:
  Log Name: System
  Source: RTWlanE
  Date: 2025-11-12T14:02:43.8400000Z
  Event ID: 5005
  Task: N/A
  Level: Error
  Opcode: N/A
  Keyword: Classic
  User: N/A
  User Name: N/A
  Computer: Asterizu
  Description: 
Realtek 8821CE Wireless LAN 802.11ac PCI-E NIC : Has encountered an internal error and has failed.

Event[1697]:
  Log Name: System
  Source: Service Control Manager
  Date: 2025-11-12T14:03:04.2390000Z
  Event ID: 7034
  Task: N/A
  Level: Error
  Opcode: N/A
  Keyword: Classic
  User: N/A
  User Name: N/A
  Computer: Asterizu
  Description: 
The Bonjour Service service terminated unexpectedly.  It has done this 1 time(s).

Event[1698]:
  Log Name: System
  Source: Microsoft-Windows-TPM-WMI
  Date: 2025-11-12T14:07:38.5920000Z
  Event ID: 1801
  Task: N/A
  Level: Error
  Opcode: Info
  Keyword: N/A
  User: S-1-5-18
  User Name: NT AUTHORITY\SYSTEM
  Computer: Asterizu
  Description: 
Secure Boot CA/keys need to be updated. This device signature information is included here.
DeviceAttributes: FirmwareManufacturer:Dell Inc.;FirmwareVersion:1.40.0;OEMManufacturerName:Dell Inc.;OEMModelSKU:0AB0;OSArchitecture:amd64;
BucketId: 6dd4c196c9d9d098e08768313b12ee6950a03e04c5ccbe68552f6b759593148a
BucketConfidenceLevel: 
UpdateType: 0
HResult: The operation completed successfully.

Event[1699]:
  Log Name: System
  Source: Microsoft-Windows-DistributedCOM
  Date: 2025-11-12T15:05:42.9500000Z
  Event ID: 10010
  Task: N/A
  Level: Error
  Opcode: Info
  Keyword: Classic
  User: S-1-5-21-1400712973-4099593408-808397054-1001
  User Name: ASTERIZU\DELL
  Computer: Asterizu
  Description: 
The server Windows.Gaming.GameBar.PresenceServer.Internal.PresenceWriter did not register with DCOM within the required timeout.

Event[1700]:
  Log Name: System
  Source: Microsoft-Windows-DistributedCOM
  Date: 2025-11-12T15:08:36.5530000Z
  Event ID: 10010
  Task: N/A
  Level: Error
  Opcode: Info
  Keyword: Classic
  User: S-1-5-21-1400712973-4099593408-808397054-1001
  User Name: ASTERIZU\DELL
  Computer: Asterizu
  Description: 
The server Windows.Gaming.GameBar.PresenceServer.Internal.PresenceWriter did not register with DCOM within the required timeout.

Event[1701]:
  Log Name: System
  Source: Microsoft-Windows-DistributedCOM
  Date: 2025-11-12T15:56:47.5790000Z
  Event ID: 10010
  Task: N/A
  Level: Error
  Opcode: Info
  Keyword: Classic
  User: S-1-5-21-1400712973-4099593408-808397054-1001
  User Name: ASTERIZU\DELL
  Computer: Asterizu
  Description: 
The server Windows.Gaming.GameBar.PresenceServer.Internal.PresenceWriter did not register with DCOM within the required timeout.

Event[1702]:
  Log Name: System
  Source: Server
  Date: 2025-11-12T16:14:57.5820000Z
  Event ID: 2505
  Task: N/A
  Level: Error
  Opcode: N/A
  Keyword: Classic
  User: N/A
  User Name: N/A
  Computer: Asterizu
  Description: 
The server could not bind to the transport \Device\NetBT_Tcpip_{39776FA8-F3FC-429E-B0BA-AEBE76D5C2F6} because another computer on the network has the same name.  The server could not start.

Event[1703]:
  Log Name: System
  Source: Server
  Date: 2025-11-12T16:14:57.5900000Z
  Event ID: 2505
  Task: N/A
  Level: Error
  Opcode: N/A
  Keyword: Classic
  User: N/A
  User Name: N/A
  Computer: Asterizu
  Description: 
The server could not bind to the transport \Device\NetBT_Tcpip_{39776FA8-F3FC-429E-B0BA-AEBE76D5C2F6} because another computer on the network has the same name.  The server could not start.

Event[1704]:
  Log Name: System
  Source: Server
  Date: 2025-11-12T16:14:57.6040000Z
  Event ID: 2505
  Task: N/A
  Level: Error
  Opcode: N/A
  Keyword: Classic
  User: N/A
  User Name: N/A
  Computer: Asterizu
  Description: 
The server could not bind to the transport \Device\NetBT_Tcpip_{39776FA8-F3FC-429E-B0BA-AEBE76D5C2F6} because another computer on the network has the same name.  The server could not start.

Event[1705]:
  Log Name: System
  Source: Server
  Date: 2025-11-12T16:14:57.6090000Z
  Event ID: 2505
  Task: N/A
  Level: Error
  Opcode: N/A
  Keyword: Classic
  User: N/A
  User Name: N/A
  Computer: Asterizu
  Description: 
The server could not bind to the transport \Device\NetBT_Tcpip_{39776FA8-F3FC-429E-B0BA-AEBE76D5C2F6} because another computer on the network has the same name.  The server could not start.

Event[1706]:
  Log Name: System
  Source: Microsoft-Windows-DistributedCOM
  Date: 2025-11-12T16:48:44.1180000Z
  Event ID: 10010
  Task: N/A
  Level: Error
  Opcode: Info
  Keyword: Classic
  User: S-1-5-21-1400712973-4099593408-808397054-1001
  User Name: ASTERIZU\DELL
  Computer: Asterizu
  Description: 
The server Windows.Gaming.GameBar.PresenceServer.Internal.PresenceWriter did not register with DCOM within the required timeout.

Event[1707]:
  Log Name: System
  Source: Microsoft-Windows-DistributedCOM
  Date: 2025-11-12T16:50:54.5760000Z
  Event ID: 10010
  Task: N/A
  Level: Error
  Opcode: Info
  Keyword: Classic
  User: S-1-5-21-1400712973-4099593408-808397054-1001
  User Name: ASTERIZU\DELL
  Computer: Asterizu
  Description: 
The server Windows.Gaming.GameBar.PresenceServer.Internal.PresenceWriter did not register with DCOM within the required timeout.

Event[1708]:
  Log Name: System
  Source: Server
  Date: 2025-11-12T18:14:54.3470000Z
  Event ID: 2505
  Task: N/A
  Level: Error
  Opcode: N/A
  Keyword: Classic
  User: N/A
  User Name: N/A
  Computer: Asterizu
  Description: 
The server could not bind to the transport \Device\NetBT_Tcpip_{39776FA8-F3FC-429E-B0BA-AEBE76D5C2F6} because another computer on the network has the same name.  The server could not start.

Event[1709]:
  Log Name: System
  Source: Server
  Date: 2025-11-12T18:14:54.4090000Z
  Event ID: 2505
  Task: N/A
  Level: Error
  Opcode: N/A
  Keyword: Classic
  User: N/A
  User Name: N/A
  Computer: Asterizu
  Description: 
The server could not bind to the transport \Device\NetBT_Tcpip_{39776FA8-F3FC-429E-B0BA-AEBE76D5C2F6} because another computer on the network has the same name.  The server could not start.

Event[1710]:
  Log Name: System
  Source: Server
  Date: 2025-11-12T18:14:54.4230000Z
  Event ID: 2505
  Task: N/A
  Level: Error
  Opcode: N/A
  Keyword: Classic
  User: N/A
  User Name: N/A
  Computer: Asterizu
  Description: 
The server could not bind to the transport \Device\NetBT_Tcpip_{39776FA8-F3FC-429E-B0BA-AEBE76D5C2F6} because another computer on the network has the same name.  The server could not start.

Event[1711]:
  Log Name: System
  Source: Server
  Date: 2025-11-12T18:14:54.4300000Z
  Event ID: 2505
  Task: N/A
  Level: Error
  Opcode: N/A
  Keyword: Classic
  User: N/A
  User Name: N/A
  Computer: Asterizu
  Description: 
The server could not bind to the transport \Device\NetBT_Tcpip_{39776FA8-F3FC-429E-B0BA-AEBE76D5C2F6} because another computer on the network has the same name.  The server could not start.

Event[1712]:
  Log Name: System
  Source: Server
  Date: 2025-11-12T19:15:00.0430000Z
  Event ID: 2505
  Task: N/A
  Level: Error
  Opcode: N/A
  Keyword: Classic
  User: N/A
  User Name: N/A
  Computer: Asterizu
  Description: 
The server could not bind to the transport \Device\NetBT_Tcpip_{39776FA8-F3FC-429E-B0BA-AEBE76D5C2F6} because another computer on the network has the same name.  The server could not start.

Event[1713]:
  Log Name: System
  Source: Server
  Date: 2025-11-12T19:15:00.0510000Z
  Event ID: 2505
  Task: N/A
  Level: Error
  Opcode: N/A
  Keyword: Classic
  User: N/A
  User Name: N/A
  Computer: Asterizu
  Description: 
The server could not bind to the transport \Device\NetBT_Tcpip_{39776FA8-F3FC-429E-B0BA-AEBE76D5C2F6} because another computer on the network has the same name.  The server could not start.

Event[1714]:
  Log Name: System
  Source: Server
  Date: 2025-11-12T19:15:00.0540000Z
  Event ID: 2505
  Task: N/A
  Level: Error
  Opcode: N/A
  Keyword: Classic
  User: N/A
  User Name: N/A
  Computer: Asterizu
  Description: 
The server could not bind to the transport \Device\NetBT_Tcpip_{39776FA8-F3FC-429E-B0BA-AEBE76D5C2F6} because another computer on the network has the same name.  The server could not start.

Event[1715]:
  Log Name: System
  Source: Server
  Date: 2025-11-12T19:15:00.0570000Z
  Event ID: 2505
  Task: N/A
  Level: Error
  Opcode: N/A
  Keyword: Classic
  User: N/A
  User Name: N/A
  Computer: Asterizu
  Description: 
The server could not bind to the transport \Device\NetBT_Tcpip_{39776FA8-F3FC-429E-B0BA-AEBE76D5C2F6} because another computer on the network has the same name.  The server could not start.

Event[1716]:
  Log Name: System
  Source: Server
  Date: 2025-11-12T20:15:03.9240000Z
  Event ID: 2505
  Task: N/A
  Level: Error
  Opcode: N/A
  Keyword: Classic
  User: N/A
  User Name: N/A
  Computer: Asterizu
  Description: 
The server could not bind to the transport \Device\NetBT_Tcpip_{39776FA8-F3FC-429E-B0BA-AEBE76D5C2F6} because another computer on the network has the same name.  The server could not start.

Event[1717]:
  Log Name: System
  Source: Server
  Date: 2025-11-12T20:15:03.9560000Z
  Event ID: 2505
  Task: N/A
  Level: Error
  Opcode: N/A
  Keyword: Classic
  User: N/A
  User Name: N/A
  Computer: Asterizu
  Description: 
The server could not bind to the transport \Device\NetBT_Tcpip_{39776FA8-F3FC-429E-B0BA-AEBE76D5C2F6} because another computer on the network has the same name.  The server could not start.

Event[1718]:
  Log Name: System
  Source: Server
  Date: 2025-11-12T20:15:03.9720000Z
  Event ID: 2505
  Task: N/A
  Level: Error
  Opcode: N/A
  Keyword: Classic
  User: N/A
  User Name: N/A
  Computer: Asterizu
  Description: 
The server could not bind to the transport \Device\NetBT_Tcpip_{39776FA8-F3FC-429E-B0BA-AEBE76D5C2F6} because another computer on the network has the same name.  The server could not start.

Event[1719]:
  Log Name: System
  Source: Server
  Date: 2025-11-12T20:15:03.9910000Z
  Event ID: 2505
  Task: N/A
  Level: Error
  Opcode: N/A
  Keyword: Classic
  User: N/A
  User Name: N/A
  Computer: Asterizu
  Description: 
The server could not bind to the transport \Device\NetBT_Tcpip_{39776FA8-F3FC-429E-B0BA-AEBE76D5C2F6} because another computer on the network has the same name.  The server could not start.

Event[1720]:
  Log Name: System
  Source: Microsoft-Windows-DistributedCOM
  Date: 2025-11-12T21:06:58.7220000Z
  Event ID: 10010
  Task: N/A
  Level: Error
  Opcode: Info
  Keyword: Classic
  User: S-1-5-21-1400712973-4099593408-808397054-1001
  User Name: ASTERIZU\DELL
  Computer: Asterizu
  Description: 
The server Windows.Gaming.GameBar.PresenceServer.Internal.PresenceWriter did not register with DCOM within the required timeout.

Event[1721]:
  Log Name: System
  Source: Microsoft-Windows-DistributedCOM
  Date: 2025-11-12T21:08:07.2270000Z
  Event ID: 10010
  Task: N/A
  Level: Error
  Opcode: Info
  Keyword: Classic
  User: S-1-5-21-1400712973-4099593408-808397054-1001
  User Name: ASTERIZU\DELL
  Computer: Asterizu
  Description: 
The server Windows.Gaming.GameBar.PresenceServer.Internal.PresenceWriter did not register with DCOM within the required timeout.

Event[1722]:
  Log Name: System
  Source: Microsoft-Windows-DistributedCOM
  Date: 2025-11-12T21:09:14.1730000Z
  Event ID: 10010
  Task: N/A
  Level: Error
  Opcode: Info
  Keyword: Classic
  User: S-1-5-21-1400712973-4099593408-808397054-1001
  User Name: ASTERIZU\DELL
  Computer: Asterizu
  Description: 
The server Windows.Gaming.GameBar.PresenceServer.Internal.PresenceWriter did not register with DCOM within the required timeout.

Event[1723]:
  Log Name: System
  Source: Service Control Manager
  Date: 2025-11-13T02:19:28.1140000Z
  Event ID: 7009
  Task: N/A
  Level: Error
  Opcode: N/A
  Keyword: Classic
  User: N/A
  User Name: N/A
  Computer: Asterizu
  Description: 
A timeout was reached (45000 milliseconds) while waiting for the Intel(R) TPM Provisioning Service service to connect.

Event[1724]:
  Log Name: System
  Source: RTWlanE
  Date: 2025-11-13T02:19:33.1350000Z
  Event ID: 5005
  Task: N/A
  Level: Error
  Opcode: N/A
  Keyword: Classic
  User: N/A
  User Name: N/A
  Computer: Asterizu
  Description: 
Realtek 8821CE Wireless LAN 802.11ac PCI-E NIC : Has encountered an internal error and has failed.

Event[1725]:
  Log Name: System
  Source: Service Control Manager
  Date: 2025-11-13T02:20:39.2130000Z
  Event ID: 7034
  Task: N/A
  Level: Error
  Opcode: N/A
  Keyword: Classic
  User: N/A
  User Name: N/A
  Computer: Asterizu
  Description: 
The Bonjour Service service terminated unexpectedly.  It has done this 1 time(s).

Event[1726]:
  Log Name: System
  Source: Microsoft-Windows-TPM-WMI
  Date: 2025-11-13T02:24:27.5090000Z
  Event ID: 1801
  Task: N/A
  Level: Error
  Opcode: Info
  Keyword: N/A
  User: S-1-5-18
  User Name: NT AUTHORITY\SYSTEM
  Computer: Asterizu
  Description: 
Secure Boot CA/keys need to be updated. This device signature information is included here.
DeviceAttributes: FirmwareManufacturer:Dell Inc.;FirmwareVersion:1.40.0;OEMManufacturerName:Dell Inc.;OEMModelSKU:0AB0;OSArchitecture:amd64;
BucketId: 6dd4c196c9d9d098e08768313b12ee6950a03e04c5ccbe68552f6b759593148a
BucketConfidenceLevel: 
UpdateType: 0
HResult: The operation completed successfully.

Event[1727]:
  Log Name: System
  Source: Service Control Manager
  Date: 2025-11-13T07:31:41.7250000Z
  Event ID: 7009
  Task: N/A
  Level: Error
  Opcode: N/A
  Keyword: Classic
  User: N/A
  User Name: N/A
  Computer: Asterizu
  Description: 
A timeout was reached (45000 milliseconds) while waiting for the Intel(R) TPM Provisioning Service service to connect.

Event[1728]:
  Log Name: System
  Source: Service Control Manager
  Date: 2025-11-13T07:32:04.8000000Z
  Event ID: 7034
  Task: N/A
  Level: Error
  Opcode: N/A
  Keyword: Classic
  User: N/A
  User Name: N/A
  Computer: Asterizu
  Description: 
The Bonjour Service service terminated unexpectedly.  It has done this 1 time(s).

Event[1729]:
  Log Name: System
  Source: NetBT
  Date: 2025-11-13T07:34:02.3810000Z
  Event ID: 4311
  Task: N/A
  Level: Error
  Opcode: N/A
  Keyword: Classic
  User: N/A
  User Name: N/A
  Computer: Asterizu
  Description: 
Initialization failed because the driver device could not be created. Use the string "000000000100320000000000D71000C013010000250200C000000000000000000000000000000000" to identify the interface for which initialization failed. It represents the MAC address of the failed interface or the  Globally Unique Interface Identifier (GUID) if NetBT was unable to  map from GUID to MAC address. If neither the MAC address nor the GUID were  available, the string represents a cluster device name. 

Event[1730]:
  Log Name: System
  Source: NetBT
  Date: 2025-11-13T07:34:02.3810000Z
  Event ID: 4311
  Task: N/A
  Level: Error
  Opcode: N/A
  Keyword: Classic
  User: N/A
  User Name: N/A
  Computer: Asterizu
  Description: 
Initialization failed because the driver device could not be created. Use the string "000000000100320000000000D71000C011010000250200C001000000000000000000000000000000" to identify the interface for which initialization failed. It represents the MAC address of the failed interface or the  Globally Unique Interface Identifier (GUID) if NetBT was unable to  map from GUID to MAC address. If neither the MAC address nor the GUID were  available, the string represents a cluster device name. 

Event[1731]:
  Log Name: System
  Source: Microsoft-Windows-TPM-WMI
  Date: 2025-11-13T07:36:41.1140000Z
  Event ID: 1801
  Task: N/A
  Level: Error
  Opcode: Info
  Keyword: N/A
  User: S-1-5-18
  User Name: NT AUTHORITY\SYSTEM
  Computer: Asterizu
  Description: 
Secure Boot CA/keys need to be updated. This device signature information is included here.
DeviceAttributes: FirmwareManufacturer:Dell Inc.;FirmwareVersion:1.40.0;OEMManufacturerName:Dell Inc.;OEMModelSKU:0AB0;OSArchitecture:amd64;
BucketId: 6dd4c196c9d9d098e08768313b12ee6950a03e04c5ccbe68552f6b759593148a
BucketConfidenceLevel: 
UpdateType: 0
HResult: The operation completed successfully.

Event[1732]:
  Log Name: System
  Source: Server
  Date: 2025-11-13T08:15:18.5130000Z
  Event ID: 2505
  Task: N/A
  Level: Error
  Opcode: N/A
  Keyword: Classic
  User: N/A
  User Name: N/A
  Computer: Asterizu
  Description: 
The server could not bind to the transport \Device\NetBT_Tcpip_{39776FA8-F3FC-429E-B0BA-AEBE76D5C2F6} because another computer on the network has the same name.  The server could not start.

Event[1733]:
  Log Name: System
  Source: Server
  Date: 2025-11-13T08:15:18.5250000Z
  Event ID: 2505
  Task: N/A
  Level: Error
  Opcode: N/A
  Keyword: Classic
  User: N/A
  User Name: N/A
  Computer: Asterizu
  Description: 
The server could not bind to the transport \Device\NetBT_Tcpip_{39776FA8-F3FC-429E-B0BA-AEBE76D5C2F6} because another computer on the network has the same name.  The server could not start.

Event[1734]:
  Log Name: System
  Source: Server
  Date: 2025-11-13T08:15:18.5290000Z
  Event ID: 2505
  Task: N/A
  Level: Error
  Opcode: N/A
  Keyword: Classic
  User: N/A
  User Name: N/A
  Computer: Asterizu
  Description: 
The server could not bind to the transport \Device\NetBT_Tcpip_{39776FA8-F3FC-429E-B0BA-AEBE76D5C2F6} because another computer on the network has the same name.  The server could not start.

Event[1735]:
  Log Name: System
  Source: Server
  Date: 2025-11-13T08:15:18.5330000Z
  Event ID: 2505
  Task: N/A
  Level: Error
  Opcode: N/A
  Keyword: Classic
  User: N/A
  User Name: N/A
  Computer: Asterizu
  Description: 
The server could not bind to the transport \Device\NetBT_Tcpip_{39776FA8-F3FC-429E-B0BA-AEBE76D5C2F6} because another computer on the network has the same name.  The server could not start.

Event[1736]:
  Log Name: System
  Source: Microsoft-Windows-DistributedCOM
  Date: 2025-11-13T08:51:30.0740000Z
  Event ID: 10010
  Task: N/A
  Level: Error
  Opcode: Info
  Keyword: Classic
  User: S-1-5-21-1400712973-4099593408-808397054-1001
  User Name: ASTERIZU\DELL
  Computer: Asterizu
  Description: 
The server Windows.Gaming.GameBar.PresenceServer.Internal.PresenceWriter did not register with DCOM within the required timeout.

Event[1737]:
  Log Name: System
  Source: Microsoft-Windows-DistributedCOM
  Date: 2025-11-13T08:52:47.7260000Z
  Event ID: 10010
  Task: N/A
  Level: Error
  Opcode: Info
  Keyword: Classic
  User: S-1-5-21-1400712973-4099593408-808397054-1001
  User Name: ASTERIZU\DELL
  Computer: Asterizu
  Description: 
The server Windows.Gaming.GameBar.PresenceServer.Internal.PresenceWriter did not register with DCOM within the required timeout.

Event[1738]:
  Log Name: System
  Source: EventLog
  Date: 2025-11-13T09:02:25.7870000Z
  Event ID: 6008
  Task: N/A
  Level: Error
  Opcode: N/A
  Keyword: Classic
  User: N/A
  User Name: N/A
  Computer: Asterizu
  Description: 
The previous system shutdown at 8:46:40 am on ?13/?11/?2025 was unexpected.

Event[1739]:
  Log Name: System
  Source: volmgr
  Date: 2025-11-13T09:02:18.7390000Z
  Event ID: 161
  Task: N/A
  Level: Error
  Opcode: N/A
  Keyword: Classic
  User: N/A
  User Name: N/A
  Computer: Asterizu
  Description: 
Dump file creation failed due to error during dump creation.

Event[1740]:
  Log Name: System
  Source: Microsoft-Windows-WER-SystemErrorReporting
  Date: 2025-11-13T09:02:26.8330000Z
  Event ID: 1001
  Task: N/A
  Level: Error
  Opcode: N/A
  Keyword: Classic
  User: N/A
  User Name: N/A
  Computer: Asterizu
  Description: 
The computer has rebooted from a bugcheck.  The bugcheck was: 0x00000101 (0x0000000000000030, 0x0000000000000000, 0xfffff80661f19180, 0x0000000000000000). A dump was saved in: C:\WINDOWS\Minidump\111325-8937-01.dmp. Report Id: 6e43ea5e-48b6-4f6e-a2ba-b4188a50bb60.

Event[1741]:
  Log Name: System
  Source: Service Control Manager
  Date: 2025-11-13T09:02:27.0960000Z
  Event ID: 7009
  Task: N/A
  Level: Error
  Opcode: N/A
  Keyword: Classic
  User: N/A
  User Name: N/A
  Computer: Asterizu
  Description: 
A timeout was reached (45000 milliseconds) while waiting for the Intel(R) TPM Provisioning Service service to connect.

Event[1742]:
  Log Name: System
  Source: Server
  Date: 2025-11-13T09:02:49.4160000Z
  Event ID: 2505
  Task: N/A
  Level: Error
  Opcode: N/A
  Keyword: Classic
  User: N/A
  User Name: N/A
  Computer: Asterizu
  Description: 
The server could not bind to the transport \Device\NetBT_Tcpip_{39776FA8-F3FC-429E-B0BA-AEBE76D5C2F6} because another computer on the network has the same name.  The server could not start.

Event[1743]:
  Log Name: System
  Source: Server
  Date: 2025-11-13T09:02:49.4250000Z
  Event ID: 2505
  Task: N/A
  Level: Error
  Opcode: N/A
  Keyword: Classic
  User: N/A
  User Name: N/A
  Computer: Asterizu
  Description: 
The server could not bind to the transport \Device\NetBT_Tcpip_{39776FA8-F3FC-429E-B0BA-AEBE76D5C2F6} because another computer on the network has the same name.  The server could not start.

Event[1744]:
  Log Name: System
  Source: Server
  Date: 2025-11-13T09:02:49.4250000Z
  Event ID: 2505
  Task: N/A
  Level: Error
  Opcode: N/A
  Keyword: Classic
  User: N/A
  User Name: N/A
  Computer: Asterizu
  Description: 
The server could not bind to the transport \Device\NetBT_Tcpip_{39776FA8-F3FC-429E-B0BA-AEBE76D5C2F6} because another computer on the network has the same name.  The server could not start.

Event[1745]:
  Log Name: System
  Source: Server
  Date: 2025-11-13T09:02:49.4250000Z
  Event ID: 2505
  Task: N/A
  Level: Error
  Opcode: N/A
  Keyword: Classic
  User: N/A
  User Name: N/A
  Computer: Asterizu
  Description: 
The server could not bind to the transport \Device\NetBT_Tcpip_{39776FA8-F3FC-429E-B0BA-AEBE76D5C2F6} because another computer on the network has the same name.  The server could not start.

Event[1746]:
  Log Name: System
  Source: Service Control Manager
  Date: 2025-11-13T09:02:56.9160000Z
  Event ID: 7034
  Task: N/A
  Level: Error
  Opcode: N/A
  Keyword: Classic
  User: N/A
  User Name: N/A
  Computer: Asterizu
  Description: 
The Bonjour Service service terminated unexpectedly.  It has done this 1 time(s).

Event[1747]:
  Log Name: System
  Source: NetBT
  Date: 2025-11-13T09:06:29.6310000Z
  Event ID: 4311
  Task: N/A
  Level: Error
  Opcode: N/A
  Keyword: Classic
  User: N/A
  User Name: N/A
  Computer: Asterizu
  Description: 
Initialization failed because the driver device could not be created. Use the string "000000000100320000000000D71000C013010000250200C000000000000000000000000000000000" to identify the interface for which initialization failed. It represents the MAC address of the failed interface or the  Globally Unique Interface Identifier (GUID) if NetBT was unable to  map from GUID to MAC address. If neither the MAC address nor the GUID were  available, the string represents a cluster device name. 

Event[1748]:
